[0.012s] Invoking command in '/root/ros_ws/build/nav2_bringup': CMAKE_PREFIX_PATH=/root/ros_ws/install/turtlebot3_gazebo:/root/ros_ws/install/turtlebot3:/root/ros_ws/install/turtlebot3_simulations:/root/ros_ws/install/turtlebot3_bringup:/root/ros_ws/install/turtlebot3_node:/root/ros_ws/install/turtlebot3_navigation2:/root/ros_ws/install/nav2_bringup:/root/ros_ws/install/turtlebot3_fake_node:/root/ros_ws/install/turtlebot3_description:/root/ros_ws/install/turtlebot3_cartographer:/opt/ros/jazzy/opt/gz_sim_vendor:/opt/ros/jazzy/opt/gz_sensors_vendor:/opt/ros/jazzy/opt/gz_physics_vendor:/opt/ros/jazzy/opt/sdformat_vendor:/opt/ros/jazzy/opt/gz_gui_vendor:/opt/ros/jazzy/opt/gz_transport_vendor:/opt/ros/jazzy/opt/gz_rendering_vendor:/opt/ros/jazzy/opt/gz_plugin_vendor:/opt/ros/jazzy/opt/gz_fuel_tools_vendor:/opt/ros/jazzy/opt/gz_msgs_vendor:/opt/ros/jazzy/opt/gz_common_vendor:/opt/ros/jazzy/opt/gz_math_vendor:/opt/ros/jazzy/opt/gz_utils_vendor:/opt/ros/jazzy/opt/gz_tools_vendor:/opt/ros/jazzy/opt/gz_ogre_next_vendor:/opt/ros/jazzy/opt/gz_dartsim_vendor:/opt/ros/jazzy/opt/gz_cmake_vendor:/root/ros_ws/install/turtlebot3_teleop:/root/ros_ws/install/turtlebot3_example:/opt/ros/jazzy /usr/bin/cmake /root/ros_ws/src/turtlebot3/nav2_bringup -DCMAKE_INSTALL_PREFIX=/root/ros_ws/install/nav2_bringup
[0.057s] -- The C compiler identification is GNU 13.3.0
[0.101s] -- The CXX compiler identification is GNU 13.3.0
[0.114s] -- Detecting C compiler ABI info
[0.189s] -- Detecting C compiler ABI info - done
[0.195s] -- Check for working C compiler: /usr/bin/cc - skipped
[0.195s] -- Detecting C compile features
[0.195s] -- Detecting C compile features - done
[0.204s] -- Detecting CXX compiler ABI info
[0.286s] -- Detecting CXX compiler ABI info - done
[0.292s] -- Check for working CXX compiler: /usr/bin/c++ - skipped
[0.292s] -- Detecting CXX compile features
[0.293s] -- Detecting CXX compile features - done
[0.298s] -- Found ament_cmake: 2.5.4 (/opt/ros/jazzy/share/ament_cmake/cmake)
[0.440s] -- Found Python3: /usr/bin/python3 (found version "3.12.3") found components: Interpreter 
[0.559s] -- Found nav2_common: 1.3.7 (/opt/ros/jazzy/share/nav2_common/cmake)
[0.561s] -- Found navigation2: 1.3.7 (/opt/ros/jazzy/share/navigation2/cmake)
[0.562s] -- Setting build type to Release as none was specified.
[0.564s] -- Found ament_lint_auto: 0.17.3 (/opt/ros/jazzy/share/ament_lint_auto/cmake)
[0.691s] -- Added test 'copyright' to check source files copyright and LICENSE
[0.698s] -- Added test 'flake8' to check Python code syntax and style conventions
[0.698s] -- Configured 'flake8' exclude dirs and/or files: 
[0.699s] -- Added test 'lint_cmake' to check CMake code style
[0.700s] -- Added test 'pep257' to check Python code against some of the docstring style conventions in PEP 257
[0.704s] -- Added test 'xmllint' to check XML markup files
[0.706s] -- Configuring done (0.7s)
[0.710s] -- Generating done (0.0s)
[0.711s] -- Build files have been written to: /root/ros_ws/build/nav2_bringup
[0.715s] Invoked command in '/root/ros_ws/build/nav2_bringup' returned '0': CMAKE_PREFIX_PATH=/root/ros_ws/install/turtlebot3_gazebo:/root/ros_ws/install/turtlebot3:/root/ros_ws/install/turtlebot3_simulations:/root/ros_ws/install/turtlebot3_bringup:/root/ros_ws/install/turtlebot3_node:/root/ros_ws/install/turtlebot3_navigation2:/root/ros_ws/install/nav2_bringup:/root/ros_ws/install/turtlebot3_fake_node:/root/ros_ws/install/turtlebot3_description:/root/ros_ws/install/turtlebot3_cartographer:/opt/ros/jazzy/opt/gz_sim_vendor:/opt/ros/jazzy/opt/gz_sensors_vendor:/opt/ros/jazzy/opt/gz_physics_vendor:/opt/ros/jazzy/opt/sdformat_vendor:/opt/ros/jazzy/opt/gz_gui_vendor:/opt/ros/jazzy/opt/gz_transport_vendor:/opt/ros/jazzy/opt/gz_rendering_vendor:/opt/ros/jazzy/opt/gz_plugin_vendor:/opt/ros/jazzy/opt/gz_fuel_tools_vendor:/opt/ros/jazzy/opt/gz_msgs_vendor:/opt/ros/jazzy/opt/gz_common_vendor:/opt/ros/jazzy/opt/gz_math_vendor:/opt/ros/jazzy/opt/gz_utils_vendor:/opt/ros/jazzy/opt/gz_tools_vendor:/opt/ros/jazzy/opt/gz_ogre_next_vendor:/opt/ros/jazzy/opt/gz_dartsim_vendor:/opt/ros/jazzy/opt/gz_cmake_vendor:/root/ros_ws/install/turtlebot3_teleop:/root/ros_ws/install/turtlebot3_example:/opt/ros/jazzy /usr/bin/cmake /root/ros_ws/src/turtlebot3/nav2_bringup -DCMAKE_INSTALL_PREFIX=/root/ros_ws/install/nav2_bringup
[0.716s] Invoking command in '/root/ros_ws/build/nav2_bringup': CMAKE_PREFIX_PATH=/root/ros_ws/install/turtlebot3_gazebo:/root/ros_ws/install/turtlebot3:/root/ros_ws/install/turtlebot3_simulations:/root/ros_ws/install/turtlebot3_bringup:/root/ros_ws/install/turtlebot3_node:/root/ros_ws/install/turtlebot3_navigation2:/root/ros_ws/install/nav2_bringup:/root/ros_ws/install/turtlebot3_fake_node:/root/ros_ws/install/turtlebot3_description:/root/ros_ws/install/turtlebot3_cartographer:/opt/ros/jazzy/opt/gz_sim_vendor:/opt/ros/jazzy/opt/gz_sensors_vendor:/opt/ros/jazzy/opt/gz_physics_vendor:/opt/ros/jazzy/opt/sdformat_vendor:/opt/ros/jazzy/opt/gz_gui_vendor:/opt/ros/jazzy/opt/gz_transport_vendor:/opt/ros/jazzy/opt/gz_rendering_vendor:/opt/ros/jazzy/opt/gz_plugin_vendor:/opt/ros/jazzy/opt/gz_fuel_tools_vendor:/opt/ros/jazzy/opt/gz_msgs_vendor:/opt/ros/jazzy/opt/gz_common_vendor:/opt/ros/jazzy/opt/gz_math_vendor:/opt/ros/jazzy/opt/gz_utils_vendor:/opt/ros/jazzy/opt/gz_tools_vendor:/opt/ros/jazzy/opt/gz_ogre_next_vendor:/opt/ros/jazzy/opt/gz_dartsim_vendor:/opt/ros/jazzy/opt/gz_cmake_vendor:/root/ros_ws/install/turtlebot3_teleop:/root/ros_ws/install/turtlebot3_example:/opt/ros/jazzy /usr/bin/cmake --build /root/ros_ws/build/nav2_bringup -- -j16 -l16
[0.745s] Invoked command in '/root/ros_ws/build/nav2_bringup' returned '0': CMAKE_PREFIX_PATH=/root/ros_ws/install/turtlebot3_gazebo:/root/ros_ws/install/turtlebot3:/root/ros_ws/install/turtlebot3_simulations:/root/ros_ws/install/turtlebot3_bringup:/root/ros_ws/install/turtlebot3_node:/root/ros_ws/install/turtlebot3_navigation2:/root/ros_ws/install/nav2_bringup:/root/ros_ws/install/turtlebot3_fake_node:/root/ros_ws/install/turtlebot3_description:/root/ros_ws/install/turtlebot3_cartographer:/opt/ros/jazzy/opt/gz_sim_vendor:/opt/ros/jazzy/opt/gz_sensors_vendor:/opt/ros/jazzy/opt/gz_physics_vendor:/opt/ros/jazzy/opt/sdformat_vendor:/opt/ros/jazzy/opt/gz_gui_vendor:/opt/ros/jazzy/opt/gz_transport_vendor:/opt/ros/jazzy/opt/gz_rendering_vendor:/opt/ros/jazzy/opt/gz_plugin_vendor:/opt/ros/jazzy/opt/gz_fuel_tools_vendor:/opt/ros/jazzy/opt/gz_msgs_vendor:/opt/ros/jazzy/opt/gz_common_vendor:/opt/ros/jazzy/opt/gz_math_vendor:/opt/ros/jazzy/opt/gz_utils_vendor:/opt/ros/jazzy/opt/gz_tools_vendor:/opt/ros/jazzy/opt/gz_ogre_next_vendor:/opt/ros/jazzy/opt/gz_dartsim_vendor:/opt/ros/jazzy/opt/gz_cmake_vendor:/root/ros_ws/install/turtlebot3_teleop:/root/ros_ws/install/turtlebot3_example:/opt/ros/jazzy /usr/bin/cmake --build /root/ros_ws/build/nav2_bringup -- -j16 -l16
[0.746s] Invoking command in '/root/ros_ws/build/nav2_bringup': CMAKE_PREFIX_PATH=/root/ros_ws/install/turtlebot3_gazebo:/root/ros_ws/install/turtlebot3:/root/ros_ws/install/turtlebot3_simulations:/root/ros_ws/install/turtlebot3_bringup:/root/ros_ws/install/turtlebot3_node:/root/ros_ws/install/turtlebot3_navigation2:/root/ros_ws/install/nav2_bringup:/root/ros_ws/install/turtlebot3_fake_node:/root/ros_ws/install/turtlebot3_description:/root/ros_ws/install/turtlebot3_cartographer:/opt/ros/jazzy/opt/gz_sim_vendor:/opt/ros/jazzy/opt/gz_sensors_vendor:/opt/ros/jazzy/opt/gz_physics_vendor:/opt/ros/jazzy/opt/sdformat_vendor:/opt/ros/jazzy/opt/gz_gui_vendor:/opt/ros/jazzy/opt/gz_transport_vendor:/opt/ros/jazzy/opt/gz_rendering_vendor:/opt/ros/jazzy/opt/gz_plugin_vendor:/opt/ros/jazzy/opt/gz_fuel_tools_vendor:/opt/ros/jazzy/opt/gz_msgs_vendor:/opt/ros/jazzy/opt/gz_common_vendor:/opt/ros/jazzy/opt/gz_math_vendor:/opt/ros/jazzy/opt/gz_utils_vendor:/opt/ros/jazzy/opt/gz_tools_vendor:/opt/ros/jazzy/opt/gz_ogre_next_vendor:/opt/ros/jazzy/opt/gz_dartsim_vendor:/opt/ros/jazzy/opt/gz_cmake_vendor:/root/ros_ws/install/turtlebot3_teleop:/root/ros_ws/install/turtlebot3_example:/opt/ros/jazzy /usr/bin/cmake --install /root/ros_ws/build/nav2_bringup
[0.752s] -- Install configuration: "Release"
[0.752s] -- Installing: /root/ros_ws/install/nav2_bringup/share/nav2_bringup/launch
[0.753s] -- Installing: /root/ros_ws/install/nav2_bringup/share/nav2_bringup/launch/rviz_launch.py
[0.753s] -- Installing: /root/ros_ws/install/nav2_bringup/share/nav2_bringup/launch/localization_launch.py
[0.753s] -- Installing: /root/ros_ws/install/nav2_bringup/share/nav2_bringup/launch/navigation_launch.py
[0.753s] -- Installing: /root/ros_ws/install/nav2_bringup/share/nav2_bringup/launch/unique_multi_tb3_simulation_launch.py
[0.753s] -- Installing: /root/ros_ws/install/nav2_bringup/share/nav2_bringup/launch/bringup_launch.py
[0.754s] -- Installing: /root/ros_ws/install/nav2_bringup/share/nav2_bringup/launch/tb3_simulation_launch.py
[0.754s] -- Installing: /root/ros_ws/install/nav2_bringup/share/nav2_bringup/launch/cloned_multi_tb3_simulation_launch.py
[0.754s] -- Installing: /root/ros_ws/install/nav2_bringup/share/nav2_bringup/launch/slam_launch.py
[0.754s] -- Installing: /root/ros_ws/install/nav2_bringup/share/nav2_bringup/maps
[0.754s] -- Installing: /root/ros_ws/install/nav2_bringup/share/nav2_bringup/maps/turtlebot3_world.pgm
[0.754s] -- Installing: /root/ros_ws/install/nav2_bringup/share/nav2_bringup/maps/turtlebot3_world.yaml
[0.754s] -- Installing: /root/ros_ws/install/nav2_bringup/share/nav2_bringup/rviz
[0.755s] -- Installing: /root/ros_ws/install/nav2_bringup/share/nav2_bringup/rviz/nav2_namespaced_view.rviz
[0.755s] -- Installing: /root/ros_ws/install/nav2_bringup/share/nav2_bringup/rviz/nav2_default_view.rviz
[0.755s] -- Installing: /root/ros_ws/install/nav2_bringup/share/nav2_bringup/worlds
[0.755s] -- Installing: /root/ros_ws/install/nav2_bringup/share/nav2_bringup/worlds/waffle.model
[0.755s] -- Installing: /root/ros_ws/install/nav2_bringup/share/nav2_bringup/worlds/world_only.model
[0.755s] -- Installing: /root/ros_ws/install/nav2_bringup/share/nav2_bringup/params
[0.755s] -- Installing: /root/ros_ws/install/nav2_bringup/share/nav2_bringup/params/nav2_multirobot_params_all.yaml
[0.755s] -- Installing: /root/ros_ws/install/nav2_bringup/share/nav2_bringup/params/nav2_params.yaml
[0.756s] -- Installing: /root/ros_ws/install/nav2_bringup/share/nav2_bringup/params/nav2_multirobot_params_1.yaml
[0.756s] -- Installing: /root/ros_ws/install/nav2_bringup/share/nav2_bringup/params/nav2_multirobot_params_2.yaml
[0.756s] -- Installing: /root/ros_ws/install/nav2_bringup/share/nav2_bringup/urdf
[0.756s] -- Installing: /root/ros_ws/install/nav2_bringup/share/nav2_bringup/urdf/turtlebot3_waffle.urdf
[0.757s] -- Installing: /root/ros_ws/install/nav2_bringup/share/ament_index/resource_index/package_run_dependencies/nav2_bringup
[0.757s] -- Installing: /root/ros_ws/install/nav2_bringup/share/ament_index/resource_index/parent_prefix_path/nav2_bringup
[0.757s] -- Installing: /root/ros_ws/install/nav2_bringup/share/nav2_bringup/environment/ament_prefix_path.sh
[0.757s] -- Installing: /root/ros_ws/install/nav2_bringup/share/nav2_bringup/environment/ament_prefix_path.dsv
[0.757s] -- Installing: /root/ros_ws/install/nav2_bringup/share/nav2_bringup/environment/path.sh
[0.758s] -- Installing: /root/ros_ws/install/nav2_bringup/share/nav2_bringup/environment/path.dsv
[0.758s] -- Installing: /root/ros_ws/install/nav2_bringup/share/nav2_bringup/local_setup.bash
[0.758s] -- Installing: /root/ros_ws/install/nav2_bringup/share/nav2_bringup/local_setup.sh
[0.758s] -- Installing: /root/ros_ws/install/nav2_bringup/share/nav2_bringup/local_setup.zsh
[0.758s] -- Installing: /root/ros_ws/install/nav2_bringup/share/nav2_bringup/local_setup.dsv
[0.758s] -- Installing: /root/ros_ws/install/nav2_bringup/share/nav2_bringup/package.dsv
[0.758s] -- Installing: /root/ros_ws/install/nav2_bringup/share/ament_index/resource_index/packages/nav2_bringup
[0.761s] -- Installing: /root/ros_ws/install/nav2_bringup/share/nav2_bringup/cmake/nav2_bringupConfig.cmake
[0.761s] -- Installing: /root/ros_ws/install/nav2_bringup/share/nav2_bringup/cmake/nav2_bringupConfig-version.cmake
[0.761s] -- Installing: /root/ros_ws/install/nav2_bringup/share/nav2_bringup/package.xml
[0.762s] Invoked command in '/root/ros_ws/build/nav2_bringup' returned '0': CMAKE_PREFIX_PATH=/root/ros_ws/install/turtlebot3_gazebo:/root/ros_ws/install/turtlebot3:/root/ros_ws/install/turtlebot3_simulations:/root/ros_ws/install/turtlebot3_bringup:/root/ros_ws/install/turtlebot3_node:/root/ros_ws/install/turtlebot3_navigation2:/root/ros_ws/install/nav2_bringup:/root/ros_ws/install/turtlebot3_fake_node:/root/ros_ws/install/turtlebot3_description:/root/ros_ws/install/turtlebot3_cartographer:/opt/ros/jazzy/opt/gz_sim_vendor:/opt/ros/jazzy/opt/gz_sensors_vendor:/opt/ros/jazzy/opt/gz_physics_vendor:/opt/ros/jazzy/opt/sdformat_vendor:/opt/ros/jazzy/opt/gz_gui_vendor:/opt/ros/jazzy/opt/gz_transport_vendor:/opt/ros/jazzy/opt/gz_rendering_vendor:/opt/ros/jazzy/opt/gz_plugin_vendor:/opt/ros/jazzy/opt/gz_fuel_tools_vendor:/opt/ros/jazzy/opt/gz_msgs_vendor:/opt/ros/jazzy/opt/gz_common_vendor:/opt/ros/jazzy/opt/gz_math_vendor:/opt/ros/jazzy/opt/gz_utils_vendor:/opt/ros/jazzy/opt/gz_tools_vendor:/opt/ros/jazzy/opt/gz_ogre_next_vendor:/opt/ros/jazzy/opt/gz_dartsim_vendor:/opt/ros/jazzy/opt/gz_cmake_vendor:/root/ros_ws/install/turtlebot3_teleop:/root/ros_ws/install/turtlebot3_example:/opt/ros/jazzy /usr/bin/cmake --install /root/ros_ws/build/nav2_bringup
