[0.979s] Invoking command in '/root/ros_ws/src/tb3_multi_robot': CMAKE_PREFIX_PATH=/root/ros_ws/install/turtlebot3_navigation2:/root/ros_ws/install/turtlebot3_gazebo:/root/ros_ws/install/turtlebot3:/root/ros_ws/install/turtlebot3_simulations:/root/ros_ws/install/turtlebot3_bringup:/root/ros_ws/install/turtlebot3_node:/root/ros_ws/install/turtlebot3_fake_node:/root/ros_ws/install/turtlebot3_description:/root/ros_ws/install/turtlebot3_cartographer:/opt/ros/jazzy/opt/gz_sim_vendor:/opt/ros/jazzy/opt/gz_sensors_vendor:/opt/ros/jazzy/opt/gz_physics_vendor:/opt/ros/jazzy/opt/sdformat_vendor:/opt/ros/jazzy/opt/gz_gui_vendor:/opt/ros/jazzy/opt/gz_transport_vendor:/opt/ros/jazzy/opt/gz_rendering_vendor:/opt/ros/jazzy/opt/gz_plugin_vendor:/opt/ros/jazzy/opt/gz_fuel_tools_vendor:/opt/ros/jazzy/opt/gz_msgs_vendor:/opt/ros/jazzy/opt/gz_common_vendor:/opt/ros/jazzy/opt/gz_math_vendor:/opt/ros/jazzy/opt/gz_utils_vendor:/opt/ros/jazzy/opt/gz_tools_vendor:/opt/ros/jazzy/opt/gz_ogre_next_vendor:/opt/ros/jazzy/opt/gz_dartsim_vendor:/opt/ros/jazzy/opt/gz_cmake_vendor PYTHONPATH=/root/ros_ws/build/tb3_multi_robot/prefix_override:/usr/lib/python3/dist-packages/colcon_core/task/python/colcon_distutils_commands:/root/ros_ws/install/tb3_multi_robot/lib/python3.12/site-packages:${PYTHONPATH} /usr/bin/python3 -W ignore:setup.py install is deprecated -W ignore:easy_install command is deprecated setup.py egg_info --egg-base ../../build/tb3_multi_robot build --build-base /root/ros_ws/build/tb3_multi_robot/build install --record /root/ros_ws/build/tb3_multi_robot/install.log --single-version-externally-managed install_data
[1.262s] running egg_info
[1.281s] writing ../../build/tb3_multi_robot/tb3_multi_robot.egg-info/PKG-INFO
[1.281s] writing dependency_links to ../../build/tb3_multi_robot/tb3_multi_robot.egg-info/dependency_links.txt
[1.282s] writing entry points to ../../build/tb3_multi_robot/tb3_multi_robot.egg-info/entry_points.txt
[1.282s] writing requirements to ../../build/tb3_multi_robot/tb3_multi_robot.egg-info/requires.txt
[1.282s] writing top-level names to ../../build/tb3_multi_robot/tb3_multi_robot.egg-info/top_level.txt
[1.323s] reading manifest file '../../build/tb3_multi_robot/tb3_multi_robot.egg-info/SOURCES.txt'
[1.324s] writing manifest file '../../build/tb3_multi_robot/tb3_multi_robot.egg-info/SOURCES.txt'
[1.324s] running build
[1.325s] running build_py
[1.325s] running install
[1.332s] running install_lib
[1.351s] running install_data
[1.352s] running install_egg_info
[1.371s] removing '/root/ros_ws/install/tb3_multi_robot/lib/python3.12/site-packages/tb3_multi_robot-1.0.0-py3.12.egg-info' (and everything under it)
[1.372s] Copying ../../build/tb3_multi_robot/tb3_multi_robot.egg-info to /root/ros_ws/install/tb3_multi_robot/lib/python3.12/site-packages/tb3_multi_robot-1.0.0-py3.12.egg-info
[1.374s] running install_scripts
[1.504s] Installing turtlebot3_drive script to /root/ros_ws/install/tb3_multi_robot/bin
[1.504s] writing list of installed files to '/root/ros_ws/build/tb3_multi_robot/install.log'
[1.537s] Invoked command in '/root/ros_ws/src/tb3_multi_robot' returned '0': CMAKE_PREFIX_PATH=/root/ros_ws/install/turtlebot3_navigation2:/root/ros_ws/install/turtlebot3_gazebo:/root/ros_ws/install/turtlebot3:/root/ros_ws/install/turtlebot3_simulations:/root/ros_ws/install/turtlebot3_bringup:/root/ros_ws/install/turtlebot3_node:/root/ros_ws/install/turtlebot3_fake_node:/root/ros_ws/install/turtlebot3_description:/root/ros_ws/install/turtlebot3_cartographer:/opt/ros/jazzy/opt/gz_sim_vendor:/opt/ros/jazzy/opt/gz_sensors_vendor:/opt/ros/jazzy/opt/gz_physics_vendor:/opt/ros/jazzy/opt/sdformat_vendor:/opt/ros/jazzy/opt/gz_gui_vendor:/opt/ros/jazzy/opt/gz_transport_vendor:/opt/ros/jazzy/opt/gz_rendering_vendor:/opt/ros/jazzy/opt/gz_plugin_vendor:/opt/ros/jazzy/opt/gz_fuel_tools_vendor:/opt/ros/jazzy/opt/gz_msgs_vendor:/opt/ros/jazzy/opt/gz_common_vendor:/opt/ros/jazzy/opt/gz_math_vendor:/opt/ros/jazzy/opt/gz_utils_vendor:/opt/ros/jazzy/opt/gz_tools_vendor:/opt/ros/jazzy/opt/gz_ogre_next_vendor:/opt/ros/jazzy/opt/gz_dartsim_vendor:/opt/ros/jazzy/opt/gz_cmake_vendor PYTHONPATH=/root/ros_ws/build/tb3_multi_robot/prefix_override:/usr/lib/python3/dist-packages/colcon_core/task/python/colcon_distutils_commands:/root/ros_ws/install/tb3_multi_robot/lib/python3.12/site-packages:${PYTHONPATH} /usr/bin/python3 -W ignore:setup.py install is deprecated -W ignore:easy_install command is deprecated setup.py egg_info --egg-base ../../build/tb3_multi_robot build --build-base /root/ros_ws/build/tb3_multi_robot/build install --record /root/ros_ws/build/tb3_multi_robot/install.log --single-version-externally-managed install_data
