[0.084s] Invoking command in '/root/ros_ws/build/turtlebot3_node': CMAKE_PREFIX_PATH=${CMAKE_PREFIX_PATH}:/root/ros_ws/install/turtlebot3_teleop:/root/ros_ws/install/turtlebot3_example:/opt/ros/jazzy /usr/bin/cmake --build /root/ros_ws/build/turtlebot3_node -- -j12 -l12
[0.498s] [ 85%] Built target turtlebot3_node_lib
[0.501s] [100%] Built target turtlebot3_ros
[0.528s] Invoked command in '/root/ros_ws/build/turtlebot3_node' returned '0': CMAKE_PREFIX_PATH=${CMAKE_PREFIX_PATH}:/root/ros_ws/install/turtlebot3_teleop:/root/ros_ws/install/turtlebot3_example:/opt/ros/jazzy /usr/bin/cmake --build /root/ros_ws/build/turtlebot3_node -- -j12 -l12
[0.530s] Invoking command in '/root/ros_ws/build/turtlebot3_node': CMAKE_PREFIX_PATH=${CMAKE_PREFIX_PATH}:/root/ros_ws/install/turtlebot3_teleop:/root/ros_ws/install/turtlebot3_example:/opt/ros/jazzy /usr/bin/cmake --install /root/ros_ws/build/turtlebot3_node
[0.931s] -- Install configuration: ""
[0.932s] -- Up-to-date: /root/ros_ws/install/turtlebot3_node/share/turtlebot3_node/param
[0.932s] -- Up-to-date: /root/ros_ws/install/turtlebot3_node/share/turtlebot3_node/param/burger.yaml
[0.933s] -- Up-to-date: /root/ros_ws/install/turtlebot3_node/share/turtlebot3_node/param/waffle.yaml
[0.933s] -- Up-to-date: /root/ros_ws/install/turtlebot3_node/share/turtlebot3_node/param/waffle_pi.yaml
[0.933s] -- Up-to-date: /root/ros_ws/install/turtlebot3_node/lib/turtlebot3_node/turtlebot3_ros
[0.934s] -- Up-to-date: /root/ros_ws/install/turtlebot3_node/share/ament_index/resource_index/package_run_dependencies/turtlebot3_node
[0.934s] -- Up-to-date: /root/ros_ws/install/turtlebot3_node/share/ament_index/resource_index/parent_prefix_path/turtlebot3_node
[0.934s] -- Up-to-date: /root/ros_ws/install/turtlebot3_node/share/turtlebot3_node/environment/ament_prefix_path.sh
[0.935s] -- Up-to-date: /root/ros_ws/install/turtlebot3_node/share/turtlebot3_node/environment/ament_prefix_path.dsv
[0.935s] -- Up-to-date: /root/ros_ws/install/turtlebot3_node/share/turtlebot3_node/environment/path.sh
[0.935s] -- Up-to-date: /root/ros_ws/install/turtlebot3_node/share/turtlebot3_node/environment/path.dsv
[0.936s] -- Up-to-date: /root/ros_ws/install/turtlebot3_node/share/turtlebot3_node/local_setup.bash
[0.936s] -- Up-to-date: /root/ros_ws/install/turtlebot3_node/share/turtlebot3_node/local_setup.sh
[0.936s] -- Up-to-date: /root/ros_ws/install/turtlebot3_node/share/turtlebot3_node/local_setup.zsh
[0.936s] -- Up-to-date: /root/ros_ws/install/turtlebot3_node/share/turtlebot3_node/local_setup.dsv
[0.937s] -- Installing: /root/ros_ws/install/turtlebot3_node/share/turtlebot3_node/package.dsv
[0.937s] -- Up-to-date: /root/ros_ws/install/turtlebot3_node/share/ament_index/resource_index/packages/turtlebot3_node
[0.938s] -- Up-to-date: /root/ros_ws/install/turtlebot3_node/share/turtlebot3_node/cmake/ament_cmake_export_dependencies-extras.cmake
[0.938s] -- Up-to-date: /root/ros_ws/install/turtlebot3_node/share/turtlebot3_node/cmake/ament_cmake_export_include_directories-extras.cmake
[0.938s] -- Up-to-date: /root/ros_ws/install/turtlebot3_node/share/turtlebot3_node/cmake/turtlebot3_nodeConfig.cmake
[0.939s] -- Up-to-date: /root/ros_ws/install/turtlebot3_node/share/turtlebot3_node/cmake/turtlebot3_nodeConfig-version.cmake
[0.939s] -- Up-to-date: /root/ros_ws/install/turtlebot3_node/share/turtlebot3_node/package.xml
[0.985s] Invoked command in '/root/ros_ws/build/turtlebot3_node' returned '0': CMAKE_PREFIX_PATH=${CMAKE_PREFIX_PATH}:/root/ros_ws/install/turtlebot3_teleop:/root/ros_ws/install/turtlebot3_example:/opt/ros/jazzy /usr/bin/cmake --install /root/ros_ws/build/turtlebot3_node
