[0.109s] Invoking command in '/root/ros_ws/build/turtlebot3_description': CMAKE_PREFIX_PATH=${CMAKE_PREFIX_PATH}:/root/ros_ws/install/turtlebot3_teleop:/root/ros_ws/install/tb3_multi_robot:/root/ros_ws/install/turtlebot3_example:/opt/ros/jazzy /usr/bin/cmake --build /root/ros_ws/build/turtlebot3_description -- -j12 -l12
[0.803s] Invoked command in '/root/ros_ws/build/turtlebot3_description' returned '0': CMAKE_PREFIX_PATH=${CMAKE_PREFIX_PATH}:/root/ros_ws/install/turtlebot3_teleop:/root/ros_ws/install/tb3_multi_robot:/root/ros_ws/install/turtlebot3_example:/opt/ros/jazzy /usr/bin/cmake --build /root/ros_ws/build/turtlebot3_description -- -j12 -l12
[0.824s] Invoking command in '/root/ros_ws/build/turtlebot3_description': CMAKE_PREFIX_PATH=${CMAKE_PREFIX_PATH}:/root/ros_ws/install/turtlebot3_teleop:/root/ros_ws/install/tb3_multi_robot:/root/ros_ws/install/turtlebot3_example:/opt/ros/jazzy /usr/bin/cmake --install /root/ros_ws/build/turtlebot3_description
[0.845s] -- Install configuration: ""
[0.846s] -- Up-to-date: /root/ros_ws/install/turtlebot3_description/share/turtlebot3_description/meshes
[0.847s] -- Up-to-date: /root/ros_ws/install/turtlebot3_description/share/turtlebot3_description/meshes/sensors
[0.848s] -- Up-to-date: /root/ros_ws/install/turtlebot3_description/share/turtlebot3_description/meshes/sensors/lds.stl
[0.848s] -- Up-to-date: /root/ros_ws/install/turtlebot3_description/share/turtlebot3_description/meshes/sensors/r200.jpg
[0.848s] -- Up-to-date: /root/ros_ws/install/turtlebot3_description/share/turtlebot3_description/meshes/sensors/astra.dae
[0.849s] -- Up-to-date: /root/ros_ws/install/turtlebot3_description/share/turtlebot3_description/meshes/sensors/r200.dae
[0.849s] -- Up-to-date: /root/ros_ws/install/turtlebot3_description/share/turtlebot3_description/meshes/sensors/astra.jpg
[0.850s] -- Up-to-date: /root/ros_ws/install/turtlebot3_description/share/turtlebot3_description/meshes/bases
[0.850s] -- Up-to-date: /root/ros_ws/install/turtlebot3_description/share/turtlebot3_description/meshes/bases/waffle_pi_base.stl
[0.851s] -- Up-to-date: /root/ros_ws/install/turtlebot3_description/share/turtlebot3_description/meshes/bases/waffle_base.stl
[0.863s] -- Up-to-date: /root/ros_ws/install/turtlebot3_description/share/turtlebot3_description/meshes/bases/burger_base.stl
[0.863s] -- Up-to-date: /root/ros_ws/install/turtlebot3_description/share/turtlebot3_description/meshes/wheels
[0.864s] -- Up-to-date: /root/ros_ws/install/turtlebot3_description/share/turtlebot3_description/meshes/wheels/right_tire.stl
[0.865s] -- Up-to-date: /root/ros_ws/install/turtlebot3_description/share/turtlebot3_description/meshes/wheels/left_tire.stl
[0.865s] -- Up-to-date: /root/ros_ws/install/turtlebot3_description/share/turtlebot3_description/rviz
[0.865s] -- Up-to-date: /root/ros_ws/install/turtlebot3_description/share/turtlebot3_description/rviz/model.rviz
[0.866s] -- Up-to-date: /root/ros_ws/install/turtlebot3_description/share/turtlebot3_description/urdf
[0.866s] -- Up-to-date: /root/ros_ws/install/turtlebot3_description/share/turtlebot3_description/urdf/common_properties.urdf
[0.866s] -- Up-to-date: /root/ros_ws/install/turtlebot3_description/share/turtlebot3_description/urdf/turtlebot3_waffle_pi.urdf
[0.867s] -- Up-to-date: /root/ros_ws/install/turtlebot3_description/share/turtlebot3_description/urdf/turtlebot3_waffle.urdf
[0.868s] -- Up-to-date: /root/ros_ws/install/turtlebot3_description/share/turtlebot3_description/urdf/turtlebot3_burger.urdf
[0.868s] -- Up-to-date: /root/ros_ws/install/turtlebot3_description/share/ament_index/resource_index/package_run_dependencies/turtlebot3_description
[0.869s] -- Up-to-date: /root/ros_ws/install/turtlebot3_description/share/ament_index/resource_index/parent_prefix_path/turtlebot3_description
[0.870s] -- Up-to-date: /root/ros_ws/install/turtlebot3_description/share/turtlebot3_description/environment/ament_prefix_path.sh
[0.870s] -- Up-to-date: /root/ros_ws/install/turtlebot3_description/share/turtlebot3_description/environment/ament_prefix_path.dsv
[0.871s] -- Up-to-date: /root/ros_ws/install/turtlebot3_description/share/turtlebot3_description/environment/path.sh
[0.872s] -- Up-to-date: /root/ros_ws/install/turtlebot3_description/share/turtlebot3_description/environment/path.dsv
[0.872s] -- Up-to-date: /root/ros_ws/install/turtlebot3_description/share/turtlebot3_description/local_setup.bash
[0.872s] -- Up-to-date: /root/ros_ws/install/turtlebot3_description/share/turtlebot3_description/local_setup.sh
[0.873s] -- Up-to-date: /root/ros_ws/install/turtlebot3_description/share/turtlebot3_description/local_setup.zsh
[0.873s] -- Up-to-date: /root/ros_ws/install/turtlebot3_description/share/turtlebot3_description/local_setup.dsv
[0.874s] -- Installing: /root/ros_ws/install/turtlebot3_description/share/turtlebot3_description/package.dsv
[0.893s] -- Up-to-date: /root/ros_ws/install/turtlebot3_description/share/ament_index/resource_index/packages/turtlebot3_description
[0.893s] -- Up-to-date: /root/ros_ws/install/turtlebot3_description/share/turtlebot3_description/cmake/turtlebot3_descriptionConfig.cmake
[0.893s] -- Up-to-date: /root/ros_ws/install/turtlebot3_description/share/turtlebot3_description/cmake/turtlebot3_descriptionConfig-version.cmake
[0.894s] -- Up-to-date: /root/ros_ws/install/turtlebot3_description/share/turtlebot3_description/package.xml
[0.986s] Invoked command in '/root/ros_ws/build/turtlebot3_description' returned '0': CMAKE_PREFIX_PATH=${CMAKE_PREFIX_PATH}:/root/ros_ws/install/turtlebot3_teleop:/root/ros_ws/install/tb3_multi_robot:/root/ros_ws/install/turtlebot3_example:/opt/ros/jazzy /usr/bin/cmake --install /root/ros_ws/build/turtlebot3_description
