[0.157s] Invoking command in '/root/ros_ws/build/turtlebot3_navigation2': CMAKE_PREFIX_PATH=${CMAKE_PREFIX_PATH}:/root/ros_ws/install/turtlebot3_teleop:/root/ros_ws/install/turtlebot3_example:/root/ros_ws/install/tb3_multi_nav:/root/ros_ws/install/custom_explorer:/opt/ros/jazzy /usr/bin/cmake /root/ros_ws/src/turtlebot3-jazzy/turtlebot3_navigation2 -DCMAKE_INSTALL_PREFIX=/root/ros_ws/install/turtlebot3_navigation2
[0.436s] -- The C compiler identification is GNU 13.3.0
[0.436s] -- The CXX compiler identification is GNU 13.3.0
[0.436s] -- Detecting C compiler ABI info
[0.436s] -- Detecting C compiler ABI info - done
[0.436s] -- Check for working C compiler: /usr/bin/cc - skipped
[0.436s] -- Detecting C compile features
[0.436s] -- Detecting C compile features - done
[0.436s] -- Detecting CXX compiler ABI info
[0.493s] -- Detecting CXX compiler ABI info - done
[0.500s] -- Check for working CXX compiler: /usr/bin/c++ - skipped
[0.501s] -- Detecting CXX compile features
[0.501s] -- Detecting CXX compile features - done
[0.530s] -- Found ament_cmake: 2.5.4 (/opt/ros/jazzy/share/ament_cmake/cmake)
[0.690s] -- Found Python3: /usr/bin/python3 (found version "3.12.3") found components: Interpreter 
[0.912s] -- Configuring done (0.7s)
[0.915s] -- Generating done (0.0s)
[0.917s] -- Build files have been written to: /root/ros_ws/build/turtlebot3_navigation2
[0.922s] Invoked command in '/root/ros_ws/build/turtlebot3_navigation2' returned '0': CMAKE_PREFIX_PATH=${CMAKE_PREFIX_PATH}:/root/ros_ws/install/turtlebot3_teleop:/root/ros_ws/install/turtlebot3_example:/root/ros_ws/install/tb3_multi_nav:/root/ros_ws/install/custom_explorer:/opt/ros/jazzy /usr/bin/cmake /root/ros_ws/src/turtlebot3-jazzy/turtlebot3_navigation2 -DCMAKE_INSTALL_PREFIX=/root/ros_ws/install/turtlebot3_navigation2
[0.923s] Invoking command in '/root/ros_ws/build/turtlebot3_navigation2': CMAKE_PREFIX_PATH=${CMAKE_PREFIX_PATH}:/root/ros_ws/install/turtlebot3_teleop:/root/ros_ws/install/turtlebot3_example:/root/ros_ws/install/tb3_multi_nav:/root/ros_ws/install/custom_explorer:/opt/ros/jazzy /usr/bin/cmake --build /root/ros_ws/build/turtlebot3_navigation2 -- -j16 -l16
[0.959s] Invoked command in '/root/ros_ws/build/turtlebot3_navigation2' returned '0': CMAKE_PREFIX_PATH=${CMAKE_PREFIX_PATH}:/root/ros_ws/install/turtlebot3_teleop:/root/ros_ws/install/turtlebot3_example:/root/ros_ws/install/tb3_multi_nav:/root/ros_ws/install/custom_explorer:/opt/ros/jazzy /usr/bin/cmake --build /root/ros_ws/build/turtlebot3_navigation2 -- -j16 -l16
[0.968s] Invoking command in '/root/ros_ws/build/turtlebot3_navigation2': CMAKE_PREFIX_PATH=${CMAKE_PREFIX_PATH}:/root/ros_ws/install/turtlebot3_teleop:/root/ros_ws/install/turtlebot3_example:/root/ros_ws/install/tb3_multi_nav:/root/ros_ws/install/custom_explorer:/opt/ros/jazzy /usr/bin/cmake --install /root/ros_ws/build/turtlebot3_navigation2
[0.975s] -- Install configuration: ""
[0.975s] -- Installing: /root/ros_ws/install/turtlebot3_navigation2/share/turtlebot3_navigation2/launch
[0.976s] -- Installing: /root/ros_ws/install/turtlebot3_navigation2/share/turtlebot3_navigation2/launch/navigation2.launch.py
[0.977s] -- Installing: /root/ros_ws/install/turtlebot3_navigation2/share/turtlebot3_navigation2/launch/navigation2.launch.py:Zone.Identifier
[0.977s] -- Installing: /root/ros_ws/install/turtlebot3_navigation2/share/turtlebot3_navigation2/map
[0.977s] -- Installing: /root/ros_ws/install/turtlebot3_navigation2/share/turtlebot3_navigation2/map/map.yaml:Zone.Identifier
[0.977s] -- Installing: /root/ros_ws/install/turtlebot3_navigation2/share/turtlebot3_navigation2/map/map.yaml
[0.978s] -- Installing: /root/ros_ws/install/turtlebot3_navigation2/share/turtlebot3_navigation2/map/map.pgm:Zone.Identifier
[0.978s] -- Installing: /root/ros_ws/install/turtlebot3_navigation2/share/turtlebot3_navigation2/map/map.pgm
[0.979s] -- Installing: /root/ros_ws/install/turtlebot3_navigation2/share/turtlebot3_navigation2/param
[0.979s] -- Installing: /root/ros_ws/install/turtlebot3_navigation2/share/turtlebot3_navigation2/param/burger_cam.yaml:Zone.Identifier
[0.979s] -- Installing: /root/ros_ws/install/turtlebot3_navigation2/share/turtlebot3_navigation2/param/waffle_pi.yaml
[0.980s] -- Installing: /root/ros_ws/install/turtlebot3_navigation2/share/turtlebot3_navigation2/param/waffle.yaml
[0.982s] -- Installing: /root/ros_ws/install/turtlebot3_navigation2/share/turtlebot3_navigation2/param/waffle_pi.yaml:Zone.Identifier
[0.982s] -- Installing: /root/ros_ws/install/turtlebot3_navigation2/share/turtlebot3_navigation2/param/burger.yaml
[0.982s] -- Installing: /root/ros_ws/install/turtlebot3_navigation2/share/turtlebot3_navigation2/param/humble
[0.983s] -- Installing: /root/ros_ws/install/turtlebot3_navigation2/share/turtlebot3_navigation2/param/humble/burger_cam.yaml:Zone.Identifier
[0.983s] -- Installing: /root/ros_ws/install/turtlebot3_navigation2/share/turtlebot3_navigation2/param/humble/waffle_pi.yaml
[0.983s] -- Installing: /root/ros_ws/install/turtlebot3_navigation2/share/turtlebot3_navigation2/param/humble/waffle.yaml
[0.983s] -- Installing: /root/ros_ws/install/turtlebot3_navigation2/share/turtlebot3_navigation2/param/humble/waffle_pi.yaml:Zone.Identifier
[0.983s] -- Installing: /root/ros_ws/install/turtlebot3_navigation2/share/turtlebot3_navigation2/param/humble/burger.yaml
[0.984s] -- Installing: /root/ros_ws/install/turtlebot3_navigation2/share/turtlebot3_navigation2/param/humble/waffle.yaml:Zone.Identifier
[0.985s] -- Installing: /root/ros_ws/install/turtlebot3_navigation2/share/turtlebot3_navigation2/param/humble/burger.yaml:Zone.Identifier
[0.986s] -- Installing: /root/ros_ws/install/turtlebot3_navigation2/share/turtlebot3_navigation2/param/humble/burger_cam.yaml
[0.986s] -- Installing: /root/ros_ws/install/turtlebot3_navigation2/share/turtlebot3_navigation2/param/waffle.yaml:Zone.Identifier
[0.986s] -- Installing: /root/ros_ws/install/turtlebot3_navigation2/share/turtlebot3_navigation2/param/burger.yaml:Zone.Identifier
[0.986s] -- Installing: /root/ros_ws/install/turtlebot3_navigation2/share/turtlebot3_navigation2/param/burger_cam.yaml
[0.986s] -- Installing: /root/ros_ws/install/turtlebot3_navigation2/share/turtlebot3_navigation2/rviz
[0.986s] -- Installing: /root/ros_ws/install/turtlebot3_navigation2/share/turtlebot3_navigation2/rviz/tb3_navigation2.rviz
[0.988s] -- Installing: /root/ros_ws/install/turtlebot3_navigation2/share/turtlebot3_navigation2/rviz/tb3_navigation2.rviz:Zone.Identifier
[0.989s] -- Installing: /root/ros_ws/install/turtlebot3_navigation2/share/ament_index/resource_index/package_run_dependencies/turtlebot3_navigation2
[0.989s] -- Installing: /root/ros_ws/install/turtlebot3_navigation2/share/ament_index/resource_index/parent_prefix_path/turtlebot3_navigation2
[0.990s] -- Installing: /root/ros_ws/install/turtlebot3_navigation2/share/turtlebot3_navigation2/environment/ament_prefix_path.sh
[0.990s] -- Installing: /root/ros_ws/install/turtlebot3_navigation2/share/turtlebot3_navigation2/environment/ament_prefix_path.dsv
[0.990s] -- Installing: /root/ros_ws/install/turtlebot3_navigation2/share/turtlebot3_navigation2/environment/path.sh
[0.990s] -- Installing: /root/ros_ws/install/turtlebot3_navigation2/share/turtlebot3_navigation2/environment/path.dsv
[0.991s] -- Installing: /root/ros_ws/install/turtlebot3_navigation2/share/turtlebot3_navigation2/local_setup.bash
[0.991s] -- Installing: /root/ros_ws/install/turtlebot3_navigation2/share/turtlebot3_navigation2/local_setup.sh
[0.991s] -- Installing: /root/ros_ws/install/turtlebot3_navigation2/share/turtlebot3_navigation2/local_setup.zsh
[0.992s] -- Installing: /root/ros_ws/install/turtlebot3_navigation2/share/turtlebot3_navigation2/local_setup.dsv
[0.992s] -- Installing: /root/ros_ws/install/turtlebot3_navigation2/share/turtlebot3_navigation2/package.dsv
[0.992s] -- Installing: /root/ros_ws/install/turtlebot3_navigation2/share/ament_index/resource_index/packages/turtlebot3_navigation2
[0.993s] -- Installing: /root/ros_ws/install/turtlebot3_navigation2/share/turtlebot3_navigation2/cmake/turtlebot3_navigation2Config.cmake
[0.994s] -- Installing: /root/ros_ws/install/turtlebot3_navigation2/share/turtlebot3_navigation2/cmake/turtlebot3_navigation2Config-version.cmake
[0.995s] -- Installing: /root/ros_ws/install/turtlebot3_navigation2/share/turtlebot3_navigation2/package.xml
[1.005s] Invoked command in '/root/ros_ws/build/turtlebot3_navigation2' returned '0': CMAKE_PREFIX_PATH=${CMAKE_PREFIX_PATH}:/root/ros_ws/install/turtlebot3_teleop:/root/ros_ws/install/turtlebot3_example:/root/ros_ws/install/tb3_multi_nav:/root/ros_ws/install/custom_explorer:/opt/ros/jazzy /usr/bin/cmake --install /root/ros_ws/build/turtlebot3_navigation2
