[0.420s] Invoking command in '/root/ros_ws/build/turtlebot3_gazebo': CMAKE_PREFIX_PATH=${CMAKE_PREFIX_PATH}:/root/ros_ws/install/turtlebot3_teleop:/root/ros_ws/install/tb3_multi_robot:/root/ros_ws/install/turtlebot3_example:/opt/ros/jazzy /usr/bin/cmake --build /root/ros_ws/build/turtlebot3_gazebo -- -j12 -l12
[0.562s] -- Found ament_cmake: 2.5.4 (/opt/ros/jazzy/share/ament_cmake/cmake)
[1.003s] -- Found ros_gz_sim: 1.0.16 (/opt/ros/jazzy/share/ros_gz_sim/cmake)
[1.089s] -- Found rosidl_generator_c: 4.6.6 (/opt/ros/jazzy/share/rosidl_generator_c/cmake)
[1.112s] -- Found rosidl_generator_cpp: 4.6.6 (/opt/ros/jazzy/share/rosidl_generator_cpp/cmake)
[1.143s] -- Using all available rosidl_typesupport_c: rosidl_typesupport_fastrtps_c;rosidl_typesupport_introspection_c
[1.177s] -- Using all available rosidl_typesupport_cpp: rosidl_typesupport_fastrtps_cpp;rosidl_typesupport_introspection_cpp
[1.318s] -- Found rmw_implementation_cmake: 7.3.2 (/opt/ros/jazzy/share/rmw_implementation_cmake/cmake)
[1.323s] -- Found rmw_fastrtps_cpp: 8.4.3 (/opt/ros/jazzy/share/rmw_fastrtps_cpp/cmake)
[1.465s] -- Using RMW implementation 'rmw_fastrtps_cpp' as default
[1.919s] -- Found nav_msgs: 5.3.6 (/opt/ros/jazzy/share/nav_msgs/cmake)
[1.968s] -- Found sensor_msgs: 5.3.6 (/opt/ros/jazzy/share/sensor_msgs/cmake)
[2.010s] -- Found gz_math_vendor: 0.0.8 (/opt/ros/jazzy/share/gz_math_vendor/cmake)
[2.018s] -- Looking for gz-math7 -- found version 7.5.2
[2.034s] -- Searching for dependencies of gz-math7
[2.036s] -- Looking for gz-utils2 -- found version 2.2.1
[2.036s] -- Searching for dependencies of gz-utils2
[2.041s] -- Found gz_sim_vendor: 0.0.8 (/opt/ros/jazzy/share/gz_sim_vendor/cmake)
[2.078s] -- Looking for gz-sim8 -- found version 8.9.0
[2.078s] -- Searching for dependencies of gz-sim8
[2.079s] -- Looking for sdformat14 -- found version 14.8.0
[2.080s] -- Searching for dependencies of sdformat14
[2.088s] -- Checking for module 'tinyxml2'
[2.142s] --   Found tinyxml2, version 10.0.0
[2.217s] -- Looking for gz-math7 -- found version 7.5.2
[2.217s] -- Looking for gz-utils2 -- found version 2.2.1
[2.218s] -- Searching for dependencies of gz-utils2
[2.218s] -- Searching for <gz-utils2> component [cli]
[2.220s] -- Looking for gz-utils2-cli -- found version 2.2.1
[2.220s] -- Searching for dependencies of gz-utils2-cli
[2.224s] -- Looking for gz-plugin2 -- found version 2.0.4
[2.225s] -- Searching for dependencies of gz-plugin2
[2.226s] -- Looking for gz-utils2 -- found version 2.2.1
[2.228s] -- Searching for <gz-plugin2> component [loader]
[2.229s] -- Looking for gz-plugin2-loader -- found version 2.0.4
[2.230s] -- Searching for dependencies of gz-plugin2-loader
[2.231s] -- Searching for <gz-plugin2> component [register]
[2.232s] -- Looking for gz-plugin2-register -- found version 2.0.4
[2.232s] -- Searching for dependencies of gz-plugin2-register
[2.235s] -- Looking for gz-transport13 -- found version 13.4.1
[2.235s] -- Searching for dependencies of gz-transport13
[2.339s] -- Config-file not installed for ZeroMQ -- checking for pkg-config
[2.351s] -- Checking for module 'libzmq >= 4'
[2.389s] --   Found libzmq, version 4.3.5
[2.508s] -- Checking for module 'uuid'
[2.546s] --   Found uuid, version 2.39.3
[2.628s] -- Looking for gz-utils2 -- found version 2.2.1
[2.630s] -- Looking for gz-msgs10 -- found version 10.3.2
[2.630s] -- Searching for dependencies of gz-msgs10
[2.677s] -- Looking for gz-utils2 -- found version 2.2.1
[2.677s] -- Looking for gz-math7 -- found version 7.5.2
[2.693s] -- Searching for <gz-transport13> component [log]
[2.694s] -- Looking for gz-transport13-log -- found version 13.4.1
[2.694s] -- Searching for dependencies of gz-transport13-log
[2.696s] -- Searching for <gz-transport13> component [parameters]
[2.697s] -- Looking for gz-transport13-parameters -- found version 13.4.1
[2.697s] -- Searching for dependencies of gz-transport13-parameters
[2.699s] -- Looking for gz-msgs10 -- found version 10.3.2
[2.701s] -- Looking for gz-common5 -- found version 5.7.1
[2.701s] -- Searching for dependencies of gz-common5
[2.702s] -- Looking for gz-utils2 -- found version 2.2.1
[2.703s] -- Looking for dlfcn.h - found
[2.703s] -- Looking for libdl - found
[2.717s] -- Searching for <gz-common5> component [av]
[2.720s] -- Looking for gz-common5-av -- found version 5.7.1
[2.720s] -- Searching for dependencies of gz-common5-av
[2.729s] -- Checking for module 'libswscale'
[2.768s] --   Found libswscale, version 7.5.100
[2.851s] -- Checking for module 'libavdevice >= 56.4.100'
[2.890s] --   Found libavdevice, version 60.3.100
[3.010s] -- Checking for module 'libavformat'
[3.046s] --   Found libavformat, version 60.16.100
[3.139s] -- Checking for module 'libavcodec'
[3.172s] --   Found libavcodec, version 60.31.102
[3.256s] -- Checking for module 'libavutil'
[3.288s] --   Found libavutil, version 58.29.100
[3.366s] -- Searching for <gz-common5> component [events]
[3.367s] -- Looking for gz-common5-events -- found version 5.7.1
[3.367s] -- Searching for dependencies of gz-common5-events
[3.368s] -- Looking for gz-math7 -- found version 7.5.2
[3.369s] -- Searching for <gz-common5> component [graphics]
[3.370s] -- Looking for gz-common5-graphics -- found version 5.7.1
[3.370s] -- Searching for dependencies of gz-common5-graphics
[3.371s] -- Looking for gz-math7 -- found version 7.5.2
[3.375s] -- Searching for <gz-common5> component [io]
[3.376s] -- Looking for gz-common5-io -- found version 5.7.1
[3.377s] -- Searching for dependencies of gz-common5-io
[3.378s] -- Searching for <gz-common5> component [profiler]
[3.379s] -- Looking for gz-common5-profiler -- found version 5.7.1
[3.379s] -- Searching for dependencies of gz-common5-profiler
[3.382s] -- Looking for gz-fuel_tools9 -- found version 9.1.1
[3.382s] -- Searching for dependencies of gz-fuel_tools9
[3.462s] -- Checking for module 'jsoncpp'
[3.496s] --   Found jsoncpp, version 1.9.5
[3.606s] -- Checking for module 'yaml-0.1'
[3.637s] --   Found yaml-0.1, version 0.2.5
[3.721s] -- Checking for module 'libzip'
[3.756s] --   Found libzip, version 1.7.3
[3.824s] -- Looking for gz-utils2 -- found version 2.2.1
[3.824s] -- Looking for gz-common5 -- found version 5.7.1
[3.824s] -- Searching for dependencies of gz-common5
[3.825s] -- Looking for gz-utils2 -- found version 2.2.1
[3.825s] -- Looking for dlfcn.h - found
[3.825s] -- Looking for libdl - found
[3.837s] -- Searching for <gz-common5> component [testing]
[3.838s] -- Looking for gz-common5-testing -- found version 5.7.1
[3.838s] -- Searching for dependencies of gz-common5-testing
[3.840s] -- Looking for gz-math7 -- found version 7.5.2
[3.841s] -- Looking for gz-msgs10 -- found version 10.3.2
[3.844s] -- Looking for gz-gui8 -- found version 8.4.0
[3.844s] -- Searching for dependencies of gz-gui8
[3.896s] -- Looking for gz-utils2 -- found version 2.2.1
[3.896s] -- Looking for gz-math7 -- found version 7.5.2
[3.897s] -- Looking for gz-common5 -- found version 5.7.1
[3.897s] -- Looking for gz-plugin2 -- found version 2.0.4
[3.898s] -- Looking for gz-transport13 -- found version 13.4.1
[3.900s] -- Looking for gz-rendering8 -- found version 8.2.2
[3.900s] -- Searching for dependencies of gz-rendering8
[3.901s] -- Looking for gz-math7 -- found version 7.5.2
[3.901s] -- Searching for dependencies of gz-math7
[3.902s] -- Looking for gz-utils2 -- found version 2.2.1
[3.902s] -- Searching for <gz-math7> component [eigen3]
[3.903s] -- Looking for gz-math7-eigen3 -- found version 7.5.2
[3.903s] -- Searching for dependencies of gz-math7-eigen3
[3.907s] -- Looking for gz-common5 -- found version 5.7.1
[3.908s] -- Searching for dependencies of gz-common5
[3.908s] -- Looking for gz-utils2 -- found version 2.2.1
[3.909s] -- Looking for dlfcn.h - found
[3.909s] -- Looking for libdl - found
[3.921s] -- Searching for <gz-common5> component [graphics]
[3.921s] -- Searching for <gz-common5> component [events]
[3.922s] -- Searching for <gz-common5> component [geospatial]
[3.922s] -- Looking for gz-common5-geospatial -- found version 5.7.1
[3.923s] -- Searching for dependencies of gz-common5-geospatial
[3.923s] -- Looking for gz-math7 -- found version 7.5.2
[3.924s] -- Looking for gz-common5 -- found version 5.7.1
[3.926s] -- Looking for gz-plugin2 -- found version 2.0.4
[3.926s] -- Searching for dependencies of gz-plugin2
[3.927s] -- Looking for gz-utils2 -- found version 2.2.1
[3.927s] -- Searching for <gz-plugin2> component [all]
[3.928s] -- Looking for all libraries of gz-plugin2 -- found version 2.0.4
[3.929s] -- Looking for gz-plugin2 -- found version 2.0.4
[3.931s] -- Looking for gz-utils2 -- found version 2.2.1
[3.947s] -- Looking for gz-msgs10 -- found version 10.3.2
[4.019s] -- Looking for gz-physics7 -- found version 7.5.0
[4.020s] -- Searching for dependencies of gz-physics7
[4.020s] -- Looking for gz-common5 -- found version 5.7.1
[4.021s] -- Looking for gz-math7 -- found version 7.5.2
[4.022s] -- Looking for gz-plugin2 -- found version 2.0.4
[4.023s] -- Looking for gz-utils2 -- found version 2.2.1
[4.027s] -- Searching for <gz-physics7> component [heightmap]
[4.028s] -- Looking for gz-physics7-heightmap -- found version 7.5.0
[4.029s] -- Searching for dependencies of gz-physics7-heightmap
[4.030s] -- Looking for gz-common5 -- found version 5.7.1
[4.031s] -- Searching for <gz-physics7> component [mesh]
[4.033s] -- Looking for gz-physics7-mesh -- found version 7.5.0
[4.033s] -- Searching for dependencies of gz-physics7-mesh
[4.034s] -- Looking for gz-common5 -- found version 5.7.1
[4.035s] -- Searching for <gz-physics7> component [sdf]
[4.037s] -- Looking for gz-physics7-sdf -- found version 7.5.0
[4.037s] -- Searching for dependencies of gz-physics7-sdf
[4.038s] -- Looking for sdformat14 -- found version 14.8.0
[4.041s] -- Looking for gz-sensors8 -- found version 8.2.2
[4.041s] -- Searching for dependencies of gz-sensors8
[4.101s] -- Looking for gz-math7 -- found version 7.5.2
[4.102s] -- Looking for gz-common5 -- found version 5.7.1
[4.103s] -- Looking for gz-transport13 -- found version 13.4.1
[4.103s] -- Looking for gz-rendering8 -- found version 8.2.2
[4.104s] -- Looking for gz-msgs10 -- found version 10.3.2
[4.104s] -- Looking for sdformat14 -- found version 14.8.0
[4.106s] -- Searching for <gz-sensors8> component [air_pressure]
[4.107s] -- Looking for gz-sensors8-air_pressure -- found version 8.2.2
[4.108s] -- Searching for dependencies of gz-sensors8-air_pressure
[4.109s] -- Searching for <gz-sensors8> component [air_speed]
[4.111s] -- Looking for gz-sensors8-air_speed -- found version 8.2.2
[4.111s] -- Searching for dependencies of gz-sensors8-air_speed
[4.113s] -- Searching for <gz-sensors8> component [altimeter]
[4.114s] -- Looking for gz-sensors8-altimeter -- found version 8.2.2
[4.114s] -- Searching for dependencies of gz-sensors8-altimeter
[4.116s] -- Searching for <gz-sensors8> component [imu]
[4.117s] -- Looking for gz-sensors8-imu -- found version 8.2.2
[4.117s] -- Searching for dependencies of gz-sensors8-imu
[4.119s] -- Searching for <gz-sensors8> component [force_torque]
[4.120s] -- Looking for gz-sensors8-force_torque -- found version 8.2.2
[4.120s] -- Searching for dependencies of gz-sensors8-force_torque
[4.121s] -- Searching for <gz-sensors8> component [logical_camera]
[4.123s] -- Looking for gz-sensors8-logical_camera -- found version 8.2.2
[4.123s] -- Searching for dependencies of gz-sensors8-logical_camera
[4.124s] -- Searching for <gz-sensors8> component [magnetometer]
[4.126s] -- Looking for gz-sensors8-magnetometer -- found version 8.2.2
[4.126s] -- Searching for dependencies of gz-sensors8-magnetometer
[4.127s] -- Searching for <gz-sensors8> component [navsat]
[4.128s] -- Looking for gz-sensors8-navsat -- found version 8.2.2
[4.129s] -- Searching for dependencies of gz-sensors8-navsat
[4.130s] -- Searching for <gz-sensors8> component [dvl]
[4.131s] -- Looking for gz-sensors8-dvl -- found version 8.2.2
[4.131s] -- Searching for dependencies of gz-sensors8-dvl
[4.132s] -- Looking for gz-sensors8 -- found version 8.2.2
[4.132s] -- Searching for dependencies of gz-sensors8
[4.176s] -- Looking for gz-math7 -- found version 7.5.2
[4.176s] -- Looking for gz-common5 -- found version 5.7.1
[4.177s] -- Looking for gz-transport13 -- found version 13.4.1
[4.177s] -- Looking for gz-rendering8 -- found version 8.2.2
[4.178s] -- Looking for gz-msgs10 -- found version 10.3.2
[4.179s] -- Looking for sdformat14 -- found version 14.8.0
[4.179s] -- Searching for <gz-sensors8> component [rendering]
[4.180s] -- Looking for gz-sensors8-rendering -- found version 8.2.2
[4.180s] -- Searching for dependencies of gz-sensors8-rendering
[4.183s] -- Searching for <gz-sensors8> component [rendering]
[4.183s] -- Searching for <gz-sensors8> component [lidar]
[4.185s] -- Looking for gz-sensors8-lidar -- found version 8.2.2
[4.186s] -- Searching for dependencies of gz-sensors8-lidar
[4.187s] -- Looking for gz-sensors8 -- found version 8.2.2
[4.193s] -- Searching for <gz-sensors8> component [gpu_lidar]
[4.194s] -- Looking for gz-sensors8-gpu_lidar -- found version 8.2.2
[4.194s] -- Searching for dependencies of gz-sensors8-gpu_lidar
[4.195s] -- Looking for gz-sensors8 -- found version 8.2.2
[4.197s] -- Searching for <gz-sensors8> component [camera]
[4.200s] -- Looking for gz-sensors8-camera -- found version 8.2.2
[4.201s] -- Searching for dependencies of gz-sensors8-camera
[4.202s] -- Looking for gz-sensors8 -- found version 8.2.2
[4.204s] -- Searching for <gz-sensors8> component [boundingbox_camera]
[4.206s] -- Looking for gz-sensors8-boundingbox_camera -- found version 8.2.2
[4.207s] -- Searching for dependencies of gz-sensors8-boundingbox_camera
[4.208s] -- Searching for <gz-sensors8> component [segmentation_camera]
[4.210s] -- Looking for gz-sensors8-segmentation_camera -- found version 8.2.2
[4.210s] -- Searching for dependencies of gz-sensors8-segmentation_camera
[4.212s] -- Searching for <gz-sensors8> component [depth_camera]
[4.213s] -- Looking for gz-sensors8-depth_camera -- found version 8.2.2
[4.214s] -- Searching for dependencies of gz-sensors8-depth_camera
[4.214s] -- Looking for gz-sensors8 -- found version 8.2.2
[4.216s] -- Searching for <gz-sensors8> component [rgbd_camera]
[4.218s] -- Looking for gz-sensors8-rgbd_camera -- found version 8.2.2
[4.218s] -- Searching for dependencies of gz-sensors8-rgbd_camera
[4.219s] -- Looking for gz-sensors8 -- found version 8.2.2
[4.221s] -- Searching for <gz-sensors8> component [thermal_camera]
[4.222s] -- Looking for gz-sensors8-thermal_camera -- found version 8.2.2
[4.223s] -- Searching for dependencies of gz-sensors8-thermal_camera
[4.223s] -- Looking for gz-sensors8 -- found version 8.2.2
[4.226s] -- Searching for <gz-sensors8> component [wide_angle_camera]
[4.227s] -- Looking for gz-sensors8-wide_angle_camera -- found version 8.2.2
[4.228s] -- Searching for dependencies of gz-sensors8-wide_angle_camera
[4.231s] -- Looking for gz-rendering8 -- found version 8.2.2
[4.231s] -- Looking for gz-math7 -- found version 7.5.2
[4.232s] -- Looking for gz-utils2 -- found version 2.2.1
[4.317s] -- Looking for gz-plugin2 -- found version 2.0.4
[4.459s] -- Configuring done (3.9s)
[4.599s] -- Generating done (0.1s)
[4.623s] -- Build files have been written to: /root/ros_ws/build/turtlebot3_gazebo
[4.765s] [ 25%] Built target turtlebot3_drive
[4.768s] [ 50%] Built target obstacle1
[4.769s] [ 75%] Built target obstacles
[4.769s] [100%] Built target obstacle2
[4.797s] Invoked command in '/root/ros_ws/build/turtlebot3_gazebo' returned '0': CMAKE_PREFIX_PATH=${CMAKE_PREFIX_PATH}:/root/ros_ws/install/turtlebot3_teleop:/root/ros_ws/install/tb3_multi_robot:/root/ros_ws/install/turtlebot3_example:/opt/ros/jazzy /usr/bin/cmake --build /root/ros_ws/build/turtlebot3_gazebo -- -j12 -l12
[4.799s] Invoking command in '/root/ros_ws/build/turtlebot3_gazebo': CMAKE_PREFIX_PATH=${CMAKE_PREFIX_PATH}:/root/ros_ws/install/turtlebot3_teleop:/root/ros_ws/install/tb3_multi_robot:/root/ros_ws/install/turtlebot3_example:/opt/ros/jazzy /usr/bin/cmake --install /root/ros_ws/build/turtlebot3_gazebo
[4.818s] -- Install configuration: ""
[4.819s] -- Up-to-date: /root/ros_ws/install/turtlebot3_gazebo/lib/turtlebot3_gazebo/turtlebot3_drive
[4.821s] -- Up-to-date: /root/ros_ws/install/turtlebot3_gazebo/lib/turtlebot3_gazebo/libobstacles.so
[4.822s] -- Up-to-date: /root/ros_ws/install/turtlebot3_gazebo/lib/turtlebot3_gazebo/libobstacle1.so
[4.823s] -- Up-to-date: /root/ros_ws/install/turtlebot3_gazebo/lib/turtlebot3_gazebo/libobstacle2.so
[4.824s] -- Up-to-date: /root/ros_ws/install/turtlebot3_gazebo/share/turtlebot3_gazebo//launch
[4.824s] -- Up-to-date: /root/ros_ws/install/turtlebot3_gazebo/share/turtlebot3_gazebo//launch/turtlebot3_dqn_stage4.launch.py
[4.824s] -- Up-to-date: /root/ros_ws/install/turtlebot3_gazebo/share/turtlebot3_gazebo//launch/turtlebot3_dqn_stage1.launch.py
[4.824s] -- Up-to-date: /root/ros_ws/install/turtlebot3_gazebo/share/turtlebot3_gazebo//launch/turtlebot3_world.launch.py
[4.825s] -- Installing: /root/ros_ws/install/turtlebot3_gazebo/share/turtlebot3_gazebo//launch/spawn_turtlebot3.launch.py
[4.825s] -- Installing: /root/ros_ws/install/turtlebot3_gazebo/share/turtlebot3_gazebo//launch/empty_world.launch.py
[4.825s] -- Up-to-date: /root/ros_ws/install/turtlebot3_gazebo/share/turtlebot3_gazebo//launch/robot_state_publisher.launch.py
[4.826s] -- Up-to-date: /root/ros_ws/install/turtlebot3_gazebo/share/turtlebot3_gazebo//launch/turtlebot3_dqn_stage3.launch.py
[4.826s] -- Up-to-date: /root/ros_ws/install/turtlebot3_gazebo/share/turtlebot3_gazebo//launch/turtlebot3_dqn_stage2.launch.py
[4.826s] -- Up-to-date: /root/ros_ws/install/turtlebot3_gazebo/share/turtlebot3_gazebo//launch/turtlebot3_house.launch.py
[4.826s] -- Up-to-date: /root/ros_ws/install/turtlebot3_gazebo/share/turtlebot3_gazebo//launch/__pycache__
[4.826s] -- Up-to-date: /root/ros_ws/install/turtlebot3_gazebo/share/turtlebot3_gazebo//launch/__pycache__/turtlebot3_house.launch.cpython-312.pyc
[4.827s] -- Up-to-date: /root/ros_ws/install/turtlebot3_gazebo/share/turtlebot3_gazebo//launch/__pycache__/turtlebot3_dqn_stage3.launch.cpython-312.pyc
[4.827s] -- Installing: /root/ros_ws/install/turtlebot3_gazebo/share/turtlebot3_gazebo//launch/__pycache__/empty_world.launch.cpython-312.pyc
[4.827s] -- Installing: /root/ros_ws/install/turtlebot3_gazebo/share/turtlebot3_gazebo//launch/__pycache__/spawn_turtlebot3.launch.cpython-312.pyc
[4.828s] -- Up-to-date: /root/ros_ws/install/turtlebot3_gazebo/share/turtlebot3_gazebo//models
[4.828s] -- Up-to-date: /root/ros_ws/install/turtlebot3_gazebo/share/turtlebot3_gazebo//models/turtlebot3_common
[4.829s] -- Up-to-date: /root/ros_ws/install/turtlebot3_gazebo/share/turtlebot3_gazebo//models/turtlebot3_common/model.config
[4.829s] -- Up-to-date: /root/ros_ws/install/turtlebot3_gazebo/share/turtlebot3_gazebo//models/turtlebot3_common/meshes
[4.830s] -- Up-to-date: /root/ros_ws/install/turtlebot3_gazebo/share/turtlebot3_gazebo//models/turtlebot3_common/meshes/sensors
[4.830s] -- Up-to-date: /root/ros_ws/install/turtlebot3_gazebo/share/turtlebot3_gazebo//models/turtlebot3_common/meshes/sensors/lds.stl
[4.831s] -- Up-to-date: /root/ros_ws/install/turtlebot3_gazebo/share/turtlebot3_gazebo//models/turtlebot3_common/meshes/sensors/r200.jpg
[4.832s] -- Up-to-date: /root/ros_ws/install/turtlebot3_gazebo/share/turtlebot3_gazebo//models/turtlebot3_common/meshes/sensors/astra.dae
[4.832s] -- Up-to-date: /root/ros_ws/install/turtlebot3_gazebo/share/turtlebot3_gazebo//models/turtlebot3_common/meshes/sensors/r200.dae
[4.833s] -- Up-to-date: /root/ros_ws/install/turtlebot3_gazebo/share/turtlebot3_gazebo//models/turtlebot3_common/meshes/sensors/astra.jpg
[4.834s] -- Up-to-date: /root/ros_ws/install/turtlebot3_gazebo/share/turtlebot3_gazebo//models/turtlebot3_common/meshes/waffle_pi_base.dae
[4.835s] -- Up-to-date: /root/ros_ws/install/turtlebot3_gazebo/share/turtlebot3_gazebo//models/turtlebot3_common/meshes/bases
[4.835s] -- Up-to-date: /root/ros_ws/install/turtlebot3_gazebo/share/turtlebot3_gazebo//models/turtlebot3_common/meshes/bases/waffle_pi_base.stl
[4.835s] -- Up-to-date: /root/ros_ws/install/turtlebot3_gazebo/share/turtlebot3_gazebo//models/turtlebot3_common/meshes/bases/waffle_base.stl
[4.836s] -- Up-to-date: /root/ros_ws/install/turtlebot3_gazebo/share/turtlebot3_gazebo//models/turtlebot3_common/meshes/bases/burger_base.stl
[4.836s] -- Up-to-date: /root/ros_ws/install/turtlebot3_gazebo/share/turtlebot3_gazebo//models/turtlebot3_common/meshes/tire.dae
[4.836s] -- Up-to-date: /root/ros_ws/install/turtlebot3_gazebo/share/turtlebot3_gazebo//models/turtlebot3_common/meshes/r200.dae
[4.837s] -- Up-to-date: /root/ros_ws/install/turtlebot3_gazebo/share/turtlebot3_gazebo//models/turtlebot3_common/meshes/lds.dae
[4.837s] -- Up-to-date: /root/ros_ws/install/turtlebot3_gazebo/share/turtlebot3_gazebo//models/turtlebot3_common/meshes/waffle_base.dae
[4.838s] -- Up-to-date: /root/ros_ws/install/turtlebot3_gazebo/share/turtlebot3_gazebo//models/turtlebot3_common/meshes/wheels
[4.839s] -- Up-to-date: /root/ros_ws/install/turtlebot3_gazebo/share/turtlebot3_gazebo//models/turtlebot3_common/meshes/wheels/right_tire.stl
[4.839s] -- Up-to-date: /root/ros_ws/install/turtlebot3_gazebo/share/turtlebot3_gazebo//models/turtlebot3_common/meshes/wheels/left_tire.stl
[4.839s] -- Up-to-date: /root/ros_ws/install/turtlebot3_gazebo/share/turtlebot3_gazebo//models/turtlebot3_common/meshes/burger_base.dae
[4.839s] -- Up-to-date: /root/ros_ws/install/turtlebot3_gazebo/share/turtlebot3_gazebo//models/turtlebot3_waffle
[4.840s] -- Up-to-date: /root/ros_ws/install/turtlebot3_gazebo/share/turtlebot3_gazebo//models/turtlebot3_waffle/model-1_4.sdf
[4.840s] -- Up-to-date: /root/ros_ws/install/turtlebot3_gazebo/share/turtlebot3_gazebo//models/turtlebot3_waffle/model.config
[4.840s] -- Up-to-date: /root/ros_ws/install/turtlebot3_gazebo/share/turtlebot3_gazebo//models/turtlebot3_waffle/model.sdf
[4.841s] -- Up-to-date: /root/ros_ws/install/turtlebot3_gazebo/share/turtlebot3_gazebo//models/turtlebot3_house
[4.841s] -- Up-to-date: /root/ros_ws/install/turtlebot3_gazebo/share/turtlebot3_gazebo//models/turtlebot3_house/first_2015_trash_can
[4.842s] -- Up-to-date: /root/ros_ws/install/turtlebot3_gazebo/share/turtlebot3_gazebo//models/turtlebot3_house/first_2015_trash_can/model.config
[4.842s] -- Up-to-date: /root/ros_ws/install/turtlebot3_gazebo/share/turtlebot3_gazebo//models/turtlebot3_house/first_2015_trash_can/meshes
[4.842s] -- Up-to-date: /root/ros_ws/install/turtlebot3_gazebo/share/turtlebot3_gazebo//models/turtlebot3_house/first_2015_trash_can/meshes/trash_can.dae
[4.842s] -- Up-to-date: /root/ros_ws/install/turtlebot3_gazebo/share/turtlebot3_gazebo//models/turtlebot3_house/first_2015_trash_can/model.sdf
[4.843s] -- Up-to-date: /root/ros_ws/install/turtlebot3_gazebo/share/turtlebot3_gazebo//models/turtlebot3_house/mailbox
[4.843s] -- Up-to-date: /root/ros_ws/install/turtlebot3_gazebo/share/turtlebot3_gazebo//models/turtlebot3_house/mailbox/model-1_3.sdf
[4.843s] -- Up-to-date: /root/ros_ws/install/turtlebot3_gazebo/share/turtlebot3_gazebo//models/turtlebot3_house/mailbox/materials
[4.844s] -- Up-to-date: /root/ros_ws/install/turtlebot3_gazebo/share/turtlebot3_gazebo//models/turtlebot3_house/mailbox/materials/scripts
[4.844s] -- Up-to-date: /root/ros_ws/install/turtlebot3_gazebo/share/turtlebot3_gazebo//models/turtlebot3_house/mailbox/materials/scripts/mailbox.material
[4.844s] -- Up-to-date: /root/ros_ws/install/turtlebot3_gazebo/share/turtlebot3_gazebo//models/turtlebot3_house/mailbox/materials/textures
[4.845s] -- Up-to-date: /root/ros_ws/install/turtlebot3_gazebo/share/turtlebot3_gazebo//models/turtlebot3_house/mailbox/materials/textures/Mailbox_Diffuse.tga.orig
[4.845s] -- Up-to-date: /root/ros_ws/install/turtlebot3_gazebo/share/turtlebot3_gazebo//models/turtlebot3_house/mailbox/materials/textures/Mailbox_Spec.png
[4.846s] -- Up-to-date: /root/ros_ws/install/turtlebot3_gazebo/share/turtlebot3_gazebo//models/turtlebot3_house/mailbox/materials/textures/Mailbox_Diffuse.png
[4.846s] -- Up-to-date: /root/ros_ws/install/turtlebot3_gazebo/share/turtlebot3_gazebo//models/turtlebot3_house/mailbox/model-1_4.sdf
[4.846s] -- Up-to-date: /root/ros_ws/install/turtlebot3_gazebo/share/turtlebot3_gazebo//models/turtlebot3_house/mailbox/model.config
[4.847s] -- Up-to-date: /root/ros_ws/install/turtlebot3_gazebo/share/turtlebot3_gazebo//models/turtlebot3_house/mailbox/meshes
[4.847s] -- Up-to-date: /root/ros_ws/install/turtlebot3_gazebo/share/turtlebot3_gazebo//models/turtlebot3_house/mailbox/meshes/mailbox.dae
[4.847s] -- Up-to-date: /root/ros_ws/install/turtlebot3_gazebo/share/turtlebot3_gazebo//models/turtlebot3_house/mailbox/model.sdf
[4.848s] -- Up-to-date: /root/ros_ws/install/turtlebot3_gazebo/share/turtlebot3_gazebo//models/turtlebot3_house/cafe_table
[4.848s] -- Up-to-date: /root/ros_ws/install/turtlebot3_gazebo/share/turtlebot3_gazebo//models/turtlebot3_house/cafe_table/materials
[4.848s] -- Up-to-date: /root/ros_ws/install/turtlebot3_gazebo/share/turtlebot3_gazebo//models/turtlebot3_house/cafe_table/materials/textures
[4.849s] -- Up-to-date: /root/ros_ws/install/turtlebot3_gazebo/share/turtlebot3_gazebo//models/turtlebot3_house/cafe_table/materials/textures/Maple.jpg
[4.849s] -- Up-to-date: /root/ros_ws/install/turtlebot3_gazebo/share/turtlebot3_gazebo//models/turtlebot3_house/cafe_table/materials/textures/Wood_Floor_Dark.jpg
[4.850s] -- Up-to-date: /root/ros_ws/install/turtlebot3_gazebo/share/turtlebot3_gazebo//models/turtlebot3_house/cafe_table/model-1_4.sdf
[4.850s] -- Up-to-date: /root/ros_ws/install/turtlebot3_gazebo/share/turtlebot3_gazebo//models/turtlebot3_house/cafe_table/model.config
[4.850s] -- Up-to-date: /root/ros_ws/install/turtlebot3_gazebo/share/turtlebot3_gazebo//models/turtlebot3_house/cafe_table/meshes
[4.851s] -- Up-to-date: /root/ros_ws/install/turtlebot3_gazebo/share/turtlebot3_gazebo//models/turtlebot3_house/cafe_table/meshes/cafe_table.dae
[4.851s] -- Up-to-date: /root/ros_ws/install/turtlebot3_gazebo/share/turtlebot3_gazebo//models/turtlebot3_house/cafe_table/model.sdf
[4.851s] -- Up-to-date: /root/ros_ws/install/turtlebot3_gazebo/share/turtlebot3_gazebo//models/turtlebot3_house/textures
[4.851s] -- Up-to-date: /root/ros_ws/install/turtlebot3_gazebo/share/turtlebot3_gazebo//models/turtlebot3_house/textures/wood.png
[4.852s] -- Up-to-date: /root/ros_ws/install/turtlebot3_gazebo/share/turtlebot3_gazebo//models/turtlebot3_house/textures/bricks.png
[4.852s] -- Up-to-date: /root/ros_ws/install/turtlebot3_gazebo/share/turtlebot3_gazebo//models/turtlebot3_house/model.config
[4.852s] -- Up-to-date: /root/ros_ws/install/turtlebot3_gazebo/share/turtlebot3_gazebo//models/turtlebot3_house/model.sdf
[4.852s] -- Up-to-date: /root/ros_ws/install/turtlebot3_gazebo/share/turtlebot3_gazebo//models/turtlebot3_house/table_marble
[4.853s] -- Up-to-date: /root/ros_ws/install/turtlebot3_gazebo/share/turtlebot3_gazebo//models/turtlebot3_house/table_marble/materials
[4.853s] -- Up-to-date: /root/ros_ws/install/turtlebot3_gazebo/share/turtlebot3_gazebo//models/turtlebot3_house/table_marble/materials/scripts
[4.853s] -- Up-to-date: /root/ros_ws/install/turtlebot3_gazebo/share/turtlebot3_gazebo//models/turtlebot3_house/table_marble/materials/scripts/table_lightmap.material
[4.853s] -- Up-to-date: /root/ros_ws/install/turtlebot3_gazebo/share/turtlebot3_gazebo//models/turtlebot3_house/table_marble/materials/textures
[4.853s] -- Up-to-date: /root/ros_ws/install/turtlebot3_gazebo/share/turtlebot3_gazebo//models/turtlebot3_house/table_marble/materials/textures/marble.png
[4.854s] -- Up-to-date: /root/ros_ws/install/turtlebot3_gazebo/share/turtlebot3_gazebo//models/turtlebot3_house/table_marble/materials/textures/table_lightmap.png
[4.854s] -- Up-to-date: /root/ros_ws/install/turtlebot3_gazebo/share/turtlebot3_gazebo//models/turtlebot3_house/table_marble/model-1_4.sdf
[4.855s] -- Up-to-date: /root/ros_ws/install/turtlebot3_gazebo/share/turtlebot3_gazebo//models/turtlebot3_house/table_marble/model.config
[4.857s] -- Up-to-date: /root/ros_ws/install/turtlebot3_gazebo/share/turtlebot3_gazebo//models/turtlebot3_house/table_marble/meshes
[4.857s] -- Up-to-date: /root/ros_ws/install/turtlebot3_gazebo/share/turtlebot3_gazebo//models/turtlebot3_house/table_marble/meshes/table_lightmap.dae
[4.860s] -- Up-to-date: /root/ros_ws/install/turtlebot3_gazebo/share/turtlebot3_gazebo//models/turtlebot3_house/table_marble/model.sdf
[4.861s] -- Up-to-date: /root/ros_ws/install/turtlebot3_gazebo/share/turtlebot3_gazebo//models/turtlebot3_dqn_world
[4.862s] -- Up-to-date: /root/ros_ws/install/turtlebot3_gazebo/share/turtlebot3_gazebo//models/turtlebot3_dqn_world/obstacle1
[4.864s] -- Up-to-date: /root/ros_ws/install/turtlebot3_gazebo/share/turtlebot3_gazebo//models/turtlebot3_dqn_world/obstacle1/model.config
[4.864s] -- Up-to-date: /root/ros_ws/install/turtlebot3_gazebo/share/turtlebot3_gazebo//models/turtlebot3_dqn_world/obstacle1/model.sdf
[4.865s] -- Up-to-date: /root/ros_ws/install/turtlebot3_gazebo/share/turtlebot3_gazebo//models/turtlebot3_dqn_world/inner_walls
[4.865s] -- Up-to-date: /root/ros_ws/install/turtlebot3_gazebo/share/turtlebot3_gazebo//models/turtlebot3_dqn_world/inner_walls/textures
[4.865s] -- Up-to-date: /root/ros_ws/install/turtlebot3_gazebo/share/turtlebot3_gazebo//models/turtlebot3_dqn_world/inner_walls/textures/wood.png
[4.866s] -- Up-to-date: /root/ros_ws/install/turtlebot3_gazebo/share/turtlebot3_gazebo//models/turtlebot3_dqn_world/inner_walls/model.config
[4.866s] -- Up-to-date: /root/ros_ws/install/turtlebot3_gazebo/share/turtlebot3_gazebo//models/turtlebot3_dqn_world/inner_walls/model.sdf
[4.867s] -- Up-to-date: /root/ros_ws/install/turtlebot3_gazebo/share/turtlebot3_gazebo//models/turtlebot3_dqn_world/obstacle2
[4.867s] -- Up-to-date: /root/ros_ws/install/turtlebot3_gazebo/share/turtlebot3_gazebo//models/turtlebot3_dqn_world/obstacle2/model.config
[4.867s] -- Up-to-date: /root/ros_ws/install/turtlebot3_gazebo/share/turtlebot3_gazebo//models/turtlebot3_dqn_world/obstacle2/model.sdf
[4.868s] -- Up-to-date: /root/ros_ws/install/turtlebot3_gazebo/share/turtlebot3_gazebo//models/turtlebot3_dqn_world/textures
[4.868s] -- Up-to-date: /root/ros_ws/install/turtlebot3_gazebo/share/turtlebot3_gazebo//models/turtlebot3_dqn_world/textures/wood.png
[4.868s] -- Up-to-date: /root/ros_ws/install/turtlebot3_gazebo/share/turtlebot3_gazebo//models/turtlebot3_dqn_world/model.config
[4.868s] -- Up-to-date: /root/ros_ws/install/turtlebot3_gazebo/share/turtlebot3_gazebo//models/turtlebot3_dqn_world/goal_box
[4.869s] -- Up-to-date: /root/ros_ws/install/turtlebot3_gazebo/share/turtlebot3_gazebo//models/turtlebot3_dqn_world/goal_box/model.config
[4.869s] -- Up-to-date: /root/ros_ws/install/turtlebot3_gazebo/share/turtlebot3_gazebo//models/turtlebot3_dqn_world/goal_box/model.sdf
[4.869s] -- Up-to-date: /root/ros_ws/install/turtlebot3_gazebo/share/turtlebot3_gazebo//models/turtlebot3_dqn_world/model.sdf
[4.870s] -- Up-to-date: /root/ros_ws/install/turtlebot3_gazebo/share/turtlebot3_gazebo//models/turtlebot3_dqn_world/obstacles
[4.870s] -- Up-to-date: /root/ros_ws/install/turtlebot3_gazebo/share/turtlebot3_gazebo//models/turtlebot3_dqn_world/obstacles/model.config
[4.871s] -- Up-to-date: /root/ros_ws/install/turtlebot3_gazebo/share/turtlebot3_gazebo//models/turtlebot3_dqn_world/obstacles/model.sdf
[4.871s] -- Up-to-date: /root/ros_ws/install/turtlebot3_gazebo/share/turtlebot3_gazebo//models/turtlebot3_waffle_pi
[4.871s] -- Up-to-date: /root/ros_ws/install/turtlebot3_gazebo/share/turtlebot3_gazebo//models/turtlebot3_waffle_pi/model-1_4_.sdf
[4.872s] -- Up-to-date: /root/ros_ws/install/turtlebot3_gazebo/share/turtlebot3_gazebo//models/turtlebot3_waffle_pi/model.config
[4.873s] -- Up-to-date: /root/ros_ws/install/turtlebot3_gazebo/share/turtlebot3_gazebo//models/turtlebot3_waffle_pi/model.sdf
[4.873s] -- Up-to-date: /root/ros_ws/install/turtlebot3_gazebo/share/turtlebot3_gazebo//models/turtlebot3_burger_cam
[4.873s] -- Up-to-date: /root/ros_ws/install/turtlebot3_gazebo/share/turtlebot3_gazebo//models/turtlebot3_burger_cam/model-1_4.sdf
[4.874s] -- Up-to-date: /root/ros_ws/install/turtlebot3_gazebo/share/turtlebot3_gazebo//models/turtlebot3_burger_cam/model.config
[4.874s] -- Up-to-date: /root/ros_ws/install/turtlebot3_gazebo/share/turtlebot3_gazebo//models/turtlebot3_burger_cam/model.sdf
[4.875s] -- Up-to-date: /root/ros_ws/install/turtlebot3_gazebo/share/turtlebot3_gazebo//models/turtlebot3_world
[4.876s] -- Up-to-date: /root/ros_ws/install/turtlebot3_gazebo/share/turtlebot3_gazebo//models/turtlebot3_world/model-1_4.sdf
[4.876s] -- Up-to-date: /root/ros_ws/install/turtlebot3_gazebo/share/turtlebot3_gazebo//models/turtlebot3_world/model.config
[4.877s] -- Up-to-date: /root/ros_ws/install/turtlebot3_gazebo/share/turtlebot3_gazebo//models/turtlebot3_world/meshes
[4.877s] -- Up-to-date: /root/ros_ws/install/turtlebot3_gazebo/share/turtlebot3_gazebo//models/turtlebot3_world/meshes/wall.dae
[4.877s] -- Up-to-date: /root/ros_ws/install/turtlebot3_gazebo/share/turtlebot3_gazebo//models/turtlebot3_world/meshes/hexagon.dae
[4.878s] -- Up-to-date: /root/ros_ws/install/turtlebot3_gazebo/share/turtlebot3_gazebo//models/turtlebot3_world/model.sdf
[4.878s] -- Up-to-date: /root/ros_ws/install/turtlebot3_gazebo/share/turtlebot3_gazebo//models/turtlebot3_burger
[4.878s] -- Up-to-date: /root/ros_ws/install/turtlebot3_gazebo/share/turtlebot3_gazebo//models/turtlebot3_burger/model-1_4.sdf
[4.879s] -- Up-to-date: /root/ros_ws/install/turtlebot3_gazebo/share/turtlebot3_gazebo//models/turtlebot3_burger/model.config
[4.879s] -- Up-to-date: /root/ros_ws/install/turtlebot3_gazebo/share/turtlebot3_gazebo//models/turtlebot3_burger/model.sdf
[4.880s] -- Up-to-date: /root/ros_ws/install/turtlebot3_gazebo/share/turtlebot3_gazebo//params
[4.880s] -- Up-to-date: /root/ros_ws/install/turtlebot3_gazebo/share/turtlebot3_gazebo//params/turtlebot3_waffle_pi_bridge.yaml
[4.880s] -- Up-to-date: /root/ros_ws/install/turtlebot3_gazebo/share/turtlebot3_gazebo//params/turtlebot3_waffle_bridge.yaml
[4.881s] -- Up-to-date: /root/ros_ws/install/turtlebot3_gazebo/share/turtlebot3_gazebo//params/turtlebot3_burger_cam_bridge.yaml
[4.882s] -- Up-to-date: /root/ros_ws/install/turtlebot3_gazebo/share/turtlebot3_gazebo//params/turtlebot3_burger_bridge.yaml
[4.882s] -- Up-to-date: /root/ros_ws/install/turtlebot3_gazebo/share/turtlebot3_gazebo//rviz
[4.883s] -- Up-to-date: /root/ros_ws/install/turtlebot3_gazebo/share/turtlebot3_gazebo//rviz/tb3_gazebo.rviz
[4.883s] -- Up-to-date: /root/ros_ws/install/turtlebot3_gazebo/share/turtlebot3_gazebo//urdf
[4.884s] -- Up-to-date: /root/ros_ws/install/turtlebot3_gazebo/share/turtlebot3_gazebo//urdf/common_properties.urdf
[4.884s] -- Up-to-date: /root/ros_ws/install/turtlebot3_gazebo/share/turtlebot3_gazebo//urdf/turtlebot3_burger_cam.urdf
[4.884s] -- Up-to-date: /root/ros_ws/install/turtlebot3_gazebo/share/turtlebot3_gazebo//urdf/turtlebot3_waffle_pi.urdf
[4.885s] -- Up-to-date: /root/ros_ws/install/turtlebot3_gazebo/share/turtlebot3_gazebo//urdf/turtlebot3_waffle.urdf
[4.885s] -- Up-to-date: /root/ros_ws/install/turtlebot3_gazebo/share/turtlebot3_gazebo//urdf/turtlebot3_burger.urdf
[4.886s] -- Up-to-date: /root/ros_ws/install/turtlebot3_gazebo/share/turtlebot3_gazebo//worlds
[4.886s] -- Up-to-date: /root/ros_ws/install/turtlebot3_gazebo/share/turtlebot3_gazebo//worlds/turtlebot3_world.world
[4.886s] -- Up-to-date: /root/ros_ws/install/turtlebot3_gazebo/share/turtlebot3_gazebo//worlds/turtlebot3_dqn_stage1.world
[4.887s] -- Up-to-date: /root/ros_ws/install/turtlebot3_gazebo/share/turtlebot3_gazebo//worlds/turtlebot3_dqn_stage4.world
[4.887s] -- Up-to-date: /root/ros_ws/install/turtlebot3_gazebo/share/turtlebot3_gazebo//worlds/empty_world.world
[4.887s] -- Up-to-date: /root/ros_ws/install/turtlebot3_gazebo/share/turtlebot3_gazebo//worlds/turtlebot3_dqn_stage3.world
[4.888s] -- Up-to-date: /root/ros_ws/install/turtlebot3_gazebo/share/turtlebot3_gazebo//worlds/turtlebot3_house.world
[4.888s] -- Up-to-date: /root/ros_ws/install/turtlebot3_gazebo/share/turtlebot3_gazebo//worlds/turtlebot3_dqn_stage2.world
[4.889s] -- Up-to-date: /root/ros_ws/install/turtlebot3_gazebo/share/turtlebot3_gazebo//worlds/turtlebot3_autorace_2020.world
[4.890s] -- Up-to-date: /root/ros_ws/install/turtlebot3_gazebo/include/
[4.891s] -- Up-to-date: /root/ros_ws/install/turtlebot3_gazebo/include//turtlebot3_gazebo
[4.891s] -- Up-to-date: /root/ros_ws/install/turtlebot3_gazebo/include//turtlebot3_gazebo/traffic_light_plugin.hpp
[4.891s] -- Up-to-date: /root/ros_ws/install/turtlebot3_gazebo/include//turtlebot3_gazebo/obstacle2.hpp
[4.892s] -- Up-to-date: /root/ros_ws/install/turtlebot3_gazebo/include//turtlebot3_gazebo/obstacles.hpp
[4.892s] -- Up-to-date: /root/ros_ws/install/turtlebot3_gazebo/include//turtlebot3_gazebo/traffic_bar_plugin.hpp
[4.893s] -- Up-to-date: /root/ros_ws/install/turtlebot3_gazebo/include//turtlebot3_gazebo/obstacle1.hpp
[4.894s] -- Up-to-date: /root/ros_ws/install/turtlebot3_gazebo/include//turtlebot3_gazebo/turtlebot3_drive.hpp
[4.894s] -- Up-to-date: /root/ros_ws/install/turtlebot3_gazebo/share/ament_index/resource_index/package_run_dependencies/turtlebot3_gazebo
[4.894s] -- Installing: /root/ros_ws/install/turtlebot3_gazebo/share/ament_index/resource_index/parent_prefix_path/turtlebot3_gazebo
[4.896s] -- Up-to-date: /root/ros_ws/install/turtlebot3_gazebo/share/turtlebot3_gazebo/environment/ament_prefix_path.sh
[4.898s] -- Up-to-date: /root/ros_ws/install/turtlebot3_gazebo/share/turtlebot3_gazebo/environment/ament_prefix_path.dsv
[4.898s] -- Up-to-date: /root/ros_ws/install/turtlebot3_gazebo/share/turtlebot3_gazebo/environment/path.sh
[4.899s] -- Up-to-date: /root/ros_ws/install/turtlebot3_gazebo/share/turtlebot3_gazebo/environment/path.dsv
[4.899s] -- Up-to-date: /root/ros_ws/install/turtlebot3_gazebo/share/turtlebot3_gazebo/local_setup.bash
[4.900s] -- Up-to-date: /root/ros_ws/install/turtlebot3_gazebo/share/turtlebot3_gazebo/local_setup.sh
[4.900s] -- Up-to-date: /root/ros_ws/install/turtlebot3_gazebo/share/turtlebot3_gazebo/local_setup.zsh
[4.901s] -- Up-to-date: /root/ros_ws/install/turtlebot3_gazebo/share/turtlebot3_gazebo/local_setup.dsv
[4.901s] -- Installing: /root/ros_ws/install/turtlebot3_gazebo/share/turtlebot3_gazebo/package.dsv
[4.901s] -- Up-to-date: /root/ros_ws/install/turtlebot3_gazebo/share/ament_index/resource_index/packages/turtlebot3_gazebo
[4.902s] -- Up-to-date: /root/ros_ws/install/turtlebot3_gazebo/share/turtlebot3_gazebo/cmake/ament_cmake_export_include_directories-extras.cmake
[4.902s] -- Up-to-date: /root/ros_ws/install/turtlebot3_gazebo/share/turtlebot3_gazebo/cmake/ament_cmake_export_dependencies-extras.cmake
[4.902s] -- Up-to-date: /root/ros_ws/install/turtlebot3_gazebo/share/turtlebot3_gazebo/cmake/turtlebot3_gazeboConfig.cmake
[4.903s] -- Up-to-date: /root/ros_ws/install/turtlebot3_gazebo/share/turtlebot3_gazebo/cmake/turtlebot3_gazeboConfig-version.cmake
[4.904s] -- Installing: /root/ros_ws/install/turtlebot3_gazebo/share/turtlebot3_gazebo/package.xml
[4.904s] Invoked command in '/root/ros_ws/build/turtlebot3_gazebo' returned '0': CMAKE_PREFIX_PATH=${CMAKE_PREFIX_PATH}:/root/ros_ws/install/turtlebot3_teleop:/root/ros_ws/install/tb3_multi_robot:/root/ros_ws/install/turtlebot3_example:/opt/ros/jazzy /usr/bin/cmake --install /root/ros_ws/build/turtlebot3_gazebo
