[0.099s] Invoking command in '/root/ros_ws/build/turtlebot3_description': CMAKE_PREFIX_PATH=${CMAKE_PREFIX_PATH}:/opt/ros/jazzy /usr/bin/cmake /root/ros_ws/src/turtlebot3/turtlebot3_description -DCMAKE_INSTALL_PREFIX=/root/ros_ws/install/turtlebot3_description
[0.401s] -- The C compiler identification is GNU 13.3.0
[0.543s] -- The CXX compiler identification is GNU 13.3.0
[0.584s] -- Detecting C compiler ABI info
[0.815s] -- Detecting C compiler ABI info - done
[0.839s] -- Check for working C compiler: /usr/bin/cc - skipped
[0.840s] -- Detecting C compile features
[0.840s] -- Detecting C compile features - done
[0.899s] -- Detecting CXX compiler ABI info
[1.148s] -- Detecting CXX compiler ABI info - done
[1.168s] -- Check for working CXX compiler: /usr/bin/c++ - skipped
[1.175s] -- Detecting CXX compile features
[1.175s] -- Detecting CXX compile features - done
[1.194s] -- Found ament_cmake: 2.5.4 (/opt/ros/jazzy/share/ament_cmake/cmake)
[1.522s] -- Found Python3: /usr/bin/python3 (found version "3.12.3") found components: Interpreter 
[1.813s] -- Found urdf: 2.10.0 (/opt/ros/jazzy/share/urdf/cmake)
[1.944s] -- Found TinyXML2 via Config file: /usr/lib/x86_64-linux-gnu/cmake/tinyxml2
[2.092s] -- Configuring done (1.9s)
[2.102s] -- Generating done (0.0s)
[2.105s] -- Build files have been written to: /root/ros_ws/build/turtlebot3_description
