[0.017s] Invoking command in '/root/ros_ws/build/turtlebot3_simulations': CMAKE_PREFIX_PATH=/root/ros_ws/install/turtlebot3_gazebo:/root/ros_ws/install/turtlebot3_fake_node:/root/ros_ws/install/turtlebot3_simulations:/opt/ros/jazzy/opt/gz_sim_vendor:/opt/ros/jazzy/opt/gz_sensors_vendor:/opt/ros/jazzy/opt/gz_physics_vendor:/opt/ros/jazzy/opt/sdformat_vendor:/opt/ros/jazzy/opt/gz_gui_vendor:/opt/ros/jazzy/opt/gz_transport_vendor:/opt/ros/jazzy/opt/gz_rendering_vendor:/opt/ros/jazzy/opt/gz_plugin_vendor:/opt/ros/jazzy/opt/gz_fuel_tools_vendor:/opt/ros/jazzy/opt/gz_msgs_vendor:/opt/ros/jazzy/opt/gz_common_vendor:/opt/ros/jazzy/opt/gz_math_vendor:/opt/ros/jazzy/opt/gz_utils_vendor:/opt/ros/jazzy/opt/gz_tools_vendor:/opt/ros/jazzy/opt/gz_ogre_next_vendor:/opt/ros/jazzy/opt/gz_dartsim_vendor:/opt/ros/jazzy/opt/gz_cmake_vendor:/opt/ros/jazzy /usr/bin/cmake --build /root/ros_ws/build/turtlebot3_simulations -- -j12 -l12
[0.099s] Invoked command in '/root/ros_ws/build/turtlebot3_simulations' returned '0': CMAKE_PREFIX_PATH=/root/ros_ws/install/turtlebot3_gazebo:/root/ros_ws/install/turtlebot3_fake_node:/root/ros_ws/install/turtlebot3_simulations:/opt/ros/jazzy/opt/gz_sim_vendor:/opt/ros/jazzy/opt/gz_sensors_vendor:/opt/ros/jazzy/opt/gz_physics_vendor:/opt/ros/jazzy/opt/sdformat_vendor:/opt/ros/jazzy/opt/gz_gui_vendor:/opt/ros/jazzy/opt/gz_transport_vendor:/opt/ros/jazzy/opt/gz_rendering_vendor:/opt/ros/jazzy/opt/gz_plugin_vendor:/opt/ros/jazzy/opt/gz_fuel_tools_vendor:/opt/ros/jazzy/opt/gz_msgs_vendor:/opt/ros/jazzy/opt/gz_common_vendor:/opt/ros/jazzy/opt/gz_math_vendor:/opt/ros/jazzy/opt/gz_utils_vendor:/opt/ros/jazzy/opt/gz_tools_vendor:/opt/ros/jazzy/opt/gz_ogre_next_vendor:/opt/ros/jazzy/opt/gz_dartsim_vendor:/opt/ros/jazzy/opt/gz_cmake_vendor:/opt/ros/jazzy /usr/bin/cmake --build /root/ros_ws/build/turtlebot3_simulations -- -j12 -l12
[0.101s] Invoking command in '/root/ros_ws/build/turtlebot3_simulations': CMAKE_PREFIX_PATH=/root/ros_ws/install/turtlebot3_gazebo:/root/ros_ws/install/turtlebot3_fake_node:/root/ros_ws/install/turtlebot3_simulations:/opt/ros/jazzy/opt/gz_sim_vendor:/opt/ros/jazzy/opt/gz_sensors_vendor:/opt/ros/jazzy/opt/gz_physics_vendor:/opt/ros/jazzy/opt/sdformat_vendor:/opt/ros/jazzy/opt/gz_gui_vendor:/opt/ros/jazzy/opt/gz_transport_vendor:/opt/ros/jazzy/opt/gz_rendering_vendor:/opt/ros/jazzy/opt/gz_plugin_vendor:/opt/ros/jazzy/opt/gz_fuel_tools_vendor:/opt/ros/jazzy/opt/gz_msgs_vendor:/opt/ros/jazzy/opt/gz_common_vendor:/opt/ros/jazzy/opt/gz_math_vendor:/opt/ros/jazzy/opt/gz_utils_vendor:/opt/ros/jazzy/opt/gz_tools_vendor:/opt/ros/jazzy/opt/gz_ogre_next_vendor:/opt/ros/jazzy/opt/gz_dartsim_vendor:/opt/ros/jazzy/opt/gz_cmake_vendor:/opt/ros/jazzy /usr/bin/cmake --install /root/ros_ws/build/turtlebot3_simulations
[0.117s] -- Install configuration: ""
[0.118s] -- Up-to-date: /root/ros_ws/install/turtlebot3_simulations/share/ament_index/resource_index/package_run_dependencies/turtlebot3_simulations
[0.118s] -- Up-to-date: /root/ros_ws/install/turtlebot3_simulations/share/ament_index/resource_index/parent_prefix_path/turtlebot3_simulations
[0.118s] -- Up-to-date: /root/ros_ws/install/turtlebot3_simulations/share/turtlebot3_simulations/environment/ament_prefix_path.sh
[0.118s] -- Up-to-date: /root/ros_ws/install/turtlebot3_simulations/share/turtlebot3_simulations/environment/ament_prefix_path.dsv
[0.119s] -- Up-to-date: /root/ros_ws/install/turtlebot3_simulations/share/turtlebot3_simulations/environment/path.sh
[0.119s] -- Up-to-date: /root/ros_ws/install/turtlebot3_simulations/share/turtlebot3_simulations/environment/path.dsv
[0.119s] -- Up-to-date: /root/ros_ws/install/turtlebot3_simulations/share/turtlebot3_simulations/local_setup.bash
[0.119s] -- Up-to-date: /root/ros_ws/install/turtlebot3_simulations/share/turtlebot3_simulations/local_setup.sh
[0.119s] -- Up-to-date: /root/ros_ws/install/turtlebot3_simulations/share/turtlebot3_simulations/local_setup.zsh
[0.119s] -- Up-to-date: /root/ros_ws/install/turtlebot3_simulations/share/turtlebot3_simulations/local_setup.dsv
[0.119s] -- Installing: /root/ros_ws/install/turtlebot3_simulations/share/turtlebot3_simulations/package.dsv
[0.120s] -- Up-to-date: /root/ros_ws/install/turtlebot3_simulations/share/ament_index/resource_index/packages/turtlebot3_simulations
[0.120s] -- Up-to-date: /root/ros_ws/install/turtlebot3_simulations/share/turtlebot3_simulations/cmake/turtlebot3_simulationsConfig.cmake
[0.120s] -- Up-to-date: /root/ros_ws/install/turtlebot3_simulations/share/turtlebot3_simulations/cmake/turtlebot3_simulationsConfig-version.cmake
[0.120s] -- Up-to-date: /root/ros_ws/install/turtlebot3_simulations/share/turtlebot3_simulations/package.xml
[0.122s] Invoked command in '/root/ros_ws/build/turtlebot3_simulations' returned '0': CMAKE_PREFIX_PATH=/root/ros_ws/install/turtlebot3_gazebo:/root/ros_ws/install/turtlebot3_fake_node:/root/ros_ws/install/turtlebot3_simulations:/opt/ros/jazzy/opt/gz_sim_vendor:/opt/ros/jazzy/opt/gz_sensors_vendor:/opt/ros/jazzy/opt/gz_physics_vendor:/opt/ros/jazzy/opt/sdformat_vendor:/opt/ros/jazzy/opt/gz_gui_vendor:/opt/ros/jazzy/opt/gz_transport_vendor:/opt/ros/jazzy/opt/gz_rendering_vendor:/opt/ros/jazzy/opt/gz_plugin_vendor:/opt/ros/jazzy/opt/gz_fuel_tools_vendor:/opt/ros/jazzy/opt/gz_msgs_vendor:/opt/ros/jazzy/opt/gz_common_vendor:/opt/ros/jazzy/opt/gz_math_vendor:/opt/ros/jazzy/opt/gz_utils_vendor:/opt/ros/jazzy/opt/gz_tools_vendor:/opt/ros/jazzy/opt/gz_ogre_next_vendor:/opt/ros/jazzy/opt/gz_dartsim_vendor:/opt/ros/jazzy/opt/gz_cmake_vendor:/opt/ros/jazzy /usr/bin/cmake --install /root/ros_ws/build/turtlebot3_simulations
