[0.075s] Invoking command in '/root/ros_ws/build/turtlebot3_cartographer': CMAKE_PREFIX_PATH=${CMAKE_PREFIX_PATH}:/root/ros_ws/install/turtlebot3_teleop:/root/ros_ws/install/turtlebot3_example:/opt/ros/jazzy /usr/bin/cmake --build /root/ros_ws/build/turtlebot3_cartographer -- -j12 -l12
[0.429s] Invoked command in '/root/ros_ws/build/turtlebot3_cartographer' returned '0': CMAKE_PREFIX_PATH=${CMAKE_PREFIX_PATH}:/root/ros_ws/install/turtlebot3_teleop:/root/ros_ws/install/turtlebot3_example:/opt/ros/jazzy /usr/bin/cmake --build /root/ros_ws/build/turtlebot3_cartographer -- -j12 -l12
[0.431s] Invoking command in '/root/ros_ws/build/turtlebot3_cartographer': CMAKE_PREFIX_PATH=${CMAKE_PREFIX_PATH}:/root/ros_ws/install/turtlebot3_teleop:/root/ros_ws/install/turtlebot3_example:/opt/ros/jazzy /usr/bin/cmake --install /root/ros_ws/build/turtlebot3_cartographer
[0.728s] -- Install configuration: ""
[0.728s] -- Up-to-date: /root/ros_ws/install/turtlebot3_cartographer/share/turtlebot3_cartographer/config
[0.729s] -- Up-to-date: /root/ros_ws/install/turtlebot3_cartographer/share/turtlebot3_cartographer/config/turtlebot3_lds_2d.lua
[0.729s] -- Up-to-date: /root/ros_ws/install/turtlebot3_cartographer/share/turtlebot3_cartographer/launch
[0.729s] -- Up-to-date: /root/ros_ws/install/turtlebot3_cartographer/share/turtlebot3_cartographer/launch/occupancy_grid.launch.py
[0.729s] -- Up-to-date: /root/ros_ws/install/turtlebot3_cartographer/share/turtlebot3_cartographer/launch/cartographer.launch.py
[0.729s] -- Up-to-date: /root/ros_ws/install/turtlebot3_cartographer/share/turtlebot3_cartographer/rviz
[0.730s] -- Up-to-date: /root/ros_ws/install/turtlebot3_cartographer/share/turtlebot3_cartographer/rviz/tb3_cartographer.rviz
[0.732s] -- Up-to-date: /root/ros_ws/install/turtlebot3_cartographer/share/ament_index/resource_index/package_run_dependencies/turtlebot3_cartographer
[0.733s] -- Up-to-date: /root/ros_ws/install/turtlebot3_cartographer/share/ament_index/resource_index/parent_prefix_path/turtlebot3_cartographer
[0.733s] -- Up-to-date: /root/ros_ws/install/turtlebot3_cartographer/share/turtlebot3_cartographer/environment/ament_prefix_path.sh
[0.733s] -- Up-to-date: /root/ros_ws/install/turtlebot3_cartographer/share/turtlebot3_cartographer/environment/ament_prefix_path.dsv
[0.733s] -- Up-to-date: /root/ros_ws/install/turtlebot3_cartographer/share/turtlebot3_cartographer/environment/path.sh
[0.733s] -- Up-to-date: /root/ros_ws/install/turtlebot3_cartographer/share/turtlebot3_cartographer/environment/path.dsv
[0.734s] -- Up-to-date: /root/ros_ws/install/turtlebot3_cartographer/share/turtlebot3_cartographer/local_setup.bash
[0.735s] -- Up-to-date: /root/ros_ws/install/turtlebot3_cartographer/share/turtlebot3_cartographer/local_setup.sh
[0.737s] -- Up-to-date: /root/ros_ws/install/turtlebot3_cartographer/share/turtlebot3_cartographer/local_setup.zsh
[0.738s] -- Up-to-date: /root/ros_ws/install/turtlebot3_cartographer/share/turtlebot3_cartographer/local_setup.dsv
[0.739s] -- Installing: /root/ros_ws/install/turtlebot3_cartographer/share/turtlebot3_cartographer/package.dsv
[0.740s] -- Up-to-date: /root/ros_ws/install/turtlebot3_cartographer/share/ament_index/resource_index/packages/turtlebot3_cartographer
[0.740s] -- Up-to-date: /root/ros_ws/install/turtlebot3_cartographer/share/turtlebot3_cartographer/cmake/turtlebot3_cartographerConfig.cmake
[0.740s] -- Up-to-date: /root/ros_ws/install/turtlebot3_cartographer/share/turtlebot3_cartographer/cmake/turtlebot3_cartographerConfig-version.cmake
[0.740s] -- Up-to-date: /root/ros_ws/install/turtlebot3_cartographer/share/turtlebot3_cartographer/package.xml
[0.792s] Invoked command in '/root/ros_ws/build/turtlebot3_cartographer' returned '0': CMAKE_PREFIX_PATH=${CMAKE_PREFIX_PATH}:/root/ros_ws/install/turtlebot3_teleop:/root/ros_ws/install/turtlebot3_example:/opt/ros/jazzy /usr/bin/cmake --install /root/ros_ws/build/turtlebot3_cartographer
