[0.507s] Invoking command in '/root/ros_ws/src/tb3_multi_nav': CMAKE_PREFIX_PATH=/root/ros_ws/install/nav2_bringup:/root/ros_ws/install/turtlebot3_gazebo:/root/ros_ws/install/turtlebot3:/root/ros_ws/install/turtlebot3_simulations:/root/ros_ws/install/turtlebot3_bringup:/root/ros_ws/install/turtlebot3_node:/root/ros_ws/install/turtlebot3_navigation2:/root/ros_ws/install/turtlebot3_fake_node:/root/ros_ws/install/turtlebot3_description:/root/ros_ws/install/turtlebot3_cartographer:/opt/ros/jazzy/opt/gz_sim_vendor:/opt/ros/jazzy/opt/gz_sensors_vendor:/opt/ros/jazzy/opt/gz_physics_vendor:/opt/ros/jazzy/opt/sdformat_vendor:/opt/ros/jazzy/opt/gz_gui_vendor:/opt/ros/jazzy/opt/gz_transport_vendor:/opt/ros/jazzy/opt/gz_rendering_vendor:/opt/ros/jazzy/opt/gz_plugin_vendor:/opt/ros/jazzy/opt/gz_fuel_tools_vendor:/opt/ros/jazzy/opt/gz_msgs_vendor:/opt/ros/jazzy/opt/gz_common_vendor:/opt/ros/jazzy/opt/gz_math_vendor:/opt/ros/jazzy/opt/gz_utils_vendor:/opt/ros/jazzy/opt/gz_tools_vendor:/opt/ros/jazzy/opt/gz_ogre_next_vendor:/opt/ros/jazzy/opt/gz_dartsim_vendor:/opt/ros/jazzy/opt/gz_cmake_vendor PYTHONPATH=/root/ros_ws/build/tb3_multi_nav/prefix_override:/usr/lib/python3/dist-packages/colcon_core/task/python/colcon_distutils_commands:/root/ros_ws/install/tb3_multi_nav/lib/python3.12/site-packages:${PYTHONPATH} /usr/bin/python3 -W ignore:setup.py install is deprecated -W ignore:easy_install command is deprecated setup.py egg_info --egg-base ../../build/tb3_multi_nav build --build-base /root/ros_ws/build/tb3_multi_nav/build install --record /root/ros_ws/build/tb3_multi_nav/install.log --single-version-externally-managed install_data
[0.667s] running egg_info
[0.667s] creating ../../build/tb3_multi_nav/tb3_multi_nav.egg-info
[0.676s] writing ../../build/tb3_multi_nav/tb3_multi_nav.egg-info/PKG-INFO
[0.677s] writing dependency_links to ../../build/tb3_multi_nav/tb3_multi_nav.egg-info/dependency_links.txt
[0.677s] writing entry points to ../../build/tb3_multi_nav/tb3_multi_nav.egg-info/entry_points.txt
[0.677s] writing requirements to ../../build/tb3_multi_nav/tb3_multi_nav.egg-info/requires.txt
[0.677s] writing top-level names to ../../build/tb3_multi_nav/tb3_multi_nav.egg-info/top_level.txt
[0.677s] writing manifest file '../../build/tb3_multi_nav/tb3_multi_nav.egg-info/SOURCES.txt'
[0.697s] reading manifest file '../../build/tb3_multi_nav/tb3_multi_nav.egg-info/SOURCES.txt'
[0.698s] writing manifest file '../../build/tb3_multi_nav/tb3_multi_nav.egg-info/SOURCES.txt'
[0.698s] running build
[0.698s] running build_py
[0.698s] creating /root/ros_ws/build/tb3_multi_nav/build
[0.698s] creating /root/ros_ws/build/tb3_multi_nav/build/lib
[0.699s] creating /root/ros_ws/build/tb3_multi_nav/build/lib/tb3_multi_nav
[0.699s] copying tb3_multi_nav/map_republisher.py -> /root/ros_ws/build/tb3_multi_nav/build/lib/tb3_multi_nav
[0.699s] copying tb3_multi_nav/__init__.py -> /root/ros_ws/build/tb3_multi_nav/build/lib/tb3_multi_nav
[0.699s] running install
[0.704s] running install_lib
[0.715s] creating /root/ros_ws/install/tb3_multi_nav/lib/python3.12/site-packages/tb3_multi_nav
[0.715s] copying /root/ros_ws/build/tb3_multi_nav/build/lib/tb3_multi_nav/map_republisher.py -> /root/ros_ws/install/tb3_multi_nav/lib/python3.12/site-packages/tb3_multi_nav
[0.715s] copying /root/ros_ws/build/tb3_multi_nav/build/lib/tb3_multi_nav/__init__.py -> /root/ros_ws/install/tb3_multi_nav/lib/python3.12/site-packages/tb3_multi_nav
[0.716s] byte-compiling /root/ros_ws/install/tb3_multi_nav/lib/python3.12/site-packages/tb3_multi_nav/map_republisher.py to map_republisher.cpython-312.pyc
[0.717s] byte-compiling /root/ros_ws/install/tb3_multi_nav/lib/python3.12/site-packages/tb3_multi_nav/__init__.py to __init__.cpython-312.pyc
[0.717s] running install_data
[0.717s] creating /root/ros_ws/install/tb3_multi_nav/share/ament_index
[0.717s] creating /root/ros_ws/install/tb3_multi_nav/share/ament_index/resource_index
[0.717s] creating /root/ros_ws/install/tb3_multi_nav/share/ament_index/resource_index/packages
[0.717s] copying resource/tb3_multi_nav -> /root/ros_ws/install/tb3_multi_nav/share/ament_index/resource_index/packages
[0.717s] copying package.xml -> /root/ros_ws/install/tb3_multi_nav/share/tb3_multi_nav
[0.718s] creating /root/ros_ws/install/tb3_multi_nav/share/tb3_multi_nav/config
[0.718s] copying config/robot1_bridge.yaml -> /root/ros_ws/install/tb3_multi_nav/share/tb3_multi_nav/config
[0.718s] copying config/robot2_bridge.yaml -> /root/ros_ws/install/tb3_multi_nav/share/tb3_multi_nav/config
[0.718s] copying config/nav2_waffle_robot1.yaml -> /root/ros_ws/install/tb3_multi_nav/share/tb3_multi_nav/config
[0.718s] copying config/nav2_waffle_robot2.yaml -> /root/ros_ws/install/tb3_multi_nav/share/tb3_multi_nav/config
[0.718s] copying config/nav2_waffle.yaml -> /root/ros_ws/install/tb3_multi_nav/share/tb3_multi_nav/config
[0.718s] copying config/map.yaml -> /root/ros_ws/install/tb3_multi_nav/share/tb3_multi_nav/config
[0.718s] copying config/multi_nav.rviz -> /root/ros_ws/install/tb3_multi_nav/share/tb3_multi_nav/config
[0.719s] creating /root/ros_ws/install/tb3_multi_nav/share/tb3_multi_nav/launch
[0.719s] copying launch/multi_tb3.launch.py -> /root/ros_ws/install/tb3_multi_nav/share/tb3_multi_nav/launch
[0.719s] running install_egg_info
[0.729s] Copying ../../build/tb3_multi_nav/tb3_multi_nav.egg-info to /root/ros_ws/install/tb3_multi_nav/lib/python3.12/site-packages/tb3_multi_nav-0.0.0-py3.12.egg-info
[0.730s] running install_scripts
[0.802s] Installing map_republisher script to /root/ros_ws/install/tb3_multi_nav/lib/tb3_multi_nav
[0.802s] writing list of installed files to '/root/ros_ws/build/tb3_multi_nav/install.log'
[0.824s] Invoked command in '/root/ros_ws/src/tb3_multi_nav' returned '0': CMAKE_PREFIX_PATH=/root/ros_ws/install/nav2_bringup:/root/ros_ws/install/turtlebot3_gazebo:/root/ros_ws/install/turtlebot3:/root/ros_ws/install/turtlebot3_simulations:/root/ros_ws/install/turtlebot3_bringup:/root/ros_ws/install/turtlebot3_node:/root/ros_ws/install/turtlebot3_navigation2:/root/ros_ws/install/turtlebot3_fake_node:/root/ros_ws/install/turtlebot3_description:/root/ros_ws/install/turtlebot3_cartographer:/opt/ros/jazzy/opt/gz_sim_vendor:/opt/ros/jazzy/opt/gz_sensors_vendor:/opt/ros/jazzy/opt/gz_physics_vendor:/opt/ros/jazzy/opt/sdformat_vendor:/opt/ros/jazzy/opt/gz_gui_vendor:/opt/ros/jazzy/opt/gz_transport_vendor:/opt/ros/jazzy/opt/gz_rendering_vendor:/opt/ros/jazzy/opt/gz_plugin_vendor:/opt/ros/jazzy/opt/gz_fuel_tools_vendor:/opt/ros/jazzy/opt/gz_msgs_vendor:/opt/ros/jazzy/opt/gz_common_vendor:/opt/ros/jazzy/opt/gz_math_vendor:/opt/ros/jazzy/opt/gz_utils_vendor:/opt/ros/jazzy/opt/gz_tools_vendor:/opt/ros/jazzy/opt/gz_ogre_next_vendor:/opt/ros/jazzy/opt/gz_dartsim_vendor:/opt/ros/jazzy/opt/gz_cmake_vendor PYTHONPATH=/root/ros_ws/build/tb3_multi_nav/prefix_override:/usr/lib/python3/dist-packages/colcon_core/task/python/colcon_distutils_commands:/root/ros_ws/install/tb3_multi_nav/lib/python3.12/site-packages:${PYTHONPATH} /usr/bin/python3 -W ignore:setup.py install is deprecated -W ignore:easy_install command is deprecated setup.py egg_info --egg-base ../../build/tb3_multi_nav build --build-base /root/ros_ws/build/tb3_multi_nav/build install --record /root/ros_ws/build/tb3_multi_nav/install.log --single-version-externally-managed install_data
