[0.068s] Invoking command in '/root/ros_ws/build/turtlebot3_node': CMAKE_PREFIX_PATH=${CMAKE_PREFIX_PATH}:/root/ros_ws/install/turtlebot3_teleop:/root/ros_ws/install/turtlebot3_example:/opt/ros/jazzy /usr/bin/cmake --build /root/ros_ws/build/turtlebot3_node -- -j12 -l12
[0.349s] [ 85%] Built target turtlebot3_node_lib
[0.351s] [100%] Built target turtlebot3_ros
[0.384s] Invoked command in '/root/ros_ws/build/turtlebot3_node' returned '0': CMAKE_PREFIX_PATH=${CMAKE_PREFIX_PATH}:/root/ros_ws/install/turtlebot3_teleop:/root/ros_ws/install/turtlebot3_example:/opt/ros/jazzy /usr/bin/cmake --build /root/ros_ws/build/turtlebot3_node -- -j12 -l12
[0.386s] Invoking command in '/root/ros_ws/build/turtlebot3_node': CMAKE_PREFIX_PATH=${CMAKE_PREFIX_PATH}:/root/ros_ws/install/turtlebot3_teleop:/root/ros_ws/install/turtlebot3_example:/opt/ros/jazzy /usr/bin/cmake --install /root/ros_ws/build/turtlebot3_node
[0.725s] -- Install configuration: ""
[0.726s] -- Up-to-date: /root/ros_ws/install/turtlebot3_node/share/turtlebot3_node/param
[0.726s] -- Up-to-date: /root/ros_ws/install/turtlebot3_node/share/turtlebot3_node/param/burger.yaml
[0.726s] -- Up-to-date: /root/ros_ws/install/turtlebot3_node/share/turtlebot3_node/param/waffle.yaml
[0.726s] -- Up-to-date: /root/ros_ws/install/turtlebot3_node/share/turtlebot3_node/param/waffle_pi.yaml
[0.727s] -- Up-to-date: /root/ros_ws/install/turtlebot3_node/lib/turtlebot3_node/turtlebot3_ros
[0.727s] -- Up-to-date: /root/ros_ws/install/turtlebot3_node/share/ament_index/resource_index/package_run_dependencies/turtlebot3_node
[0.727s] -- Up-to-date: /root/ros_ws/install/turtlebot3_node/share/ament_index/resource_index/parent_prefix_path/turtlebot3_node
[0.728s] -- Up-to-date: /root/ros_ws/install/turtlebot3_node/share/turtlebot3_node/environment/ament_prefix_path.sh
[0.728s] -- Up-to-date: /root/ros_ws/install/turtlebot3_node/share/turtlebot3_node/environment/ament_prefix_path.dsv
[0.728s] -- Up-to-date: /root/ros_ws/install/turtlebot3_node/share/turtlebot3_node/environment/path.sh
[0.728s] -- Up-to-date: /root/ros_ws/install/turtlebot3_node/share/turtlebot3_node/environment/path.dsv
[0.729s] -- Up-to-date: /root/ros_ws/install/turtlebot3_node/share/turtlebot3_node/local_setup.bash
[0.729s] -- Up-to-date: /root/ros_ws/install/turtlebot3_node/share/turtlebot3_node/local_setup.sh
[0.729s] -- Up-to-date: /root/ros_ws/install/turtlebot3_node/share/turtlebot3_node/local_setup.zsh
[0.729s] -- Up-to-date: /root/ros_ws/install/turtlebot3_node/share/turtlebot3_node/local_setup.dsv
[0.730s] -- Installing: /root/ros_ws/install/turtlebot3_node/share/turtlebot3_node/package.dsv
[0.730s] -- Up-to-date: /root/ros_ws/install/turtlebot3_node/share/ament_index/resource_index/packages/turtlebot3_node
[0.730s] -- Up-to-date: /root/ros_ws/install/turtlebot3_node/share/turtlebot3_node/cmake/ament_cmake_export_dependencies-extras.cmake
[0.730s] -- Up-to-date: /root/ros_ws/install/turtlebot3_node/share/turtlebot3_node/cmake/ament_cmake_export_include_directories-extras.cmake
[0.730s] -- Up-to-date: /root/ros_ws/install/turtlebot3_node/share/turtlebot3_node/cmake/turtlebot3_nodeConfig.cmake
[0.731s] -- Up-to-date: /root/ros_ws/install/turtlebot3_node/share/turtlebot3_node/cmake/turtlebot3_nodeConfig-version.cmake
[0.731s] -- Up-to-date: /root/ros_ws/install/turtlebot3_node/share/turtlebot3_node/package.xml
[0.783s] Invoked command in '/root/ros_ws/build/turtlebot3_node' returned '0': CMAKE_PREFIX_PATH=${CMAKE_PREFIX_PATH}:/root/ros_ws/install/turtlebot3_teleop:/root/ros_ws/install/turtlebot3_example:/opt/ros/jazzy /usr/bin/cmake --install /root/ros_ws/build/turtlebot3_node
