[1.075s] Invoking command in '/root/ros_ws/src/tb3_multi_nav': PYTHONPATH=/root/ros_ws/build/tb3_multi_nav/prefix_override:/usr/lib/python3/dist-packages/colcon_core/task/python/colcon_distutils_commands:/root/ros_ws/install/tb3_multi_nav/lib/python3.12/site-packages:${PYTHONPATH} /usr/bin/python3 -W ignore:setup.py install is deprecated -W ignore:easy_install command is deprecated setup.py egg_info --egg-base ../../build/tb3_multi_nav build --build-base /root/ros_ws/build/tb3_multi_nav/build install --record /root/ros_ws/build/tb3_multi_nav/install.log --single-version-externally-managed install_data
[1.315s] running egg_info
[1.315s] creating ../../build/tb3_multi_nav/tb3_multi_nav.egg-info
[1.329s] writing ../../build/tb3_multi_nav/tb3_multi_nav.egg-info/PKG-INFO
[1.329s] writing dependency_links to ../../build/tb3_multi_nav/tb3_multi_nav.egg-info/dependency_links.txt
[1.330s] writing requirements to ../../build/tb3_multi_nav/tb3_multi_nav.egg-info/requires.txt
[1.330s] writing top-level names to ../../build/tb3_multi_nav/tb3_multi_nav.egg-info/top_level.txt
[1.330s] writing manifest file '../../build/tb3_multi_nav/tb3_multi_nav.egg-info/SOURCES.txt'
[1.358s] reading manifest file '../../build/tb3_multi_nav/tb3_multi_nav.egg-info/SOURCES.txt'
[1.359s] writing manifest file '../../build/tb3_multi_nav/tb3_multi_nav.egg-info/SOURCES.txt'
[1.359s] running build
[1.359s] running build_py
[1.359s] creating /root/ros_ws/build/tb3_multi_nav/build
[1.360s] creating /root/ros_ws/build/tb3_multi_nav/build/lib
[1.360s] creating /root/ros_ws/build/tb3_multi_nav/build/lib/tb3_multi_nav
[1.360s] copying tb3_multi_nav/__init__.py -> /root/ros_ws/build/tb3_multi_nav/build/lib/tb3_multi_nav
[1.361s] running install
[1.369s] running install_lib
[1.388s] creating /root/ros_ws/install/tb3_multi_nav/lib/python3.12/site-packages/tb3_multi_nav
[1.389s] copying /root/ros_ws/build/tb3_multi_nav/build/lib/tb3_multi_nav/__init__.py -> /root/ros_ws/install/tb3_multi_nav/lib/python3.12/site-packages/tb3_multi_nav
[1.390s] byte-compiling /root/ros_ws/install/tb3_multi_nav/lib/python3.12/site-packages/tb3_multi_nav/__init__.py to __init__.cpython-312.pyc
[1.390s] running install_data
[1.390s] creating /root/ros_ws/install/tb3_multi_nav/share/ament_index
[1.391s] creating /root/ros_ws/install/tb3_multi_nav/share/ament_index/resource_index
[1.391s] creating /root/ros_ws/install/tb3_multi_nav/share/ament_index/resource_index/packages
[1.391s] copying resource/tb3_multi_nav -> /root/ros_ws/install/tb3_multi_nav/share/ament_index/resource_index/packages
[1.391s] copying package.xml -> /root/ros_ws/install/tb3_multi_nav/share/tb3_multi_nav
[1.391s] creating /root/ros_ws/install/tb3_multi_nav/share/tb3_multi_nav/launch
[1.392s] copying launch/multi_tb3.launch.py -> /root/ros_ws/install/tb3_multi_nav/share/tb3_multi_nav/launch
[1.392s] copying launch/mapping.launch.py -> /root/ros_ws/install/tb3_multi_nav/share/tb3_multi_nav/launch
[1.393s] running install_egg_info
[1.409s] Copying ../../build/tb3_multi_nav/tb3_multi_nav.egg-info to /root/ros_ws/install/tb3_multi_nav/lib/python3.12/site-packages/tb3_multi_nav-0.0.0-py3.12.egg-info
[1.409s] running install_scripts
[1.490s] writing list of installed files to '/root/ros_ws/build/tb3_multi_nav/install.log'
[1.526s] Invoked command in '/root/ros_ws/src/tb3_multi_nav' returned '0': PYTHONPATH=/root/ros_ws/build/tb3_multi_nav/prefix_override:/usr/lib/python3/dist-packages/colcon_core/task/python/colcon_distutils_commands:/root/ros_ws/install/tb3_multi_nav/lib/python3.12/site-packages:${PYTHONPATH} /usr/bin/python3 -W ignore:setup.py install is deprecated -W ignore:easy_install command is deprecated setup.py egg_info --egg-base ../../build/tb3_multi_nav build --build-base /root/ros_ws/build/tb3_multi_nav/build install --record /root/ros_ws/build/tb3_multi_nav/install.log --single-version-externally-managed install_data
