[0.740s] Invoking command in '/root/ros_ws/src/tb3_multi_nav': PYTHONPATH=/root/ros_ws/build/tb3_multi_nav/prefix_override:/usr/lib/python3/dist-packages/colcon_core/task/python/colcon_distutils_commands:/root/ros_ws/install/tb3_multi_nav/lib/python3.12/site-packages:${PYTHONPATH} /usr/bin/python3 -W ignore:setup.py install is deprecated -W ignore:easy_install command is deprecated setup.py egg_info --egg-base ../../build/tb3_multi_nav build --build-base /root/ros_ws/build/tb3_multi_nav/build install --record /root/ros_ws/build/tb3_multi_nav/install.log --single-version-externally-managed install_data
[0.878s] running egg_info
[0.890s] writing ../../build/tb3_multi_nav/tb3_multi_nav.egg-info/PKG-INFO
[0.890s] writing dependency_links to ../../build/tb3_multi_nav/tb3_multi_nav.egg-info/dependency_links.txt
[0.890s] writing requirements to ../../build/tb3_multi_nav/tb3_multi_nav.egg-info/requires.txt
[0.890s] writing top-level names to ../../build/tb3_multi_nav/tb3_multi_nav.egg-info/top_level.txt
[0.905s] reading manifest file '../../build/tb3_multi_nav/tb3_multi_nav.egg-info/SOURCES.txt'
[0.905s] writing manifest file '../../build/tb3_multi_nav/tb3_multi_nav.egg-info/SOURCES.txt'
[0.905s] running build
[0.905s] running build_py
[0.906s] running install
[0.910s] running install_lib
[0.918s] running install_data
[0.918s] copying launch/multi_tb3.launch.py -> /root/ros_ws/install/tb3_multi_nav/share/tb3_multi_nav/launch
[0.918s] running install_egg_info
[0.927s] removing '/root/ros_ws/install/tb3_multi_nav/lib/python3.12/site-packages/tb3_multi_nav-0.0.0-py3.12.egg-info' (and everything under it)
[0.927s] Copying ../../build/tb3_multi_nav/tb3_multi_nav.egg-info to /root/ros_ws/install/tb3_multi_nav/lib/python3.12/site-packages/tb3_multi_nav-0.0.0-py3.12.egg-info
[0.928s] running install_scripts
[0.995s] writing list of installed files to '/root/ros_ws/build/tb3_multi_nav/install.log'
[1.017s] Invoked command in '/root/ros_ws/src/tb3_multi_nav' returned '0': PYTHONPATH=/root/ros_ws/build/tb3_multi_nav/prefix_override:/usr/lib/python3/dist-packages/colcon_core/task/python/colcon_distutils_commands:/root/ros_ws/install/tb3_multi_nav/lib/python3.12/site-packages:${PYTHONPATH} /usr/bin/python3 -W ignore:setup.py install is deprecated -W ignore:easy_install command is deprecated setup.py egg_info --egg-base ../../build/tb3_multi_nav build --build-base /root/ros_ws/build/tb3_multi_nav/build install --record /root/ros_ws/build/tb3_multi_nav/install.log --single-version-externally-managed install_data
