[0.036s] Invoking command in '/root/ros_ws/build/turtlebot3_node': CMAKE_PREFIX_PATH=${CMAKE_PREFIX_PATH}:/opt/ros/jazzy /usr/bin/cmake /root/ros_ws/src/turtlebot3-jazzy/turtlebot3_node -DCMAKE_INSTALL_PREFIX=/root/ros_ws/install/turtlebot3_node
[0.514s] -- The C compiler identification is GNU 13.3.0
[0.514s] -- The CXX compiler identification is GNU 13.3.0
[0.514s] -- Detecting C compiler ABI info
[0.515s] -- Detecting C compiler ABI info - done
[0.515s] -- Check for working C compiler: /usr/bin/cc - skipped
[0.515s] -- Detecting C compile features
[0.515s] -- Detecting C compile features - done
[0.515s] -- Detecting CXX compiler ABI info
[0.569s] -- Detecting CXX compiler ABI info - done
[0.576s] -- Check for working CXX compiler: /usr/bin/c++ - skipped
[0.577s] -- Detecting CXX compile features
[0.577s] -- Detecting CXX compile features - done
[0.620s] -- Found ament_cmake: 2.5.4 (/opt/ros/jazzy/share/ament_cmake/cmake)
[0.770s] -- Found Python3: /usr/bin/python3 (found version "3.12.3") found components: Interpreter 
[0.921s] -- Found dynamixel_sdk: 3.8.4 (/opt/ros/jazzy/share/dynamixel_sdk/cmake)
[0.930s] -- Found geometry_msgs: 5.3.6 (/opt/ros/jazzy/share/geometry_msgs/cmake)
[1.016s] -- Found rosidl_generator_c: 4.6.6 (/opt/ros/jazzy/share/rosidl_generator_c/cmake)
[1.045s] -- Found rosidl_generator_cpp: 4.6.6 (/opt/ros/jazzy/share/rosidl_generator_cpp/cmake)
[1.081s] -- Using all available rosidl_typesupport_c: rosidl_typesupport_fastrtps_c;rosidl_typesupport_introspection_c
[1.115s] -- Using all available rosidl_typesupport_cpp: rosidl_typesupport_fastrtps_cpp;rosidl_typesupport_introspection_cpp
[1.199s] -- Found message_filters: 4.11.7 (/opt/ros/jazzy/share/message_filters/cmake)
[1.336s] -- Found rmw_implementation_cmake: 7.3.2 (/opt/ros/jazzy/share/rmw_implementation_cmake/cmake)
[1.343s] -- Found rmw_fastrtps_cpp: 8.4.3 (/opt/ros/jazzy/share/rmw_fastrtps_cpp/cmake)
[1.474s] -- Found OpenSSL: /usr/lib/x86_64-linux-gnu/libcrypto.so (found version "3.0.13")  
[1.495s] -- Found FastRTPS: /opt/ros/jazzy/include (Required is at least version "2.13") 
[1.516s] -- Using RMW implementation 'rmw_fastrtps_cpp' as default
[1.628s] -- Found nav_msgs: 5.3.6 (/opt/ros/jazzy/share/nav_msgs/cmake)
[1.673s] -- Found sensor_msgs: 5.3.6 (/opt/ros/jazzy/share/sensor_msgs/cmake)
[1.707s] -- Found std_srvs: 5.3.6 (/opt/ros/jazzy/share/std_srvs/cmake)
[1.730s] -- Found tf2: 0.36.14 (/opt/ros/jazzy/share/tf2/cmake)
[1.735s] -- Found tf2_ros: 0.36.14 (/opt/ros/jazzy/share/tf2_ros/cmake)
[1.846s] -- Found turtlebot3_msgs: 2.4.0 (/opt/ros/jazzy/share/turtlebot3_msgs/cmake)
[1.945s] -- Configuring done (1.8s)
[1.965s] -- Generating done (0.0s)
[1.969s] -- Build files have been written to: /root/ros_ws/build/turtlebot3_node
[1.977s] Invoked command in '/root/ros_ws/build/turtlebot3_node' returned '0': CMAKE_PREFIX_PATH=${CMAKE_PREFIX_PATH}:/opt/ros/jazzy /usr/bin/cmake /root/ros_ws/src/turtlebot3-jazzy/turtlebot3_node -DCMAKE_INSTALL_PREFIX=/root/ros_ws/install/turtlebot3_node
[1.977s] Invoking command in '/root/ros_ws/build/turtlebot3_node': CMAKE_PREFIX_PATH=${CMAKE_PREFIX_PATH}:/opt/ros/jazzy /usr/bin/cmake --build /root/ros_ws/build/turtlebot3_node -- -j16 -l16
[2.025s] [  7%] [32mBuilding CXX object CMakeFiles/turtlebot3_node_lib.dir/src/sensors/imu.cpp.o[0m
[2.025s] [ 14%] [32mBuilding CXX object CMakeFiles/turtlebot3_node_lib.dir/src/devices/sound.cpp.o[0m
[2.026s] [ 28%] [32mBuilding CXX object CMakeFiles/turtlebot3_node_lib.dir/src/devices/motor_power.cpp.o[0m
[2.026s] [ 28%] [32mBuilding CXX object CMakeFiles/turtlebot3_node_lib.dir/src/diff_drive_controller.cpp.o[0m
[2.028s] [ 42%] [32mBuilding CXX object CMakeFiles/turtlebot3_node_lib.dir/src/sensors/joint_state.cpp.o[0m
[2.028s] [ 42%] [32mBuilding CXX object CMakeFiles/turtlebot3_node_lib.dir/src/sensors/battery_state.cpp.o[0m
[2.028s] [ 50%] [32mBuilding CXX object CMakeFiles/turtlebot3_node_lib.dir/src/sensors/sensor_state.cpp.o[0m
[2.028s] [ 57%] [32mBuilding CXX object CMakeFiles/turtlebot3_node_lib.dir/src/devices/reset.cpp.o[0m
[2.028s] [ 64%] [32mBuilding CXX object CMakeFiles/turtlebot3_node_lib.dir/src/turtlebot3.cpp.o[0m
[2.029s] [ 71%] [32mBuilding CXX object CMakeFiles/turtlebot3_node_lib.dir/src/odometry.cpp.o[0m
[2.029s] [ 78%] [32mBuilding CXX object CMakeFiles/turtlebot3_node_lib.dir/src/dynamixel_sdk_wrapper.cpp.o[0m
[15.663s] [ 85%] [32m[1mLinking CXX static library libturtlebot3_node_lib.a[0m
[15.997s] [ 85%] Built target turtlebot3_node_lib
[16.015s] [ 92%] [32mBuilding CXX object CMakeFiles/turtlebot3_ros.dir/src/node_main.cpp.o[0m
[18.533s] [100%] [32m[1mLinking CXX executable turtlebot3_ros[0m
[19.501s] [100%] Built target turtlebot3_ros
[19.511s] Invoked command in '/root/ros_ws/build/turtlebot3_node' returned '0': CMAKE_PREFIX_PATH=${CMAKE_PREFIX_PATH}:/opt/ros/jazzy /usr/bin/cmake --build /root/ros_ws/build/turtlebot3_node -- -j16 -l16
[19.512s] Invoking command in '/root/ros_ws/build/turtlebot3_node': CMAKE_PREFIX_PATH=${CMAKE_PREFIX_PATH}:/opt/ros/jazzy /usr/bin/cmake --install /root/ros_ws/build/turtlebot3_node
[19.519s] -- Install configuration: ""
[19.519s] -- Installing: /root/ros_ws/install/turtlebot3_node/share/turtlebot3_node/param
[19.520s] -- Installing: /root/ros_ws/install/turtlebot3_node/share/turtlebot3_node/param/waffle_pi.yaml
[19.520s] -- Installing: /root/ros_ws/install/turtlebot3_node/share/turtlebot3_node/param/waffle.yaml
[19.520s] -- Installing: /root/ros_ws/install/turtlebot3_node/share/turtlebot3_node/param/waffle_pi.yaml:Zone.Identifier
[19.520s] -- Installing: /root/ros_ws/install/turtlebot3_node/share/turtlebot3_node/param/burger.yaml
[19.520s] -- Installing: /root/ros_ws/install/turtlebot3_node/share/turtlebot3_node/param/waffle.yaml:Zone.Identifier
[19.520s] -- Installing: /root/ros_ws/install/turtlebot3_node/share/turtlebot3_node/param/burger.yaml:Zone.Identifier
[19.521s] -- Installing: /root/ros_ws/install/turtlebot3_node/lib/turtlebot3_node/turtlebot3_ros
[19.534s] -- Set non-toolchain portion of runtime path of "/root/ros_ws/install/turtlebot3_node/lib/turtlebot3_node/turtlebot3_ros" to ""
[19.534s] -- Installing: /root/ros_ws/install/turtlebot3_node/share/ament_index/resource_index/package_run_dependencies/turtlebot3_node
[19.534s] -- Installing: /root/ros_ws/install/turtlebot3_node/share/ament_index/resource_index/parent_prefix_path/turtlebot3_node
[19.535s] -- Installing: /root/ros_ws/install/turtlebot3_node/share/turtlebot3_node/environment/ament_prefix_path.sh
[19.535s] -- Installing: /root/ros_ws/install/turtlebot3_node/share/turtlebot3_node/environment/ament_prefix_path.dsv
[19.535s] -- Installing: /root/ros_ws/install/turtlebot3_node/share/turtlebot3_node/environment/path.sh
[19.535s] -- Installing: /root/ros_ws/install/turtlebot3_node/share/turtlebot3_node/environment/path.dsv
[19.535s] -- Installing: /root/ros_ws/install/turtlebot3_node/share/turtlebot3_node/local_setup.bash
[19.536s] -- Installing: /root/ros_ws/install/turtlebot3_node/share/turtlebot3_node/local_setup.sh
[19.536s] -- Installing: /root/ros_ws/install/turtlebot3_node/share/turtlebot3_node/local_setup.zsh
[19.536s] -- Installing: /root/ros_ws/install/turtlebot3_node/share/turtlebot3_node/local_setup.dsv
[19.536s] -- Installing: /root/ros_ws/install/turtlebot3_node/share/turtlebot3_node/package.dsv
[19.536s] -- Installing: /root/ros_ws/install/turtlebot3_node/share/ament_index/resource_index/packages/turtlebot3_node
[19.536s] -- Installing: /root/ros_ws/install/turtlebot3_node/share/turtlebot3_node/cmake/ament_cmake_export_dependencies-extras.cmake
[19.537s] -- Installing: /root/ros_ws/install/turtlebot3_node/share/turtlebot3_node/cmake/ament_cmake_export_include_directories-extras.cmake
[19.537s] -- Installing: /root/ros_ws/install/turtlebot3_node/share/turtlebot3_node/cmake/turtlebot3_nodeConfig.cmake
[19.537s] -- Installing: /root/ros_ws/install/turtlebot3_node/share/turtlebot3_node/cmake/turtlebot3_nodeConfig-version.cmake
[19.537s] -- Installing: /root/ros_ws/install/turtlebot3_node/share/turtlebot3_node/package.xml
[19.539s] Invoked command in '/root/ros_ws/build/turtlebot3_node' returned '0': CMAKE_PREFIX_PATH=${CMAKE_PREFIX_PATH}:/opt/ros/jazzy /usr/bin/cmake --install /root/ros_ws/build/turtlebot3_node
