[1.011s] Invoking command in '/root/ros_ws/src/turtlebot3-jazzy/turtlebot3_teleop': PYTHONPATH=/root/ros_ws/build/turtlebot3_teleop/prefix_override:/usr/lib/python3/dist-packages/colcon_core/task/python/colcon_distutils_commands:/root/ros_ws/install/turtlebot3_teleop/lib/python3.12/site-packages:${PYTHONPATH} /usr/bin/python3 -W ignore:setup.py install is deprecated -W ignore:easy_install command is deprecated setup.py egg_info --egg-base ../../../build/turtlebot3_teleop build --build-base /root/ros_ws/build/turtlebot3_teleop/build install --record /root/ros_ws/build/turtlebot3_teleop/install.log --single-version-externally-managed install_data
[1.144s] running egg_info
[1.152s] writing ../../../build/turtlebot3_teleop/turtlebot3_teleop.egg-info/PKG-INFO
[1.152s] writing dependency_links to ../../../build/turtlebot3_teleop/turtlebot3_teleop.egg-info/dependency_links.txt
[1.152s] writing entry points to ../../../build/turtlebot3_teleop/turtlebot3_teleop.egg-info/entry_points.txt
[1.152s] writing requirements to ../../../build/turtlebot3_teleop/turtlebot3_teleop.egg-info/requires.txt
[1.152s] writing top-level names to ../../../build/turtlebot3_teleop/turtlebot3_teleop.egg-info/top_level.txt
[1.168s] reading manifest file '../../../build/turtlebot3_teleop/turtlebot3_teleop.egg-info/SOURCES.txt'
[1.169s] writing manifest file '../../../build/turtlebot3_teleop/turtlebot3_teleop.egg-info/SOURCES.txt'
[1.169s] running build
[1.169s] running build_py
[1.169s] running install
[1.173s] running install_lib
[1.181s] running install_data
[1.181s] running install_egg_info
[1.191s] removing '/root/ros_ws/install/turtlebot3_teleop/lib/python3.12/site-packages/turtlebot3_teleop-2.3.3-py3.12.egg-info' (and everything under it)
[1.191s] Copying ../../../build/turtlebot3_teleop/turtlebot3_teleop.egg-info to /root/ros_ws/install/turtlebot3_teleop/lib/python3.12/site-packages/turtlebot3_teleop-2.3.3-py3.12.egg-info
[1.193s] running install_scripts
[1.254s] Installing teleop_keyboard script to /root/ros_ws/install/turtlebot3_teleop/lib/turtlebot3_teleop
[1.255s] writing list of installed files to '/root/ros_ws/build/turtlebot3_teleop/install.log'
[1.274s] Invoked command in '/root/ros_ws/src/turtlebot3-jazzy/turtlebot3_teleop' returned '0': PYTHONPATH=/root/ros_ws/build/turtlebot3_teleop/prefix_override:/usr/lib/python3/dist-packages/colcon_core/task/python/colcon_distutils_commands:/root/ros_ws/install/turtlebot3_teleop/lib/python3.12/site-packages:${PYTHONPATH} /usr/bin/python3 -W ignore:setup.py install is deprecated -W ignore:easy_install command is deprecated setup.py egg_info --egg-base ../../../build/turtlebot3_teleop build --build-base /root/ros_ws/build/turtlebot3_teleop/build install --record /root/ros_ws/build/turtlebot3_teleop/install.log --single-version-externally-managed install_data
