[1.718s] Invoking command in '/root/ros_ws/src/turtlebot3/turtlebot3_teleop': PYTHONPATH=/root/ros_ws/build/turtlebot3_teleop/prefix_override:/usr/lib/python3/dist-packages/colcon_core/task/python/colcon_distutils_commands:/root/ros_ws/install/turtlebot3_teleop/lib/python3.12/site-packages:${PYTHONPATH} /usr/bin/python3 -W ignore:setup.py install is deprecated -W ignore:easy_install command is deprecated setup.py egg_info --egg-base ../../../build/turtlebot3_teleop build --build-base /root/ros_ws/build/turtlebot3_teleop/build install --record /root/ros_ws/build/turtlebot3_teleop/install.log --single-version-externally-managed install_data
[2.041s] running egg_info
[2.041s] creating ../../../build/turtlebot3_teleop/turtlebot3_teleop.egg-info
[2.062s] writing ../../../build/turtlebot3_teleop/turtlebot3_teleop.egg-info/PKG-INFO
[2.063s] writing dependency_links to ../../../build/turtlebot3_teleop/turtlebot3_teleop.egg-info/dependency_links.txt
[2.063s] writing entry points to ../../../build/turtlebot3_teleop/turtlebot3_teleop.egg-info/entry_points.txt
[2.063s] writing requirements to ../../../build/turtlebot3_teleop/turtlebot3_teleop.egg-info/requires.txt
[2.063s] writing top-level names to ../../../build/turtlebot3_teleop/turtlebot3_teleop.egg-info/top_level.txt
[2.064s] writing manifest file '../../../build/turtlebot3_teleop/turtlebot3_teleop.egg-info/SOURCES.txt'
[2.099s] reading manifest file '../../../build/turtlebot3_teleop/turtlebot3_teleop.egg-info/SOURCES.txt'
[2.099s] writing manifest file '../../../build/turtlebot3_teleop/turtlebot3_teleop.egg-info/SOURCES.txt'
[2.100s] running build
[2.100s] running build_py
[2.101s] creating /root/ros_ws/build/turtlebot3_teleop/build
[2.102s] creating /root/ros_ws/build/turtlebot3_teleop/build/lib
[2.102s] creating /root/ros_ws/build/turtlebot3_teleop/build/lib/turtlebot3_teleop
[2.102s] copying turtlebot3_teleop/__init__.py -> /root/ros_ws/build/turtlebot3_teleop/build/lib/turtlebot3_teleop
[2.103s] creating /root/ros_ws/build/turtlebot3_teleop/build/lib/turtlebot3_teleop/script
[2.104s] copying turtlebot3_teleop/script/teleop_keyboard.py -> /root/ros_ws/build/turtlebot3_teleop/build/lib/turtlebot3_teleop/script
[2.105s] copying turtlebot3_teleop/script/__init__.py -> /root/ros_ws/build/turtlebot3_teleop/build/lib/turtlebot3_teleop/script
[2.105s] running install
[2.112s] running install_lib
[2.133s] creating /root/ros_ws/install/turtlebot3_teleop/lib/python3.12/site-packages/turtlebot3_teleop
[2.134s] creating /root/ros_ws/install/turtlebot3_teleop/lib/python3.12/site-packages/turtlebot3_teleop/script
[2.134s] copying /root/ros_ws/build/turtlebot3_teleop/build/lib/turtlebot3_teleop/script/teleop_keyboard.py -> /root/ros_ws/install/turtlebot3_teleop/lib/python3.12/site-packages/turtlebot3_teleop/script
[2.135s] copying /root/ros_ws/build/turtlebot3_teleop/build/lib/turtlebot3_teleop/script/__init__.py -> /root/ros_ws/install/turtlebot3_teleop/lib/python3.12/site-packages/turtlebot3_teleop/script
[2.135s] copying /root/ros_ws/build/turtlebot3_teleop/build/lib/turtlebot3_teleop/__init__.py -> /root/ros_ws/install/turtlebot3_teleop/lib/python3.12/site-packages/turtlebot3_teleop
[2.136s] byte-compiling /root/ros_ws/install/turtlebot3_teleop/lib/python3.12/site-packages/turtlebot3_teleop/script/teleop_keyboard.py to teleop_keyboard.cpython-312.pyc
[2.139s] byte-compiling /root/ros_ws/install/turtlebot3_teleop/lib/python3.12/site-packages/turtlebot3_teleop/script/__init__.py to __init__.cpython-312.pyc
[2.139s] byte-compiling /root/ros_ws/install/turtlebot3_teleop/lib/python3.12/site-packages/turtlebot3_teleop/__init__.py to __init__.cpython-312.pyc
[2.141s] running install_data
[2.141s] creating /root/ros_ws/install/turtlebot3_teleop/share/ament_index
[2.141s] creating /root/ros_ws/install/turtlebot3_teleop/share/ament_index/resource_index
[2.142s] creating /root/ros_ws/install/turtlebot3_teleop/share/ament_index/resource_index/packages
[2.142s] copying resource/turtlebot3_teleop -> /root/ros_ws/install/turtlebot3_teleop/share/ament_index/resource_index/packages
[2.143s] copying package.xml -> /root/ros_ws/install/turtlebot3_teleop/share/turtlebot3_teleop
[2.143s] running install_egg_info
[2.166s] Copying ../../../build/turtlebot3_teleop/turtlebot3_teleop.egg-info to /root/ros_ws/install/turtlebot3_teleop/lib/python3.12/site-packages/turtlebot3_teleop-2.3.3-py3.12.egg-info
[2.168s] running install_scripts
[2.306s] Installing teleop_keyboard script to /root/ros_ws/install/turtlebot3_teleop/lib/turtlebot3_teleop
[2.307s] writing list of installed files to '/root/ros_ws/build/turtlebot3_teleop/install.log'
