[0.311s] Invoking command in '/root/ros_ws/build/turtlebot3_gazebo': CMAKE_PREFIX_PATH=${CMAKE_PREFIX_PATH}:/root/ros_ws/install/turtlebot3_teleop:/root/ros_ws/install/turtlebot3_example:/opt/ros/jazzy /usr/bin/cmake --build /root/ros_ws/build/turtlebot3_gazebo -- -j12 -l12
[0.481s] [ 50%] Built target obstacles
[0.481s] [ 50%] Built target turtlebot3_drive
[0.482s] [100%] Built target obstacle2
[0.482s] [100%] Built target obstacle1
[0.778s] Invoked command in '/root/ros_ws/build/turtlebot3_gazebo' returned '0': CMAKE_PREFIX_PATH=${CMAKE_PREFIX_PATH}:/root/ros_ws/install/turtlebot3_teleop:/root/ros_ws/install/turtlebot3_example:/opt/ros/jazzy /usr/bin/cmake --build /root/ros_ws/build/turtlebot3_gazebo -- -j12 -l12
[0.780s] Invoking command in '/root/ros_ws/build/turtlebot3_gazebo': CMAKE_PREFIX_PATH=${CMAKE_PREFIX_PATH}:/root/ros_ws/install/turtlebot3_teleop:/root/ros_ws/install/turtlebot3_example:/opt/ros/jazzy /usr/bin/cmake --install /root/ros_ws/build/turtlebot3_gazebo
[0.835s] -- Install configuration: ""
[0.836s] -- Up-to-date: /root/ros_ws/install/turtlebot3_gazebo/lib/turtlebot3_gazebo/turtlebot3_drive
[0.836s] -- Up-to-date: /root/ros_ws/install/turtlebot3_gazebo/lib/turtlebot3_gazebo/libobstacles.so
[0.840s] -- Up-to-date: /root/ros_ws/install/turtlebot3_gazebo/lib/turtlebot3_gazebo/libobstacle1.so
[0.841s] -- Up-to-date: /root/ros_ws/install/turtlebot3_gazebo/lib/turtlebot3_gazebo/libobstacle2.so
[0.841s] -- Up-to-date: /root/ros_ws/install/turtlebot3_gazebo/share/turtlebot3_gazebo//launch
[0.841s] -- Up-to-date: /root/ros_ws/install/turtlebot3_gazebo/share/turtlebot3_gazebo//launch/turtlebot3_dqn_stage4.launch.py
[0.842s] -- Up-to-date: /root/ros_ws/install/turtlebot3_gazebo/share/turtlebot3_gazebo//launch/turtlebot3_dqn_stage1.launch.py
[0.842s] -- Up-to-date: /root/ros_ws/install/turtlebot3_gazebo/share/turtlebot3_gazebo//launch/turtlebot3_world.launch.py
[0.842s] -- Installing: /root/ros_ws/install/turtlebot3_gazebo/share/turtlebot3_gazebo//launch/spawn_turtlebot3.launch.py
[0.842s] -- Installing: /root/ros_ws/install/turtlebot3_gazebo/share/turtlebot3_gazebo//launch/empty_world.launch.py
[0.843s] -- Up-to-date: /root/ros_ws/install/turtlebot3_gazebo/share/turtlebot3_gazebo//launch/robot_state_publisher.launch.py
[0.843s] -- Up-to-date: /root/ros_ws/install/turtlebot3_gazebo/share/turtlebot3_gazebo//launch/turtlebot3_dqn_stage3.launch.py
[0.844s] -- Up-to-date: /root/ros_ws/install/turtlebot3_gazebo/share/turtlebot3_gazebo//launch/turtlebot3_dqn_stage2.launch.py
[0.844s] -- Up-to-date: /root/ros_ws/install/turtlebot3_gazebo/share/turtlebot3_gazebo//launch/turtlebot3_house.launch.py
[0.844s] -- Up-to-date: /root/ros_ws/install/turtlebot3_gazebo/share/turtlebot3_gazebo//launch/__pycache__
[0.845s] -- Up-to-date: /root/ros_ws/install/turtlebot3_gazebo/share/turtlebot3_gazebo//launch/__pycache__/turtlebot3_house.launch.cpython-312.pyc
[0.845s] -- Up-to-date: /root/ros_ws/install/turtlebot3_gazebo/share/turtlebot3_gazebo//launch/__pycache__/empty_world.launch.cpython-312.pyc
[0.845s] -- Up-to-date: /root/ros_ws/install/turtlebot3_gazebo/share/turtlebot3_gazebo//launch/__pycache__/spawn_turtlebot3.launch.cpython-312.pyc
[0.846s] -- Up-to-date: /root/ros_ws/install/turtlebot3_gazebo/share/turtlebot3_gazebo//models
[0.846s] -- Up-to-date: /root/ros_ws/install/turtlebot3_gazebo/share/turtlebot3_gazebo//models/turtlebot3_common
[0.847s] -- Up-to-date: /root/ros_ws/install/turtlebot3_gazebo/share/turtlebot3_gazebo//models/turtlebot3_common/model.config
[0.847s] -- Up-to-date: /root/ros_ws/install/turtlebot3_gazebo/share/turtlebot3_gazebo//models/turtlebot3_common/meshes
[0.847s] -- Up-to-date: /root/ros_ws/install/turtlebot3_gazebo/share/turtlebot3_gazebo//models/turtlebot3_common/meshes/sensors
[0.847s] -- Up-to-date: /root/ros_ws/install/turtlebot3_gazebo/share/turtlebot3_gazebo//models/turtlebot3_common/meshes/sensors/lds.stl
[0.848s] -- Up-to-date: /root/ros_ws/install/turtlebot3_gazebo/share/turtlebot3_gazebo//models/turtlebot3_common/meshes/sensors/r200.jpg
[0.848s] -- Up-to-date: /root/ros_ws/install/turtlebot3_gazebo/share/turtlebot3_gazebo//models/turtlebot3_common/meshes/sensors/astra.dae
[0.848s] -- Up-to-date: /root/ros_ws/install/turtlebot3_gazebo/share/turtlebot3_gazebo//models/turtlebot3_common/meshes/sensors/r200.dae
[0.849s] -- Up-to-date: /root/ros_ws/install/turtlebot3_gazebo/share/turtlebot3_gazebo//models/turtlebot3_common/meshes/sensors/astra.jpg
[0.849s] -- Up-to-date: /root/ros_ws/install/turtlebot3_gazebo/share/turtlebot3_gazebo//models/turtlebot3_common/meshes/waffle_pi_base.dae
[0.849s] -- Up-to-date: /root/ros_ws/install/turtlebot3_gazebo/share/turtlebot3_gazebo//models/turtlebot3_common/meshes/bases
[0.850s] -- Up-to-date: /root/ros_ws/install/turtlebot3_gazebo/share/turtlebot3_gazebo//models/turtlebot3_common/meshes/bases/waffle_pi_base.stl
[0.850s] -- Up-to-date: /root/ros_ws/install/turtlebot3_gazebo/share/turtlebot3_gazebo//models/turtlebot3_common/meshes/bases/waffle_base.stl
[0.850s] -- Up-to-date: /root/ros_ws/install/turtlebot3_gazebo/share/turtlebot3_gazebo//models/turtlebot3_common/meshes/bases/burger_base.stl
[0.851s] -- Up-to-date: /root/ros_ws/install/turtlebot3_gazebo/share/turtlebot3_gazebo//models/turtlebot3_common/meshes/tire.dae
[0.851s] -- Up-to-date: /root/ros_ws/install/turtlebot3_gazebo/share/turtlebot3_gazebo//models/turtlebot3_common/meshes/r200.dae
[0.852s] -- Up-to-date: /root/ros_ws/install/turtlebot3_gazebo/share/turtlebot3_gazebo//models/turtlebot3_common/meshes/lds.dae
[0.853s] -- Up-to-date: /root/ros_ws/install/turtlebot3_gazebo/share/turtlebot3_gazebo//models/turtlebot3_common/meshes/waffle_base.dae
[0.853s] -- Up-to-date: /root/ros_ws/install/turtlebot3_gazebo/share/turtlebot3_gazebo//models/turtlebot3_common/meshes/wheels
[0.853s] -- Up-to-date: /root/ros_ws/install/turtlebot3_gazebo/share/turtlebot3_gazebo//models/turtlebot3_common/meshes/wheels/right_tire.stl
[0.853s] -- Up-to-date: /root/ros_ws/install/turtlebot3_gazebo/share/turtlebot3_gazebo//models/turtlebot3_common/meshes/wheels/left_tire.stl
[0.854s] -- Up-to-date: /root/ros_ws/install/turtlebot3_gazebo/share/turtlebot3_gazebo//models/turtlebot3_common/meshes/burger_base.dae
[0.854s] -- Up-to-date: /root/ros_ws/install/turtlebot3_gazebo/share/turtlebot3_gazebo//models/turtlebot3_waffle
[0.854s] -- Up-to-date: /root/ros_ws/install/turtlebot3_gazebo/share/turtlebot3_gazebo//models/turtlebot3_waffle/model-1_4.sdf
[0.854s] -- Up-to-date: /root/ros_ws/install/turtlebot3_gazebo/share/turtlebot3_gazebo//models/turtlebot3_waffle/model.config
[0.855s] -- Up-to-date: /root/ros_ws/install/turtlebot3_gazebo/share/turtlebot3_gazebo//models/turtlebot3_waffle/model.sdf
[0.855s] -- Up-to-date: /root/ros_ws/install/turtlebot3_gazebo/share/turtlebot3_gazebo//models/turtlebot3_house
[0.855s] -- Up-to-date: /root/ros_ws/install/turtlebot3_gazebo/share/turtlebot3_gazebo//models/turtlebot3_house/first_2015_trash_can
[0.855s] -- Up-to-date: /root/ros_ws/install/turtlebot3_gazebo/share/turtlebot3_gazebo//models/turtlebot3_house/first_2015_trash_can/model.config
[0.856s] -- Up-to-date: /root/ros_ws/install/turtlebot3_gazebo/share/turtlebot3_gazebo//models/turtlebot3_house/first_2015_trash_can/meshes
[0.856s] -- Up-to-date: /root/ros_ws/install/turtlebot3_gazebo/share/turtlebot3_gazebo//models/turtlebot3_house/first_2015_trash_can/meshes/trash_can.dae
[0.856s] -- Up-to-date: /root/ros_ws/install/turtlebot3_gazebo/share/turtlebot3_gazebo//models/turtlebot3_house/first_2015_trash_can/model.sdf
[0.857s] -- Up-to-date: /root/ros_ws/install/turtlebot3_gazebo/share/turtlebot3_gazebo//models/turtlebot3_house/mailbox
[0.857s] -- Up-to-date: /root/ros_ws/install/turtlebot3_gazebo/share/turtlebot3_gazebo//models/turtlebot3_house/mailbox/model-1_3.sdf
[0.857s] -- Up-to-date: /root/ros_ws/install/turtlebot3_gazebo/share/turtlebot3_gazebo//models/turtlebot3_house/mailbox/materials
[0.857s] -- Up-to-date: /root/ros_ws/install/turtlebot3_gazebo/share/turtlebot3_gazebo//models/turtlebot3_house/mailbox/materials/scripts
[0.858s] -- Up-to-date: /root/ros_ws/install/turtlebot3_gazebo/share/turtlebot3_gazebo//models/turtlebot3_house/mailbox/materials/scripts/mailbox.material
[0.858s] -- Up-to-date: /root/ros_ws/install/turtlebot3_gazebo/share/turtlebot3_gazebo//models/turtlebot3_house/mailbox/materials/textures
[0.858s] -- Up-to-date: /root/ros_ws/install/turtlebot3_gazebo/share/turtlebot3_gazebo//models/turtlebot3_house/mailbox/materials/textures/Mailbox_Diffuse.tga.orig
[0.858s] -- Up-to-date: /root/ros_ws/install/turtlebot3_gazebo/share/turtlebot3_gazebo//models/turtlebot3_house/mailbox/materials/textures/Mailbox_Spec.png
[0.859s] -- Up-to-date: /root/ros_ws/install/turtlebot3_gazebo/share/turtlebot3_gazebo//models/turtlebot3_house/mailbox/materials/textures/Mailbox_Diffuse.png
[0.859s] -- Up-to-date: /root/ros_ws/install/turtlebot3_gazebo/share/turtlebot3_gazebo//models/turtlebot3_house/mailbox/model-1_4.sdf
[0.860s] -- Up-to-date: /root/ros_ws/install/turtlebot3_gazebo/share/turtlebot3_gazebo//models/turtlebot3_house/mailbox/model.config
[0.860s] -- Up-to-date: /root/ros_ws/install/turtlebot3_gazebo/share/turtlebot3_gazebo//models/turtlebot3_house/mailbox/meshes
[0.861s] -- Up-to-date: /root/ros_ws/install/turtlebot3_gazebo/share/turtlebot3_gazebo//models/turtlebot3_house/mailbox/meshes/mailbox.dae
[0.861s] -- Up-to-date: /root/ros_ws/install/turtlebot3_gazebo/share/turtlebot3_gazebo//models/turtlebot3_house/mailbox/model.sdf
[0.862s] -- Up-to-date: /root/ros_ws/install/turtlebot3_gazebo/share/turtlebot3_gazebo//models/turtlebot3_house/cafe_table
[0.862s] -- Up-to-date: /root/ros_ws/install/turtlebot3_gazebo/share/turtlebot3_gazebo//models/turtlebot3_house/cafe_table/materials
[0.862s] -- Up-to-date: /root/ros_ws/install/turtlebot3_gazebo/share/turtlebot3_gazebo//models/turtlebot3_house/cafe_table/materials/textures
[0.863s] -- Up-to-date: /root/ros_ws/install/turtlebot3_gazebo/share/turtlebot3_gazebo//models/turtlebot3_house/cafe_table/materials/textures/Maple.jpg
[0.863s] -- Up-to-date: /root/ros_ws/install/turtlebot3_gazebo/share/turtlebot3_gazebo//models/turtlebot3_house/cafe_table/materials/textures/Wood_Floor_Dark.jpg
[0.863s] -- Up-to-date: /root/ros_ws/install/turtlebot3_gazebo/share/turtlebot3_gazebo//models/turtlebot3_house/cafe_table/model-1_4.sdf
[0.864s] -- Up-to-date: /root/ros_ws/install/turtlebot3_gazebo/share/turtlebot3_gazebo//models/turtlebot3_house/cafe_table/model.config
[0.865s] -- Up-to-date: /root/ros_ws/install/turtlebot3_gazebo/share/turtlebot3_gazebo//models/turtlebot3_house/cafe_table/meshes
[0.865s] -- Up-to-date: /root/ros_ws/install/turtlebot3_gazebo/share/turtlebot3_gazebo//models/turtlebot3_house/cafe_table/meshes/cafe_table.dae
[0.865s] -- Up-to-date: /root/ros_ws/install/turtlebot3_gazebo/share/turtlebot3_gazebo//models/turtlebot3_house/cafe_table/model.sdf
[0.865s] -- Up-to-date: /root/ros_ws/install/turtlebot3_gazebo/share/turtlebot3_gazebo//models/turtlebot3_house/textures
[0.866s] -- Up-to-date: /root/ros_ws/install/turtlebot3_gazebo/share/turtlebot3_gazebo//models/turtlebot3_house/textures/wood.png
[0.866s] -- Up-to-date: /root/ros_ws/install/turtlebot3_gazebo/share/turtlebot3_gazebo//models/turtlebot3_house/textures/bricks.png
[0.866s] -- Up-to-date: /root/ros_ws/install/turtlebot3_gazebo/share/turtlebot3_gazebo//models/turtlebot3_house/model.config
[0.867s] -- Up-to-date: /root/ros_ws/install/turtlebot3_gazebo/share/turtlebot3_gazebo//models/turtlebot3_house/model.sdf
[0.867s] -- Up-to-date: /root/ros_ws/install/turtlebot3_gazebo/share/turtlebot3_gazebo//models/turtlebot3_house/table_marble
[0.867s] -- Up-to-date: /root/ros_ws/install/turtlebot3_gazebo/share/turtlebot3_gazebo//models/turtlebot3_house/table_marble/materials
[0.868s] -- Up-to-date: /root/ros_ws/install/turtlebot3_gazebo/share/turtlebot3_gazebo//models/turtlebot3_house/table_marble/materials/scripts
[0.868s] -- Up-to-date: /root/ros_ws/install/turtlebot3_gazebo/share/turtlebot3_gazebo//models/turtlebot3_house/table_marble/materials/scripts/table_lightmap.material
[0.869s] -- Up-to-date: /root/ros_ws/install/turtlebot3_gazebo/share/turtlebot3_gazebo//models/turtlebot3_house/table_marble/materials/textures
[0.869s] -- Up-to-date: /root/ros_ws/install/turtlebot3_gazebo/share/turtlebot3_gazebo//models/turtlebot3_house/table_marble/materials/textures/marble.png
[0.869s] -- Up-to-date: /root/ros_ws/install/turtlebot3_gazebo/share/turtlebot3_gazebo//models/turtlebot3_house/table_marble/materials/textures/table_lightmap.png
[0.870s] -- Up-to-date: /root/ros_ws/install/turtlebot3_gazebo/share/turtlebot3_gazebo//models/turtlebot3_house/table_marble/model-1_4.sdf
[0.870s] -- Up-to-date: /root/ros_ws/install/turtlebot3_gazebo/share/turtlebot3_gazebo//models/turtlebot3_house/table_marble/model.config
[0.870s] -- Up-to-date: /root/ros_ws/install/turtlebot3_gazebo/share/turtlebot3_gazebo//models/turtlebot3_house/table_marble/meshes
[0.871s] -- Up-to-date: /root/ros_ws/install/turtlebot3_gazebo/share/turtlebot3_gazebo//models/turtlebot3_house/table_marble/meshes/table_lightmap.dae
[0.871s] -- Up-to-date: /root/ros_ws/install/turtlebot3_gazebo/share/turtlebot3_gazebo//models/turtlebot3_house/table_marble/model.sdf
[0.871s] -- Up-to-date: /root/ros_ws/install/turtlebot3_gazebo/share/turtlebot3_gazebo//models/turtlebot3_dqn_world
[0.872s] -- Up-to-date: /root/ros_ws/install/turtlebot3_gazebo/share/turtlebot3_gazebo//models/turtlebot3_dqn_world/obstacle1
[0.872s] -- Up-to-date: /root/ros_ws/install/turtlebot3_gazebo/share/turtlebot3_gazebo//models/turtlebot3_dqn_world/obstacle1/model.config
[0.873s] -- Up-to-date: /root/ros_ws/install/turtlebot3_gazebo/share/turtlebot3_gazebo//models/turtlebot3_dqn_world/obstacle1/model.sdf
[0.874s] -- Up-to-date: /root/ros_ws/install/turtlebot3_gazebo/share/turtlebot3_gazebo//models/turtlebot3_dqn_world/inner_walls
[0.874s] -- Up-to-date: /root/ros_ws/install/turtlebot3_gazebo/share/turtlebot3_gazebo//models/turtlebot3_dqn_world/inner_walls/textures
[0.875s] -- Up-to-date: /root/ros_ws/install/turtlebot3_gazebo/share/turtlebot3_gazebo//models/turtlebot3_dqn_world/inner_walls/textures/wood.png
[0.875s] -- Up-to-date: /root/ros_ws/install/turtlebot3_gazebo/share/turtlebot3_gazebo//models/turtlebot3_dqn_world/inner_walls/model.config
[0.876s] -- Up-to-date: /root/ros_ws/install/turtlebot3_gazebo/share/turtlebot3_gazebo//models/turtlebot3_dqn_world/inner_walls/model.sdf
[0.876s] -- Up-to-date: /root/ros_ws/install/turtlebot3_gazebo/share/turtlebot3_gazebo//models/turtlebot3_dqn_world/obstacle2
[0.877s] -- Up-to-date: /root/ros_ws/install/turtlebot3_gazebo/share/turtlebot3_gazebo//models/turtlebot3_dqn_world/obstacle2/model.config
[0.877s] -- Up-to-date: /root/ros_ws/install/turtlebot3_gazebo/share/turtlebot3_gazebo//models/turtlebot3_dqn_world/obstacle2/model.sdf
[0.878s] -- Up-to-date: /root/ros_ws/install/turtlebot3_gazebo/share/turtlebot3_gazebo//models/turtlebot3_dqn_world/textures
[0.879s] -- Up-to-date: /root/ros_ws/install/turtlebot3_gazebo/share/turtlebot3_gazebo//models/turtlebot3_dqn_world/textures/wood.png
[0.880s] -- Up-to-date: /root/ros_ws/install/turtlebot3_gazebo/share/turtlebot3_gazebo//models/turtlebot3_dqn_world/model.config
[0.882s] -- Up-to-date: /root/ros_ws/install/turtlebot3_gazebo/share/turtlebot3_gazebo//models/turtlebot3_dqn_world/goal_box
[0.883s] -- Up-to-date: /root/ros_ws/install/turtlebot3_gazebo/share/turtlebot3_gazebo//models/turtlebot3_dqn_world/goal_box/model.config
[0.883s] -- Up-to-date: /root/ros_ws/install/turtlebot3_gazebo/share/turtlebot3_gazebo//models/turtlebot3_dqn_world/goal_box/model.sdf
[0.883s] -- Up-to-date: /root/ros_ws/install/turtlebot3_gazebo/share/turtlebot3_gazebo//models/turtlebot3_dqn_world/model.sdf
[0.883s] -- Up-to-date: /root/ros_ws/install/turtlebot3_gazebo/share/turtlebot3_gazebo//models/turtlebot3_dqn_world/obstacles
[0.884s] -- Up-to-date: /root/ros_ws/install/turtlebot3_gazebo/share/turtlebot3_gazebo//models/turtlebot3_dqn_world/obstacles/model.config
[0.884s] -- Up-to-date: /root/ros_ws/install/turtlebot3_gazebo/share/turtlebot3_gazebo//models/turtlebot3_dqn_world/obstacles/model.sdf
[0.885s] -- Up-to-date: /root/ros_ws/install/turtlebot3_gazebo/share/turtlebot3_gazebo//models/turtlebot3_waffle_pi
[0.886s] -- Up-to-date: /root/ros_ws/install/turtlebot3_gazebo/share/turtlebot3_gazebo//models/turtlebot3_waffle_pi/model-1_4_.sdf
[0.886s] -- Up-to-date: /root/ros_ws/install/turtlebot3_gazebo/share/turtlebot3_gazebo//models/turtlebot3_waffle_pi/model.config
[0.886s] -- Up-to-date: /root/ros_ws/install/turtlebot3_gazebo/share/turtlebot3_gazebo//models/turtlebot3_waffle_pi/model.sdf
[0.887s] -- Up-to-date: /root/ros_ws/install/turtlebot3_gazebo/share/turtlebot3_gazebo//models/turtlebot3_burger_cam
[0.887s] -- Up-to-date: /root/ros_ws/install/turtlebot3_gazebo/share/turtlebot3_gazebo//models/turtlebot3_burger_cam/model-1_4.sdf
[0.888s] -- Up-to-date: /root/ros_ws/install/turtlebot3_gazebo/share/turtlebot3_gazebo//models/turtlebot3_burger_cam/model.config
[0.888s] -- Up-to-date: /root/ros_ws/install/turtlebot3_gazebo/share/turtlebot3_gazebo//models/turtlebot3_burger_cam/model.sdf
[0.888s] -- Up-to-date: /root/ros_ws/install/turtlebot3_gazebo/share/turtlebot3_gazebo//models/turtlebot3_world
[0.889s] -- Up-to-date: /root/ros_ws/install/turtlebot3_gazebo/share/turtlebot3_gazebo//models/turtlebot3_world/model-1_4.sdf
[0.889s] -- Up-to-date: /root/ros_ws/install/turtlebot3_gazebo/share/turtlebot3_gazebo//models/turtlebot3_world/model.config
[0.889s] -- Up-to-date: /root/ros_ws/install/turtlebot3_gazebo/share/turtlebot3_gazebo//models/turtlebot3_world/meshes
[0.890s] -- Up-to-date: /root/ros_ws/install/turtlebot3_gazebo/share/turtlebot3_gazebo//models/turtlebot3_world/meshes/wall.dae
[0.890s] -- Up-to-date: /root/ros_ws/install/turtlebot3_gazebo/share/turtlebot3_gazebo//models/turtlebot3_world/meshes/hexagon.dae
[0.893s] -- Up-to-date: /root/ros_ws/install/turtlebot3_gazebo/share/turtlebot3_gazebo//models/turtlebot3_world/model.sdf
[0.894s] -- Up-to-date: /root/ros_ws/install/turtlebot3_gazebo/share/turtlebot3_gazebo//models/turtlebot3_burger
[0.894s] -- Up-to-date: /root/ros_ws/install/turtlebot3_gazebo/share/turtlebot3_gazebo//models/turtlebot3_burger/model-1_4.sdf
[0.894s] -- Up-to-date: /root/ros_ws/install/turtlebot3_gazebo/share/turtlebot3_gazebo//models/turtlebot3_burger/model.config
[0.898s] -- Up-to-date: /root/ros_ws/install/turtlebot3_gazebo/share/turtlebot3_gazebo//models/turtlebot3_burger/model.sdf
[0.899s] -- Up-to-date: /root/ros_ws/install/turtlebot3_gazebo/share/turtlebot3_gazebo//params
[0.900s] -- Up-to-date: /root/ros_ws/install/turtlebot3_gazebo/share/turtlebot3_gazebo//params/turtlebot3_waffle_pi_bridge.yaml
[0.901s] -- Up-to-date: /root/ros_ws/install/turtlebot3_gazebo/share/turtlebot3_gazebo//params/turtlebot3_waffle_bridge.yaml
[0.902s] -- Up-to-date: /root/ros_ws/install/turtlebot3_gazebo/share/turtlebot3_gazebo//params/turtlebot3_burger_cam_bridge.yaml
[0.902s] -- Up-to-date: /root/ros_ws/install/turtlebot3_gazebo/share/turtlebot3_gazebo//params/turtlebot3_burger_bridge.yaml
[0.902s] -- Up-to-date: /root/ros_ws/install/turtlebot3_gazebo/share/turtlebot3_gazebo//rviz
[0.902s] -- Up-to-date: /root/ros_ws/install/turtlebot3_gazebo/share/turtlebot3_gazebo//rviz/tb3_gazebo.rviz
[0.903s] -- Up-to-date: /root/ros_ws/install/turtlebot3_gazebo/share/turtlebot3_gazebo//urdf
[0.903s] -- Up-to-date: /root/ros_ws/install/turtlebot3_gazebo/share/turtlebot3_gazebo//urdf/common_properties.urdf
[0.904s] -- Up-to-date: /root/ros_ws/install/turtlebot3_gazebo/share/turtlebot3_gazebo//urdf/turtlebot3_burger_cam.urdf
[0.904s] -- Up-to-date: /root/ros_ws/install/turtlebot3_gazebo/share/turtlebot3_gazebo//urdf/turtlebot3_waffle_pi.urdf
[0.905s] -- Up-to-date: /root/ros_ws/install/turtlebot3_gazebo/share/turtlebot3_gazebo//urdf/turtlebot3_waffle.urdf
[0.905s] -- Up-to-date: /root/ros_ws/install/turtlebot3_gazebo/share/turtlebot3_gazebo//urdf/turtlebot3_burger.urdf
[0.905s] -- Up-to-date: /root/ros_ws/install/turtlebot3_gazebo/share/turtlebot3_gazebo//worlds
[0.905s] -- Up-to-date: /root/ros_ws/install/turtlebot3_gazebo/share/turtlebot3_gazebo//worlds/turtlebot3_world.world
[0.906s] -- Up-to-date: /root/ros_ws/install/turtlebot3_gazebo/share/turtlebot3_gazebo//worlds/turtlebot3_dqn_stage1.world
[0.906s] -- Up-to-date: /root/ros_ws/install/turtlebot3_gazebo/share/turtlebot3_gazebo//worlds/turtlebot3_dqn_stage4.world
[0.906s] -- Up-to-date: /root/ros_ws/install/turtlebot3_gazebo/share/turtlebot3_gazebo//worlds/empty_world.world
[0.907s] -- Up-to-date: /root/ros_ws/install/turtlebot3_gazebo/share/turtlebot3_gazebo//worlds/turtlebot3_dqn_stage3.world
[0.907s] -- Up-to-date: /root/ros_ws/install/turtlebot3_gazebo/share/turtlebot3_gazebo//worlds/turtlebot3_house.world
[0.907s] -- Up-to-date: /root/ros_ws/install/turtlebot3_gazebo/share/turtlebot3_gazebo//worlds/turtlebot3_dqn_stage2.world
[0.907s] -- Up-to-date: /root/ros_ws/install/turtlebot3_gazebo/share/turtlebot3_gazebo//worlds/turtlebot3_autorace_2020.world
[0.908s] -- Up-to-date: /root/ros_ws/install/turtlebot3_gazebo/include/
[0.908s] -- Up-to-date: /root/ros_ws/install/turtlebot3_gazebo/include//turtlebot3_gazebo
[0.908s] -- Up-to-date: /root/ros_ws/install/turtlebot3_gazebo/include//turtlebot3_gazebo/traffic_light_plugin.hpp
[0.909s] -- Up-to-date: /root/ros_ws/install/turtlebot3_gazebo/include//turtlebot3_gazebo/obstacle2.hpp
[0.909s] -- Up-to-date: /root/ros_ws/install/turtlebot3_gazebo/include//turtlebot3_gazebo/obstacles.hpp
[0.909s] -- Up-to-date: /root/ros_ws/install/turtlebot3_gazebo/include//turtlebot3_gazebo/traffic_bar_plugin.hpp
[0.910s] -- Up-to-date: /root/ros_ws/install/turtlebot3_gazebo/include//turtlebot3_gazebo/obstacle1.hpp
[0.910s] -- Up-to-date: /root/ros_ws/install/turtlebot3_gazebo/include//turtlebot3_gazebo/turtlebot3_drive.hpp
[0.910s] -- Up-to-date: /root/ros_ws/install/turtlebot3_gazebo/share/ament_index/resource_index/package_run_dependencies/turtlebot3_gazebo
[0.910s] -- Up-to-date: /root/ros_ws/install/turtlebot3_gazebo/share/ament_index/resource_index/parent_prefix_path/turtlebot3_gazebo
[0.911s] -- Up-to-date: /root/ros_ws/install/turtlebot3_gazebo/share/turtlebot3_gazebo/environment/ament_prefix_path.sh
[0.912s] -- Up-to-date: /root/ros_ws/install/turtlebot3_gazebo/share/turtlebot3_gazebo/environment/ament_prefix_path.dsv
[0.913s] -- Up-to-date: /root/ros_ws/install/turtlebot3_gazebo/share/turtlebot3_gazebo/environment/path.sh
[0.913s] -- Up-to-date: /root/ros_ws/install/turtlebot3_gazebo/share/turtlebot3_gazebo/environment/path.dsv
[0.914s] -- Up-to-date: /root/ros_ws/install/turtlebot3_gazebo/share/turtlebot3_gazebo/local_setup.bash
[0.914s] -- Up-to-date: /root/ros_ws/install/turtlebot3_gazebo/share/turtlebot3_gazebo/local_setup.sh
[0.914s] -- Up-to-date: /root/ros_ws/install/turtlebot3_gazebo/share/turtlebot3_gazebo/local_setup.zsh
[0.915s] -- Up-to-date: /root/ros_ws/install/turtlebot3_gazebo/share/turtlebot3_gazebo/local_setup.dsv
[0.915s] -- Installing: /root/ros_ws/install/turtlebot3_gazebo/share/turtlebot3_gazebo/package.dsv
[0.916s] -- Up-to-date: /root/ros_ws/install/turtlebot3_gazebo/share/ament_index/resource_index/packages/turtlebot3_gazebo
[0.918s] -- Up-to-date: /root/ros_ws/install/turtlebot3_gazebo/share/turtlebot3_gazebo/cmake/ament_cmake_export_include_directories-extras.cmake
[0.918s] -- Up-to-date: /root/ros_ws/install/turtlebot3_gazebo/share/turtlebot3_gazebo/cmake/ament_cmake_export_dependencies-extras.cmake
[0.918s] -- Up-to-date: /root/ros_ws/install/turtlebot3_gazebo/share/turtlebot3_gazebo/cmake/turtlebot3_gazeboConfig.cmake
[0.919s] -- Up-to-date: /root/ros_ws/install/turtlebot3_gazebo/share/turtlebot3_gazebo/cmake/turtlebot3_gazeboConfig-version.cmake
[0.919s] -- Up-to-date: /root/ros_ws/install/turtlebot3_gazebo/share/turtlebot3_gazebo/package.xml
[0.959s] Invoked command in '/root/ros_ws/build/turtlebot3_gazebo' returned '0': CMAKE_PREFIX_PATH=${CMAKE_PREFIX_PATH}:/root/ros_ws/install/turtlebot3_teleop:/root/ros_ws/install/turtlebot3_example:/opt/ros/jazzy /usr/bin/cmake --install /root/ros_ws/build/turtlebot3_gazebo
