/root/ros_ws/install/tb3_multi_nav/lib/python3.12/site-packages/tb3_multi_nav/tfs_republisher.py
/root/ros_ws/install/tb3_multi_nav/lib/python3.12/site-packages/tb3_multi_nav/map_republisher.py
/root/ros_ws/install/tb3_multi_nav/lib/python3.12/site-packages/tb3_multi_nav/__init__.py
/root/ros_ws/install/tb3_multi_nav/lib/python3.12/site-packages/tb3_multi_nav/__pycache__/tfs_republisher.cpython-312.pyc
/root/ros_ws/install/tb3_multi_nav/lib/python3.12/site-packages/tb3_multi_nav/__pycache__/map_republisher.cpython-312.pyc
/root/ros_ws/install/tb3_multi_nav/lib/python3.12/site-packages/tb3_multi_nav/__pycache__/__init__.cpython-312.pyc
/root/ros_ws/install/tb3_multi_nav/share/ament_index/resource_index/packages/tb3_multi_nav
/root/ros_ws/install/tb3_multi_nav/share/tb3_multi_nav/package.xml
/root/ros_ws/install/tb3_multi_nav/share/tb3_multi_nav/config/robot1_bridge.yaml
/root/ros_ws/install/tb3_multi_nav/share/tb3_multi_nav/config/robot2_bridge.yaml
/root/ros_ws/install/tb3_multi_nav/share/tb3_multi_nav/config/nav2_waffle_robot1.yaml
/root/ros_ws/install/tb3_multi_nav/share/tb3_multi_nav/config/nav2_waffle_robot2.yaml
/root/ros_ws/install/tb3_multi_nav/share/tb3_multi_nav/config/nav2_waffle.yaml
/root/ros_ws/install/tb3_multi_nav/share/tb3_multi_nav/config/map.yaml
/root/ros_ws/install/tb3_multi_nav/share/tb3_multi_nav/config/multi_nav.rviz
/root/ros_ws/install/tb3_multi_nav/share/tb3_multi_nav/launch/multi_tb3.launch.py
/root/ros_ws/install/tb3_multi_nav/lib/python3.12/site-packages/tb3_multi_nav-0.0.0-py3.12.egg-info/top_level.txt
/root/ros_ws/install/tb3_multi_nav/lib/python3.12/site-packages/tb3_multi_nav-0.0.0-py3.12.egg-info/SOURCES.txt
/root/ros_ws/install/tb3_multi_nav/lib/python3.12/site-packages/tb3_multi_nav-0.0.0-py3.12.egg-info/PKG-INFO
/root/ros_ws/install/tb3_multi_nav/lib/python3.12/site-packages/tb3_multi_nav-0.0.0-py3.12.egg-info/zip-safe
/root/ros_ws/install/tb3_multi_nav/lib/python3.12/site-packages/tb3_multi_nav-0.0.0-py3.12.egg-info/entry_points.txt
/root/ros_ws/install/tb3_multi_nav/lib/python3.12/site-packages/tb3_multi_nav-0.0.0-py3.12.egg-info/dependency_links.txt
/root/ros_ws/install/tb3_multi_nav/lib/python3.12/site-packages/tb3_multi_nav-0.0.0-py3.12.egg-info/requires.txt
/root/ros_ws/install/tb3_multi_nav/lib/tb3_multi_nav/tfs_republisher
