[0.088s] Invoking command in '/root/ros_ws/build/turtlebot3_node': CMAKE_PREFIX_PATH=${CMAKE_PREFIX_PATH}:/opt/ros/jazzy /usr/bin/cmake /root/ros_ws/src/turtlebot3/turtlebot3_node -DCMAKE_INSTALL_PREFIX=/root/ros_ws/install/turtlebot3_node
[0.381s] -- The C compiler identification is GNU 13.3.0
[0.523s] -- The CXX compiler identification is GNU 13.3.0
[0.565s] -- Detecting C compiler ABI info
[0.823s] -- Detecting C compiler ABI info - done
[0.879s] -- Check for working C compiler: /usr/bin/cc - skipped
[0.879s] -- Detecting C compile features
[0.879s] -- Detecting C compile features - done
[0.881s] -- Detecting CXX compiler ABI info
[1.147s] -- Detecting CXX compiler ABI info - done
[1.161s] -- Check for working CXX compiler: /usr/bin/c++ - skipped
[1.164s] -- Detecting CXX compile features
[1.164s] -- Detecting CXX compile features - done
[1.175s] -- Found ament_cmake: 2.5.4 (/opt/ros/jazzy/share/ament_cmake/cmake)
[1.501s] -- Found Python3: /usr/bin/python3 (found version "3.12.3") found components: Interpreter 
[1.812s] [31mCMake Error at CMakeLists.txt:20 (find_package):
[1.812s]   By not providing "Finddynamixel_sdk.cmake" in CMAKE_MODULE_PATH this
[1.812s]   project has asked CMake to find a package configuration file provided by
[1.812s]   "dynamixel_sdk", but CMake did not find one.
[1.812s] 
[1.813s]   Could not find a package configuration file provided by "dynamixel_sdk"
[1.813s]   with any of the following names:
[1.813s] 
[1.813s]     dynamixel_sdkConfig.cmake
[1.813s]     dynamixel_sdk-config.cmake
[1.813s] 
[1.813s]   Add the installation prefix of "dynamixel_sdk" to CMAKE_PREFIX_PATH or set
[1.813s]   "dynamixel_sdk_DIR" to a directory containing one of the above files.  If
[1.813s]   "dynamixel_sdk" provides a separate development package or SDK, be sure it
[1.813s]   has been installed.
[1.813s] 
[1.813s] [0m
[1.813s] -- Configuring incomplete, errors occurred!
[1.823s] Invoked command in '/root/ros_ws/build/turtlebot3_node' returned '1': CMAKE_PREFIX_PATH=${CMAKE_PREFIX_PATH}:/opt/ros/jazzy /usr/bin/cmake /root/ros_ws/src/turtlebot3/turtlebot3_node -DCMAKE_INSTALL_PREFIX=/root/ros_ws/install/turtlebot3_node
