[0.466s] Invoking command in '/root/ros_ws/build/turtlebot3_gazebo': CMAKE_PREFIX_PATH=${CMAKE_PREFIX_PATH}:/root/ros_ws/install/turtlebot3_teleop:/root/ros_ws/install/turtlebot3_example:/root/ros_ws/install/tb3_multi_nav:/opt/ros/jazzy /usr/bin/cmake /root/ros_ws/src/turtlebot3_gazebo -DCMAKE_INSTALL_PREFIX=/root/ros_ws/install/turtlebot3_gazebo
[0.522s] -- The C compiler identification is GNU 13.3.0
[0.579s] -- The CXX compiler identification is GNU 13.3.0
[0.597s] -- Detecting C compiler ABI info
[0.683s] -- Detecting C compiler ABI info - done
[0.695s] -- Check for working C compiler: /usr/bin/cc - skipped
[0.695s] -- Detecting C compile features
[0.696s] -- Detecting C compile features - done
[0.705s] -- Detecting CXX compiler ABI info
[0.805s] -- Detecting CXX compiler ABI info - done
[0.816s] -- Check for working CXX compiler: /usr/bin/c++ - skipped
[0.816s] -- Detecting CXX compile features
[0.817s] -- Detecting CXX compile features - done
[0.824s] -- Found ament_cmake: 2.5.4 (/opt/ros/jazzy/share/ament_cmake/cmake)
[0.977s] -- Found Python3: /usr/bin/python3 (found version "3.12.3") found components: Interpreter 
[1.122s] -- Found ros_gz_sim: 1.0.16 (/opt/ros/jazzy/share/ros_gz_sim/cmake)
[1.194s] -- Found rosidl_generator_c: 4.6.6 (/opt/ros/jazzy/share/rosidl_generator_c/cmake)
[1.218s] -- Found rosidl_generator_cpp: 4.6.6 (/opt/ros/jazzy/share/rosidl_generator_cpp/cmake)
[1.236s] -- Using all available rosidl_typesupport_c: rosidl_typesupport_fastrtps_c;rosidl_typesupport_introspection_c
[1.255s] -- Using all available rosidl_typesupport_cpp: rosidl_typesupport_fastrtps_cpp;rosidl_typesupport_introspection_cpp
[1.377s] -- Found rmw_implementation_cmake: 7.3.2 (/opt/ros/jazzy/share/rmw_implementation_cmake/cmake)
[1.385s] -- Found rmw_fastrtps_cpp: 8.4.3 (/opt/ros/jazzy/share/rmw_fastrtps_cpp/cmake)
[1.500s] -- Found OpenSSL: /usr/lib/x86_64-linux-gnu/libcrypto.so (found version "3.0.13")  
[1.520s] -- Found FastRTPS: /opt/ros/jazzy/include (Required is at least version "2.13") 
[1.539s] -- Using RMW implementation 'rmw_fastrtps_cpp' as default
[1.839s] -- Found nav_msgs: 5.3.6 (/opt/ros/jazzy/share/nav_msgs/cmake)
[1.860s] -- Found sensor_msgs: 5.3.6 (/opt/ros/jazzy/share/sensor_msgs/cmake)
[1.881s] -- Found gz_math_vendor: 0.0.8 (/opt/ros/jazzy/share/gz_math_vendor/cmake)
[1.900s] -- Looking for gz-math7 -- found version 7.5.2
[1.918s] -- Searching for dependencies of gz-math7
[1.921s] -- Looking for gz-utils2 -- found version 2.2.1
[1.921s] -- Searching for dependencies of gz-utils2
[1.928s] -- Found gz_sim_vendor: 0.0.8 (/opt/ros/jazzy/share/gz_sim_vendor/cmake)
[2.010s] -- Looking for gz-sim8 -- found version 8.9.0
[2.010s] -- Searching for dependencies of gz-sim8
[2.014s] -- Looking for sdformat14 -- found version 14.8.0
[2.015s] -- Searching for dependencies of sdformat14
[2.020s] -- Checking for module 'tinyxml2'
[2.036s] --   Found tinyxml2, version 10.0.0
[2.074s] -- Looking for gz-math7 -- found version 7.5.2
[2.074s] -- Looking for gz-utils2 -- found version 2.2.1
[2.074s] -- Searching for dependencies of gz-utils2
[2.075s] -- Searching for <gz-utils2> component [cli]
[2.080s] -- Looking for gz-utils2-cli -- found version 2.2.1
[2.080s] -- Searching for dependencies of gz-utils2-cli
[2.090s] -- Looking for gz-plugin2 -- found version 2.0.4
[2.090s] -- Searching for dependencies of gz-plugin2
[2.091s] -- Looking for gz-utils2 -- found version 2.2.1
[2.092s] -- Searching for <gz-plugin2> component [loader]
[2.101s] -- Looking for gz-plugin2-loader -- found version 2.0.4
[2.101s] -- Searching for dependencies of gz-plugin2-loader
[2.102s] -- Searching for <gz-plugin2> component [register]
[2.107s] -- Looking for gz-plugin2-register -- found version 2.0.4
[2.107s] -- Searching for dependencies of gz-plugin2-register
[2.116s] -- Looking for gz-transport13 -- found version 13.4.1
[2.117s] -- Searching for dependencies of gz-transport13
[2.308s] -- Found Protobuf: /usr/lib/x86_64-linux-gnu/libprotobuf.so (found version "3.21.12") 
[2.326s] -- Config-file not installed for ZeroMQ -- checking for pkg-config
[2.330s] -- Checking for module 'libzmq >= 4'
[2.350s] --   Found libzmq, version 4.3.5
[2.409s] -- Found ZeroMQ: TRUE (Required is at least version "4") 
[2.417s] -- Checking for module 'uuid'
[2.436s] --   Found uuid, version 2.39.3
[2.482s] -- Found UUID: TRUE  
[2.482s] -- Looking for gz-utils2 -- found version 2.2.1
[2.488s] -- Looking for gz-msgs10 -- found version 10.3.2
[2.488s] -- Searching for dependencies of gz-msgs10
[2.510s] -- Looking for gz-utils2 -- found version 2.2.1
[2.511s] -- Looking for gz-math7 -- found version 7.5.2
[2.520s] -- Searching for <gz-transport13> component [log]
[2.524s] -- Looking for gz-transport13-log -- found version 13.4.1
[2.524s] -- Searching for dependencies of gz-transport13-log
[2.526s] -- Searching for <gz-transport13> component [parameters]
[2.531s] -- Looking for gz-transport13-parameters -- found version 13.4.1
[2.531s] -- Searching for dependencies of gz-transport13-parameters
[2.533s] -- Looking for gz-msgs10 -- found version 10.3.2
[2.540s] -- Looking for gz-common5 -- found version 5.7.1
[2.540s] -- Searching for dependencies of gz-common5
[2.541s] -- Looking for gz-utils2 -- found version 2.2.1
[2.542s] -- Looking for dlfcn.h - found
[2.544s] -- Looking for libdl - found
[2.545s] -- Found DL: TRUE  
[2.554s] -- Searching for <gz-common5> component [av]
[2.558s] -- Looking for gz-common5-av -- found version 5.7.1
[2.558s] -- Searching for dependencies of gz-common5-av
[2.563s] -- Checking for module 'libswscale'
[2.581s] --   Found libswscale, version 7.5.100
[2.623s] -- Found SWSCALE: TRUE  
[2.630s] -- Checking for module 'libavdevice >= 56.4.100'
[2.653s] --   Found libavdevice, version 60.3.100
[2.720s] -- Found AVDEVICE: TRUE (Required is at least version "56.4.100") 
[2.729s] -- Checking for module 'libavformat'
[2.752s] --   Found libavformat, version 60.16.100
[2.805s] -- Found AVFORMAT: TRUE  
[2.814s] -- Checking for module 'libavcodec'
[2.836s] --   Found libavcodec, version 60.31.102
[2.893s] -- Found AVCODEC: TRUE  
[2.901s] -- Checking for module 'libavutil'
[2.925s] --   Found libavutil, version 58.29.100
[2.977s] -- Found AVUTIL: TRUE  
[2.980s] -- Searching for <gz-common5> component [events]
[2.987s] -- Looking for gz-common5-events -- found version 5.7.1
[2.988s] -- Searching for dependencies of gz-common5-events
[2.989s] -- Looking for gz-math7 -- found version 7.5.2
[2.991s] -- Searching for <gz-common5> component [graphics]
[2.997s] -- Looking for gz-common5-graphics -- found version 5.7.1
[2.998s] -- Searching for dependencies of gz-common5-graphics
[2.998s] -- Looking for gz-math7 -- found version 7.5.2
[3.011s] -- Found GzAssimp: TRUE (found version "5.3.0") 
[3.013s] -- Searching for <gz-common5> component [io]
[3.020s] -- Looking for gz-common5-io -- found version 5.7.1
[3.020s] -- Searching for dependencies of gz-common5-io
[3.022s] -- Searching for <gz-common5> component [profiler]
[3.029s] -- Looking for gz-common5-profiler -- found version 5.7.1
[3.030s] -- Searching for dependencies of gz-common5-profiler
[3.036s] -- Looking for gz-fuel_tools9 -- found version 9.1.1
[3.036s] -- Searching for dependencies of gz-fuel_tools9
[3.163s] -- Found CURL: /usr/lib/x86_64-linux-gnu/libcurl.so (found version "8.5.0")  
[3.184s] -- Checking for module 'jsoncpp'
[3.213s] --   Found jsoncpp, version 1.9.5
[3.269s] -- Found JSONCPP: TRUE  
[3.301s] -- Checking for module 'yaml-0.1'
[3.328s] --   Found yaml-0.1, version 0.2.5
[3.379s] -- Found YAML: TRUE  
[3.386s] -- Checking for module 'libzip'
[3.415s] --   Found libzip, version 1.7.3
[3.469s] -- Found ZIP: TRUE  
[3.470s] -- Looking for gz-utils2 -- found version 2.2.1
[3.471s] -- Looking for gz-common5 -- found version 5.7.1
[3.471s] -- Searching for dependencies of gz-common5
[3.472s] -- Looking for gz-utils2 -- found version 2.2.1
[3.472s] -- Looking for dlfcn.h - found
[3.472s] -- Looking for libdl - found
[3.485s] -- Searching for <gz-common5> component [testing]
[3.492s] -- Looking for gz-common5-testing -- found version 5.7.1
[3.492s] -- Searching for dependencies of gz-common5-testing
[3.495s] -- Looking for gz-math7 -- found version 7.5.2
[3.496s] -- Looking for gz-msgs10 -- found version 10.3.2
[3.505s] -- Looking for gz-gui8 -- found version 8.4.0
[3.505s] -- Searching for dependencies of gz-gui8
[3.541s] -- Looking for gz-utils2 -- found version 2.2.1
[3.541s] -- Looking for gz-math7 -- found version 7.5.2
[3.542s] -- Looking for gz-common5 -- found version 5.7.1
[3.542s] -- Looking for gz-plugin2 -- found version 2.0.4
[3.542s] -- Looking for gz-transport13 -- found version 13.4.1
[3.548s] -- Looking for gz-rendering8 -- found version 8.2.2
[3.548s] -- Searching for dependencies of gz-rendering8
[3.549s] -- Looking for gz-math7 -- found version 7.5.2
[3.549s] -- Searching for dependencies of gz-math7
[3.550s] -- Looking for gz-utils2 -- found version 2.2.1
[3.550s] -- Searching for <gz-math7> component [eigen3]
[3.558s] -- Looking for gz-math7-eigen3 -- found version 7.5.2
[3.559s] -- Searching for dependencies of gz-math7-eigen3
[3.582s] -- Looking for gz-common5 -- found version 5.7.1
[3.583s] -- Searching for dependencies of gz-common5
[3.583s] -- Looking for gz-utils2 -- found version 2.2.1
[3.584s] -- Looking for dlfcn.h - found
[3.584s] -- Looking for libdl - found
[3.596s] -- Searching for <gz-common5> component [graphics]
[3.596s] -- Searching for <gz-common5> component [events]
[3.596s] -- Searching for <gz-common5> component [geospatial]
[3.600s] -- Looking for gz-common5-geospatial -- found version 5.7.1
[3.600s] -- Searching for dependencies of gz-common5-geospatial
[3.601s] -- Looking for gz-math7 -- found version 7.5.2
[3.602s] -- Looking for gz-common5 -- found version 5.7.1
[3.605s] -- Looking for gz-plugin2 -- found version 2.0.4
[3.605s] -- Searching for dependencies of gz-plugin2
[3.606s] -- Looking for gz-utils2 -- found version 2.2.1
[3.606s] -- Searching for <gz-plugin2> component [all]
[3.613s] -- Looking for all libraries of gz-plugin2 -- found version 2.0.4
[3.614s] -- Looking for gz-plugin2 -- found version 2.0.4
[3.616s] -- Looking for gz-utils2 -- found version 2.2.1
[3.645s] -- Found OpenGL: /usr/lib/x86_64-linux-gnu/libOpenGL.so  found components: OpenGL 
[3.648s] -- Looking for gz-msgs10 -- found version 10.3.2
[3.733s] -- Looking for gz-physics7 -- found version 7.5.0
[3.733s] -- Searching for dependencies of gz-physics7
[3.733s] -- Looking for gz-common5 -- found version 5.7.1
[3.734s] -- Looking for gz-math7 -- found version 7.5.2
[3.735s] -- Looking for gz-plugin2 -- found version 2.0.4
[3.735s] -- Looking for gz-utils2 -- found version 2.2.1
[3.739s] -- Searching for <gz-physics7> component [heightmap]
[3.744s] -- Looking for gz-physics7-heightmap -- found version 7.5.0
[3.745s] -- Searching for dependencies of gz-physics7-heightmap
[3.745s] -- Looking for gz-common5 -- found version 5.7.1
[3.747s] -- Searching for <gz-physics7> component [mesh]
[3.753s] -- Looking for gz-physics7-mesh -- found version 7.5.0
[3.753s] -- Searching for dependencies of gz-physics7-mesh
[3.754s] -- Looking for gz-common5 -- found version 5.7.1
[3.755s] -- Searching for <gz-physics7> component [sdf]
[3.761s] -- Looking for gz-physics7-sdf -- found version 7.5.0
[3.761s] -- Searching for dependencies of gz-physics7-sdf
[3.761s] -- Looking for sdformat14 -- found version 14.8.0
[3.773s] -- Looking for gz-sensors8 -- found version 8.2.2
[3.773s] -- Searching for dependencies of gz-sensors8
[3.807s] -- Looking for gz-math7 -- found version 7.5.2
[3.808s] -- Looking for gz-common5 -- found version 5.7.1
[3.809s] -- Looking for gz-transport13 -- found version 13.4.1
[3.810s] -- Looking for gz-rendering8 -- found version 8.2.2
[3.810s] -- Looking for gz-msgs10 -- found version 10.3.2
[3.811s] -- Looking for sdformat14 -- found version 14.8.0
[3.813s] -- Searching for <gz-sensors8> component [air_pressure]
[3.820s] -- Looking for gz-sensors8-air_pressure -- found version 8.2.2
[3.820s] -- Searching for dependencies of gz-sensors8-air_pressure
[3.822s] -- Searching for <gz-sensors8> component [air_speed]
[3.835s] -- Looking for gz-sensors8-air_speed -- found version 8.2.2
[3.836s] -- Searching for dependencies of gz-sensors8-air_speed
[3.837s] -- Searching for <gz-sensors8> component [altimeter]
[3.843s] -- Looking for gz-sensors8-altimeter -- found version 8.2.2
[3.843s] -- Searching for dependencies of gz-sensors8-altimeter
[3.845s] -- Searching for <gz-sensors8> component [imu]
[3.851s] -- Looking for gz-sensors8-imu -- found version 8.2.2
[3.851s] -- Searching for dependencies of gz-sensors8-imu
[3.853s] -- Searching for <gz-sensors8> component [force_torque]
[3.859s] -- Looking for gz-sensors8-force_torque -- found version 8.2.2
[3.859s] -- Searching for dependencies of gz-sensors8-force_torque
[3.861s] -- Searching for <gz-sensors8> component [logical_camera]
[3.867s] -- Looking for gz-sensors8-logical_camera -- found version 8.2.2
[3.867s] -- Searching for dependencies of gz-sensors8-logical_camera
[3.869s] -- Searching for <gz-sensors8> component [magnetometer]
[3.874s] -- Looking for gz-sensors8-magnetometer -- found version 8.2.2
[3.875s] -- Searching for dependencies of gz-sensors8-magnetometer
[3.876s] -- Searching for <gz-sensors8> component [navsat]
[3.881s] -- Looking for gz-sensors8-navsat -- found version 8.2.2
[3.882s] -- Searching for dependencies of gz-sensors8-navsat
[3.883s] -- Searching for <gz-sensors8> component [dvl]
[3.889s] -- Looking for gz-sensors8-dvl -- found version 8.2.2
[3.889s] -- Searching for dependencies of gz-sensors8-dvl
[3.890s] -- Looking for gz-sensors8 -- found version 8.2.2
[3.890s] -- Searching for dependencies of gz-sensors8
[3.931s] -- Looking for gz-math7 -- found version 7.5.2
[3.931s] -- Looking for gz-common5 -- found version 5.7.1
[3.932s] -- Looking for gz-transport13 -- found version 13.4.1
[3.933s] -- Looking for gz-rendering8 -- found version 8.2.2
[3.933s] -- Looking for gz-msgs10 -- found version 10.3.2
[3.934s] -- Looking for sdformat14 -- found version 14.8.0
[3.934s] -- Searching for <gz-sensors8> component [rendering]
[3.938s] -- Looking for gz-sensors8-rendering -- found version 8.2.2
[3.939s] -- Searching for dependencies of gz-sensors8-rendering
[3.942s] -- Searching for <gz-sensors8> component [rendering]
[3.942s] -- Searching for <gz-sensors8> component [lidar]
[3.947s] -- Looking for gz-sensors8-lidar -- found version 8.2.2
[3.947s] -- Searching for dependencies of gz-sensors8-lidar
[3.948s] -- Looking for gz-sensors8 -- found version 8.2.2
[3.950s] -- Searching for <gz-sensors8> component [gpu_lidar]
[3.956s] -- Looking for gz-sensors8-gpu_lidar -- found version 8.2.2
[3.956s] -- Searching for dependencies of gz-sensors8-gpu_lidar
[3.957s] -- Looking for gz-sensors8 -- found version 8.2.2
[3.959s] -- Searching for <gz-sensors8> component [camera]
[3.964s] -- Looking for gz-sensors8-camera -- found version 8.2.2
[3.964s] -- Searching for dependencies of gz-sensors8-camera
[3.964s] -- Looking for gz-sensors8 -- found version 8.2.2
[3.967s] -- Searching for <gz-sensors8> component [boundingbox_camera]
[3.973s] -- Looking for gz-sensors8-boundingbox_camera -- found version 8.2.2
[3.973s] -- Searching for dependencies of gz-sensors8-boundingbox_camera
[3.975s] -- Searching for <gz-sensors8> component [segmentation_camera]
[3.982s] -- Looking for gz-sensors8-segmentation_camera -- found version 8.2.2
[3.982s] -- Searching for dependencies of gz-sensors8-segmentation_camera
[3.983s] -- Searching for <gz-sensors8> component [depth_camera]
[3.988s] -- Looking for gz-sensors8-depth_camera -- found version 8.2.2
[3.988s] -- Searching for dependencies of gz-sensors8-depth_camera
[3.989s] -- Looking for gz-sensors8 -- found version 8.2.2
[3.992s] -- Searching for <gz-sensors8> component [rgbd_camera]
[3.998s] -- Looking for gz-sensors8-rgbd_camera -- found version 8.2.2
[3.998s] -- Searching for dependencies of gz-sensors8-rgbd_camera
[3.998s] -- Looking for gz-sensors8 -- found version 8.2.2
[4.000s] -- Searching for <gz-sensors8> component [thermal_camera]
[4.005s] -- Looking for gz-sensors8-thermal_camera -- found version 8.2.2
[4.005s] -- Searching for dependencies of gz-sensors8-thermal_camera
[4.005s] -- Looking for gz-sensors8 -- found version 8.2.2
[4.007s] -- Searching for <gz-sensors8> component [wide_angle_camera]
[4.013s] -- Looking for gz-sensors8-wide_angle_camera -- found version 8.2.2
[4.013s] -- Searching for dependencies of gz-sensors8-wide_angle_camera
[4.016s] -- Looking for gz-rendering8 -- found version 8.2.2
[4.016s] -- Looking for gz-math7 -- found version 7.5.2
[4.017s] -- Looking for gz-utils2 -- found version 2.2.1
[4.059s] -- Looking for gz-plugin2 -- found version 2.0.4
[4.219s] -- Configuring done (3.7s)
[4.319s] -- Generating done (0.1s)
[4.331s] -- Build files have been written to: /root/ros_ws/build/turtlebot3_gazebo
[4.356s] Invoked command in '/root/ros_ws/build/turtlebot3_gazebo' returned '0': CMAKE_PREFIX_PATH=${CMAKE_PREFIX_PATH}:/root/ros_ws/install/turtlebot3_teleop:/root/ros_ws/install/turtlebot3_example:/root/ros_ws/install/tb3_multi_nav:/opt/ros/jazzy /usr/bin/cmake /root/ros_ws/src/turtlebot3_gazebo -DCMAKE_INSTALL_PREFIX=/root/ros_ws/install/turtlebot3_gazebo
[4.357s] Invoking command in '/root/ros_ws/build/turtlebot3_gazebo': CMAKE_PREFIX_PATH=${CMAKE_PREFIX_PATH}:/root/ros_ws/install/turtlebot3_teleop:/root/ros_ws/install/turtlebot3_example:/root/ros_ws/install/tb3_multi_nav:/opt/ros/jazzy /usr/bin/cmake --build /root/ros_ws/build/turtlebot3_gazebo -- -j16 -l16
[4.435s] [ 25%] [32mBuilding CXX object CMakeFiles/turtlebot3_drive.dir/src/turtlebot3_drive.cpp.o[0m
[4.436s] [ 25%] [32mBuilding CXX object CMakeFiles/obstacle1.dir/src/obstacle1.cpp.o[0m
[4.436s] [ 37%] [32mBuilding CXX object CMakeFiles/obstacle2.dir/src/obstacle2.cpp.o[0m
[4.441s] [ 50%] [32mBuilding CXX object CMakeFiles/obstacles.dir/src/obstacles.cpp.o[0m
[8.081s] [ 62%] [32m[1mLinking CXX shared library libobstacle1.so[0m
[8.133s] [ 75%] [32m[1mLinking CXX shared library libobstacle2.so[0m
[8.398s] [ 75%] Built target obstacle1
[8.424s] [ 75%] Built target obstacle2
[8.858s] [ 87%] [32m[1mLinking CXX shared library libobstacles.so[0m
[9.101s] [ 87%] Built target obstacles
[15.039s] [100%] [32m[1mLinking CXX executable turtlebot3_drive[0m
[15.391s] [100%] Built target turtlebot3_drive
[15.401s] Invoked command in '/root/ros_ws/build/turtlebot3_gazebo' returned '0': CMAKE_PREFIX_PATH=${CMAKE_PREFIX_PATH}:/root/ros_ws/install/turtlebot3_teleop:/root/ros_ws/install/turtlebot3_example:/root/ros_ws/install/tb3_multi_nav:/opt/ros/jazzy /usr/bin/cmake --build /root/ros_ws/build/turtlebot3_gazebo -- -j16 -l16
[15.403s] Invoking command in '/root/ros_ws/build/turtlebot3_gazebo': CMAKE_PREFIX_PATH=${CMAKE_PREFIX_PATH}:/root/ros_ws/install/turtlebot3_teleop:/root/ros_ws/install/turtlebot3_example:/root/ros_ws/install/tb3_multi_nav:/opt/ros/jazzy /usr/bin/cmake --install /root/ros_ws/build/turtlebot3_gazebo
[15.410s] -- Install configuration: ""
[15.410s] -- Installing: /root/ros_ws/install/turtlebot3_gazebo/lib/turtlebot3_gazebo/turtlebot3_drive
[15.416s] -- Set non-toolchain portion of runtime path of "/root/ros_ws/install/turtlebot3_gazebo/lib/turtlebot3_gazebo/turtlebot3_drive" to ""
[15.416s] -- Installing: /root/ros_ws/install/turtlebot3_gazebo/lib/turtlebot3_gazebo/libobstacles.so
[15.416s] -- Set non-toolchain portion of runtime path of "/root/ros_ws/install/turtlebot3_gazebo/lib/turtlebot3_gazebo/libobstacles.so" to ""
[15.416s] -- Installing: /root/ros_ws/install/turtlebot3_gazebo/lib/turtlebot3_gazebo/libobstacle1.so
[15.417s] -- Set non-toolchain portion of runtime path of "/root/ros_ws/install/turtlebot3_gazebo/lib/turtlebot3_gazebo/libobstacle1.so" to ""
[15.417s] -- Installing: /root/ros_ws/install/turtlebot3_gazebo/lib/turtlebot3_gazebo/libobstacle2.so
[15.417s] -- Set non-toolchain portion of runtime path of "/root/ros_ws/install/turtlebot3_gazebo/lib/turtlebot3_gazebo/libobstacle2.so" to ""
[15.417s] -- Installing: /root/ros_ws/install/turtlebot3_gazebo/share/turtlebot3_gazebo//launch
[15.418s] -- Installing: /root/ros_ws/install/turtlebot3_gazebo/share/turtlebot3_gazebo//launch/turtlebot3_dqn_stage2.launch.py
[15.419s] -- Installing: /root/ros_ws/install/turtlebot3_gazebo/share/turtlebot3_gazebo//launch/turtlebot3_dqn_stage1.launch.py
[15.419s] -- Installing: /root/ros_ws/install/turtlebot3_gazebo/share/turtlebot3_gazebo//launch/turtlebot3_house.launch.py
[15.419s] -- Installing: /root/ros_ws/install/turtlebot3_gazebo/share/turtlebot3_gazebo//launch/turtlebot3_world.launch.py
[15.419s] -- Installing: /root/ros_ws/install/turtlebot3_gazebo/share/turtlebot3_gazebo//launch/robot_state_publisher.launch.py
[15.419s] -- Installing: /root/ros_ws/install/turtlebot3_gazebo/share/turtlebot3_gazebo//launch/spawn_turtlebot3.launch.py
[15.420s] -- Installing: /root/ros_ws/install/turtlebot3_gazebo/share/turtlebot3_gazebo//launch/turtlebot3_dqn_stage3.launch.py
[15.420s] -- Installing: /root/ros_ws/install/turtlebot3_gazebo/share/turtlebot3_gazebo//launch/empty_world.launch.py
[15.420s] -- Installing: /root/ros_ws/install/turtlebot3_gazebo/share/turtlebot3_gazebo//launch/turtlebot3_dqn_stage4.launch.py
[15.420s] -- Installing: /root/ros_ws/install/turtlebot3_gazebo/share/turtlebot3_gazebo//models
[15.420s] -- Installing: /root/ros_ws/install/turtlebot3_gazebo/share/turtlebot3_gazebo//models/turtlebot3_world
[15.421s] -- Installing: /root/ros_ws/install/turtlebot3_gazebo/share/turtlebot3_gazebo//models/turtlebot3_world/meshes
[15.421s] -- Installing: /root/ros_ws/install/turtlebot3_gazebo/share/turtlebot3_gazebo//models/turtlebot3_world/meshes/wall.dae
[15.421s] -- Installing: /root/ros_ws/install/turtlebot3_gazebo/share/turtlebot3_gazebo//models/turtlebot3_world/meshes/hexagon.dae
[15.422s] -- Installing: /root/ros_ws/install/turtlebot3_gazebo/share/turtlebot3_gazebo//models/turtlebot3_world/model.config
[15.422s] -- Installing: /root/ros_ws/install/turtlebot3_gazebo/share/turtlebot3_gazebo//models/turtlebot3_world/model-1_4.sdf
[15.422s] -- Installing: /root/ros_ws/install/turtlebot3_gazebo/share/turtlebot3_gazebo//models/turtlebot3_world/model.sdf
[15.423s] -- Installing: /root/ros_ws/install/turtlebot3_gazebo/share/turtlebot3_gazebo//models/turtlebot3_waffle
[15.423s] -- Installing: /root/ros_ws/install/turtlebot3_gazebo/share/turtlebot3_gazebo//models/turtlebot3_waffle/model.config
[15.423s] -- Installing: /root/ros_ws/install/turtlebot3_gazebo/share/turtlebot3_gazebo//models/turtlebot3_waffle/model-1_4.sdf
[15.423s] -- Installing: /root/ros_ws/install/turtlebot3_gazebo/share/turtlebot3_gazebo//models/turtlebot3_waffle/model.sdf
[15.424s] -- Installing: /root/ros_ws/install/turtlebot3_gazebo/share/turtlebot3_gazebo//models/turtlebot3_waffle_pi
[15.424s] -- Installing: /root/ros_ws/install/turtlebot3_gazebo/share/turtlebot3_gazebo//models/turtlebot3_waffle_pi/model.config
[15.424s] -- Installing: /root/ros_ws/install/turtlebot3_gazebo/share/turtlebot3_gazebo//models/turtlebot3_waffle_pi/model-1_4_.sdf
[15.425s] -- Installing: /root/ros_ws/install/turtlebot3_gazebo/share/turtlebot3_gazebo//models/turtlebot3_waffle_pi/model.sdf
[15.425s] -- Installing: /root/ros_ws/install/turtlebot3_gazebo/share/turtlebot3_gazebo//models/turtlebot3_common
[15.425s] -- Installing: /root/ros_ws/install/turtlebot3_gazebo/share/turtlebot3_gazebo//models/turtlebot3_common/meshes
[15.425s] -- Installing: /root/ros_ws/install/turtlebot3_gazebo/share/turtlebot3_gazebo//models/turtlebot3_common/meshes/waffle_pi_base.dae
[15.426s] -- Installing: /root/ros_ws/install/turtlebot3_gazebo/share/turtlebot3_gazebo//models/turtlebot3_common/meshes/bases
[15.426s] -- Installing: /root/ros_ws/install/turtlebot3_gazebo/share/turtlebot3_gazebo//models/turtlebot3_common/meshes/bases/waffle_pi_base.stl
[15.439s] -- Installing: /root/ros_ws/install/turtlebot3_gazebo/share/turtlebot3_gazebo//models/turtlebot3_common/meshes/bases/waffle_base.stl
[15.467s] -- Installing: /root/ros_ws/install/turtlebot3_gazebo/share/turtlebot3_gazebo//models/turtlebot3_common/meshes/bases/burger_base.stl
[15.474s] -- Installing: /root/ros_ws/install/turtlebot3_gazebo/share/turtlebot3_gazebo//models/turtlebot3_common/meshes/burger_base.dae
[15.474s] -- Installing: /root/ros_ws/install/turtlebot3_gazebo/share/turtlebot3_gazebo//models/turtlebot3_common/meshes/r200.dae
[15.475s] -- Installing: /root/ros_ws/install/turtlebot3_gazebo/share/turtlebot3_gazebo//models/turtlebot3_common/meshes/waffle_base.dae
[15.476s] -- Installing: /root/ros_ws/install/turtlebot3_gazebo/share/turtlebot3_gazebo//models/turtlebot3_common/meshes/sensors
[15.476s] -- Installing: /root/ros_ws/install/turtlebot3_gazebo/share/turtlebot3_gazebo//models/turtlebot3_common/meshes/sensors/r200.jpg
[15.476s] -- Installing: /root/ros_ws/install/turtlebot3_gazebo/share/turtlebot3_gazebo//models/turtlebot3_common/meshes/sensors/r200.dae
[15.477s] -- Installing: /root/ros_ws/install/turtlebot3_gazebo/share/turtlebot3_gazebo//models/turtlebot3_common/meshes/sensors/lds.stl
[15.478s] -- Installing: /root/ros_ws/install/turtlebot3_gazebo/share/turtlebot3_gazebo//models/turtlebot3_common/meshes/sensors/astra.jpg
[15.479s] -- Installing: /root/ros_ws/install/turtlebot3_gazebo/share/turtlebot3_gazebo//models/turtlebot3_common/meshes/sensors/astra.dae
[15.493s] -- Installing: /root/ros_ws/install/turtlebot3_gazebo/share/turtlebot3_gazebo//models/turtlebot3_common/meshes/wheels
[15.493s] -- Installing: /root/ros_ws/install/turtlebot3_gazebo/share/turtlebot3_gazebo//models/turtlebot3_common/meshes/wheels/right_tire.stl
[15.495s] -- Installing: /root/ros_ws/install/turtlebot3_gazebo/share/turtlebot3_gazebo//models/turtlebot3_common/meshes/wheels/left_tire.stl
[15.497s] -- Installing: /root/ros_ws/install/turtlebot3_gazebo/share/turtlebot3_gazebo//models/turtlebot3_common/meshes/lds.dae
[15.498s] -- Installing: /root/ros_ws/install/turtlebot3_gazebo/share/turtlebot3_gazebo//models/turtlebot3_common/meshes/tire.dae
[15.498s] -- Installing: /root/ros_ws/install/turtlebot3_gazebo/share/turtlebot3_gazebo//models/turtlebot3_common/model.config
[15.499s] -- Installing: /root/ros_ws/install/turtlebot3_gazebo/share/turtlebot3_gazebo//models/turtlebot3_house
[15.499s] -- Installing: /root/ros_ws/install/turtlebot3_gazebo/share/turtlebot3_gazebo//models/turtlebot3_house/mailbox
[15.499s] -- Installing: /root/ros_ws/install/turtlebot3_gazebo/share/turtlebot3_gazebo//models/turtlebot3_house/mailbox/model-1_3.sdf
[15.499s] -- Installing: /root/ros_ws/install/turtlebot3_gazebo/share/turtlebot3_gazebo//models/turtlebot3_house/mailbox/meshes
[15.499s] -- Installing: /root/ros_ws/install/turtlebot3_gazebo/share/turtlebot3_gazebo//models/turtlebot3_house/mailbox/meshes/mailbox.dae
[15.500s] -- Installing: /root/ros_ws/install/turtlebot3_gazebo/share/turtlebot3_gazebo//models/turtlebot3_house/mailbox/model.config
[15.500s] -- Installing: /root/ros_ws/install/turtlebot3_gazebo/share/turtlebot3_gazebo//models/turtlebot3_house/mailbox/model-1_4.sdf
[15.501s] -- Installing: /root/ros_ws/install/turtlebot3_gazebo/share/turtlebot3_gazebo//models/turtlebot3_house/mailbox/model.sdf
[15.501s] -- Installing: /root/ros_ws/install/turtlebot3_gazebo/share/turtlebot3_gazebo//models/turtlebot3_house/mailbox/materials
[15.501s] -- Installing: /root/ros_ws/install/turtlebot3_gazebo/share/turtlebot3_gazebo//models/turtlebot3_house/mailbox/materials/scripts
[15.501s] -- Installing: /root/ros_ws/install/turtlebot3_gazebo/share/turtlebot3_gazebo//models/turtlebot3_house/mailbox/materials/scripts/mailbox.material
[15.501s] -- Installing: /root/ros_ws/install/turtlebot3_gazebo/share/turtlebot3_gazebo//models/turtlebot3_house/mailbox/materials/textures
[15.502s] -- Installing: /root/ros_ws/install/turtlebot3_gazebo/share/turtlebot3_gazebo//models/turtlebot3_house/mailbox/materials/textures/Mailbox_Diffuse.png
[15.502s] -- Installing: /root/ros_ws/install/turtlebot3_gazebo/share/turtlebot3_gazebo//models/turtlebot3_house/mailbox/materials/textures/Mailbox_Diffuse.tga.orig
[15.504s] -- Installing: /root/ros_ws/install/turtlebot3_gazebo/share/turtlebot3_gazebo//models/turtlebot3_house/mailbox/materials/textures/Mailbox_Spec.png
[15.505s] -- Installing: /root/ros_ws/install/turtlebot3_gazebo/share/turtlebot3_gazebo//models/turtlebot3_house/model.config
[15.506s] -- Installing: /root/ros_ws/install/turtlebot3_gazebo/share/turtlebot3_gazebo//models/turtlebot3_house/textures
[15.506s] -- Installing: /root/ros_ws/install/turtlebot3_gazebo/share/turtlebot3_gazebo//models/turtlebot3_house/textures/wood.png
[15.506s] -- Installing: /root/ros_ws/install/turtlebot3_gazebo/share/turtlebot3_gazebo//models/turtlebot3_house/textures/bricks.png
[15.509s] -- Installing: /root/ros_ws/install/turtlebot3_gazebo/share/turtlebot3_gazebo//models/turtlebot3_house/first_2015_trash_can
[15.510s] -- Installing: /root/ros_ws/install/turtlebot3_gazebo/share/turtlebot3_gazebo//models/turtlebot3_house/first_2015_trash_can/meshes
[15.510s] -- Installing: /root/ros_ws/install/turtlebot3_gazebo/share/turtlebot3_gazebo//models/turtlebot3_house/first_2015_trash_can/meshes/trash_can.dae
[15.512s] -- Installing: /root/ros_ws/install/turtlebot3_gazebo/share/turtlebot3_gazebo//models/turtlebot3_house/first_2015_trash_can/model.config
[15.513s] -- Installing: /root/ros_ws/install/turtlebot3_gazebo/share/turtlebot3_gazebo//models/turtlebot3_house/first_2015_trash_can/model.sdf
[15.513s] -- Installing: /root/ros_ws/install/turtlebot3_gazebo/share/turtlebot3_gazebo//models/turtlebot3_house/model.sdf
[15.514s] -- Installing: /root/ros_ws/install/turtlebot3_gazebo/share/turtlebot3_gazebo//models/turtlebot3_house/table_marble
[15.514s] -- Installing: /root/ros_ws/install/turtlebot3_gazebo/share/turtlebot3_gazebo//models/turtlebot3_house/table_marble/meshes
[15.514s] -- Installing: /root/ros_ws/install/turtlebot3_gazebo/share/turtlebot3_gazebo//models/turtlebot3_house/table_marble/meshes/table_lightmap.dae
[15.515s] -- Installing: /root/ros_ws/install/turtlebot3_gazebo/share/turtlebot3_gazebo//models/turtlebot3_house/table_marble/model.config
[15.515s] -- Installing: /root/ros_ws/install/turtlebot3_gazebo/share/turtlebot3_gazebo//models/turtlebot3_house/table_marble/model-1_4.sdf
[15.515s] -- Installing: /root/ros_ws/install/turtlebot3_gazebo/share/turtlebot3_gazebo//models/turtlebot3_house/table_marble/model.sdf
[15.516s] -- Installing: /root/ros_ws/install/turtlebot3_gazebo/share/turtlebot3_gazebo//models/turtlebot3_house/table_marble/materials
[15.516s] -- Installing: /root/ros_ws/install/turtlebot3_gazebo/share/turtlebot3_gazebo//models/turtlebot3_house/table_marble/materials/scripts
[15.516s] -- Installing: /root/ros_ws/install/turtlebot3_gazebo/share/turtlebot3_gazebo//models/turtlebot3_house/table_marble/materials/scripts/table_lightmap.material
[15.516s] -- Installing: /root/ros_ws/install/turtlebot3_gazebo/share/turtlebot3_gazebo//models/turtlebot3_house/table_marble/materials/textures
[15.517s] -- Installing: /root/ros_ws/install/turtlebot3_gazebo/share/turtlebot3_gazebo//models/turtlebot3_house/table_marble/materials/textures/table_lightmap.png
[15.518s] -- Installing: /root/ros_ws/install/turtlebot3_gazebo/share/turtlebot3_gazebo//models/turtlebot3_house/table_marble/materials/textures/marble.png
[15.518s] -- Installing: /root/ros_ws/install/turtlebot3_gazebo/share/turtlebot3_gazebo//models/turtlebot3_house/cafe_table
[15.519s] -- Installing: /root/ros_ws/install/turtlebot3_gazebo/share/turtlebot3_gazebo//models/turtlebot3_house/cafe_table/meshes
[15.519s] -- Installing: /root/ros_ws/install/turtlebot3_gazebo/share/turtlebot3_gazebo//models/turtlebot3_house/cafe_table/meshes/cafe_table.dae
[15.521s] -- Installing: /root/ros_ws/install/turtlebot3_gazebo/share/turtlebot3_gazebo//models/turtlebot3_house/cafe_table/model.config
[15.521s] -- Installing: /root/ros_ws/install/turtlebot3_gazebo/share/turtlebot3_gazebo//models/turtlebot3_house/cafe_table/model-1_4.sdf
[15.521s] -- Installing: /root/ros_ws/install/turtlebot3_gazebo/share/turtlebot3_gazebo//models/turtlebot3_house/cafe_table/model.sdf
[15.521s] -- Installing: /root/ros_ws/install/turtlebot3_gazebo/share/turtlebot3_gazebo//models/turtlebot3_house/cafe_table/materials
[15.521s] -- Installing: /root/ros_ws/install/turtlebot3_gazebo/share/turtlebot3_gazebo//models/turtlebot3_house/cafe_table/materials/textures
[15.521s] -- Installing: /root/ros_ws/install/turtlebot3_gazebo/share/turtlebot3_gazebo//models/turtlebot3_house/cafe_table/materials/textures/Wood_Floor_Dark.jpg
[15.521s] -- Installing: /root/ros_ws/install/turtlebot3_gazebo/share/turtlebot3_gazebo//models/turtlebot3_house/cafe_table/materials/textures/Maple.jpg
[15.522s] -- Installing: /root/ros_ws/install/turtlebot3_gazebo/share/turtlebot3_gazebo//models/turtlebot3_burger_cam
[15.522s] -- Installing: /root/ros_ws/install/turtlebot3_gazebo/share/turtlebot3_gazebo//models/turtlebot3_burger_cam/model.config
[15.522s] -- Installing: /root/ros_ws/install/turtlebot3_gazebo/share/turtlebot3_gazebo//models/turtlebot3_burger_cam/model-1_4.sdf
[15.523s] -- Installing: /root/ros_ws/install/turtlebot3_gazebo/share/turtlebot3_gazebo//models/turtlebot3_burger_cam/model.sdf
[15.523s] -- Installing: /root/ros_ws/install/turtlebot3_gazebo/share/turtlebot3_gazebo//models/turtlebot3_dqn_world
[15.523s] -- Installing: /root/ros_ws/install/turtlebot3_gazebo/share/turtlebot3_gazebo//models/turtlebot3_dqn_world/obstacles
[15.524s] -- Installing: /root/ros_ws/install/turtlebot3_gazebo/share/turtlebot3_gazebo//models/turtlebot3_dqn_world/obstacles/model.config
[15.524s] -- Installing: /root/ros_ws/install/turtlebot3_gazebo/share/turtlebot3_gazebo//models/turtlebot3_dqn_world/obstacles/model.sdf
[15.524s] -- Installing: /root/ros_ws/install/turtlebot3_gazebo/share/turtlebot3_gazebo//models/turtlebot3_dqn_world/inner_walls
[15.524s] -- Installing: /root/ros_ws/install/turtlebot3_gazebo/share/turtlebot3_gazebo//models/turtlebot3_dqn_world/inner_walls/model.config
[15.524s] -- Installing: /root/ros_ws/install/turtlebot3_gazebo/share/turtlebot3_gazebo//models/turtlebot3_dqn_world/inner_walls/textures
[15.525s] -- Installing: /root/ros_ws/install/turtlebot3_gazebo/share/turtlebot3_gazebo//models/turtlebot3_dqn_world/inner_walls/textures/wood.png
[15.525s] -- Installing: /root/ros_ws/install/turtlebot3_gazebo/share/turtlebot3_gazebo//models/turtlebot3_dqn_world/inner_walls/model.sdf
[15.526s] -- Installing: /root/ros_ws/install/turtlebot3_gazebo/share/turtlebot3_gazebo//models/turtlebot3_dqn_world/obstacle2
[15.526s] -- Installing: /root/ros_ws/install/turtlebot3_gazebo/share/turtlebot3_gazebo//models/turtlebot3_dqn_world/obstacle2/model.config
[15.526s] -- Installing: /root/ros_ws/install/turtlebot3_gazebo/share/turtlebot3_gazebo//models/turtlebot3_dqn_world/obstacle2/model.sdf
[15.526s] -- Installing: /root/ros_ws/install/turtlebot3_gazebo/share/turtlebot3_gazebo//models/turtlebot3_dqn_world/model.config
[15.527s] -- Installing: /root/ros_ws/install/turtlebot3_gazebo/share/turtlebot3_gazebo//models/turtlebot3_dqn_world/textures
[15.527s] -- Installing: /root/ros_ws/install/turtlebot3_gazebo/share/turtlebot3_gazebo//models/turtlebot3_dqn_world/textures/wood.png
[15.528s] -- Installing: /root/ros_ws/install/turtlebot3_gazebo/share/turtlebot3_gazebo//models/turtlebot3_dqn_world/obstacle1
[15.528s] -- Installing: /root/ros_ws/install/turtlebot3_gazebo/share/turtlebot3_gazebo//models/turtlebot3_dqn_world/obstacle1/model.config
[15.528s] -- Installing: /root/ros_ws/install/turtlebot3_gazebo/share/turtlebot3_gazebo//models/turtlebot3_dqn_world/obstacle1/model.sdf
[15.528s] -- Installing: /root/ros_ws/install/turtlebot3_gazebo/share/turtlebot3_gazebo//models/turtlebot3_dqn_world/model.sdf
[15.528s] -- Installing: /root/ros_ws/install/turtlebot3_gazebo/share/turtlebot3_gazebo//models/turtlebot3_dqn_world/goal_box
[15.529s] -- Installing: /root/ros_ws/install/turtlebot3_gazebo/share/turtlebot3_gazebo//models/turtlebot3_dqn_world/goal_box/model.config
[15.529s] -- Installing: /root/ros_ws/install/turtlebot3_gazebo/share/turtlebot3_gazebo//models/turtlebot3_dqn_world/goal_box/model.sdf
[15.529s] -- Installing: /root/ros_ws/install/turtlebot3_gazebo/share/turtlebot3_gazebo//models/turtlebot3_burger
[15.529s] -- Installing: /root/ros_ws/install/turtlebot3_gazebo/share/turtlebot3_gazebo//models/turtlebot3_burger/model.config
[15.529s] -- Installing: /root/ros_ws/install/turtlebot3_gazebo/share/turtlebot3_gazebo//models/turtlebot3_burger/model-1_4.sdf
[15.530s] -- Installing: /root/ros_ws/install/turtlebot3_gazebo/share/turtlebot3_gazebo//models/turtlebot3_burger/model.sdf
[15.530s] -- Installing: /root/ros_ws/install/turtlebot3_gazebo/share/turtlebot3_gazebo//params
[15.530s] -- Installing: /root/ros_ws/install/turtlebot3_gazebo/share/turtlebot3_gazebo//params/turtlebot3_waffle_pi_bridge.yaml
[15.531s] -- Installing: /root/ros_ws/install/turtlebot3_gazebo/share/turtlebot3_gazebo//params/turtlebot3_burger_bridge.yaml
[15.531s] -- Installing: /root/ros_ws/install/turtlebot3_gazebo/share/turtlebot3_gazebo//params/turtlebot3_waffle_bridge.yaml
[15.531s] -- Installing: /root/ros_ws/install/turtlebot3_gazebo/share/turtlebot3_gazebo//params/turtlebot3_burger_cam_bridge.yaml
[15.531s] -- Installing: /root/ros_ws/install/turtlebot3_gazebo/share/turtlebot3_gazebo//rviz
[15.532s] -- Installing: /root/ros_ws/install/turtlebot3_gazebo/share/turtlebot3_gazebo//rviz/tb3_gazebo.rviz
[15.532s] -- Installing: /root/ros_ws/install/turtlebot3_gazebo/share/turtlebot3_gazebo//urdf
[15.532s] -- Installing: /root/ros_ws/install/turtlebot3_gazebo/share/turtlebot3_gazebo//urdf/turtlebot3_waffle.urdf
[15.532s] -- Installing: /root/ros_ws/install/turtlebot3_gazebo/share/turtlebot3_gazebo//urdf/turtlebot3_burger.urdf
[15.533s] -- Installing: /root/ros_ws/install/turtlebot3_gazebo/share/turtlebot3_gazebo//urdf/turtlebot3_waffle_pi.urdf
[15.533s] -- Installing: /root/ros_ws/install/turtlebot3_gazebo/share/turtlebot3_gazebo//urdf/common_properties.urdf
[15.533s] -- Installing: /root/ros_ws/install/turtlebot3_gazebo/share/turtlebot3_gazebo//urdf/turtlebot3_burger_cam.urdf
[15.534s] -- Installing: /root/ros_ws/install/turtlebot3_gazebo/share/turtlebot3_gazebo//worlds
[15.534s] -- Installing: /root/ros_ws/install/turtlebot3_gazebo/share/turtlebot3_gazebo//worlds/empty_world.world
[15.534s] -- Installing: /root/ros_ws/install/turtlebot3_gazebo/share/turtlebot3_gazebo//worlds/turtlebot3_dqn_stage2.world
[15.534s] -- Installing: /root/ros_ws/install/turtlebot3_gazebo/share/turtlebot3_gazebo//worlds/turtlebot3_house.world
[15.535s] -- Installing: /root/ros_ws/install/turtlebot3_gazebo/share/turtlebot3_gazebo//worlds/turtlebot3_world.world
[15.535s] -- Installing: /root/ros_ws/install/turtlebot3_gazebo/share/turtlebot3_gazebo//worlds/turtlebot3_dqn_stage4.world
[15.535s] -- Installing: /root/ros_ws/install/turtlebot3_gazebo/share/turtlebot3_gazebo//worlds/turtlebot3_autorace_2020.world
[15.536s] -- Installing: /root/ros_ws/install/turtlebot3_gazebo/share/turtlebot3_gazebo//worlds/turtlebot3_dqn_stage3.world
[15.536s] -- Installing: /root/ros_ws/install/turtlebot3_gazebo/share/turtlebot3_gazebo//worlds/turtlebot3_dqn_stage1.world
[15.536s] -- Installing: /root/ros_ws/install/turtlebot3_gazebo/include/
[15.537s] -- Installing: /root/ros_ws/install/turtlebot3_gazebo/include//turtlebot3_gazebo
[15.537s] -- Installing: /root/ros_ws/install/turtlebot3_gazebo/include//turtlebot3_gazebo/turtlebot3_drive.hpp
[15.537s] -- Installing: /root/ros_ws/install/turtlebot3_gazebo/include//turtlebot3_gazebo/traffic_light_plugin.hpp
[15.537s] -- Installing: /root/ros_ws/install/turtlebot3_gazebo/include//turtlebot3_gazebo/traffic_bar_plugin.hpp
[15.538s] -- Installing: /root/ros_ws/install/turtlebot3_gazebo/include//turtlebot3_gazebo/obstacles.hpp
[15.538s] -- Installing: /root/ros_ws/install/turtlebot3_gazebo/include//turtlebot3_gazebo/obstacle2.hpp
[15.538s] -- Installing: /root/ros_ws/install/turtlebot3_gazebo/include//turtlebot3_gazebo/obstacle1.hpp
[15.538s] -- Installing: /root/ros_ws/install/turtlebot3_gazebo/share/ament_index/resource_index/package_run_dependencies/turtlebot3_gazebo
[15.539s] -- Installing: /root/ros_ws/install/turtlebot3_gazebo/share/ament_index/resource_index/parent_prefix_path/turtlebot3_gazebo
[15.539s] -- Installing: /root/ros_ws/install/turtlebot3_gazebo/share/turtlebot3_gazebo/environment/ament_prefix_path.sh
[15.539s] -- Installing: /root/ros_ws/install/turtlebot3_gazebo/share/turtlebot3_gazebo/environment/ament_prefix_path.dsv
[15.539s] -- Installing: /root/ros_ws/install/turtlebot3_gazebo/share/turtlebot3_gazebo/environment/path.sh
[15.539s] -- Installing: /root/ros_ws/install/turtlebot3_gazebo/share/turtlebot3_gazebo/environment/path.dsv
[15.539s] -- Installing: /root/ros_ws/install/turtlebot3_gazebo/share/turtlebot3_gazebo/local_setup.bash
[15.540s] -- Installing: /root/ros_ws/install/turtlebot3_gazebo/share/turtlebot3_gazebo/local_setup.sh
[15.540s] -- Installing: /root/ros_ws/install/turtlebot3_gazebo/share/turtlebot3_gazebo/local_setup.zsh
[15.540s] -- Installing: /root/ros_ws/install/turtlebot3_gazebo/share/turtlebot3_gazebo/local_setup.dsv
[15.540s] -- Installing: /root/ros_ws/install/turtlebot3_gazebo/share/turtlebot3_gazebo/package.dsv
[15.540s] -- Installing: /root/ros_ws/install/turtlebot3_gazebo/share/ament_index/resource_index/packages/turtlebot3_gazebo
[15.540s] -- Installing: /root/ros_ws/install/turtlebot3_gazebo/share/turtlebot3_gazebo/cmake/ament_cmake_export_include_directories-extras.cmake
[15.540s] -- Installing: /root/ros_ws/install/turtlebot3_gazebo/share/turtlebot3_gazebo/cmake/ament_cmake_export_dependencies-extras.cmake
[15.541s] -- Installing: /root/ros_ws/install/turtlebot3_gazebo/share/turtlebot3_gazebo/cmake/turtlebot3_gazeboConfig.cmake
[15.541s] -- Installing: /root/ros_ws/install/turtlebot3_gazebo/share/turtlebot3_gazebo/cmake/turtlebot3_gazeboConfig-version.cmake
[15.541s] -- Installing: /root/ros_ws/install/turtlebot3_gazebo/share/turtlebot3_gazebo/package.xml
[15.542s] Invoked command in '/root/ros_ws/build/turtlebot3_gazebo' returned '0': CMAKE_PREFIX_PATH=${CMAKE_PREFIX_PATH}:/root/ros_ws/install/turtlebot3_teleop:/root/ros_ws/install/turtlebot3_example:/root/ros_ws/install/tb3_multi_nav:/opt/ros/jazzy /usr/bin/cmake --install /root/ros_ws/build/turtlebot3_gazebo
