running egg_info
creating ../../build/tb3_multi_robot/tb3_multi_robot.egg-info
writing ../../build/tb3_multi_robot/tb3_multi_robot.egg-info/PKG-INFO
writing dependency_links to ../../build/tb3_multi_robot/tb3_multi_robot.egg-info/dependency_links.txt
writing entry points to ../../build/tb3_multi_robot/tb3_multi_robot.egg-info/entry_points.txt
writing requirements to ../../build/tb3_multi_robot/tb3_multi_robot.egg-info/requires.txt
writing top-level names to ../../build/tb3_multi_robot/tb3_multi_robot.egg-info/top_level.txt
writing manifest file '../../build/tb3_multi_robot/tb3_multi_robot.egg-info/SOURCES.txt'
reading manifest file '../../build/tb3_multi_robot/tb3_multi_robot.egg-info/SOURCES.txt'
writing manifest file '../../build/tb3_multi_robot/tb3_multi_robot.egg-info/SOURCES.txt'
running build
running build_py
creating /root/ros_ws/build/tb3_multi_robot/build
creating /root/ros_ws/build/tb3_multi_robot/build/lib
creating /root/ros_ws/build/tb3_multi_robot/build/lib/multi_robot_scripts
copying ./multi_robot_scripts/turtlebot3_drive.py -> /root/ros_ws/build/tb3_multi_robot/build/lib/multi_robot_scripts
copying ./multi_robot_scripts/utils.py -> /root/ros_ws/build/tb3_multi_robot/build/lib/multi_robot_scripts
copying ./multi_robot_scripts/__init__.py -> /root/ros_ws/build/tb3_multi_robot/build/lib/multi_robot_scripts
running install
running install_lib
creating /root/ros_ws/install/tb3_multi_robot/lib/python3.12/site-packages/multi_robot_scripts
copying /root/ros_ws/build/tb3_multi_robot/build/lib/multi_robot_scripts/turtlebot3_drive.py -> /root/ros_ws/install/tb3_multi_robot/lib/python3.12/site-packages/multi_robot_scripts
copying /root/ros_ws/build/tb3_multi_robot/build/lib/multi_robot_scripts/utils.py -> /root/ros_ws/install/tb3_multi_robot/lib/python3.12/site-packages/multi_robot_scripts
copying /root/ros_ws/build/tb3_multi_robot/build/lib/multi_robot_scripts/__init__.py -> /root/ros_ws/install/tb3_multi_robot/lib/python3.12/site-packages/multi_robot_scripts
byte-compiling /root/ros_ws/install/tb3_multi_robot/lib/python3.12/site-packages/multi_robot_scripts/turtlebot3_drive.py to turtlebot3_drive.cpython-312.pyc
byte-compiling /root/ros_ws/install/tb3_multi_robot/lib/python3.12/site-packages/multi_robot_scripts/utils.py to utils.cpython-312.pyc
byte-compiling /root/ros_ws/install/tb3_multi_robot/lib/python3.12/site-packages/multi_robot_scripts/__init__.py to __init__.cpython-312.pyc
running install_data
copying package.xml -> /root/ros_ws/install/tb3_multi_robot/share/tb3_multi_robot
creating /root/ros_ws/install/tb3_multi_robot/share/ament_index
creating /root/ros_ws/install/tb3_multi_robot/share/ament_index/resource_index
creating /root/ros_ws/install/tb3_multi_robot/share/ament_index/resource_index/packages
copying resource/tb3_multi_robot -> /root/ros_ws/install/tb3_multi_robot/share/ament_index/resource_index/packages
creating /root/ros_ws/install/tb3_multi_robot/share/tb3_multi_robot/launch
copying launch/tb3_nav2.launch.py -> /root/ros_ws/install/tb3_multi_robot/share/tb3_multi_robot/launch
copying launch/tb3_world.launch.py -> /root/ros_ws/install/tb3_multi_robot/share/tb3_multi_robot/launch
copying launch/drive.launch.py -> /root/ros_ws/install/tb3_multi_robot/share/tb3_multi_robot/launch
creating /root/ros_ws/install/tb3_multi_robot/share/tb3_multi_robot/launch/nav2_bringup
creating /root/ros_ws/install/tb3_multi_robot/share/tb3_multi_robot/params
copying params/burger_cam_nav2_params.yaml -> /root/ros_ws/install/tb3_multi_robot/share/tb3_multi_robot/params
copying params/waffle_nav2_params.yaml -> /root/ros_ws/install/tb3_multi_robot/share/tb3_multi_robot/params
copying params/burger_cam_bridge.yaml -> /root/ros_ws/install/tb3_multi_robot/share/tb3_multi_robot/params
copying params/burger_bridge.yaml -> /root/ros_ws/install/tb3_multi_robot/share/tb3_multi_robot/params
copying params/waffle_bridge.yaml -> /root/ros_ws/install/tb3_multi_robot/share/tb3_multi_robot/params
copying params/burger_nav2_params.yaml -> /root/ros_ws/install/tb3_multi_robot/share/tb3_multi_robot/params
copying params/waffle_pi_bridge.yaml -> /root/ros_ws/install/tb3_multi_robot/share/tb3_multi_robot/params
copying params/waffle_pi.yaml -> /root/ros_ws/install/tb3_multi_robot/share/tb3_multi_robot/params
creating /root/ros_ws/install/tb3_multi_robot/share/tb3_multi_robot/rviz
copying rviz/tb3_navigation2.rviz -> /root/ros_ws/install/tb3_multi_robot/share/tb3_multi_robot/rviz
creating /root/ros_ws/install/tb3_multi_robot/share/tb3_multi_robot/worlds
copying worlds/tb3_world.world -> /root/ros_ws/install/tb3_multi_robot/share/tb3_multi_robot/worlds
creating /root/ros_ws/install/tb3_multi_robot/share/tb3_multi_robot/models
creating /root/ros_ws/install/tb3_multi_robot/share/tb3_multi_robot/models/turtlebot3_burger
copying models/turtlebot3_burger/model-1_4.sdf -> /root/ros_ws/install/tb3_multi_robot/share/tb3_multi_robot/models/turtlebot3_burger
copying models/turtlebot3_burger/model.config -> /root/ros_ws/install/tb3_multi_robot/share/tb3_multi_robot/models/turtlebot3_burger
copying models/turtlebot3_burger/model.sdf -> /root/ros_ws/install/tb3_multi_robot/share/tb3_multi_robot/models/turtlebot3_burger
creating /root/ros_ws/install/tb3_multi_robot/share/tb3_multi_robot/models/turtlebot3_waffle
copying models/turtlebot3_waffle/model-1_4.sdf -> /root/ros_ws/install/tb3_multi_robot/share/tb3_multi_robot/models/turtlebot3_waffle
copying models/turtlebot3_waffle/model.config -> /root/ros_ws/install/tb3_multi_robot/share/tb3_multi_robot/models/turtlebot3_waffle
copying models/turtlebot3_waffle/model.sdf -> /root/ros_ws/install/tb3_multi_robot/share/tb3_multi_robot/models/turtlebot3_waffle
creating /root/ros_ws/install/tb3_multi_robot/share/tb3_multi_robot/models/turtlebot3_waffle_pi
creating /root/ros_ws/install/tb3_multi_robot/share/tb3_multi_robot/config
copying config/robots.yaml -> /root/ros_ws/install/tb3_multi_robot/share/tb3_multi_robot/config
creating /root/ros_ws/install/tb3_multi_robot/share/tb3_multi_robot/urdf
copying urdf/common_properties.urdf -> /root/ros_ws/install/tb3_multi_robot/share/tb3_multi_robot/urdf
copying urdf/turtlebot3_burger_cam.urdf -> /root/ros_ws/install/tb3_multi_robot/share/tb3_multi_robot/urdf
copying urdf/turtlebot3_waffle_pi.urdf -> /root/ros_ws/install/tb3_multi_robot/share/tb3_multi_robot/urdf
copying urdf/turtlebot3_waffle.urdf -> /root/ros_ws/install/tb3_multi_robot/share/tb3_multi_robot/urdf
copying urdf/turtlebot3_burger.urdf -> /root/ros_ws/install/tb3_multi_robot/share/tb3_multi_robot/urdf
creating /root/ros_ws/install/tb3_multi_robot/share/tb3_multi_robot/map
copying map/map.pgm -> /root/ros_ws/install/tb3_multi_robot/share/tb3_multi_robot/map
copying map/map.yaml -> /root/ros_ws/install/tb3_multi_robot/share/tb3_multi_robot/map
running install_egg_info
Copying ../../build/tb3_multi_robot/tb3_multi_robot.egg-info to /root/ros_ws/install/tb3_multi_robot/lib/python3.12/site-packages/tb3_multi_robot-1.0.0-py3.12.egg-info
running install_scripts
Installing turtlebot3_drive script to /root/ros_ws/install/tb3_multi_robot/bin
writing list of installed files to '/root/ros_ws/build/tb3_multi_robot/install.log'
