[0.029s] Invoking command in '/root/ros_ws/build/nav2_bringup': CMAKE_PREFIX_PATH=/root/ros_ws/install/turtlebot3_gazebo:/root/ros_ws/install/turtlebot3:/root/ros_ws/install/turtlebot3_simulations:/root/ros_ws/install/turtlebot3_bringup:/root/ros_ws/install/turtlebot3_node:/root/ros_ws/install/turtlebot3_navigation2:/root/ros_ws/install/nav2_bringup:/root/ros_ws/install/turtlebot3_fake_node:/root/ros_ws/install/turtlebot3_description:/root/ros_ws/install/turtlebot3_cartographer:/opt/ros/jazzy/opt/gz_sim_vendor:/opt/ros/jazzy/opt/gz_sensors_vendor:/opt/ros/jazzy/opt/gz_physics_vendor:/opt/ros/jazzy/opt/sdformat_vendor:/opt/ros/jazzy/opt/gz_gui_vendor:/opt/ros/jazzy/opt/gz_transport_vendor:/opt/ros/jazzy/opt/gz_rendering_vendor:/opt/ros/jazzy/opt/gz_plugin_vendor:/opt/ros/jazzy/opt/gz_fuel_tools_vendor:/opt/ros/jazzy/opt/gz_msgs_vendor:/opt/ros/jazzy/opt/gz_common_vendor:/opt/ros/jazzy/opt/gz_math_vendor:/opt/ros/jazzy/opt/gz_utils_vendor:/opt/ros/jazzy/opt/gz_tools_vendor:/opt/ros/jazzy/opt/gz_ogre_next_vendor:/opt/ros/jazzy/opt/gz_dartsim_vendor:/opt/ros/jazzy/opt/gz_cmake_vendor:/root/ros_ws/install/turtlebot3_teleop:/root/ros_ws/install/tb3_multi_nav:/root/ros_ws/install/turtlebot3_example:/opt/ros/jazzy /usr/bin/cmake --build /root/ros_ws/build/nav2_bringup -- -j16 -l16
[0.066s] Invoked command in '/root/ros_ws/build/nav2_bringup' returned '0': CMAKE_PREFIX_PATH=/root/ros_ws/install/turtlebot3_gazebo:/root/ros_ws/install/turtlebot3:/root/ros_ws/install/turtlebot3_simulations:/root/ros_ws/install/turtlebot3_bringup:/root/ros_ws/install/turtlebot3_node:/root/ros_ws/install/turtlebot3_navigation2:/root/ros_ws/install/nav2_bringup:/root/ros_ws/install/turtlebot3_fake_node:/root/ros_ws/install/turtlebot3_description:/root/ros_ws/install/turtlebot3_cartographer:/opt/ros/jazzy/opt/gz_sim_vendor:/opt/ros/jazzy/opt/gz_sensors_vendor:/opt/ros/jazzy/opt/gz_physics_vendor:/opt/ros/jazzy/opt/sdformat_vendor:/opt/ros/jazzy/opt/gz_gui_vendor:/opt/ros/jazzy/opt/gz_transport_vendor:/opt/ros/jazzy/opt/gz_rendering_vendor:/opt/ros/jazzy/opt/gz_plugin_vendor:/opt/ros/jazzy/opt/gz_fuel_tools_vendor:/opt/ros/jazzy/opt/gz_msgs_vendor:/opt/ros/jazzy/opt/gz_common_vendor:/opt/ros/jazzy/opt/gz_math_vendor:/opt/ros/jazzy/opt/gz_utils_vendor:/opt/ros/jazzy/opt/gz_tools_vendor:/opt/ros/jazzy/opt/gz_ogre_next_vendor:/opt/ros/jazzy/opt/gz_dartsim_vendor:/opt/ros/jazzy/opt/gz_cmake_vendor:/root/ros_ws/install/turtlebot3_teleop:/root/ros_ws/install/tb3_multi_nav:/root/ros_ws/install/turtlebot3_example:/opt/ros/jazzy /usr/bin/cmake --build /root/ros_ws/build/nav2_bringup -- -j16 -l16
[0.067s] Invoking command in '/root/ros_ws/build/nav2_bringup': CMAKE_PREFIX_PATH=/root/ros_ws/install/turtlebot3_gazebo:/root/ros_ws/install/turtlebot3:/root/ros_ws/install/turtlebot3_simulations:/root/ros_ws/install/turtlebot3_bringup:/root/ros_ws/install/turtlebot3_node:/root/ros_ws/install/turtlebot3_navigation2:/root/ros_ws/install/nav2_bringup:/root/ros_ws/install/turtlebot3_fake_node:/root/ros_ws/install/turtlebot3_description:/root/ros_ws/install/turtlebot3_cartographer:/opt/ros/jazzy/opt/gz_sim_vendor:/opt/ros/jazzy/opt/gz_sensors_vendor:/opt/ros/jazzy/opt/gz_physics_vendor:/opt/ros/jazzy/opt/sdformat_vendor:/opt/ros/jazzy/opt/gz_gui_vendor:/opt/ros/jazzy/opt/gz_transport_vendor:/opt/ros/jazzy/opt/gz_rendering_vendor:/opt/ros/jazzy/opt/gz_plugin_vendor:/opt/ros/jazzy/opt/gz_fuel_tools_vendor:/opt/ros/jazzy/opt/gz_msgs_vendor:/opt/ros/jazzy/opt/gz_common_vendor:/opt/ros/jazzy/opt/gz_math_vendor:/opt/ros/jazzy/opt/gz_utils_vendor:/opt/ros/jazzy/opt/gz_tools_vendor:/opt/ros/jazzy/opt/gz_ogre_next_vendor:/opt/ros/jazzy/opt/gz_dartsim_vendor:/opt/ros/jazzy/opt/gz_cmake_vendor:/root/ros_ws/install/turtlebot3_teleop:/root/ros_ws/install/tb3_multi_nav:/root/ros_ws/install/turtlebot3_example:/opt/ros/jazzy /usr/bin/cmake --install /root/ros_ws/build/nav2_bringup
[0.075s] -- Install configuration: "Release"
[0.075s] -- Up-to-date: /root/ros_ws/install/nav2_bringup/share/nav2_bringup/launch
[0.076s] -- Up-to-date: /root/ros_ws/install/nav2_bringup/share/nav2_bringup/launch/rviz_launch.py
[0.076s] -- Up-to-date: /root/ros_ws/install/nav2_bringup/share/nav2_bringup/launch/localization_launch.py
[0.076s] -- Up-to-date: /root/ros_ws/install/nav2_bringup/share/nav2_bringup/launch/navigation_launch.py
[0.076s] -- Up-to-date: /root/ros_ws/install/nav2_bringup/share/nav2_bringup/launch/unique_multi_tb3_simulation_launch.py
[0.076s] -- Up-to-date: /root/ros_ws/install/nav2_bringup/share/nav2_bringup/launch/bringup_launch.py
[0.076s] -- Up-to-date: /root/ros_ws/install/nav2_bringup/share/nav2_bringup/launch/tb3_simulation_launch.py
[0.076s] -- Up-to-date: /root/ros_ws/install/nav2_bringup/share/nav2_bringup/launch/cloned_multi_tb3_simulation_launch.py
[0.076s] -- Up-to-date: /root/ros_ws/install/nav2_bringup/share/nav2_bringup/launch/slam_launch.py
[0.076s] -- Up-to-date: /root/ros_ws/install/nav2_bringup/share/nav2_bringup/maps
[0.077s] -- Up-to-date: /root/ros_ws/install/nav2_bringup/share/nav2_bringup/maps/turtlebot3_world.pgm
[0.077s] -- Up-to-date: /root/ros_ws/install/nav2_bringup/share/nav2_bringup/maps/turtlebot3_world.yaml
[0.077s] -- Up-to-date: /root/ros_ws/install/nav2_bringup/share/nav2_bringup/rviz
[0.077s] -- Up-to-date: /root/ros_ws/install/nav2_bringup/share/nav2_bringup/rviz/nav2_namespaced_view.rviz
[0.077s] -- Up-to-date: /root/ros_ws/install/nav2_bringup/share/nav2_bringup/rviz/nav2_default_view.rviz
[0.077s] -- Up-to-date: /root/ros_ws/install/nav2_bringup/share/nav2_bringup/worlds
[0.077s] -- Up-to-date: /root/ros_ws/install/nav2_bringup/share/nav2_bringup/worlds/waffle.model
[0.077s] -- Up-to-date: /root/ros_ws/install/nav2_bringup/share/nav2_bringup/worlds/world_only.model
[0.077s] -- Up-to-date: /root/ros_ws/install/nav2_bringup/share/nav2_bringup/params
[0.077s] -- Up-to-date: /root/ros_ws/install/nav2_bringup/share/nav2_bringup/params/nav2_multirobot_params_all.yaml
[0.078s] -- Up-to-date: /root/ros_ws/install/nav2_bringup/share/nav2_bringup/params/nav2_params.yaml
[0.078s] -- Up-to-date: /root/ros_ws/install/nav2_bringup/share/nav2_bringup/params/nav2_multirobot_params_1.yaml
[0.078s] -- Up-to-date: /root/ros_ws/install/nav2_bringup/share/nav2_bringup/params/nav2_multirobot_params_2.yaml
[0.078s] -- Up-to-date: /root/ros_ws/install/nav2_bringup/share/nav2_bringup/urdf
[0.078s] -- Up-to-date: /root/ros_ws/install/nav2_bringup/share/nav2_bringup/urdf/turtlebot3_waffle.urdf
[0.078s] -- Up-to-date: /root/ros_ws/install/nav2_bringup/share/ament_index/resource_index/package_run_dependencies/nav2_bringup
[0.078s] -- Up-to-date: /root/ros_ws/install/nav2_bringup/share/ament_index/resource_index/parent_prefix_path/nav2_bringup
[0.078s] -- Up-to-date: /root/ros_ws/install/nav2_bringup/share/nav2_bringup/environment/ament_prefix_path.sh
[0.078s] -- Up-to-date: /root/ros_ws/install/nav2_bringup/share/nav2_bringup/environment/ament_prefix_path.dsv
[0.079s] -- Up-to-date: /root/ros_ws/install/nav2_bringup/share/nav2_bringup/environment/path.sh
[0.079s] -- Up-to-date: /root/ros_ws/install/nav2_bringup/share/nav2_bringup/environment/path.dsv
[0.079s] -- Up-to-date: /root/ros_ws/install/nav2_bringup/share/nav2_bringup/local_setup.bash
[0.079s] -- Up-to-date: /root/ros_ws/install/nav2_bringup/share/nav2_bringup/local_setup.sh
[0.079s] -- Up-to-date: /root/ros_ws/install/nav2_bringup/share/nav2_bringup/local_setup.zsh
[0.079s] -- Up-to-date: /root/ros_ws/install/nav2_bringup/share/nav2_bringup/local_setup.dsv
[0.079s] -- Installing: /root/ros_ws/install/nav2_bringup/share/nav2_bringup/package.dsv
[0.080s] -- Up-to-date: /root/ros_ws/install/nav2_bringup/share/ament_index/resource_index/packages/nav2_bringup
[0.080s] -- Up-to-date: /root/ros_ws/install/nav2_bringup/share/nav2_bringup/cmake/nav2_bringupConfig.cmake
[0.080s] -- Up-to-date: /root/ros_ws/install/nav2_bringup/share/nav2_bringup/cmake/nav2_bringupConfig-version.cmake
[0.081s] -- Up-to-date: /root/ros_ws/install/nav2_bringup/share/nav2_bringup/package.xml
[0.087s] Invoked command in '/root/ros_ws/build/nav2_bringup' returned '0': CMAKE_PREFIX_PATH=/root/ros_ws/install/turtlebot3_gazebo:/root/ros_ws/install/turtlebot3:/root/ros_ws/install/turtlebot3_simulations:/root/ros_ws/install/turtlebot3_bringup:/root/ros_ws/install/turtlebot3_node:/root/ros_ws/install/turtlebot3_navigation2:/root/ros_ws/install/nav2_bringup:/root/ros_ws/install/turtlebot3_fake_node:/root/ros_ws/install/turtlebot3_description:/root/ros_ws/install/turtlebot3_cartographer:/opt/ros/jazzy/opt/gz_sim_vendor:/opt/ros/jazzy/opt/gz_sensors_vendor:/opt/ros/jazzy/opt/gz_physics_vendor:/opt/ros/jazzy/opt/sdformat_vendor:/opt/ros/jazzy/opt/gz_gui_vendor:/opt/ros/jazzy/opt/gz_transport_vendor:/opt/ros/jazzy/opt/gz_rendering_vendor:/opt/ros/jazzy/opt/gz_plugin_vendor:/opt/ros/jazzy/opt/gz_fuel_tools_vendor:/opt/ros/jazzy/opt/gz_msgs_vendor:/opt/ros/jazzy/opt/gz_common_vendor:/opt/ros/jazzy/opt/gz_math_vendor:/opt/ros/jazzy/opt/gz_utils_vendor:/opt/ros/jazzy/opt/gz_tools_vendor:/opt/ros/jazzy/opt/gz_ogre_next_vendor:/opt/ros/jazzy/opt/gz_dartsim_vendor:/opt/ros/jazzy/opt/gz_cmake_vendor:/root/ros_ws/install/turtlebot3_teleop:/root/ros_ws/install/tb3_multi_nav:/root/ros_ws/install/turtlebot3_example:/opt/ros/jazzy /usr/bin/cmake --install /root/ros_ws/build/nav2_bringup
