[0.171s] Invoking command in '/root/ros_ws/build/turtlebot3_fake_node': CMAKE_PREFIX_PATH=${CMAKE_PREFIX_PATH}:/root/ros_ws/install/turtlebot3_teleop:/root/ros_ws/install/turtlebot3_example:/opt/ros/jazzy /usr/bin/cmake /root/ros_ws/src/turtlebot3_simulations/turtlebot3_fake_node -DCMAKE_INSTALL_PREFIX=/root/ros_ws/install/turtlebot3_fake_node
[0.217s] -- The C compiler identification is GNU 13.3.0
[0.262s] -- The CXX compiler identification is GNU 13.3.0
[0.275s] -- Detecting C compiler ABI info
[0.362s] -- Detecting C compiler ABI info - done
[0.369s] -- Check for working C compiler: /usr/bin/cc - skipped
[0.369s] -- Detecting C compile features
[0.369s] -- Detecting C compile features - done
[0.378s] -- Detecting CXX compiler ABI info
[0.486s] -- Detecting CXX compiler ABI info - done
[0.493s] -- Check for working CXX compiler: /usr/bin/c++ - skipped
[0.494s] -- Detecting CXX compile features
[0.495s] -- Detecting CXX compile features - done
[0.499s] -- Found ament_cmake: 2.5.4 (/opt/ros/jazzy/share/ament_cmake/cmake)
[0.650s] -- Found Python3: /usr/bin/python3 (found version "3.12.3") found components: Interpreter 
[0.770s] -- Found geometry_msgs: 5.3.6 (/opt/ros/jazzy/share/geometry_msgs/cmake)
[0.830s] -- Found rosidl_generator_c: 4.6.6 (/opt/ros/jazzy/share/rosidl_generator_c/cmake)
[0.847s] -- Found rosidl_generator_cpp: 4.6.6 (/opt/ros/jazzy/share/rosidl_generator_cpp/cmake)
[0.869s] -- Using all available rosidl_typesupport_c: rosidl_typesupport_fastrtps_c;rosidl_typesupport_introspection_c
[0.890s] -- Using all available rosidl_typesupport_cpp: rosidl_typesupport_fastrtps_cpp;rosidl_typesupport_introspection_cpp
[0.936s] -- Found nav_msgs: 5.3.6 (/opt/ros/jazzy/share/nav_msgs/cmake)
[0.975s] -- Found rclcpp: 28.1.11 (/opt/ros/jazzy/share/rclcpp/cmake)
[1.023s] -- Found rmw_implementation_cmake: 7.3.2 (/opt/ros/jazzy/share/rmw_implementation_cmake/cmake)
[1.027s] -- Found rmw_fastrtps_cpp: 8.4.3 (/opt/ros/jazzy/share/rmw_fastrtps_cpp/cmake)
[1.116s] -- Found OpenSSL: /usr/lib/x86_64-linux-gnu/libcrypto.so (found version "3.0.13")  
[1.133s] -- Found FastRTPS: /opt/ros/jazzy/include (Required is at least version "2.13") 
[1.153s] -- Using RMW implementation 'rmw_fastrtps_cpp' as default
[1.217s] -- Found sensor_msgs: 5.3.6 (/opt/ros/jazzy/share/sensor_msgs/cmake)
[1.238s] -- Found tf2: 0.36.14 (/opt/ros/jazzy/share/tf2/cmake)
[1.243s] -- Found tf2_msgs: 0.36.14 (/opt/ros/jazzy/share/tf2_msgs/cmake)
[1.292s] -- Found turtlebot3_msgs: 2.4.0 (/opt/ros/jazzy/share/turtlebot3_msgs/cmake)
[1.395s] -- Configuring done (1.2s)
[1.419s] -- Generating done (0.0s)
[1.421s] -- Build files have been written to: /root/ros_ws/build/turtlebot3_fake_node
[1.431s] Invoked command in '/root/ros_ws/build/turtlebot3_fake_node' returned '0': CMAKE_PREFIX_PATH=${CMAKE_PREFIX_PATH}:/root/ros_ws/install/turtlebot3_teleop:/root/ros_ws/install/turtlebot3_example:/opt/ros/jazzy /usr/bin/cmake /root/ros_ws/src/turtlebot3_simulations/turtlebot3_fake_node -DCMAKE_INSTALL_PREFIX=/root/ros_ws/install/turtlebot3_fake_node
[1.432s] Invoking command in '/root/ros_ws/build/turtlebot3_fake_node': CMAKE_PREFIX_PATH=${CMAKE_PREFIX_PATH}:/root/ros_ws/install/turtlebot3_teleop:/root/ros_ws/install/turtlebot3_example:/opt/ros/jazzy /usr/bin/cmake --build /root/ros_ws/build/turtlebot3_fake_node -- -j16 -l16
[1.513s] [ 50%] [32mBuilding CXX object CMakeFiles/turtlebot3_fake_node.dir/src/turtlebot3_fake_node.cpp.o[0m
[12.649s] [100%] [32m[1mLinking CXX executable turtlebot3_fake_node[0m
[12.948s] [100%] Built target turtlebot3_fake_node
[12.963s] Invoked command in '/root/ros_ws/build/turtlebot3_fake_node' returned '0': CMAKE_PREFIX_PATH=${CMAKE_PREFIX_PATH}:/root/ros_ws/install/turtlebot3_teleop:/root/ros_ws/install/turtlebot3_example:/opt/ros/jazzy /usr/bin/cmake --build /root/ros_ws/build/turtlebot3_fake_node -- -j16 -l16
[12.964s] Invoking command in '/root/ros_ws/build/turtlebot3_fake_node': CMAKE_PREFIX_PATH=${CMAKE_PREFIX_PATH}:/root/ros_ws/install/turtlebot3_teleop:/root/ros_ws/install/turtlebot3_example:/opt/ros/jazzy /usr/bin/cmake --install /root/ros_ws/build/turtlebot3_fake_node
[12.972s] -- Install configuration: ""
[12.973s] -- Installing: /root/ros_ws/install/turtlebot3_fake_node/lib/turtlebot3_fake_node/turtlebot3_fake_node
[12.977s] -- Set non-toolchain portion of runtime path of "/root/ros_ws/install/turtlebot3_fake_node/lib/turtlebot3_fake_node/turtlebot3_fake_node" to ""
[12.977s] -- Installing: /root/ros_ws/install/turtlebot3_fake_node/share/turtlebot3_fake_node/launch
[12.978s] -- Installing: /root/ros_ws/install/turtlebot3_fake_node/share/turtlebot3_fake_node/launch/turtlebot3_fake_node.launch.py
[12.978s] -- Installing: /root/ros_ws/install/turtlebot3_fake_node/share/turtlebot3_fake_node/launch/rviz2.launch.py
[12.978s] -- Installing: /root/ros_ws/install/turtlebot3_fake_node/share/turtlebot3_fake_node/param
[12.978s] -- Installing: /root/ros_ws/install/turtlebot3_fake_node/share/turtlebot3_fake_node/param/waffle_pi.yaml
[12.978s] -- Installing: /root/ros_ws/install/turtlebot3_fake_node/share/turtlebot3_fake_node/param/waffle.yaml
[12.978s] -- Installing: /root/ros_ws/install/turtlebot3_fake_node/share/turtlebot3_fake_node/param/burger.yaml
[12.978s] -- Installing: /root/ros_ws/install/turtlebot3_fake_node/include/
[12.978s] -- Installing: /root/ros_ws/install/turtlebot3_fake_node/include//turtlebot3_fake_node
[12.978s] -- Installing: /root/ros_ws/install/turtlebot3_fake_node/include//turtlebot3_fake_node/turtlebot3_fake_node.hpp
[12.979s] -- Installing: /root/ros_ws/install/turtlebot3_fake_node/share/ament_index/resource_index/package_run_dependencies/turtlebot3_fake_node
[12.979s] -- Installing: /root/ros_ws/install/turtlebot3_fake_node/share/ament_index/resource_index/parent_prefix_path/turtlebot3_fake_node
[12.979s] -- Installing: /root/ros_ws/install/turtlebot3_fake_node/share/turtlebot3_fake_node/environment/ament_prefix_path.sh
[12.980s] -- Installing: /root/ros_ws/install/turtlebot3_fake_node/share/turtlebot3_fake_node/environment/ament_prefix_path.dsv
[12.980s] -- Installing: /root/ros_ws/install/turtlebot3_fake_node/share/turtlebot3_fake_node/environment/path.sh
[12.980s] -- Installing: /root/ros_ws/install/turtlebot3_fake_node/share/turtlebot3_fake_node/environment/path.dsv
[12.980s] -- Installing: /root/ros_ws/install/turtlebot3_fake_node/share/turtlebot3_fake_node/local_setup.bash
[12.980s] -- Installing: /root/ros_ws/install/turtlebot3_fake_node/share/turtlebot3_fake_node/local_setup.sh
[12.980s] -- Installing: /root/ros_ws/install/turtlebot3_fake_node/share/turtlebot3_fake_node/local_setup.zsh
[12.980s] -- Installing: /root/ros_ws/install/turtlebot3_fake_node/share/turtlebot3_fake_node/local_setup.dsv
[12.980s] -- Installing: /root/ros_ws/install/turtlebot3_fake_node/share/turtlebot3_fake_node/package.dsv
[12.980s] -- Installing: /root/ros_ws/install/turtlebot3_fake_node/share/ament_index/resource_index/packages/turtlebot3_fake_node
[12.981s] -- Installing: /root/ros_ws/install/turtlebot3_fake_node/share/turtlebot3_fake_node/cmake/ament_cmake_export_include_directories-extras.cmake
[12.981s] -- Installing: /root/ros_ws/install/turtlebot3_fake_node/share/turtlebot3_fake_node/cmake/ament_cmake_export_dependencies-extras.cmake
[12.981s] -- Installing: /root/ros_ws/install/turtlebot3_fake_node/share/turtlebot3_fake_node/cmake/turtlebot3_fake_nodeConfig.cmake
[12.981s] -- Installing: /root/ros_ws/install/turtlebot3_fake_node/share/turtlebot3_fake_node/cmake/turtlebot3_fake_nodeConfig-version.cmake
[12.981s] -- Installing: /root/ros_ws/install/turtlebot3_fake_node/share/turtlebot3_fake_node/package.xml
[12.983s] Invoked command in '/root/ros_ws/build/turtlebot3_fake_node' returned '0': CMAKE_PREFIX_PATH=${CMAKE_PREFIX_PATH}:/root/ros_ws/install/turtlebot3_teleop:/root/ros_ws/install/turtlebot3_example:/opt/ros/jazzy /usr/bin/cmake --install /root/ros_ws/build/turtlebot3_fake_node
