[0.506s] Invoking command in '/root/ros_ws/src/tb3_multi_nav': CMAKE_PREFIX_PATH=/root/ros_ws/install/nav2_bringup:/root/ros_ws/install/turtlebot3_gazebo:/root/ros_ws/install/turtlebot3:/root/ros_ws/install/turtlebot3_simulations:/root/ros_ws/install/turtlebot3_bringup:/root/ros_ws/install/turtlebot3_node:/root/ros_ws/install/turtlebot3_navigation2:/root/ros_ws/install/turtlebot3_fake_node:/root/ros_ws/install/turtlebot3_description:/root/ros_ws/install/turtlebot3_cartographer:/opt/ros/jazzy/opt/gz_sim_vendor:/opt/ros/jazzy/opt/gz_sensors_vendor:/opt/ros/jazzy/opt/gz_physics_vendor:/opt/ros/jazzy/opt/sdformat_vendor:/opt/ros/jazzy/opt/gz_gui_vendor:/opt/ros/jazzy/opt/gz_transport_vendor:/opt/ros/jazzy/opt/gz_rendering_vendor:/opt/ros/jazzy/opt/gz_plugin_vendor:/opt/ros/jazzy/opt/gz_fuel_tools_vendor:/opt/ros/jazzy/opt/gz_msgs_vendor:/opt/ros/jazzy/opt/gz_common_vendor:/opt/ros/jazzy/opt/gz_math_vendor:/opt/ros/jazzy/opt/gz_utils_vendor:/opt/ros/jazzy/opt/gz_tools_vendor:/opt/ros/jazzy/opt/gz_ogre_next_vendor:/opt/ros/jazzy/opt/gz_dartsim_vendor:/opt/ros/jazzy/opt/gz_cmake_vendor PYTHONPATH=/root/ros_ws/build/tb3_multi_nav/prefix_override:/usr/lib/python3/dist-packages/colcon_core/task/python/colcon_distutils_commands:/root/ros_ws/install/tb3_multi_nav/lib/python3.12/site-packages:${PYTHONPATH} /usr/bin/python3 -W ignore:setup.py install is deprecated -W ignore:easy_install command is deprecated setup.py egg_info --egg-base ../../build/tb3_multi_nav build --build-base /root/ros_ws/build/tb3_multi_nav/build install --record /root/ros_ws/build/tb3_multi_nav/install.log --single-version-externally-managed install_data
[0.671s] running egg_info
[0.679s] writing ../../build/tb3_multi_nav/tb3_multi_nav.egg-info/PKG-INFO
[0.679s] writing dependency_links to ../../build/tb3_multi_nav/tb3_multi_nav.egg-info/dependency_links.txt
[0.679s] writing entry points to ../../build/tb3_multi_nav/tb3_multi_nav.egg-info/entry_points.txt
[0.679s] writing requirements to ../../build/tb3_multi_nav/tb3_multi_nav.egg-info/requires.txt
[0.680s] writing top-level names to ../../build/tb3_multi_nav/tb3_multi_nav.egg-info/top_level.txt
[0.698s] reading manifest file '../../build/tb3_multi_nav/tb3_multi_nav.egg-info/SOURCES.txt'
[0.699s] writing manifest file '../../build/tb3_multi_nav/tb3_multi_nav.egg-info/SOURCES.txt'
[0.699s] running build
[0.699s] running build_py
[0.699s] running install
[0.703s] running install_lib
[0.712s] running install_data
[0.712s] copying launch/multi_tb3.launch.py -> /root/ros_ws/install/tb3_multi_nav/share/tb3_multi_nav/launch
[0.712s] running install_egg_info
[0.721s] removing '/root/ros_ws/install/tb3_multi_nav/lib/python3.12/site-packages/tb3_multi_nav-0.0.0-py3.12.egg-info' (and everything under it)
[0.721s] Copying ../../build/tb3_multi_nav/tb3_multi_nav.egg-info to /root/ros_ws/install/tb3_multi_nav/lib/python3.12/site-packages/tb3_multi_nav-0.0.0-py3.12.egg-info
[0.722s] running install_scripts
[0.787s] Installing map_republisher script to /root/ros_ws/install/tb3_multi_nav/lib/tb3_multi_nav
[0.787s] writing list of installed files to '/root/ros_ws/build/tb3_multi_nav/install.log'
[0.807s] Invoked command in '/root/ros_ws/src/tb3_multi_nav' returned '0': CMAKE_PREFIX_PATH=/root/ros_ws/install/nav2_bringup:/root/ros_ws/install/turtlebot3_gazebo:/root/ros_ws/install/turtlebot3:/root/ros_ws/install/turtlebot3_simulations:/root/ros_ws/install/turtlebot3_bringup:/root/ros_ws/install/turtlebot3_node:/root/ros_ws/install/turtlebot3_navigation2:/root/ros_ws/install/turtlebot3_fake_node:/root/ros_ws/install/turtlebot3_description:/root/ros_ws/install/turtlebot3_cartographer:/opt/ros/jazzy/opt/gz_sim_vendor:/opt/ros/jazzy/opt/gz_sensors_vendor:/opt/ros/jazzy/opt/gz_physics_vendor:/opt/ros/jazzy/opt/sdformat_vendor:/opt/ros/jazzy/opt/gz_gui_vendor:/opt/ros/jazzy/opt/gz_transport_vendor:/opt/ros/jazzy/opt/gz_rendering_vendor:/opt/ros/jazzy/opt/gz_plugin_vendor:/opt/ros/jazzy/opt/gz_fuel_tools_vendor:/opt/ros/jazzy/opt/gz_msgs_vendor:/opt/ros/jazzy/opt/gz_common_vendor:/opt/ros/jazzy/opt/gz_math_vendor:/opt/ros/jazzy/opt/gz_utils_vendor:/opt/ros/jazzy/opt/gz_tools_vendor:/opt/ros/jazzy/opt/gz_ogre_next_vendor:/opt/ros/jazzy/opt/gz_dartsim_vendor:/opt/ros/jazzy/opt/gz_cmake_vendor PYTHONPATH=/root/ros_ws/build/tb3_multi_nav/prefix_override:/usr/lib/python3/dist-packages/colcon_core/task/python/colcon_distutils_commands:/root/ros_ws/install/tb3_multi_nav/lib/python3.12/site-packages:${PYTHONPATH} /usr/bin/python3 -W ignore:setup.py install is deprecated -W ignore:easy_install command is deprecated setup.py egg_info --egg-base ../../build/tb3_multi_nav build --build-base /root/ros_ws/build/tb3_multi_nav/build install --record /root/ros_ws/build/tb3_multi_nav/install.log --single-version-externally-managed install_data
