running egg_info
creating ../../build/custom_explorer/custom_explorer.egg-info
writing ../../build/custom_explorer/custom_explorer.egg-info/PKG-INFO
writing dependency_links to ../../build/custom_explorer/custom_explorer.egg-info/dependency_links.txt
writing entry points to ../../build/custom_explorer/custom_explorer.egg-info/entry_points.txt
writing requirements to ../../build/custom_explorer/custom_explorer.egg-info/requires.txt
writing top-level names to ../../build/custom_explorer/custom_explorer.egg-info/top_level.txt
writing manifest file '../../build/custom_explorer/custom_explorer.egg-info/SOURCES.txt'
reading manifest file '../../build/custom_explorer/custom_explorer.egg-info/SOURCES.txt'
writing manifest file '../../build/custom_explorer/custom_explorer.egg-info/SOURCES.txt'
running build
running build_py
creating /root/ros_ws/build/custom_explorer/build
creating /root/ros_ws/build/custom_explorer/build/lib
creating /root/ros_ws/build/custom_explorer/build/lib/custom_explorer
copying custom_explorer/__init__.py -> /root/ros_ws/build/custom_explorer/build/lib/custom_explorer
copying custom_explorer/explorer.py -> /root/ros_ws/build/custom_explorer/build/lib/custom_explorer
running install
running install_lib
creating /root/ros_ws/install/custom_explorer/lib/python3.12/site-packages/custom_explorer
copying /root/ros_ws/build/custom_explorer/build/lib/custom_explorer/__init__.py -> /root/ros_ws/install/custom_explorer/lib/python3.12/site-packages/custom_explorer
copying /root/ros_ws/build/custom_explorer/build/lib/custom_explorer/explorer.py -> /root/ros_ws/install/custom_explorer/lib/python3.12/site-packages/custom_explorer
byte-compiling /root/ros_ws/install/custom_explorer/lib/python3.12/site-packages/custom_explorer/__init__.py to __init__.cpython-312.pyc
byte-compiling /root/ros_ws/install/custom_explorer/lib/python3.12/site-packages/custom_explorer/explorer.py to explorer.cpython-312.pyc
running install_data
creating /root/ros_ws/install/custom_explorer/share/ament_index
creating /root/ros_ws/install/custom_explorer/share/ament_index/resource_index
creating /root/ros_ws/install/custom_explorer/share/ament_index/resource_index/packages
copying resource/custom_explorer -> /root/ros_ws/install/custom_explorer/share/ament_index/resource_index/packages
copying package.xml -> /root/ros_ws/install/custom_explorer/share/custom_explorer
running install_egg_info
Copying ../../build/custom_explorer/custom_explorer.egg-info to /root/ros_ws/install/custom_explorer/lib/python3.12/site-packages/custom_explorer-0.0.0-py3.12.egg-info
running install_scripts
Installing explorer script to /root/ros_ws/install/custom_explorer/lib/custom_explorer
writing list of installed files to '/root/ros_ws/build/custom_explorer/install.log'
