[0.027s] Invoking command in '/root/ros_ws/build/turtlebot3_bringup': CMAKE_PREFIX_PATH=/root/ros_ws/install/turtlebot3_node:/root/ros_ws/install/turtlebot3_description:/root/ros_ws/install/turtlebot3:/root/ros_ws/install/turtlebot3_simulations:/root/ros_ws/install/turtlebot3_bringup:/root/ros_ws/install/turtlebot3_navigation2:/root/ros_ws/install/nav2_bringup:/root/ros_ws/install/turtlebot3_gazebo:/root/ros_ws/install/turtlebot3_fake_node:/root/ros_ws/install/turtlebot3_cartographer:/opt/ros/jazzy/opt/gz_sim_vendor:/opt/ros/jazzy/opt/gz_sensors_vendor:/opt/ros/jazzy/opt/gz_physics_vendor:/opt/ros/jazzy/opt/sdformat_vendor:/opt/ros/jazzy/opt/gz_gui_vendor:/opt/ros/jazzy/opt/gz_transport_vendor:/opt/ros/jazzy/opt/gz_rendering_vendor:/opt/ros/jazzy/opt/gz_plugin_vendor:/opt/ros/jazzy/opt/gz_fuel_tools_vendor:/opt/ros/jazzy/opt/gz_msgs_vendor:/opt/ros/jazzy/opt/gz_common_vendor:/opt/ros/jazzy/opt/gz_math_vendor:/opt/ros/jazzy/opt/gz_utils_vendor:/opt/ros/jazzy/opt/gz_tools_vendor:/opt/ros/jazzy/opt/gz_ogre_next_vendor:/opt/ros/jazzy/opt/gz_dartsim_vendor:/opt/ros/jazzy/opt/gz_cmake_vendor:/root/ros_ws/install/turtlebot3_teleop:/root/ros_ws/install/tb3_multi_nav:/root/ros_ws/install/turtlebot3_example:/opt/ros/jazzy /usr/bin/cmake --build /root/ros_ws/build/turtlebot3_bringup -- -j16 -l16
[0.068s] Invoked command in '/root/ros_ws/build/turtlebot3_bringup' returned '0': CMAKE_PREFIX_PATH=/root/ros_ws/install/turtlebot3_node:/root/ros_ws/install/turtlebot3_description:/root/ros_ws/install/turtlebot3:/root/ros_ws/install/turtlebot3_simulations:/root/ros_ws/install/turtlebot3_bringup:/root/ros_ws/install/turtlebot3_navigation2:/root/ros_ws/install/nav2_bringup:/root/ros_ws/install/turtlebot3_gazebo:/root/ros_ws/install/turtlebot3_fake_node:/root/ros_ws/install/turtlebot3_cartographer:/opt/ros/jazzy/opt/gz_sim_vendor:/opt/ros/jazzy/opt/gz_sensors_vendor:/opt/ros/jazzy/opt/gz_physics_vendor:/opt/ros/jazzy/opt/sdformat_vendor:/opt/ros/jazzy/opt/gz_gui_vendor:/opt/ros/jazzy/opt/gz_transport_vendor:/opt/ros/jazzy/opt/gz_rendering_vendor:/opt/ros/jazzy/opt/gz_plugin_vendor:/opt/ros/jazzy/opt/gz_fuel_tools_vendor:/opt/ros/jazzy/opt/gz_msgs_vendor:/opt/ros/jazzy/opt/gz_common_vendor:/opt/ros/jazzy/opt/gz_math_vendor:/opt/ros/jazzy/opt/gz_utils_vendor:/opt/ros/jazzy/opt/gz_tools_vendor:/opt/ros/jazzy/opt/gz_ogre_next_vendor:/opt/ros/jazzy/opt/gz_dartsim_vendor:/opt/ros/jazzy/opt/gz_cmake_vendor:/root/ros_ws/install/turtlebot3_teleop:/root/ros_ws/install/tb3_multi_nav:/root/ros_ws/install/turtlebot3_example:/opt/ros/jazzy /usr/bin/cmake --build /root/ros_ws/build/turtlebot3_bringup -- -j16 -l16
[0.069s] Invoking command in '/root/ros_ws/build/turtlebot3_bringup': CMAKE_PREFIX_PATH=/root/ros_ws/install/turtlebot3_node:/root/ros_ws/install/turtlebot3_description:/root/ros_ws/install/turtlebot3:/root/ros_ws/install/turtlebot3_simulations:/root/ros_ws/install/turtlebot3_bringup:/root/ros_ws/install/turtlebot3_navigation2:/root/ros_ws/install/nav2_bringup:/root/ros_ws/install/turtlebot3_gazebo:/root/ros_ws/install/turtlebot3_fake_node:/root/ros_ws/install/turtlebot3_cartographer:/opt/ros/jazzy/opt/gz_sim_vendor:/opt/ros/jazzy/opt/gz_sensors_vendor:/opt/ros/jazzy/opt/gz_physics_vendor:/opt/ros/jazzy/opt/sdformat_vendor:/opt/ros/jazzy/opt/gz_gui_vendor:/opt/ros/jazzy/opt/gz_transport_vendor:/opt/ros/jazzy/opt/gz_rendering_vendor:/opt/ros/jazzy/opt/gz_plugin_vendor:/opt/ros/jazzy/opt/gz_fuel_tools_vendor:/opt/ros/jazzy/opt/gz_msgs_vendor:/opt/ros/jazzy/opt/gz_common_vendor:/opt/ros/jazzy/opt/gz_math_vendor:/opt/ros/jazzy/opt/gz_utils_vendor:/opt/ros/jazzy/opt/gz_tools_vendor:/opt/ros/jazzy/opt/gz_ogre_next_vendor:/opt/ros/jazzy/opt/gz_dartsim_vendor:/opt/ros/jazzy/opt/gz_cmake_vendor:/root/ros_ws/install/turtlebot3_teleop:/root/ros_ws/install/tb3_multi_nav:/root/ros_ws/install/turtlebot3_example:/opt/ros/jazzy /usr/bin/cmake --install /root/ros_ws/build/turtlebot3_bringup
[0.079s] -- Install configuration: ""
[0.080s] -- Up-to-date: /root/ros_ws/install/turtlebot3_bringup/share/turtlebot3_bringup/launch
[0.080s] -- Up-to-date: /root/ros_ws/install/turtlebot3_bringup/share/turtlebot3_bringup/launch/robot.launch.py
[0.080s] -- Up-to-date: /root/ros_ws/install/turtlebot3_bringup/share/turtlebot3_bringup/launch/turtlebot3_state_publisher.launch.py
[0.080s] -- Up-to-date: /root/ros_ws/install/turtlebot3_bringup/share/turtlebot3_bringup/launch/camera.launch.py
[0.080s] -- Up-to-date: /root/ros_ws/install/turtlebot3_bringup/share/turtlebot3_bringup/launch/rviz2.launch.py
[0.081s] -- Up-to-date: /root/ros_ws/install/turtlebot3_bringup/share/turtlebot3_bringup/param
[0.081s] -- Up-to-date: /root/ros_ws/install/turtlebot3_bringup/share/turtlebot3_bringup/param/waffle_pi.yaml
[0.081s] -- Up-to-date: /root/ros_ws/install/turtlebot3_bringup/share/turtlebot3_bringup/param/waffle.yaml
[0.081s] -- Up-to-date: /root/ros_ws/install/turtlebot3_bringup/share/turtlebot3_bringup/param/burger.yaml
[0.082s] -- Up-to-date: /root/ros_ws/install/turtlebot3_bringup/share/turtlebot3_bringup/param/humble
[0.082s] -- Up-to-date: /root/ros_ws/install/turtlebot3_bringup/share/turtlebot3_bringup/param/humble/waffle_pi.yaml
[0.083s] -- Up-to-date: /root/ros_ws/install/turtlebot3_bringup/share/turtlebot3_bringup/param/humble/waffle.yaml
[0.083s] -- Up-to-date: /root/ros_ws/install/turtlebot3_bringup/share/turtlebot3_bringup/param/humble/burger.yaml
[0.083s] -- Up-to-date: /root/ros_ws/install/turtlebot3_bringup/share/turtlebot3_bringup/script
[0.083s] -- Up-to-date: /root/ros_ws/install/turtlebot3_bringup/share/turtlebot3_bringup/script/create_udev_rules
[0.083s] -- Up-to-date: /root/ros_ws/install/turtlebot3_bringup/share/turtlebot3_bringup/script/99-turtlebot3-cdc.rules
[0.083s] -- Up-to-date: /root/ros_ws/install/turtlebot3_bringup/share/ament_index/resource_index/package_run_dependencies/turtlebot3_bringup
[0.084s] -- Up-to-date: /root/ros_ws/install/turtlebot3_bringup/share/ament_index/resource_index/parent_prefix_path/turtlebot3_bringup
[0.084s] -- Up-to-date: /root/ros_ws/install/turtlebot3_bringup/share/turtlebot3_bringup/environment/ament_prefix_path.sh
[0.084s] -- Up-to-date: /root/ros_ws/install/turtlebot3_bringup/share/turtlebot3_bringup/environment/ament_prefix_path.dsv
[0.085s] -- Up-to-date: /root/ros_ws/install/turtlebot3_bringup/share/turtlebot3_bringup/environment/path.sh
[0.085s] -- Up-to-date: /root/ros_ws/install/turtlebot3_bringup/share/turtlebot3_bringup/environment/path.dsv
[0.085s] -- Up-to-date: /root/ros_ws/install/turtlebot3_bringup/share/turtlebot3_bringup/local_setup.bash
[0.085s] -- Up-to-date: /root/ros_ws/install/turtlebot3_bringup/share/turtlebot3_bringup/local_setup.sh
[0.086s] -- Up-to-date: /root/ros_ws/install/turtlebot3_bringup/share/turtlebot3_bringup/local_setup.zsh
[0.086s] -- Up-to-date: /root/ros_ws/install/turtlebot3_bringup/share/turtlebot3_bringup/local_setup.dsv
[0.086s] -- Installing: /root/ros_ws/install/turtlebot3_bringup/share/turtlebot3_bringup/package.dsv
[0.086s] -- Up-to-date: /root/ros_ws/install/turtlebot3_bringup/share/ament_index/resource_index/packages/turtlebot3_bringup
[0.086s] -- Up-to-date: /root/ros_ws/install/turtlebot3_bringup/share/turtlebot3_bringup/cmake/turtlebot3_bringupConfig.cmake
[0.086s] -- Up-to-date: /root/ros_ws/install/turtlebot3_bringup/share/turtlebot3_bringup/cmake/turtlebot3_bringupConfig-version.cmake
[0.086s] -- Up-to-date: /root/ros_ws/install/turtlebot3_bringup/share/turtlebot3_bringup/package.xml
[0.108s] Invoked command in '/root/ros_ws/build/turtlebot3_bringup' returned '0': CMAKE_PREFIX_PATH=/root/ros_ws/install/turtlebot3_node:/root/ros_ws/install/turtlebot3_description:/root/ros_ws/install/turtlebot3:/root/ros_ws/install/turtlebot3_simulations:/root/ros_ws/install/turtlebot3_bringup:/root/ros_ws/install/turtlebot3_navigation2:/root/ros_ws/install/nav2_bringup:/root/ros_ws/install/turtlebot3_gazebo:/root/ros_ws/install/turtlebot3_fake_node:/root/ros_ws/install/turtlebot3_cartographer:/opt/ros/jazzy/opt/gz_sim_vendor:/opt/ros/jazzy/opt/gz_sensors_vendor:/opt/ros/jazzy/opt/gz_physics_vendor:/opt/ros/jazzy/opt/sdformat_vendor:/opt/ros/jazzy/opt/gz_gui_vendor:/opt/ros/jazzy/opt/gz_transport_vendor:/opt/ros/jazzy/opt/gz_rendering_vendor:/opt/ros/jazzy/opt/gz_plugin_vendor:/opt/ros/jazzy/opt/gz_fuel_tools_vendor:/opt/ros/jazzy/opt/gz_msgs_vendor:/opt/ros/jazzy/opt/gz_common_vendor:/opt/ros/jazzy/opt/gz_math_vendor:/opt/ros/jazzy/opt/gz_utils_vendor:/opt/ros/jazzy/opt/gz_tools_vendor:/opt/ros/jazzy/opt/gz_ogre_next_vendor:/opt/ros/jazzy/opt/gz_dartsim_vendor:/opt/ros/jazzy/opt/gz_cmake_vendor:/root/ros_ws/install/turtlebot3_teleop:/root/ros_ws/install/tb3_multi_nav:/root/ros_ws/install/turtlebot3_example:/opt/ros/jazzy /usr/bin/cmake --install /root/ros_ws/build/turtlebot3_bringup
