[0.035s] Invoking command in '/root/ros_ws/build/turtlebot3_gazebo': CMAKE_PREFIX_PATH=${CMAKE_PREFIX_PATH}:/root/ros_ws/install/turtlebot3_teleop:/root/ros_ws/install/turtlebot3_example:/opt/ros/jazzy /usr/bin/cmake /root/ros_ws/src/turtlebot3_simulations/turtlebot3_gazebo -DCMAKE_INSTALL_PREFIX=/root/ros_ws/install/turtlebot3_gazebo
[0.191s] -- The C compiler identification is GNU 13.3.0
[0.191s] -- The CXX compiler identification is GNU 13.3.0
[0.192s] -- Detecting C compiler ABI info
[0.206s] -- Detecting C compiler ABI info - done
[0.213s] -- Check for working C compiler: /usr/bin/cc - skipped
[0.214s] -- Detecting C compile features
[0.214s] -- Detecting C compile features - done
[0.221s] -- Detecting CXX compiler ABI info
[0.302s] -- Detecting CXX compiler ABI info - done
[0.308s] -- Check for working CXX compiler: /usr/bin/c++ - skipped
[0.309s] -- Detecting CXX compile features
[0.310s] -- Detecting CXX compile features - done
[0.315s] -- Found ament_cmake: 2.5.4 (/opt/ros/jazzy/share/ament_cmake/cmake)
[0.462s] -- Found Python3: /usr/bin/python3 (found version "3.12.3") found components: Interpreter 
[0.589s] -- Found ros_gz_sim: 1.0.16 (/opt/ros/jazzy/share/ros_gz_sim/cmake)
[0.649s] -- Found rosidl_generator_c: 4.6.6 (/opt/ros/jazzy/share/rosidl_generator_c/cmake)
[0.672s] -- Found rosidl_generator_cpp: 4.6.6 (/opt/ros/jazzy/share/rosidl_generator_cpp/cmake)
[0.696s] -- Using all available rosidl_typesupport_c: rosidl_typesupport_fastrtps_c;rosidl_typesupport_introspection_c
[0.719s] -- Using all available rosidl_typesupport_cpp: rosidl_typesupport_fastrtps_cpp;rosidl_typesupport_introspection_cpp
[0.805s] -- Found rmw_implementation_cmake: 7.3.2 (/opt/ros/jazzy/share/rmw_implementation_cmake/cmake)
[0.808s] -- Found rmw_fastrtps_cpp: 8.4.3 (/opt/ros/jazzy/share/rmw_fastrtps_cpp/cmake)
[0.901s] -- Found OpenSSL: /usr/lib/x86_64-linux-gnu/libcrypto.so (found version "3.0.13")  
[0.917s] -- Found FastRTPS: /opt/ros/jazzy/include (Required is at least version "2.13") 
[0.936s] -- Using RMW implementation 'rmw_fastrtps_cpp' as default
[1.188s] -- Found nav_msgs: 5.3.6 (/opt/ros/jazzy/share/nav_msgs/cmake)
[1.209s] -- Found sensor_msgs: 5.3.6 (/opt/ros/jazzy/share/sensor_msgs/cmake)
[1.231s] -- Found gz_math_vendor: 0.0.8 (/opt/ros/jazzy/share/gz_math_vendor/cmake)
[1.239s] -- Looking for gz-math7 -- found version 7.5.2
[1.244s] -- Searching for dependencies of gz-math7
[1.246s] -- Looking for gz-utils2 -- found version 2.2.1
[1.246s] -- Searching for dependencies of gz-utils2
[1.249s] -- Found gz_sim_vendor: 0.0.8 (/opt/ros/jazzy/share/gz_sim_vendor/cmake)
[1.298s] -- Looking for gz-sim8 -- found version 8.9.0
[1.299s] -- Searching for dependencies of gz-sim8
[1.300s] -- Looking for sdformat14 -- found version 14.8.0
[1.300s] -- Searching for dependencies of sdformat14
[1.305s] -- Checking for module 'tinyxml2'
[1.318s] --   Found tinyxml2, version 10.0.0
[1.345s] -- Looking for gz-math7 -- found version 7.5.2
[1.346s] -- Looking for gz-utils2 -- found version 2.2.1
[1.346s] -- Searching for dependencies of gz-utils2
[1.346s] -- Searching for <gz-utils2> component [cli]
[1.348s] -- Looking for gz-utils2-cli -- found version 2.2.1
[1.348s] -- Searching for dependencies of gz-utils2-cli
[1.351s] -- Looking for gz-plugin2 -- found version 2.0.4
[1.351s] -- Searching for dependencies of gz-plugin2
[1.351s] -- Looking for gz-utils2 -- found version 2.2.1
[1.352s] -- Searching for <gz-plugin2> component [loader]
[1.354s] -- Looking for gz-plugin2-loader -- found version 2.0.4
[1.354s] -- Searching for dependencies of gz-plugin2-loader
[1.354s] -- Searching for <gz-plugin2> component [register]
[1.356s] -- Looking for gz-plugin2-register -- found version 2.0.4
[1.356s] -- Searching for dependencies of gz-plugin2-register
[1.359s] -- Looking for gz-transport13 -- found version 13.4.1
[1.359s] -- Searching for dependencies of gz-transport13
[1.494s] -- Found Protobuf: /usr/lib/x86_64-linux-gnu/libprotobuf.so (found version "3.21.12") 
[1.513s] -- Config-file not installed for ZeroMQ -- checking for pkg-config
[1.520s] -- Checking for module 'libzmq >= 4'
[1.545s] --   Found libzmq, version 4.3.5
[1.624s] -- Found ZeroMQ: TRUE (Required is at least version "4") 
[1.635s] -- Checking for module 'uuid'
[1.662s] --   Found uuid, version 2.39.3
[1.717s] -- Found UUID: TRUE  
[1.717s] -- Looking for gz-utils2 -- found version 2.2.1
[1.718s] -- Looking for gz-msgs10 -- found version 10.3.2
[1.718s] -- Searching for dependencies of gz-msgs10
[1.747s] -- Looking for gz-utils2 -- found version 2.2.1
[1.748s] -- Looking for gz-math7 -- found version 7.5.2
[1.758s] -- Searching for <gz-transport13> component [log]
[1.763s] -- Looking for gz-transport13-log -- found version 13.4.1
[1.763s] -- Searching for dependencies of gz-transport13-log
[1.764s] -- Searching for <gz-transport13> component [parameters]
[1.770s] -- Looking for gz-transport13-parameters -- found version 13.4.1
[1.770s] -- Searching for dependencies of gz-transport13-parameters
[1.771s] -- Looking for gz-msgs10 -- found version 10.3.2
[1.776s] -- Looking for gz-common5 -- found version 5.7.1
[1.776s] -- Searching for dependencies of gz-common5
[1.777s] -- Looking for gz-utils2 -- found version 2.2.1
[1.778s] -- Looking for dlfcn.h - found
[1.779s] -- Looking for libdl - found
[1.781s] -- Found DL: TRUE  
[1.791s] -- Searching for <gz-common5> component [av]
[1.796s] -- Looking for gz-common5-av -- found version 5.7.1
[1.797s] -- Searching for dependencies of gz-common5-av
[1.804s] -- Checking for module 'libswscale'
[1.832s] --   Found libswscale, version 7.5.100
[1.886s] -- Found SWSCALE: TRUE  
[1.894s] -- Checking for module 'libavdevice >= 56.4.100'
[1.922s] --   Found libavdevice, version 60.3.100
[1.995s] -- Found AVDEVICE: TRUE (Required is at least version "56.4.100") 
[2.004s] -- Checking for module 'libavformat'
[2.035s] --   Found libavformat, version 60.16.100
[2.094s] -- Found AVFORMAT: TRUE  
[2.101s] -- Checking for module 'libavcodec'
[2.128s] --   Found libavcodec, version 60.31.102
[2.187s] -- Found AVCODEC: TRUE  
[2.194s] -- Checking for module 'libavutil'
[2.223s] --   Found libavutil, version 58.29.100
[2.280s] -- Found AVUTIL: TRUE  
[2.281s] -- Searching for <gz-common5> component [events]
[2.285s] -- Looking for gz-common5-events -- found version 5.7.1
[2.286s] -- Searching for dependencies of gz-common5-events
[2.286s] -- Looking for gz-math7 -- found version 7.5.2
[2.287s] -- Searching for <gz-common5> component [graphics]
[2.292s] -- Looking for gz-common5-graphics -- found version 5.7.1
[2.292s] -- Searching for dependencies of gz-common5-graphics
[2.292s] -- Looking for gz-math7 -- found version 7.5.2
[2.302s] -- Found GzAssimp: TRUE (found version "5.3.0") 
[2.303s] -- Searching for <gz-common5> component [io]
[2.307s] -- Looking for gz-common5-io -- found version 5.7.1
[2.307s] -- Searching for dependencies of gz-common5-io
[2.308s] -- Searching for <gz-common5> component [profiler]
[2.313s] -- Looking for gz-common5-profiler -- found version 5.7.1
[2.313s] -- Searching for dependencies of gz-common5-profiler
[2.318s] -- Looking for gz-fuel_tools9 -- found version 9.1.1
[2.318s] -- Searching for dependencies of gz-fuel_tools9
[2.444s] -- Found CURL: /usr/lib/x86_64-linux-gnu/libcurl.so (found version "8.5.0")  
[2.460s] -- Checking for module 'jsoncpp'
[2.481s] --   Found jsoncpp, version 1.9.5
[2.536s] -- Found JSONCPP: TRUE  
[2.564s] -- Checking for module 'yaml-0.1'
[2.589s] --   Found yaml-0.1, version 0.2.5
[2.646s] -- Found YAML: TRUE  
[2.654s] -- Checking for module 'libzip'
[2.681s] --   Found libzip, version 1.7.3
[2.735s] -- Found ZIP: TRUE  
[2.735s] -- Looking for gz-utils2 -- found version 2.2.1
[2.736s] -- Looking for gz-common5 -- found version 5.7.1
[2.736s] -- Searching for dependencies of gz-common5
[2.736s] -- Looking for gz-utils2 -- found version 2.2.1
[2.737s] -- Looking for dlfcn.h - found
[2.740s] -- Looking for libdl - found
[2.747s] -- Searching for <gz-common5> component [testing]
[2.752s] -- Looking for gz-common5-testing -- found version 5.7.1
[2.752s] -- Searching for dependencies of gz-common5-testing
[2.753s] -- Looking for gz-math7 -- found version 7.5.2
[2.754s] -- Looking for gz-msgs10 -- found version 10.3.2
[2.759s] -- Looking for gz-gui8 -- found version 8.4.0
[2.759s] -- Searching for dependencies of gz-gui8
[2.797s] -- Looking for gz-utils2 -- found version 2.2.1
[2.798s] -- Looking for gz-math7 -- found version 7.5.2
[2.799s] -- Looking for gz-common5 -- found version 5.7.1
[2.799s] -- Looking for gz-plugin2 -- found version 2.0.4
[2.801s] -- Looking for gz-transport13 -- found version 13.4.1
[2.805s] -- Looking for gz-rendering8 -- found version 8.2.2
[2.805s] -- Searching for dependencies of gz-rendering8
[2.806s] -- Looking for gz-math7 -- found version 7.5.2
[2.806s] -- Searching for dependencies of gz-math7
[2.807s] -- Looking for gz-utils2 -- found version 2.2.1
[2.807s] -- Searching for <gz-math7> component [eigen3]
[2.811s] -- Looking for gz-math7-eigen3 -- found version 7.5.2
[2.811s] -- Searching for dependencies of gz-math7-eigen3
[2.827s] -- Looking for gz-common5 -- found version 5.7.1
[2.828s] -- Searching for dependencies of gz-common5
[2.828s] -- Looking for gz-utils2 -- found version 2.2.1
[2.828s] -- Looking for dlfcn.h - found
[2.828s] -- Looking for libdl - found
[2.841s] -- Searching for <gz-common5> component [graphics]
[2.841s] -- Searching for <gz-common5> component [events]
[2.841s] -- Searching for <gz-common5> component [geospatial]
[2.845s] -- Looking for gz-common5-geospatial -- found version 5.7.1
[2.846s] -- Searching for dependencies of gz-common5-geospatial
[2.846s] -- Looking for gz-math7 -- found version 7.5.2
[2.847s] -- Looking for gz-common5 -- found version 5.7.1
[2.848s] -- Looking for gz-plugin2 -- found version 2.0.4
[2.848s] -- Searching for dependencies of gz-plugin2
[2.849s] -- Looking for gz-utils2 -- found version 2.2.1
[2.849s] -- Searching for <gz-plugin2> component [all]
[2.852s] -- Looking for all libraries of gz-plugin2 -- found version 2.0.4
[2.852s] -- Looking for gz-plugin2 -- found version 2.0.4
[2.853s] -- Looking for gz-utils2 -- found version 2.2.1
[2.864s] -- Found OpenGL: /usr/lib/x86_64-linux-gnu/libOpenGL.so  found components: OpenGL 
[2.866s] -- Looking for gz-msgs10 -- found version 10.3.2
[2.904s] -- Looking for gz-physics7 -- found version 7.5.0
[2.904s] -- Searching for dependencies of gz-physics7
[2.904s] -- Looking for gz-common5 -- found version 5.7.1
[2.905s] -- Looking for gz-math7 -- found version 7.5.2
[2.906s] -- Looking for gz-plugin2 -- found version 2.0.4
[2.906s] -- Looking for gz-utils2 -- found version 2.2.1
[2.909s] -- Searching for <gz-physics7> component [heightmap]
[2.912s] -- Looking for gz-physics7-heightmap -- found version 7.5.0
[2.913s] -- Searching for dependencies of gz-physics7-heightmap
[2.913s] -- Looking for gz-common5 -- found version 5.7.1
[2.914s] -- Searching for <gz-physics7> component [mesh]
[2.918s] -- Looking for gz-physics7-mesh -- found version 7.5.0
[2.918s] -- Searching for dependencies of gz-physics7-mesh
[2.919s] -- Looking for gz-common5 -- found version 5.7.1
[2.921s] -- Searching for <gz-physics7> component [sdf]
[2.924s] -- Looking for gz-physics7-sdf -- found version 7.5.0
[2.924s] -- Searching for dependencies of gz-physics7-sdf
[2.925s] -- Looking for sdformat14 -- found version 14.8.0
[2.932s] -- Looking for gz-sensors8 -- found version 8.2.2
[2.932s] -- Searching for dependencies of gz-sensors8
[2.963s] -- Looking for gz-math7 -- found version 7.5.2
[2.963s] -- Looking for gz-common5 -- found version 5.7.1
[2.964s] -- Looking for gz-transport13 -- found version 13.4.1
[2.965s] -- Looking for gz-rendering8 -- found version 8.2.2
[2.965s] -- Looking for gz-msgs10 -- found version 10.3.2
[2.966s] -- Looking for sdformat14 -- found version 14.8.0
[2.967s] -- Searching for <gz-sensors8> component [air_pressure]
[2.971s] -- Looking for gz-sensors8-air_pressure -- found version 8.2.2
[2.971s] -- Searching for dependencies of gz-sensors8-air_pressure
[2.972s] -- Searching for <gz-sensors8> component [air_speed]
[2.976s] -- Looking for gz-sensors8-air_speed -- found version 8.2.2
[2.976s] -- Searching for dependencies of gz-sensors8-air_speed
[2.977s] -- Searching for <gz-sensors8> component [altimeter]
[2.981s] -- Looking for gz-sensors8-altimeter -- found version 8.2.2
[2.981s] -- Searching for dependencies of gz-sensors8-altimeter
[2.982s] -- Searching for <gz-sensors8> component [imu]
[2.984s] -- Looking for gz-sensors8-imu -- found version 8.2.2
[2.984s] -- Searching for dependencies of gz-sensors8-imu
[2.985s] -- Searching for <gz-sensors8> component [force_torque]
[2.987s] -- Looking for gz-sensors8-force_torque -- found version 8.2.2
[2.987s] -- Searching for dependencies of gz-sensors8-force_torque
[2.988s] -- Searching for <gz-sensors8> component [logical_camera]
[2.991s] -- Looking for gz-sensors8-logical_camera -- found version 8.2.2
[2.991s] -- Searching for dependencies of gz-sensors8-logical_camera
[2.991s] -- Searching for <gz-sensors8> component [magnetometer]
[2.995s] -- Looking for gz-sensors8-magnetometer -- found version 8.2.2
[2.995s] -- Searching for dependencies of gz-sensors8-magnetometer
[2.995s] -- Searching for <gz-sensors8> component [navsat]
[2.999s] -- Looking for gz-sensors8-navsat -- found version 8.2.2
[2.999s] -- Searching for dependencies of gz-sensors8-navsat
[2.999s] -- Searching for <gz-sensors8> component [dvl]
[3.002s] -- Looking for gz-sensors8-dvl -- found version 8.2.2
[3.003s] -- Searching for dependencies of gz-sensors8-dvl
[3.003s] -- Looking for gz-sensors8 -- found version 8.2.2
[3.003s] -- Searching for dependencies of gz-sensors8
[3.034s] -- Looking for gz-math7 -- found version 7.5.2
[3.035s] -- Looking for gz-common5 -- found version 5.7.1
[3.035s] -- Looking for gz-transport13 -- found version 13.4.1
[3.036s] -- Looking for gz-rendering8 -- found version 8.2.2
[3.037s] -- Looking for gz-msgs10 -- found version 10.3.2
[3.038s] -- Looking for sdformat14 -- found version 14.8.0
[3.038s] -- Searching for <gz-sensors8> component [rendering]
[3.042s] -- Looking for gz-sensors8-rendering -- found version 8.2.2
[3.042s] -- Searching for dependencies of gz-sensors8-rendering
[3.044s] -- Searching for <gz-sensors8> component [rendering]
[3.044s] -- Searching for <gz-sensors8> component [lidar]
[3.047s] -- Looking for gz-sensors8-lidar -- found version 8.2.2
[3.047s] -- Searching for dependencies of gz-sensors8-lidar
[3.048s] -- Looking for gz-sensors8 -- found version 8.2.2
[3.049s] -- Searching for <gz-sensors8> component [gpu_lidar]
[3.052s] -- Looking for gz-sensors8-gpu_lidar -- found version 8.2.2
[3.052s] -- Searching for dependencies of gz-sensors8-gpu_lidar
[3.053s] -- Looking for gz-sensors8 -- found version 8.2.2
[3.054s] -- Searching for <gz-sensors8> component [camera]
[3.057s] -- Looking for gz-sensors8-camera -- found version 8.2.2
[3.057s] -- Searching for dependencies of gz-sensors8-camera
[3.058s] -- Looking for gz-sensors8 -- found version 8.2.2
[3.058s] -- Searching for <gz-sensors8> component [boundingbox_camera]
[3.061s] -- Looking for gz-sensors8-boundingbox_camera -- found version 8.2.2
[3.062s] -- Searching for dependencies of gz-sensors8-boundingbox_camera
[3.063s] -- Searching for <gz-sensors8> component [segmentation_camera]
[3.065s] -- Looking for gz-sensors8-segmentation_camera -- found version 8.2.2
[3.066s] -- Searching for dependencies of gz-sensors8-segmentation_camera
[3.066s] -- Searching for <gz-sensors8> component [depth_camera]
[3.069s] -- Looking for gz-sensors8-depth_camera -- found version 8.2.2
[3.069s] -- Searching for dependencies of gz-sensors8-depth_camera
[3.070s] -- Looking for gz-sensors8 -- found version 8.2.2
[3.071s] -- Searching for <gz-sensors8> component [rgbd_camera]
[3.074s] -- Looking for gz-sensors8-rgbd_camera -- found version 8.2.2
[3.075s] -- Searching for dependencies of gz-sensors8-rgbd_camera
[3.075s] -- Looking for gz-sensors8 -- found version 8.2.2
[3.076s] -- Searching for <gz-sensors8> component [thermal_camera]
[3.078s] -- Looking for gz-sensors8-thermal_camera -- found version 8.2.2
[3.079s] -- Searching for dependencies of gz-sensors8-thermal_camera
[3.079s] -- Looking for gz-sensors8 -- found version 8.2.2
[3.080s] -- Searching for <gz-sensors8> component [wide_angle_camera]
[3.084s] -- Looking for gz-sensors8-wide_angle_camera -- found version 8.2.2
[3.084s] -- Searching for dependencies of gz-sensors8-wide_angle_camera
[3.086s] -- Looking for gz-rendering8 -- found version 8.2.2
[3.086s] -- Looking for gz-math7 -- found version 7.5.2
[3.087s] -- Looking for gz-utils2 -- found version 2.2.1
[3.122s] -- Looking for gz-plugin2 -- found version 2.0.4
[3.263s] -- Configuring done (3.2s)
[3.319s] -- Generating done (0.0s)
[3.333s] -- Build files have been written to: /root/ros_ws/build/turtlebot3_gazebo
[3.353s] Invoked command in '/root/ros_ws/build/turtlebot3_gazebo' returned '0': CMAKE_PREFIX_PATH=${CMAKE_PREFIX_PATH}:/root/ros_ws/install/turtlebot3_teleop:/root/ros_ws/install/turtlebot3_example:/opt/ros/jazzy /usr/bin/cmake /root/ros_ws/src/turtlebot3_simulations/turtlebot3_gazebo -DCMAKE_INSTALL_PREFIX=/root/ros_ws/install/turtlebot3_gazebo
[3.355s] Invoking command in '/root/ros_ws/build/turtlebot3_gazebo': CMAKE_PREFIX_PATH=${CMAKE_PREFIX_PATH}:/root/ros_ws/install/turtlebot3_teleop:/root/ros_ws/install/turtlebot3_example:/opt/ros/jazzy /usr/bin/cmake --build /root/ros_ws/build/turtlebot3_gazebo -- -j16 -l16
[3.433s] [ 25%] [32mBuilding CXX object CMakeFiles/obstacle1.dir/src/obstacle1.cpp.o[0m
[3.433s] [ 25%] [32mBuilding CXX object CMakeFiles/obstacles.dir/src/obstacles.cpp.o[0m
[3.434s] [ 37%] [32mBuilding CXX object CMakeFiles/turtlebot3_drive.dir/src/turtlebot3_drive.cpp.o[0m
[3.434s] [ 50%] [32mBuilding CXX object CMakeFiles/obstacle2.dir/src/obstacle2.cpp.o[0m
[7.109s] [ 62%] [32m[1mLinking CXX shared library libobstacle1.so[0m
[7.176s] [ 75%] [32m[1mLinking CXX shared library libobstacle2.so[0m
[7.487s] [ 75%] Built target obstacle1
[7.517s] [ 75%] Built target obstacle2
[7.806s] [ 87%] [32m[1mLinking CXX shared library libobstacles.so[0m
[8.071s] [ 87%] Built target obstacles
[14.150s] [100%] [32m[1mLinking CXX executable turtlebot3_drive[0m
[14.442s] [100%] Built target turtlebot3_drive
[14.452s] Invoked command in '/root/ros_ws/build/turtlebot3_gazebo' returned '0': CMAKE_PREFIX_PATH=${CMAKE_PREFIX_PATH}:/root/ros_ws/install/turtlebot3_teleop:/root/ros_ws/install/turtlebot3_example:/opt/ros/jazzy /usr/bin/cmake --build /root/ros_ws/build/turtlebot3_gazebo -- -j16 -l16
[14.453s] Invoking command in '/root/ros_ws/build/turtlebot3_gazebo': CMAKE_PREFIX_PATH=${CMAKE_PREFIX_PATH}:/root/ros_ws/install/turtlebot3_teleop:/root/ros_ws/install/turtlebot3_example:/opt/ros/jazzy /usr/bin/cmake --install /root/ros_ws/build/turtlebot3_gazebo
[14.461s] -- Install configuration: ""
[14.462s] -- Installing: /root/ros_ws/install/turtlebot3_gazebo/lib/turtlebot3_gazebo/turtlebot3_drive
[14.468s] -- Set non-toolchain portion of runtime path of "/root/ros_ws/install/turtlebot3_gazebo/lib/turtlebot3_gazebo/turtlebot3_drive" to ""
[14.468s] -- Installing: /root/ros_ws/install/turtlebot3_gazebo/lib/turtlebot3_gazebo/libobstacles.so
[14.468s] -- Set non-toolchain portion of runtime path of "/root/ros_ws/install/turtlebot3_gazebo/lib/turtlebot3_gazebo/libobstacles.so" to ""
[14.469s] -- Installing: /root/ros_ws/install/turtlebot3_gazebo/lib/turtlebot3_gazebo/libobstacle1.so
[14.470s] -- Set non-toolchain portion of runtime path of "/root/ros_ws/install/turtlebot3_gazebo/lib/turtlebot3_gazebo/libobstacle1.so" to ""
[14.470s] -- Installing: /root/ros_ws/install/turtlebot3_gazebo/lib/turtlebot3_gazebo/libobstacle2.so
[14.470s] -- Set non-toolchain portion of runtime path of "/root/ros_ws/install/turtlebot3_gazebo/lib/turtlebot3_gazebo/libobstacle2.so" to ""
[14.470s] -- Installing: /root/ros_ws/install/turtlebot3_gazebo/share/turtlebot3_gazebo//launch
[14.471s] -- Installing: /root/ros_ws/install/turtlebot3_gazebo/share/turtlebot3_gazebo//launch/turtlebot3_dqn_stage2.launch.py
[14.471s] -- Installing: /root/ros_ws/install/turtlebot3_gazebo/share/turtlebot3_gazebo//launch/turtlebot3_dqn_stage1.launch.py
[14.471s] -- Installing: /root/ros_ws/install/turtlebot3_gazebo/share/turtlebot3_gazebo//launch/turtlebot3_house.launch.py
[14.472s] -- Installing: /root/ros_ws/install/turtlebot3_gazebo/share/turtlebot3_gazebo//launch/turtlebot3_world.launch.py
[14.472s] -- Installing: /root/ros_ws/install/turtlebot3_gazebo/share/turtlebot3_gazebo//launch/robot_state_publisher.launch.py
[14.472s] -- Installing: /root/ros_ws/install/turtlebot3_gazebo/share/turtlebot3_gazebo//launch/spawn_turtlebot3.launch.py
[14.472s] -- Installing: /root/ros_ws/install/turtlebot3_gazebo/share/turtlebot3_gazebo//launch/turtlebot3_dqn_stage3.launch.py
[14.472s] -- Installing: /root/ros_ws/install/turtlebot3_gazebo/share/turtlebot3_gazebo//launch/empty_world.launch.py
[14.472s] -- Installing: /root/ros_ws/install/turtlebot3_gazebo/share/turtlebot3_gazebo//launch/turtlebot3_dqn_stage4.launch.py
[14.472s] -- Installing: /root/ros_ws/install/turtlebot3_gazebo/share/turtlebot3_gazebo//launch/__pycache__
[14.473s] -- Installing: /root/ros_ws/install/turtlebot3_gazebo/share/turtlebot3_gazebo//launch/__pycache__/turtlebot3_house.launch.cpython-312.pyc
[14.473s] -- Installing: /root/ros_ws/install/turtlebot3_gazebo/share/turtlebot3_gazebo//launch/__pycache__/empty_world.launch.cpython-312.pyc
[14.473s] -- Installing: /root/ros_ws/install/turtlebot3_gazebo/share/turtlebot3_gazebo//launch/__pycache__/turtlebot3_dqn_stage3.launch.cpython-312.pyc
[14.473s] -- Installing: /root/ros_ws/install/turtlebot3_gazebo/share/turtlebot3_gazebo//launch/__pycache__/spawn_turtlebot3.launch.cpython-312.pyc
[14.473s] -- Installing: /root/ros_ws/install/turtlebot3_gazebo/share/turtlebot3_gazebo//models
[14.474s] -- Installing: /root/ros_ws/install/turtlebot3_gazebo/share/turtlebot3_gazebo//models/turtlebot3_world
[14.474s] -- Installing: /root/ros_ws/install/turtlebot3_gazebo/share/turtlebot3_gazebo//models/turtlebot3_world/meshes
[14.474s] -- Installing: /root/ros_ws/install/turtlebot3_gazebo/share/turtlebot3_gazebo//models/turtlebot3_world/meshes/wall.dae
[14.474s] -- Installing: /root/ros_ws/install/turtlebot3_gazebo/share/turtlebot3_gazebo//models/turtlebot3_world/meshes/hexagon.dae
[14.474s] -- Installing: /root/ros_ws/install/turtlebot3_gazebo/share/turtlebot3_gazebo//models/turtlebot3_world/model.config
[14.474s] -- Installing: /root/ros_ws/install/turtlebot3_gazebo/share/turtlebot3_gazebo//models/turtlebot3_world/model-1_4.sdf
[14.474s] -- Installing: /root/ros_ws/install/turtlebot3_gazebo/share/turtlebot3_gazebo//models/turtlebot3_world/model.sdf
[14.474s] -- Installing: /root/ros_ws/install/turtlebot3_gazebo/share/turtlebot3_gazebo//models/turtlebot3_waffle
[14.474s] -- Installing: /root/ros_ws/install/turtlebot3_gazebo/share/turtlebot3_gazebo//models/turtlebot3_waffle/model.config
[14.474s] -- Installing: /root/ros_ws/install/turtlebot3_gazebo/share/turtlebot3_gazebo//models/turtlebot3_waffle/model-1_4.sdf
[14.474s] -- Installing: /root/ros_ws/install/turtlebot3_gazebo/share/turtlebot3_gazebo//models/turtlebot3_waffle/model.sdf
[14.474s] -- Installing: /root/ros_ws/install/turtlebot3_gazebo/share/turtlebot3_gazebo//models/turtlebot3_waffle_pi
[14.475s] -- Installing: /root/ros_ws/install/turtlebot3_gazebo/share/turtlebot3_gazebo//models/turtlebot3_waffle_pi/model.config
[14.475s] -- Installing: /root/ros_ws/install/turtlebot3_gazebo/share/turtlebot3_gazebo//models/turtlebot3_waffle_pi/model-1_4_.sdf
[14.475s] -- Installing: /root/ros_ws/install/turtlebot3_gazebo/share/turtlebot3_gazebo//models/turtlebot3_waffle_pi/model.sdf
[14.475s] -- Installing: /root/ros_ws/install/turtlebot3_gazebo/share/turtlebot3_gazebo//models/turtlebot3_common
[14.475s] -- Installing: /root/ros_ws/install/turtlebot3_gazebo/share/turtlebot3_gazebo//models/turtlebot3_common/meshes
[14.475s] -- Installing: /root/ros_ws/install/turtlebot3_gazebo/share/turtlebot3_gazebo//models/turtlebot3_common/meshes/waffle_pi_base.dae
[14.475s] -- Installing: /root/ros_ws/install/turtlebot3_gazebo/share/turtlebot3_gazebo//models/turtlebot3_common/meshes/bases
[14.475s] -- Installing: /root/ros_ws/install/turtlebot3_gazebo/share/turtlebot3_gazebo//models/turtlebot3_common/meshes/bases/waffle_pi_base.stl
[14.482s] -- Installing: /root/ros_ws/install/turtlebot3_gazebo/share/turtlebot3_gazebo//models/turtlebot3_common/meshes/bases/waffle_base.stl
[14.496s] -- Installing: /root/ros_ws/install/turtlebot3_gazebo/share/turtlebot3_gazebo//models/turtlebot3_common/meshes/bases/burger_base.stl
[14.500s] -- Installing: /root/ros_ws/install/turtlebot3_gazebo/share/turtlebot3_gazebo//models/turtlebot3_common/meshes/burger_base.dae
[14.500s] -- Installing: /root/ros_ws/install/turtlebot3_gazebo/share/turtlebot3_gazebo//models/turtlebot3_common/meshes/r200.dae
[14.500s] -- Installing: /root/ros_ws/install/turtlebot3_gazebo/share/turtlebot3_gazebo//models/turtlebot3_common/meshes/waffle_base.dae
[14.500s] -- Installing: /root/ros_ws/install/turtlebot3_gazebo/share/turtlebot3_gazebo//models/turtlebot3_common/meshes/sensors
[14.501s] -- Installing: /root/ros_ws/install/turtlebot3_gazebo/share/turtlebot3_gazebo//models/turtlebot3_common/meshes/sensors/r200.jpg
[14.501s] -- Installing: /root/ros_ws/install/turtlebot3_gazebo/share/turtlebot3_gazebo//models/turtlebot3_common/meshes/sensors/r200.dae
[14.501s] -- Installing: /root/ros_ws/install/turtlebot3_gazebo/share/turtlebot3_gazebo//models/turtlebot3_common/meshes/sensors/lds.stl
[14.502s] -- Installing: /root/ros_ws/install/turtlebot3_gazebo/share/turtlebot3_gazebo//models/turtlebot3_common/meshes/sensors/astra.jpg
[14.502s] -- Installing: /root/ros_ws/install/turtlebot3_gazebo/share/turtlebot3_gazebo//models/turtlebot3_common/meshes/sensors/astra.dae
[14.509s] -- Installing: /root/ros_ws/install/turtlebot3_gazebo/share/turtlebot3_gazebo//models/turtlebot3_common/meshes/wheels
[14.510s] -- Installing: /root/ros_ws/install/turtlebot3_gazebo/share/turtlebot3_gazebo//models/turtlebot3_common/meshes/wheels/right_tire.stl
[14.512s] -- Installing: /root/ros_ws/install/turtlebot3_gazebo/share/turtlebot3_gazebo//models/turtlebot3_common/meshes/wheels/left_tire.stl
[14.514s] -- Installing: /root/ros_ws/install/turtlebot3_gazebo/share/turtlebot3_gazebo//models/turtlebot3_common/meshes/lds.dae
[14.514s] -- Installing: /root/ros_ws/install/turtlebot3_gazebo/share/turtlebot3_gazebo//models/turtlebot3_common/meshes/tire.dae
[14.514s] -- Installing: /root/ros_ws/install/turtlebot3_gazebo/share/turtlebot3_gazebo//models/turtlebot3_common/model.config
[14.514s] -- Installing: /root/ros_ws/install/turtlebot3_gazebo/share/turtlebot3_gazebo//models/turtlebot3_house
[14.514s] -- Installing: /root/ros_ws/install/turtlebot3_gazebo/share/turtlebot3_gazebo//models/turtlebot3_house/mailbox
[14.514s] -- Installing: /root/ros_ws/install/turtlebot3_gazebo/share/turtlebot3_gazebo//models/turtlebot3_house/mailbox/model-1_3.sdf
[14.515s] -- Installing: /root/ros_ws/install/turtlebot3_gazebo/share/turtlebot3_gazebo//models/turtlebot3_house/mailbox/meshes
[14.515s] -- Installing: /root/ros_ws/install/turtlebot3_gazebo/share/turtlebot3_gazebo//models/turtlebot3_house/mailbox/meshes/mailbox.dae
[14.515s] -- Installing: /root/ros_ws/install/turtlebot3_gazebo/share/turtlebot3_gazebo//models/turtlebot3_house/mailbox/model.config
[14.516s] -- Installing: /root/ros_ws/install/turtlebot3_gazebo/share/turtlebot3_gazebo//models/turtlebot3_house/mailbox/model-1_4.sdf
[14.516s] -- Installing: /root/ros_ws/install/turtlebot3_gazebo/share/turtlebot3_gazebo//models/turtlebot3_house/mailbox/model.sdf
[14.516s] -- Installing: /root/ros_ws/install/turtlebot3_gazebo/share/turtlebot3_gazebo//models/turtlebot3_house/mailbox/materials
[14.516s] -- Installing: /root/ros_ws/install/turtlebot3_gazebo/share/turtlebot3_gazebo//models/turtlebot3_house/mailbox/materials/scripts
[14.517s] -- Installing: /root/ros_ws/install/turtlebot3_gazebo/share/turtlebot3_gazebo//models/turtlebot3_house/mailbox/materials/scripts/mailbox.material
[14.517s] -- Installing: /root/ros_ws/install/turtlebot3_gazebo/share/turtlebot3_gazebo//models/turtlebot3_house/mailbox/materials/textures
[14.517s] -- Installing: /root/ros_ws/install/turtlebot3_gazebo/share/turtlebot3_gazebo//models/turtlebot3_house/mailbox/materials/textures/Mailbox_Diffuse.png
[14.517s] -- Installing: /root/ros_ws/install/turtlebot3_gazebo/share/turtlebot3_gazebo//models/turtlebot3_house/mailbox/materials/textures/Mailbox_Diffuse.tga.orig
[14.518s] -- Installing: /root/ros_ws/install/turtlebot3_gazebo/share/turtlebot3_gazebo//models/turtlebot3_house/mailbox/materials/textures/Mailbox_Spec.png
[14.518s] -- Installing: /root/ros_ws/install/turtlebot3_gazebo/share/turtlebot3_gazebo//models/turtlebot3_house/model.config
[14.518s] -- Installing: /root/ros_ws/install/turtlebot3_gazebo/share/turtlebot3_gazebo//models/turtlebot3_house/textures
[14.518s] -- Installing: /root/ros_ws/install/turtlebot3_gazebo/share/turtlebot3_gazebo//models/turtlebot3_house/textures/wood.png
[14.518s] -- Installing: /root/ros_ws/install/turtlebot3_gazebo/share/turtlebot3_gazebo//models/turtlebot3_house/textures/bricks.png
[14.520s] -- Installing: /root/ros_ws/install/turtlebot3_gazebo/share/turtlebot3_gazebo//models/turtlebot3_house/first_2015_trash_can
[14.520s] -- Installing: /root/ros_ws/install/turtlebot3_gazebo/share/turtlebot3_gazebo//models/turtlebot3_house/first_2015_trash_can/meshes
[14.520s] -- Installing: /root/ros_ws/install/turtlebot3_gazebo/share/turtlebot3_gazebo//models/turtlebot3_house/first_2015_trash_can/meshes/trash_can.dae
[14.521s] -- Installing: /root/ros_ws/install/turtlebot3_gazebo/share/turtlebot3_gazebo//models/turtlebot3_house/first_2015_trash_can/model.config
[14.521s] -- Installing: /root/ros_ws/install/turtlebot3_gazebo/share/turtlebot3_gazebo//models/turtlebot3_house/first_2015_trash_can/model.sdf
[14.521s] -- Installing: /root/ros_ws/install/turtlebot3_gazebo/share/turtlebot3_gazebo//models/turtlebot3_house/model.sdf
[14.522s] -- Installing: /root/ros_ws/install/turtlebot3_gazebo/share/turtlebot3_gazebo//models/turtlebot3_house/table_marble
[14.522s] -- Installing: /root/ros_ws/install/turtlebot3_gazebo/share/turtlebot3_gazebo//models/turtlebot3_house/table_marble/meshes
[14.522s] -- Installing: /root/ros_ws/install/turtlebot3_gazebo/share/turtlebot3_gazebo//models/turtlebot3_house/table_marble/meshes/table_lightmap.dae
[14.522s] -- Installing: /root/ros_ws/install/turtlebot3_gazebo/share/turtlebot3_gazebo//models/turtlebot3_house/table_marble/model.config
[14.522s] -- Installing: /root/ros_ws/install/turtlebot3_gazebo/share/turtlebot3_gazebo//models/turtlebot3_house/table_marble/model-1_4.sdf
[14.522s] -- Installing: /root/ros_ws/install/turtlebot3_gazebo/share/turtlebot3_gazebo//models/turtlebot3_house/table_marble/model.sdf
[14.522s] -- Installing: /root/ros_ws/install/turtlebot3_gazebo/share/turtlebot3_gazebo//models/turtlebot3_house/table_marble/materials
[14.523s] -- Installing: /root/ros_ws/install/turtlebot3_gazebo/share/turtlebot3_gazebo//models/turtlebot3_house/table_marble/materials/scripts
[14.523s] -- Installing: /root/ros_ws/install/turtlebot3_gazebo/share/turtlebot3_gazebo//models/turtlebot3_house/table_marble/materials/scripts/table_lightmap.material
[14.523s] -- Installing: /root/ros_ws/install/turtlebot3_gazebo/share/turtlebot3_gazebo//models/turtlebot3_house/table_marble/materials/textures
[14.523s] -- Installing: /root/ros_ws/install/turtlebot3_gazebo/share/turtlebot3_gazebo//models/turtlebot3_house/table_marble/materials/textures/table_lightmap.png
[14.523s] -- Installing: /root/ros_ws/install/turtlebot3_gazebo/share/turtlebot3_gazebo//models/turtlebot3_house/table_marble/materials/textures/marble.png
[14.523s] -- Installing: /root/ros_ws/install/turtlebot3_gazebo/share/turtlebot3_gazebo//models/turtlebot3_house/cafe_table
[14.524s] -- Installing: /root/ros_ws/install/turtlebot3_gazebo/share/turtlebot3_gazebo//models/turtlebot3_house/cafe_table/meshes
[14.524s] -- Installing: /root/ros_ws/install/turtlebot3_gazebo/share/turtlebot3_gazebo//models/turtlebot3_house/cafe_table/meshes/cafe_table.dae
[14.524s] -- Installing: /root/ros_ws/install/turtlebot3_gazebo/share/turtlebot3_gazebo//models/turtlebot3_house/cafe_table/model.config
[14.525s] -- Installing: /root/ros_ws/install/turtlebot3_gazebo/share/turtlebot3_gazebo//models/turtlebot3_house/cafe_table/model-1_4.sdf
[14.525s] -- Installing: /root/ros_ws/install/turtlebot3_gazebo/share/turtlebot3_gazebo//models/turtlebot3_house/cafe_table/model.sdf
[14.525s] -- Installing: /root/ros_ws/install/turtlebot3_gazebo/share/turtlebot3_gazebo//models/turtlebot3_house/cafe_table/materials
[14.525s] -- Installing: /root/ros_ws/install/turtlebot3_gazebo/share/turtlebot3_gazebo//models/turtlebot3_house/cafe_table/materials/textures
[14.525s] -- Installing: /root/ros_ws/install/turtlebot3_gazebo/share/turtlebot3_gazebo//models/turtlebot3_house/cafe_table/materials/textures/Wood_Floor_Dark.jpg
[14.526s] -- Installing: /root/ros_ws/install/turtlebot3_gazebo/share/turtlebot3_gazebo//models/turtlebot3_house/cafe_table/materials/textures/Maple.jpg
[14.526s] -- Installing: /root/ros_ws/install/turtlebot3_gazebo/share/turtlebot3_gazebo//models/turtlebot3_burger_cam
[14.526s] -- Installing: /root/ros_ws/install/turtlebot3_gazebo/share/turtlebot3_gazebo//models/turtlebot3_burger_cam/model.config
[14.526s] -- Installing: /root/ros_ws/install/turtlebot3_gazebo/share/turtlebot3_gazebo//models/turtlebot3_burger_cam/model.sdf
[14.526s] -- Installing: /root/ros_ws/install/turtlebot3_gazebo/share/turtlebot3_gazebo//models/turtlebot3_dqn_world
[14.526s] -- Installing: /root/ros_ws/install/turtlebot3_gazebo/share/turtlebot3_gazebo//models/turtlebot3_dqn_world/obstacles
[14.526s] -- Installing: /root/ros_ws/install/turtlebot3_gazebo/share/turtlebot3_gazebo//models/turtlebot3_dqn_world/obstacles/model.config
[14.526s] -- Installing: /root/ros_ws/install/turtlebot3_gazebo/share/turtlebot3_gazebo//models/turtlebot3_dqn_world/obstacles/model.sdf
[14.526s] -- Installing: /root/ros_ws/install/turtlebot3_gazebo/share/turtlebot3_gazebo//models/turtlebot3_dqn_world/inner_walls
[14.526s] -- Installing: /root/ros_ws/install/turtlebot3_gazebo/share/turtlebot3_gazebo//models/turtlebot3_dqn_world/inner_walls/model.config
[14.526s] -- Installing: /root/ros_ws/install/turtlebot3_gazebo/share/turtlebot3_gazebo//models/turtlebot3_dqn_world/inner_walls/textures
[14.526s] -- Installing: /root/ros_ws/install/turtlebot3_gazebo/share/turtlebot3_gazebo//models/turtlebot3_dqn_world/inner_walls/textures/wood.png
[14.527s] -- Installing: /root/ros_ws/install/turtlebot3_gazebo/share/turtlebot3_gazebo//models/turtlebot3_dqn_world/inner_walls/model.sdf
[14.527s] -- Installing: /root/ros_ws/install/turtlebot3_gazebo/share/turtlebot3_gazebo//models/turtlebot3_dqn_world/obstacle2
[14.527s] -- Installing: /root/ros_ws/install/turtlebot3_gazebo/share/turtlebot3_gazebo//models/turtlebot3_dqn_world/obstacle2/model.config
[14.527s] -- Installing: /root/ros_ws/install/turtlebot3_gazebo/share/turtlebot3_gazebo//models/turtlebot3_dqn_world/obstacle2/model.sdf
[14.527s] -- Installing: /root/ros_ws/install/turtlebot3_gazebo/share/turtlebot3_gazebo//models/turtlebot3_dqn_world/model.config
[14.527s] -- Installing: /root/ros_ws/install/turtlebot3_gazebo/share/turtlebot3_gazebo//models/turtlebot3_dqn_world/textures
[14.527s] -- Installing: /root/ros_ws/install/turtlebot3_gazebo/share/turtlebot3_gazebo//models/turtlebot3_dqn_world/textures/wood.png
[14.527s] -- Installing: /root/ros_ws/install/turtlebot3_gazebo/share/turtlebot3_gazebo//models/turtlebot3_dqn_world/obstacle1
[14.528s] -- Installing: /root/ros_ws/install/turtlebot3_gazebo/share/turtlebot3_gazebo//models/turtlebot3_dqn_world/obstacle1/model.config
[14.528s] -- Installing: /root/ros_ws/install/turtlebot3_gazebo/share/turtlebot3_gazebo//models/turtlebot3_dqn_world/obstacle1/model.sdf
[14.528s] -- Installing: /root/ros_ws/install/turtlebot3_gazebo/share/turtlebot3_gazebo//models/turtlebot3_dqn_world/model.sdf
[14.528s] -- Installing: /root/ros_ws/install/turtlebot3_gazebo/share/turtlebot3_gazebo//models/turtlebot3_dqn_world/goal_box
[14.528s] -- Installing: /root/ros_ws/install/turtlebot3_gazebo/share/turtlebot3_gazebo//models/turtlebot3_dqn_world/goal_box/model.config
[14.528s] -- Installing: /root/ros_ws/install/turtlebot3_gazebo/share/turtlebot3_gazebo//models/turtlebot3_dqn_world/goal_box/model.sdf
[14.528s] -- Installing: /root/ros_ws/install/turtlebot3_gazebo/share/turtlebot3_gazebo//models/turtlebot3_burger
[14.528s] -- Installing: /root/ros_ws/install/turtlebot3_gazebo/share/turtlebot3_gazebo//models/turtlebot3_burger/model.config
[14.528s] -- Installing: /root/ros_ws/install/turtlebot3_gazebo/share/turtlebot3_gazebo//models/turtlebot3_burger/model-1_4.sdf
[14.528s] -- Installing: /root/ros_ws/install/turtlebot3_gazebo/share/turtlebot3_gazebo//models/turtlebot3_burger/model.sdf
[14.529s] -- Installing: /root/ros_ws/install/turtlebot3_gazebo/share/turtlebot3_gazebo//params
[14.529s] -- Installing: /root/ros_ws/install/turtlebot3_gazebo/share/turtlebot3_gazebo//params/turtlebot3_waffle_pi_bridge.yaml
[14.529s] -- Installing: /root/ros_ws/install/turtlebot3_gazebo/share/turtlebot3_gazebo//params/turtlebot3_burger_bridge.yaml
[14.529s] -- Installing: /root/ros_ws/install/turtlebot3_gazebo/share/turtlebot3_gazebo//params/turtlebot3_waffle_bridge.yaml
[14.529s] -- Installing: /root/ros_ws/install/turtlebot3_gazebo/share/turtlebot3_gazebo//params/turtlebot3_burger_cam_bridge.yaml
[14.529s] -- Installing: /root/ros_ws/install/turtlebot3_gazebo/share/turtlebot3_gazebo//rviz
[14.529s] -- Installing: /root/ros_ws/install/turtlebot3_gazebo/share/turtlebot3_gazebo//rviz/tb3_gazebo.rviz
[14.529s] -- Installing: /root/ros_ws/install/turtlebot3_gazebo/share/turtlebot3_gazebo//urdf
[14.529s] -- Installing: /root/ros_ws/install/turtlebot3_gazebo/share/turtlebot3_gazebo//urdf/turtlebot3_waffle.urdf
[14.529s] -- Installing: /root/ros_ws/install/turtlebot3_gazebo/share/turtlebot3_gazebo//urdf/turtlebot3_burger.urdf
[14.529s] -- Installing: /root/ros_ws/install/turtlebot3_gazebo/share/turtlebot3_gazebo//urdf/turtlebot3_waffle_pi.urdf
[14.529s] -- Installing: /root/ros_ws/install/turtlebot3_gazebo/share/turtlebot3_gazebo//urdf/common_properties.urdf
[14.529s] -- Installing: /root/ros_ws/install/turtlebot3_gazebo/share/turtlebot3_gazebo//urdf/turtlebot3_burger_cam.urdf
[14.529s] -- Installing: /root/ros_ws/install/turtlebot3_gazebo/share/turtlebot3_gazebo//worlds
[14.530s] -- Installing: /root/ros_ws/install/turtlebot3_gazebo/share/turtlebot3_gazebo//worlds/empty_world.world
[14.530s] -- Installing: /root/ros_ws/install/turtlebot3_gazebo/share/turtlebot3_gazebo//worlds/turtlebot3_dqn_stage2.world
[14.530s] -- Installing: /root/ros_ws/install/turtlebot3_gazebo/share/turtlebot3_gazebo//worlds/turtlebot3_house.world
[14.530s] -- Installing: /root/ros_ws/install/turtlebot3_gazebo/share/turtlebot3_gazebo//worlds/turtlebot3_world.world
[14.530s] -- Installing: /root/ros_ws/install/turtlebot3_gazebo/share/turtlebot3_gazebo//worlds/turtlebot3_dqn_stage4.world
[14.530s] -- Installing: /root/ros_ws/install/turtlebot3_gazebo/share/turtlebot3_gazebo//worlds/turtlebot3_autorace_2020.world
[14.530s] -- Installing: /root/ros_ws/install/turtlebot3_gazebo/share/turtlebot3_gazebo//worlds/turtlebot3_dqn_stage3.world
[14.530s] -- Installing: /root/ros_ws/install/turtlebot3_gazebo/share/turtlebot3_gazebo//worlds/turtlebot3_dqn_stage1.world
[14.530s] -- Installing: /root/ros_ws/install/turtlebot3_gazebo/include/
[14.531s] -- Installing: /root/ros_ws/install/turtlebot3_gazebo/include//turtlebot3_gazebo
[14.531s] -- Installing: /root/ros_ws/install/turtlebot3_gazebo/include//turtlebot3_gazebo/turtlebot3_drive.hpp
[14.531s] -- Installing: /root/ros_ws/install/turtlebot3_gazebo/include//turtlebot3_gazebo/traffic_light_plugin.hpp
[14.531s] -- Installing: /root/ros_ws/install/turtlebot3_gazebo/include//turtlebot3_gazebo/traffic_bar_plugin.hpp
[14.531s] -- Installing: /root/ros_ws/install/turtlebot3_gazebo/include//turtlebot3_gazebo/obstacles.hpp
[14.531s] -- Installing: /root/ros_ws/install/turtlebot3_gazebo/include//turtlebot3_gazebo/obstacle2.hpp
[14.531s] -- Installing: /root/ros_ws/install/turtlebot3_gazebo/include//turtlebot3_gazebo/obstacle1.hpp
[14.531s] -- Installing: /root/ros_ws/install/turtlebot3_gazebo/share/ament_index/resource_index/package_run_dependencies/turtlebot3_gazebo
[14.531s] -- Installing: /root/ros_ws/install/turtlebot3_gazebo/share/ament_index/resource_index/parent_prefix_path/turtlebot3_gazebo
[14.531s] -- Installing: /root/ros_ws/install/turtlebot3_gazebo/share/turtlebot3_gazebo/environment/ament_prefix_path.sh
[14.532s] -- Installing: /root/ros_ws/install/turtlebot3_gazebo/share/turtlebot3_gazebo/environment/ament_prefix_path.dsv
[14.532s] -- Installing: /root/ros_ws/install/turtlebot3_gazebo/share/turtlebot3_gazebo/environment/path.sh
[14.532s] -- Installing: /root/ros_ws/install/turtlebot3_gazebo/share/turtlebot3_gazebo/environment/path.dsv
[14.532s] -- Installing: /root/ros_ws/install/turtlebot3_gazebo/share/turtlebot3_gazebo/local_setup.bash
[14.532s] -- Installing: /root/ros_ws/install/turtlebot3_gazebo/share/turtlebot3_gazebo/local_setup.sh
[14.532s] -- Installing: /root/ros_ws/install/turtlebot3_gazebo/share/turtlebot3_gazebo/local_setup.zsh
[14.532s] -- Installing: /root/ros_ws/install/turtlebot3_gazebo/share/turtlebot3_gazebo/local_setup.dsv
[14.533s] -- Installing: /root/ros_ws/install/turtlebot3_gazebo/share/turtlebot3_gazebo/package.dsv
[14.533s] -- Installing: /root/ros_ws/install/turtlebot3_gazebo/share/ament_index/resource_index/packages/turtlebot3_gazebo
[14.533s] -- Installing: /root/ros_ws/install/turtlebot3_gazebo/share/turtlebot3_gazebo/cmake/ament_cmake_export_include_directories-extras.cmake
[14.533s] -- Installing: /root/ros_ws/install/turtlebot3_gazebo/share/turtlebot3_gazebo/cmake/ament_cmake_export_dependencies-extras.cmake
[14.533s] -- Installing: /root/ros_ws/install/turtlebot3_gazebo/share/turtlebot3_gazebo/cmake/turtlebot3_gazeboConfig.cmake
[14.533s] -- Installing: /root/ros_ws/install/turtlebot3_gazebo/share/turtlebot3_gazebo/cmake/turtlebot3_gazeboConfig-version.cmake
[14.533s] -- Installing: /root/ros_ws/install/turtlebot3_gazebo/share/turtlebot3_gazebo/package.xml
[14.535s] Invoked command in '/root/ros_ws/build/turtlebot3_gazebo' returned '0': CMAKE_PREFIX_PATH=${CMAKE_PREFIX_PATH}:/root/ros_ws/install/turtlebot3_teleop:/root/ros_ws/install/turtlebot3_example:/opt/ros/jazzy /usr/bin/cmake --install /root/ros_ws/build/turtlebot3_gazebo
