[0.020s] Invoking command in '/root/ros_ws/build/turtlebot3_gazebo': CMAKE_PREFIX_PATH=${CMAKE_PREFIX_PATH}:/opt/ros/jazzy /usr/bin/cmake /root/ros_ws/src/turtlebot3_simulations/turtlebot3_gazebo -DCMAKE_INSTALL_PREFIX=/root/ros_ws/install/turtlebot3_gazebo
[0.125s] -- The C compiler identification is GNU 13.3.0
[0.225s] -- The CXX compiler identification is GNU 13.3.0
[0.254s] -- Detecting C compiler ABI info
[0.422s] -- Detecting C compiler ABI info - done
[0.448s] -- Check for working C compiler: /usr/bin/cc - skipped
[0.454s] -- Detecting C compile features
[0.455s] -- Detecting C compile features - done
[0.478s] -- Detecting CXX compiler ABI info
[0.679s] -- Detecting CXX compiler ABI info - done
[0.691s] -- Check for working CXX compiler: /usr/bin/c++ - skipped
[0.692s] -- Detecting CXX compile features
[0.692s] -- Detecting CXX compile features - done
[0.702s] -- Found ament_cmake: 2.5.4 (/opt/ros/jazzy/share/ament_cmake/cmake)
[0.916s] -- Found Python3: /usr/bin/python3 (found version "3.12.3") found components: Interpreter 
[1.119s] -- Found ros_gz_sim: 1.0.16 (/opt/ros/jazzy/share/ros_gz_sim/cmake)
[1.259s] -- Found rosidl_generator_c: 4.6.5 (/opt/ros/jazzy/share/rosidl_generator_c/cmake)
[1.304s] -- Found rosidl_generator_cpp: 4.6.5 (/opt/ros/jazzy/share/rosidl_generator_cpp/cmake)
[1.361s] -- Using all available rosidl_typesupport_c: rosidl_typesupport_fastrtps_c;rosidl_typesupport_introspection_c
[1.411s] -- Using all available rosidl_typesupport_cpp: rosidl_typesupport_fastrtps_cpp;rosidl_typesupport_introspection_cpp
[1.592s] -- Found rmw_implementation_cmake: 7.3.2 (/opt/ros/jazzy/share/rmw_implementation_cmake/cmake)
[1.603s] -- Found rmw_fastrtps_cpp: 8.4.2 (/opt/ros/jazzy/share/rmw_fastrtps_cpp/cmake)
[1.819s] -- Found OpenSSL: /usr/lib/x86_64-linux-gnu/libcrypto.so (found version "3.0.13")  
[1.848s] -- Found FastRTPS: /opt/ros/jazzy/include (Required is at least version "2.13") 
[1.880s] -- Using RMW implementation 'rmw_fastrtps_cpp' as default
[2.361s] -- Found nav_msgs: 5.3.6 (/opt/ros/jazzy/share/nav_msgs/cmake)
[2.405s] -- Found sensor_msgs: 5.3.6 (/opt/ros/jazzy/share/sensor_msgs/cmake)
[2.448s] -- Found gz_math_vendor: 0.0.8 (/opt/ros/jazzy/share/gz_math_vendor/cmake)
[2.477s] -- Looking for gz-math7 -- found version 7.5.2
[2.498s] -- Searching for dependencies of gz-math7
[2.506s] -- Looking for gz-utils2 -- found version 2.2.1
[2.507s] -- Searching for dependencies of gz-utils2
[2.518s] -- Found gz_sim_vendor: 0.0.8 (/opt/ros/jazzy/share/gz_sim_vendor/cmake)
[2.685s] -- Looking for gz-sim8 -- found version 8.9.0
[2.685s] -- Searching for dependencies of gz-sim8
[2.691s] -- Looking for sdformat14 -- found version 14.8.0
[2.691s] -- Searching for dependencies of sdformat14
[2.700s] -- Checking for module 'tinyxml2'
[2.733s] --   Found tinyxml2, version 10.0.0
[2.802s] -- Looking for gz-math7 -- found version 7.5.2
[2.802s] -- Looking for gz-utils2 -- found version 2.2.1
[2.803s] -- Searching for dependencies of gz-utils2
[2.803s] -- Searching for <gz-utils2> component [cli]
[2.813s] -- Looking for gz-utils2-cli -- found version 2.2.1
[2.813s] -- Searching for dependencies of gz-utils2-cli
[2.822s] -- Looking for gz-plugin2 -- found version 2.0.4
[2.822s] -- Searching for dependencies of gz-plugin2
[2.823s] -- Looking for gz-utils2 -- found version 2.2.1
[2.824s] -- Searching for <gz-plugin2> component [loader]
[2.831s] -- Looking for gz-plugin2-loader -- found version 2.0.4
[2.831s] -- Searching for dependencies of gz-plugin2-loader
[2.833s] -- Searching for <gz-plugin2> component [register]
[2.839s] -- Looking for gz-plugin2-register -- found version 2.0.4
[2.839s] -- Searching for dependencies of gz-plugin2-register
[2.848s] -- Looking for gz-transport13 -- found version 13.4.1
[2.848s] -- Searching for dependencies of gz-transport13
[3.117s] -- Found Protobuf: /usr/lib/x86_64-linux-gnu/libprotobuf.so (found version "3.21.12") 
[3.142s] -- Config-file not installed for ZeroMQ -- checking for pkg-config
[3.149s] -- Checking for module 'libzmq >= 4'
[3.180s] --   Found libzmq, version 4.3.5
[3.269s] -- Found ZeroMQ: TRUE (Required is at least version "4") 
[3.280s] -- Checking for module 'uuid'
[3.308s] --   Found uuid, version 2.39.3
[3.377s] -- Found UUID: TRUE  
[3.378s] -- Looking for gz-utils2 -- found version 2.2.1
[3.387s] -- Looking for gz-msgs10 -- found version 10.3.2
[3.387s] -- Searching for dependencies of gz-msgs10
[3.424s] -- Looking for gz-utils2 -- found version 2.2.1
[3.424s] -- Looking for gz-math7 -- found version 7.5.2
[3.438s] -- Searching for <gz-transport13> component [log]
[3.446s] -- Looking for gz-transport13-log -- found version 13.4.1
[3.446s] -- Searching for dependencies of gz-transport13-log
[3.447s] -- Searching for <gz-transport13> component [parameters]
[3.455s] -- Looking for gz-transport13-parameters -- found version 13.4.1
[3.456s] -- Searching for dependencies of gz-transport13-parameters
[3.458s] -- Looking for gz-msgs10 -- found version 10.3.2
[3.469s] -- Looking for gz-common5 -- found version 5.7.1
[3.469s] -- Searching for dependencies of gz-common5
[3.469s] -- Looking for gz-utils2 -- found version 2.2.1
[3.471s] -- Looking for dlfcn.h - found
[3.473s] -- Looking for libdl - found
[3.475s] -- Found DL: TRUE  
[3.485s] -- Searching for <gz-common5> component [av]
[3.493s] -- Looking for gz-common5-av -- found version 5.7.1
[3.493s] -- Searching for dependencies of gz-common5-av
[3.501s] -- Checking for module 'libswscale'
[3.535s] --   Found libswscale, version 7.5.100
[3.615s] -- Found SWSCALE: TRUE  
[3.624s] -- Checking for module 'libavdevice >= 56.4.100'
[3.655s] --   Found libavdevice, version 60.3.100
[3.756s] -- Found AVDEVICE: TRUE (Required is at least version "56.4.100") 
[3.764s] -- Checking for module 'libavformat'
[3.792s] --   Found libavformat, version 60.16.100
[3.869s] -- Found AVFORMAT: TRUE  
[3.877s] -- Checking for module 'libavcodec'
[3.907s] --   Found libavcodec, version 60.31.102
[3.980s] -- Found AVCODEC: TRUE  
[3.989s] -- Checking for module 'libavutil'
[4.021s] --   Found libavutil, version 58.29.100
[4.091s] -- Found AVUTIL: TRUE  
[4.092s] -- Searching for <gz-common5> component [events]
[4.101s] -- Looking for gz-common5-events -- found version 5.7.1
[4.101s] -- Searching for dependencies of gz-common5-events
[4.102s] -- Looking for gz-math7 -- found version 7.5.2
[4.104s] -- Searching for <gz-common5> component [graphics]
[4.112s] -- Looking for gz-common5-graphics -- found version 5.7.1
[4.112s] -- Searching for dependencies of gz-common5-graphics
[4.113s] -- Looking for gz-math7 -- found version 7.5.2
[4.129s] -- Found GzAssimp: TRUE (found version "5.3.0") 
[4.131s] -- Searching for <gz-common5> component [io]
[4.141s] -- Looking for gz-common5-io -- found version 5.7.1
[4.141s] -- Searching for dependencies of gz-common5-io
[4.143s] -- Searching for <gz-common5> component [profiler]
[4.155s] -- Looking for gz-common5-profiler -- found version 5.7.1
[4.155s] -- Searching for dependencies of gz-common5-profiler
[4.165s] -- Looking for gz-fuel_tools9 -- found version 9.1.1
[4.166s] -- Searching for dependencies of gz-fuel_tools9
[4.344s] -- Found CURL: /usr/lib/x86_64-linux-gnu/libcurl.so (found version "8.5.0")  
[4.369s] -- Checking for module 'jsoncpp'
[4.404s] --   Found jsoncpp, version 1.9.5
[4.481s] -- Found JSONCPP: TRUE  
[4.513s] -- Checking for module 'yaml-0.1'
[4.544s] --   Found yaml-0.1, version 0.2.5
[4.614s] -- Found YAML: TRUE  
[4.624s] -- Checking for module 'libzip'
[4.657s] --   Found libzip, version 1.7.3
[4.729s] -- Found ZIP: TRUE  
[4.729s] -- Looking for gz-utils2 -- found version 2.2.1
[4.730s] -- Looking for gz-common5 -- found version 5.7.1
[4.731s] -- Searching for dependencies of gz-common5
[4.731s] -- Looking for gz-utils2 -- found version 2.2.1
[4.731s] -- Looking for dlfcn.h - found
[4.731s] -- Looking for libdl - found
[4.743s] -- Searching for <gz-common5> component [testing]
[4.751s] -- Looking for gz-common5-testing -- found version 5.7.1
[4.751s] -- Searching for dependencies of gz-common5-testing
[4.753s] -- Looking for gz-math7 -- found version 7.5.2
[4.754s] -- Looking for gz-msgs10 -- found version 10.3.2
[4.768s] -- Looking for gz-gui8 -- found version 8.4.0
[4.769s] -- Searching for dependencies of gz-gui8
[4.816s] -- Looking for gz-utils2 -- found version 2.2.1
[4.817s] -- Looking for gz-math7 -- found version 7.5.2
[4.817s] -- Looking for gz-common5 -- found version 5.7.1
[4.818s] -- Looking for gz-plugin2 -- found version 2.0.4
[4.818s] -- Looking for gz-transport13 -- found version 13.4.1
[4.827s] -- Looking for gz-rendering8 -- found version 8.2.2
[4.828s] -- Searching for dependencies of gz-rendering8
[4.828s] -- Looking for gz-math7 -- found version 7.5.2
[4.829s] -- Searching for dependencies of gz-math7
[4.829s] -- Looking for gz-utils2 -- found version 2.2.1
[4.830s] -- Searching for <gz-math7> component [eigen3]
[4.838s] -- Looking for gz-math7-eigen3 -- found version 7.5.2
[4.839s] -- Searching for dependencies of gz-math7-eigen3
[4.862s] -- Looking for gz-common5 -- found version 5.7.1
[4.862s] -- Searching for dependencies of gz-common5
[4.863s] -- Looking for gz-utils2 -- found version 2.2.1
[4.863s] -- Looking for dlfcn.h - found
[4.863s] -- Looking for libdl - found
[4.876s] -- Searching for <gz-common5> component [graphics]
[4.877s] -- Searching for <gz-common5> component [events]
[4.877s] -- Searching for <gz-common5> component [geospatial]
[4.885s] -- Looking for gz-common5-geospatial -- found version 5.7.1
[4.885s] -- Searching for dependencies of gz-common5-geospatial
[4.886s] -- Looking for gz-math7 -- found version 7.5.2
[4.887s] -- Looking for gz-common5 -- found version 5.7.1
[4.889s] -- Looking for gz-plugin2 -- found version 2.0.4
[4.889s] -- Searching for dependencies of gz-plugin2
[4.890s] -- Looking for gz-utils2 -- found version 2.2.1
[4.890s] -- Searching for <gz-plugin2> component [all]
[4.898s] -- Looking for all libraries of gz-plugin2 -- found version 2.0.4
[4.899s] -- Looking for gz-plugin2 -- found version 2.0.4
[4.901s] -- Looking for gz-utils2 -- found version 2.2.1
[4.929s] -- Found OpenGL: /usr/lib/x86_64-linux-gnu/libOpenGL.so  found components: OpenGL 
[4.932s] -- Looking for gz-msgs10 -- found version 10.3.2
[5.018s] -- Looking for gz-physics7 -- found version 7.5.0
[5.018s] -- Searching for dependencies of gz-physics7
[5.019s] -- Looking for gz-common5 -- found version 5.7.1
[5.020s] -- Looking for gz-math7 -- found version 7.5.2
[5.020s] -- Looking for gz-plugin2 -- found version 2.0.4
[5.021s] -- Looking for gz-utils2 -- found version 2.2.1
[5.024s] -- Searching for <gz-physics7> component [heightmap]
[5.030s] -- Looking for gz-physics7-heightmap -- found version 7.5.0
[5.030s] -- Searching for dependencies of gz-physics7-heightmap
[5.031s] -- Looking for gz-common5 -- found version 5.7.1
[5.032s] -- Searching for <gz-physics7> component [mesh]
[5.038s] -- Looking for gz-physics7-mesh -- found version 7.5.0
[5.038s] -- Searching for dependencies of gz-physics7-mesh
[5.039s] -- Looking for gz-common5 -- found version 5.7.1
[5.040s] -- Searching for <gz-physics7> component [sdf]
[5.046s] -- Looking for gz-physics7-sdf -- found version 7.5.0
[5.046s] -- Searching for dependencies of gz-physics7-sdf
[5.047s] -- Looking for sdformat14 -- found version 14.8.0
[5.060s] -- Looking for gz-sensors8 -- found version 8.2.2
[5.061s] -- Searching for dependencies of gz-sensors8
[5.099s] -- Looking for gz-math7 -- found version 7.5.2
[5.099s] -- Looking for gz-common5 -- found version 5.7.1
[5.100s] -- Looking for gz-transport13 -- found version 13.4.1
[5.101s] -- Looking for gz-rendering8 -- found version 8.2.2
[5.101s] -- Looking for gz-msgs10 -- found version 10.3.2
[5.102s] -- Looking for sdformat14 -- found version 14.8.0
[5.104s] -- Searching for <gz-sensors8> component [air_pressure]
[5.111s] -- Looking for gz-sensors8-air_pressure -- found version 8.2.2
[5.112s] -- Searching for dependencies of gz-sensors8-air_pressure
[5.113s] -- Searching for <gz-sensors8> component [air_speed]
[5.119s] -- Looking for gz-sensors8-air_speed -- found version 8.2.2
[5.119s] -- Searching for dependencies of gz-sensors8-air_speed
[5.120s] -- Searching for <gz-sensors8> component [altimeter]
[5.127s] -- Looking for gz-sensors8-altimeter -- found version 8.2.2
[5.127s] -- Searching for dependencies of gz-sensors8-altimeter
[5.129s] -- Searching for <gz-sensors8> component [imu]
[5.135s] -- Looking for gz-sensors8-imu -- found version 8.2.2
[5.135s] -- Searching for dependencies of gz-sensors8-imu
[5.136s] -- Searching for <gz-sensors8> component [force_torque]
[5.143s] -- Looking for gz-sensors8-force_torque -- found version 8.2.2
[5.143s] -- Searching for dependencies of gz-sensors8-force_torque
[5.144s] -- Searching for <gz-sensors8> component [logical_camera]
[5.150s] -- Looking for gz-sensors8-logical_camera -- found version 8.2.2
[5.150s] -- Searching for dependencies of gz-sensors8-logical_camera
[5.151s] -- Searching for <gz-sensors8> component [magnetometer]
[5.158s] -- Looking for gz-sensors8-magnetometer -- found version 8.2.2
[5.158s] -- Searching for dependencies of gz-sensors8-magnetometer
[5.159s] -- Searching for <gz-sensors8> component [navsat]
[5.165s] -- Looking for gz-sensors8-navsat -- found version 8.2.2
[5.165s] -- Searching for dependencies of gz-sensors8-navsat
[5.167s] -- Searching for <gz-sensors8> component [dvl]
[5.173s] -- Looking for gz-sensors8-dvl -- found version 8.2.2
[5.173s] -- Searching for dependencies of gz-sensors8-dvl
[5.174s] -- Looking for gz-sensors8 -- found version 8.2.2
[5.175s] -- Searching for dependencies of gz-sensors8
[5.215s] -- Looking for gz-math7 -- found version 7.5.2
[5.215s] -- Looking for gz-common5 -- found version 5.7.1
[5.216s] -- Looking for gz-transport13 -- found version 13.4.1
[5.216s] -- Looking for gz-rendering8 -- found version 8.2.2
[5.217s] -- Looking for gz-msgs10 -- found version 10.3.2
[5.217s] -- Looking for sdformat14 -- found version 14.8.0
[5.218s] -- Searching for <gz-sensors8> component [rendering]
[5.224s] -- Looking for gz-sensors8-rendering -- found version 8.2.2
[5.225s] -- Searching for dependencies of gz-sensors8-rendering
[5.228s] -- Searching for <gz-sensors8> component [rendering]
[5.228s] -- Searching for <gz-sensors8> component [lidar]
[5.233s] -- Looking for gz-sensors8-lidar -- found version 8.2.2
[5.234s] -- Searching for dependencies of gz-sensors8-lidar
[5.234s] -- Looking for gz-sensors8 -- found version 8.2.2
[5.236s] -- Searching for <gz-sensors8> component [gpu_lidar]
[5.241s] -- Looking for gz-sensors8-gpu_lidar -- found version 8.2.2
[5.242s] -- Searching for dependencies of gz-sensors8-gpu_lidar
[5.242s] -- Looking for gz-sensors8 -- found version 8.2.2
[5.244s] -- Searching for <gz-sensors8> component [camera]
[5.250s] -- Looking for gz-sensors8-camera -- found version 8.2.2
[5.250s] -- Searching for dependencies of gz-sensors8-camera
[5.250s] -- Looking for gz-sensors8 -- found version 8.2.2
[5.252s] -- Searching for <gz-sensors8> component [boundingbox_camera]
[5.257s] -- Looking for gz-sensors8-boundingbox_camera -- found version 8.2.2
[5.257s] -- Searching for dependencies of gz-sensors8-boundingbox_camera
[5.259s] -- Searching for <gz-sensors8> component [segmentation_camera]
[5.266s] -- Looking for gz-sensors8-segmentation_camera -- found version 8.2.2
[5.266s] -- Searching for dependencies of gz-sensors8-segmentation_camera
[5.268s] -- Searching for <gz-sensors8> component [depth_camera]
[5.273s] -- Looking for gz-sensors8-depth_camera -- found version 8.2.2
[5.274s] -- Searching for dependencies of gz-sensors8-depth_camera
[5.274s] -- Looking for gz-sensors8 -- found version 8.2.2
[5.276s] -- Searching for <gz-sensors8> component [rgbd_camera]
[5.282s] -- Looking for gz-sensors8-rgbd_camera -- found version 8.2.2
[5.282s] -- Searching for dependencies of gz-sensors8-rgbd_camera
[5.283s] -- Looking for gz-sensors8 -- found version 8.2.2
[5.284s] -- Searching for <gz-sensors8> component [thermal_camera]
[5.290s] -- Looking for gz-sensors8-thermal_camera -- found version 8.2.2
[5.290s] -- Searching for dependencies of gz-sensors8-thermal_camera
[5.291s] -- Looking for gz-sensors8 -- found version 8.2.2
[5.292s] -- Searching for <gz-sensors8> component [wide_angle_camera]
[5.298s] -- Looking for gz-sensors8-wide_angle_camera -- found version 8.2.2
[5.299s] -- Searching for dependencies of gz-sensors8-wide_angle_camera
[5.300s] -- Looking for gz-rendering8 -- found version 8.2.2
[5.301s] -- Looking for gz-math7 -- found version 7.5.2
[5.301s] -- Looking for gz-utils2 -- found version 2.2.1
[5.344s] -- Looking for gz-plugin2 -- found version 2.0.4
[5.476s] -- Configuring done (5.4s)
[5.564s] -- Generating done (0.1s)
[5.576s] -- Build files have been written to: /root/ros_ws/build/turtlebot3_gazebo
[5.598s] Invoked command in '/root/ros_ws/build/turtlebot3_gazebo' returned '0': CMAKE_PREFIX_PATH=${CMAKE_PREFIX_PATH}:/opt/ros/jazzy /usr/bin/cmake /root/ros_ws/src/turtlebot3_simulations/turtlebot3_gazebo -DCMAKE_INSTALL_PREFIX=/root/ros_ws/install/turtlebot3_gazebo
[5.600s] Invoking command in '/root/ros_ws/build/turtlebot3_gazebo': CMAKE_PREFIX_PATH=${CMAKE_PREFIX_PATH}:/opt/ros/jazzy /usr/bin/cmake --build /root/ros_ws/build/turtlebot3_gazebo -- -j12 -l12
[5.713s] [ 50%] [32mBuilding CXX object CMakeFiles/obstacle2.dir/src/obstacle2.cpp.o[0m
[5.713s] [ 50%] [32mBuilding CXX object CMakeFiles/obstacle1.dir/src/obstacle1.cpp.o[0m
[5.714s] [ 50%] [32mBuilding CXX object CMakeFiles/turtlebot3_drive.dir/src/turtlebot3_drive.cpp.o[0m
[5.714s] [ 50%] [32mBuilding CXX object CMakeFiles/obstacles.dir/src/obstacles.cpp.o[0m
[9.401s] [ 62%] [32m[1mLinking CXX shared library libobstacle2.so[0m
[9.406s] [ 75%] [32m[1mLinking CXX shared library libobstacle1.so[0m
[9.793s] [ 75%] Built target obstacle1
[9.794s] [ 75%] Built target obstacle2
[9.980s] [ 87%] [32m[1mLinking CXX shared library libobstacles.so[0m
[10.320s] [ 87%] Built target obstacles
[19.552s] [100%] [32m[1mLinking CXX executable turtlebot3_drive[0m
[20.057s] [100%] Built target turtlebot3_drive
[20.085s] Invoked command in '/root/ros_ws/build/turtlebot3_gazebo' returned '0': CMAKE_PREFIX_PATH=${CMAKE_PREFIX_PATH}:/opt/ros/jazzy /usr/bin/cmake --build /root/ros_ws/build/turtlebot3_gazebo -- -j12 -l12
[20.087s] Invoking command in '/root/ros_ws/build/turtlebot3_gazebo': CMAKE_PREFIX_PATH=${CMAKE_PREFIX_PATH}:/opt/ros/jazzy /usr/bin/cmake --install /root/ros_ws/build/turtlebot3_gazebo
[20.102s] -- Install configuration: ""
[20.104s] -- Installing: /root/ros_ws/install/turtlebot3_gazebo/lib/turtlebot3_gazebo/turtlebot3_drive
[20.120s] -- Set non-toolchain portion of runtime path of "/root/ros_ws/install/turtlebot3_gazebo/lib/turtlebot3_gazebo/turtlebot3_drive" to ""
[20.120s] -- Installing: /root/ros_ws/install/turtlebot3_gazebo/lib/turtlebot3_gazebo/libobstacles.so
[20.123s] -- Set non-toolchain portion of runtime path of "/root/ros_ws/install/turtlebot3_gazebo/lib/turtlebot3_gazebo/libobstacles.so" to ""
[20.123s] -- Installing: /root/ros_ws/install/turtlebot3_gazebo/lib/turtlebot3_gazebo/libobstacle1.so
[20.124s] -- Set non-toolchain portion of runtime path of "/root/ros_ws/install/turtlebot3_gazebo/lib/turtlebot3_gazebo/libobstacle1.so" to ""
[20.125s] -- Installing: /root/ros_ws/install/turtlebot3_gazebo/lib/turtlebot3_gazebo/libobstacle2.so
[20.128s] -- Set non-toolchain portion of runtime path of "/root/ros_ws/install/turtlebot3_gazebo/lib/turtlebot3_gazebo/libobstacle2.so" to ""
[20.128s] -- Installing: /root/ros_ws/install/turtlebot3_gazebo/share/turtlebot3_gazebo//launch
[20.129s] -- Installing: /root/ros_ws/install/turtlebot3_gazebo/share/turtlebot3_gazebo//launch/turtlebot3_dqn_stage4.launch.py
[20.130s] -- Installing: /root/ros_ws/install/turtlebot3_gazebo/share/turtlebot3_gazebo//launch/turtlebot3_dqn_stage1.launch.py
[20.130s] -- Installing: /root/ros_ws/install/turtlebot3_gazebo/share/turtlebot3_gazebo//launch/turtlebot3_world.launch.py
[20.130s] -- Installing: /root/ros_ws/install/turtlebot3_gazebo/share/turtlebot3_gazebo//launch/spawn_turtlebot3.launch.py
[20.131s] -- Installing: /root/ros_ws/install/turtlebot3_gazebo/share/turtlebot3_gazebo//launch/empty_world.launch.py
[20.131s] -- Installing: /root/ros_ws/install/turtlebot3_gazebo/share/turtlebot3_gazebo//launch/robot_state_publisher.launch.py
[20.131s] -- Installing: /root/ros_ws/install/turtlebot3_gazebo/share/turtlebot3_gazebo//launch/turtlebot3_dqn_stage3.launch.py
[20.131s] -- Installing: /root/ros_ws/install/turtlebot3_gazebo/share/turtlebot3_gazebo//launch/turtlebot3_dqn_stage2.launch.py
[20.132s] -- Installing: /root/ros_ws/install/turtlebot3_gazebo/share/turtlebot3_gazebo//launch/turtlebot3_house.launch.py
[20.132s] -- Installing: /root/ros_ws/install/turtlebot3_gazebo/share/turtlebot3_gazebo//models
[20.133s] -- Installing: /root/ros_ws/install/turtlebot3_gazebo/share/turtlebot3_gazebo//models/turtlebot3_common
[20.133s] -- Installing: /root/ros_ws/install/turtlebot3_gazebo/share/turtlebot3_gazebo//models/turtlebot3_common/model.config
[20.133s] -- Installing: /root/ros_ws/install/turtlebot3_gazebo/share/turtlebot3_gazebo//models/turtlebot3_common/meshes
[20.134s] -- Installing: /root/ros_ws/install/turtlebot3_gazebo/share/turtlebot3_gazebo//models/turtlebot3_common/meshes/sensors
[20.135s] -- Installing: /root/ros_ws/install/turtlebot3_gazebo/share/turtlebot3_gazebo//models/turtlebot3_common/meshes/sensors/lds.stl
[20.136s] -- Installing: /root/ros_ws/install/turtlebot3_gazebo/share/turtlebot3_gazebo//models/turtlebot3_common/meshes/sensors/r200.jpg
[20.137s] -- Installing: /root/ros_ws/install/turtlebot3_gazebo/share/turtlebot3_gazebo//models/turtlebot3_common/meshes/sensors/astra.dae
[20.152s] -- Installing: /root/ros_ws/install/turtlebot3_gazebo/share/turtlebot3_gazebo//models/turtlebot3_common/meshes/sensors/r200.dae
[20.153s] -- Installing: /root/ros_ws/install/turtlebot3_gazebo/share/turtlebot3_gazebo//models/turtlebot3_common/meshes/sensors/astra.jpg
[20.153s] -- Installing: /root/ros_ws/install/turtlebot3_gazebo/share/turtlebot3_gazebo//models/turtlebot3_common/meshes/waffle_pi_base.dae
[20.154s] -- Installing: /root/ros_ws/install/turtlebot3_gazebo/share/turtlebot3_gazebo//models/turtlebot3_common/meshes/bases
[20.154s] -- Installing: /root/ros_ws/install/turtlebot3_gazebo/share/turtlebot3_gazebo//models/turtlebot3_common/meshes/bases/waffle_pi_base.stl
[20.168s] -- Installing: /root/ros_ws/install/turtlebot3_gazebo/share/turtlebot3_gazebo//models/turtlebot3_common/meshes/bases/waffle_base.stl
[20.197s] -- Installing: /root/ros_ws/install/turtlebot3_gazebo/share/turtlebot3_gazebo//models/turtlebot3_common/meshes/bases/burger_base.stl
[20.207s] -- Installing: /root/ros_ws/install/turtlebot3_gazebo/share/turtlebot3_gazebo//models/turtlebot3_common/meshes/tire.dae
[20.207s] -- Installing: /root/ros_ws/install/turtlebot3_gazebo/share/turtlebot3_gazebo//models/turtlebot3_common/meshes/r200.dae
[20.207s] -- Installing: /root/ros_ws/install/turtlebot3_gazebo/share/turtlebot3_gazebo//models/turtlebot3_common/meshes/lds.dae
[20.208s] -- Installing: /root/ros_ws/install/turtlebot3_gazebo/share/turtlebot3_gazebo//models/turtlebot3_common/meshes/waffle_base.dae
[20.208s] -- Installing: /root/ros_ws/install/turtlebot3_gazebo/share/turtlebot3_gazebo//models/turtlebot3_common/meshes/wheels
[20.209s] -- Installing: /root/ros_ws/install/turtlebot3_gazebo/share/turtlebot3_gazebo//models/turtlebot3_common/meshes/wheels/right_tire.stl
[20.211s] -- Installing: /root/ros_ws/install/turtlebot3_gazebo/share/turtlebot3_gazebo//models/turtlebot3_common/meshes/wheels/left_tire.stl
[20.213s] -- Installing: /root/ros_ws/install/turtlebot3_gazebo/share/turtlebot3_gazebo//models/turtlebot3_common/meshes/burger_base.dae
[20.214s] -- Installing: /root/ros_ws/install/turtlebot3_gazebo/share/turtlebot3_gazebo//models/turtlebot3_waffle
[20.214s] -- Installing: /root/ros_ws/install/turtlebot3_gazebo/share/turtlebot3_gazebo//models/turtlebot3_waffle/model-1_4.sdf
[20.215s] -- Installing: /root/ros_ws/install/turtlebot3_gazebo/share/turtlebot3_gazebo//models/turtlebot3_waffle/model.config
[20.215s] -- Installing: /root/ros_ws/install/turtlebot3_gazebo/share/turtlebot3_gazebo//models/turtlebot3_waffle/model.sdf
[20.215s] -- Installing: /root/ros_ws/install/turtlebot3_gazebo/share/turtlebot3_gazebo//models/turtlebot3_house
[20.216s] -- Installing: /root/ros_ws/install/turtlebot3_gazebo/share/turtlebot3_gazebo//models/turtlebot3_house/first_2015_trash_can
[20.216s] -- Installing: /root/ros_ws/install/turtlebot3_gazebo/share/turtlebot3_gazebo//models/turtlebot3_house/first_2015_trash_can/model.config
[20.217s] -- Installing: /root/ros_ws/install/turtlebot3_gazebo/share/turtlebot3_gazebo//models/turtlebot3_house/first_2015_trash_can/meshes
[20.217s] -- Installing: /root/ros_ws/install/turtlebot3_gazebo/share/turtlebot3_gazebo//models/turtlebot3_house/first_2015_trash_can/meshes/trash_can.dae
[20.219s] -- Installing: /root/ros_ws/install/turtlebot3_gazebo/share/turtlebot3_gazebo//models/turtlebot3_house/first_2015_trash_can/model.sdf
[20.219s] -- Installing: /root/ros_ws/install/turtlebot3_gazebo/share/turtlebot3_gazebo//models/turtlebot3_house/mailbox
[20.220s] -- Installing: /root/ros_ws/install/turtlebot3_gazebo/share/turtlebot3_gazebo//models/turtlebot3_house/mailbox/model-1_3.sdf
[20.220s] -- Installing: /root/ros_ws/install/turtlebot3_gazebo/share/turtlebot3_gazebo//models/turtlebot3_house/mailbox/materials
[20.221s] -- Installing: /root/ros_ws/install/turtlebot3_gazebo/share/turtlebot3_gazebo//models/turtlebot3_house/mailbox/materials/scripts
[20.222s] -- Installing: /root/ros_ws/install/turtlebot3_gazebo/share/turtlebot3_gazebo//models/turtlebot3_house/mailbox/materials/scripts/mailbox.material
[20.222s] -- Installing: /root/ros_ws/install/turtlebot3_gazebo/share/turtlebot3_gazebo//models/turtlebot3_house/mailbox/materials/textures
[20.223s] -- Installing: /root/ros_ws/install/turtlebot3_gazebo/share/turtlebot3_gazebo//models/turtlebot3_house/mailbox/materials/textures/Mailbox_Diffuse.tga.orig
[20.225s] -- Installing: /root/ros_ws/install/turtlebot3_gazebo/share/turtlebot3_gazebo//models/turtlebot3_house/mailbox/materials/textures/Mailbox_Spec.png
[20.225s] -- Installing: /root/ros_ws/install/turtlebot3_gazebo/share/turtlebot3_gazebo//models/turtlebot3_house/mailbox/materials/textures/Mailbox_Diffuse.png
[20.226s] -- Installing: /root/ros_ws/install/turtlebot3_gazebo/share/turtlebot3_gazebo//models/turtlebot3_house/mailbox/model-1_4.sdf
[20.226s] -- Installing: /root/ros_ws/install/turtlebot3_gazebo/share/turtlebot3_gazebo//models/turtlebot3_house/mailbox/model.config
[20.227s] -- Installing: /root/ros_ws/install/turtlebot3_gazebo/share/turtlebot3_gazebo//models/turtlebot3_house/mailbox/meshes
[20.228s] -- Installing: /root/ros_ws/install/turtlebot3_gazebo/share/turtlebot3_gazebo//models/turtlebot3_house/mailbox/meshes/mailbox.dae
[20.228s] -- Installing: /root/ros_ws/install/turtlebot3_gazebo/share/turtlebot3_gazebo//models/turtlebot3_house/mailbox/model.sdf
[20.228s] -- Installing: /root/ros_ws/install/turtlebot3_gazebo/share/turtlebot3_gazebo//models/turtlebot3_house/cafe_table
[20.229s] -- Installing: /root/ros_ws/install/turtlebot3_gazebo/share/turtlebot3_gazebo//models/turtlebot3_house/cafe_table/materials
[20.229s] -- Installing: /root/ros_ws/install/turtlebot3_gazebo/share/turtlebot3_gazebo//models/turtlebot3_house/cafe_table/materials/textures
[20.230s] -- Installing: /root/ros_ws/install/turtlebot3_gazebo/share/turtlebot3_gazebo//models/turtlebot3_house/cafe_table/materials/textures/Maple.jpg
[20.230s] -- Installing: /root/ros_ws/install/turtlebot3_gazebo/share/turtlebot3_gazebo//models/turtlebot3_house/cafe_table/materials/textures/Wood_Floor_Dark.jpg
[20.231s] -- Installing: /root/ros_ws/install/turtlebot3_gazebo/share/turtlebot3_gazebo//models/turtlebot3_house/cafe_table/model-1_4.sdf
[20.231s] -- Installing: /root/ros_ws/install/turtlebot3_gazebo/share/turtlebot3_gazebo//models/turtlebot3_house/cafe_table/model.config
[20.231s] -- Installing: /root/ros_ws/install/turtlebot3_gazebo/share/turtlebot3_gazebo//models/turtlebot3_house/cafe_table/meshes
[20.232s] -- Installing: /root/ros_ws/install/turtlebot3_gazebo/share/turtlebot3_gazebo//models/turtlebot3_house/cafe_table/meshes/cafe_table.dae
[20.232s] -- Installing: /root/ros_ws/install/turtlebot3_gazebo/share/turtlebot3_gazebo//models/turtlebot3_house/cafe_table/model.sdf
[20.233s] -- Installing: /root/ros_ws/install/turtlebot3_gazebo/share/turtlebot3_gazebo//models/turtlebot3_house/textures
[20.233s] -- Installing: /root/ros_ws/install/turtlebot3_gazebo/share/turtlebot3_gazebo//models/turtlebot3_house/textures/wood.png
[20.234s] -- Installing: /root/ros_ws/install/turtlebot3_gazebo/share/turtlebot3_gazebo//models/turtlebot3_house/textures/bricks.png
[20.238s] -- Installing: /root/ros_ws/install/turtlebot3_gazebo/share/turtlebot3_gazebo//models/turtlebot3_house/model.config
[20.239s] -- Installing: /root/ros_ws/install/turtlebot3_gazebo/share/turtlebot3_gazebo//models/turtlebot3_house/model.sdf
[20.239s] -- Installing: /root/ros_ws/install/turtlebot3_gazebo/share/turtlebot3_gazebo//models/turtlebot3_house/table_marble
[20.240s] -- Installing: /root/ros_ws/install/turtlebot3_gazebo/share/turtlebot3_gazebo//models/turtlebot3_house/table_marble/materials
[20.241s] -- Installing: /root/ros_ws/install/turtlebot3_gazebo/share/turtlebot3_gazebo//models/turtlebot3_house/table_marble/materials/scripts
[20.241s] -- Installing: /root/ros_ws/install/turtlebot3_gazebo/share/turtlebot3_gazebo//models/turtlebot3_house/table_marble/materials/scripts/table_lightmap.material
[20.241s] -- Installing: /root/ros_ws/install/turtlebot3_gazebo/share/turtlebot3_gazebo//models/turtlebot3_house/table_marble/materials/textures
[20.242s] -- Installing: /root/ros_ws/install/turtlebot3_gazebo/share/turtlebot3_gazebo//models/turtlebot3_house/table_marble/materials/textures/marble.png
[20.243s] -- Installing: /root/ros_ws/install/turtlebot3_gazebo/share/turtlebot3_gazebo//models/turtlebot3_house/table_marble/materials/textures/table_lightmap.png
[20.243s] -- Installing: /root/ros_ws/install/turtlebot3_gazebo/share/turtlebot3_gazebo//models/turtlebot3_house/table_marble/model-1_4.sdf
[20.243s] -- Installing: /root/ros_ws/install/turtlebot3_gazebo/share/turtlebot3_gazebo//models/turtlebot3_house/table_marble/model.config
[20.244s] -- Installing: /root/ros_ws/install/turtlebot3_gazebo/share/turtlebot3_gazebo//models/turtlebot3_house/table_marble/meshes
[20.244s] -- Installing: /root/ros_ws/install/turtlebot3_gazebo/share/turtlebot3_gazebo//models/turtlebot3_house/table_marble/meshes/table_lightmap.dae
[20.245s] -- Installing: /root/ros_ws/install/turtlebot3_gazebo/share/turtlebot3_gazebo//models/turtlebot3_house/table_marble/model.sdf
[20.245s] -- Installing: /root/ros_ws/install/turtlebot3_gazebo/share/turtlebot3_gazebo//models/turtlebot3_dqn_world
[20.245s] -- Installing: /root/ros_ws/install/turtlebot3_gazebo/share/turtlebot3_gazebo//models/turtlebot3_dqn_world/obstacle1
[20.246s] -- Installing: /root/ros_ws/install/turtlebot3_gazebo/share/turtlebot3_gazebo//models/turtlebot3_dqn_world/obstacle1/model.config
[20.246s] -- Installing: /root/ros_ws/install/turtlebot3_gazebo/share/turtlebot3_gazebo//models/turtlebot3_dqn_world/obstacle1/model.sdf
[20.247s] -- Installing: /root/ros_ws/install/turtlebot3_gazebo/share/turtlebot3_gazebo//models/turtlebot3_dqn_world/inner_walls
[20.247s] -- Installing: /root/ros_ws/install/turtlebot3_gazebo/share/turtlebot3_gazebo//models/turtlebot3_dqn_world/inner_walls/textures
[20.248s] -- Installing: /root/ros_ws/install/turtlebot3_gazebo/share/turtlebot3_gazebo//models/turtlebot3_dqn_world/inner_walls/textures/wood.png
[20.248s] -- Installing: /root/ros_ws/install/turtlebot3_gazebo/share/turtlebot3_gazebo//models/turtlebot3_dqn_world/inner_walls/model.config
[20.249s] -- Installing: /root/ros_ws/install/turtlebot3_gazebo/share/turtlebot3_gazebo//models/turtlebot3_dqn_world/inner_walls/model.sdf
[20.249s] -- Installing: /root/ros_ws/install/turtlebot3_gazebo/share/turtlebot3_gazebo//models/turtlebot3_dqn_world/obstacle2
[20.249s] -- Installing: /root/ros_ws/install/turtlebot3_gazebo/share/turtlebot3_gazebo//models/turtlebot3_dqn_world/obstacle2/model.config
[20.250s] -- Installing: /root/ros_ws/install/turtlebot3_gazebo/share/turtlebot3_gazebo//models/turtlebot3_dqn_world/obstacle2/model.sdf
[20.250s] -- Installing: /root/ros_ws/install/turtlebot3_gazebo/share/turtlebot3_gazebo//models/turtlebot3_dqn_world/textures
[20.251s] -- Installing: /root/ros_ws/install/turtlebot3_gazebo/share/turtlebot3_gazebo//models/turtlebot3_dqn_world/textures/wood.png
[20.251s] -- Installing: /root/ros_ws/install/turtlebot3_gazebo/share/turtlebot3_gazebo//models/turtlebot3_dqn_world/model.config
[20.251s] -- Installing: /root/ros_ws/install/turtlebot3_gazebo/share/turtlebot3_gazebo//models/turtlebot3_dqn_world/goal_box
[20.252s] -- Installing: /root/ros_ws/install/turtlebot3_gazebo/share/turtlebot3_gazebo//models/turtlebot3_dqn_world/goal_box/model.config
[20.252s] -- Installing: /root/ros_ws/install/turtlebot3_gazebo/share/turtlebot3_gazebo//models/turtlebot3_dqn_world/goal_box/model.sdf
[20.252s] -- Installing: /root/ros_ws/install/turtlebot3_gazebo/share/turtlebot3_gazebo//models/turtlebot3_dqn_world/model.sdf
[20.253s] -- Installing: /root/ros_ws/install/turtlebot3_gazebo/share/turtlebot3_gazebo//models/turtlebot3_dqn_world/obstacles
[20.253s] -- Installing: /root/ros_ws/install/turtlebot3_gazebo/share/turtlebot3_gazebo//models/turtlebot3_dqn_world/obstacles/model.config
[20.253s] -- Installing: /root/ros_ws/install/turtlebot3_gazebo/share/turtlebot3_gazebo//models/turtlebot3_dqn_world/obstacles/model.sdf
[20.254s] -- Installing: /root/ros_ws/install/turtlebot3_gazebo/share/turtlebot3_gazebo//models/turtlebot3_waffle_pi
[20.254s] -- Installing: /root/ros_ws/install/turtlebot3_gazebo/share/turtlebot3_gazebo//models/turtlebot3_waffle_pi/model-1_4_.sdf
[20.254s] -- Installing: /root/ros_ws/install/turtlebot3_gazebo/share/turtlebot3_gazebo//models/turtlebot3_waffle_pi/model.config
[20.255s] -- Installing: /root/ros_ws/install/turtlebot3_gazebo/share/turtlebot3_gazebo//models/turtlebot3_waffle_pi/model.sdf
[20.255s] -- Installing: /root/ros_ws/install/turtlebot3_gazebo/share/turtlebot3_gazebo//models/turtlebot3_burger_cam
[20.255s] -- Installing: /root/ros_ws/install/turtlebot3_gazebo/share/turtlebot3_gazebo//models/turtlebot3_burger_cam/model-1_4.sdf
[20.256s] -- Installing: /root/ros_ws/install/turtlebot3_gazebo/share/turtlebot3_gazebo//models/turtlebot3_burger_cam/model.config
[20.256s] -- Installing: /root/ros_ws/install/turtlebot3_gazebo/share/turtlebot3_gazebo//models/turtlebot3_burger_cam/model.sdf
[20.257s] -- Installing: /root/ros_ws/install/turtlebot3_gazebo/share/turtlebot3_gazebo//models/turtlebot3_world
[20.258s] -- Installing: /root/ros_ws/install/turtlebot3_gazebo/share/turtlebot3_gazebo//models/turtlebot3_world/model-1_4.sdf
[20.258s] -- Installing: /root/ros_ws/install/turtlebot3_gazebo/share/turtlebot3_gazebo//models/turtlebot3_world/model.config
[20.259s] -- Installing: /root/ros_ws/install/turtlebot3_gazebo/share/turtlebot3_gazebo//models/turtlebot3_world/meshes
[20.260s] -- Installing: /root/ros_ws/install/turtlebot3_gazebo/share/turtlebot3_gazebo//models/turtlebot3_world/meshes/wall.dae
[20.260s] -- Installing: /root/ros_ws/install/turtlebot3_gazebo/share/turtlebot3_gazebo//models/turtlebot3_world/meshes/hexagon.dae
[20.260s] -- Installing: /root/ros_ws/install/turtlebot3_gazebo/share/turtlebot3_gazebo//models/turtlebot3_world/model.sdf
[20.260s] -- Installing: /root/ros_ws/install/turtlebot3_gazebo/share/turtlebot3_gazebo//models/turtlebot3_burger
[20.261s] -- Installing: /root/ros_ws/install/turtlebot3_gazebo/share/turtlebot3_gazebo//models/turtlebot3_burger/model-1_4.sdf
[20.261s] -- Installing: /root/ros_ws/install/turtlebot3_gazebo/share/turtlebot3_gazebo//models/turtlebot3_burger/model.config
[20.262s] -- Installing: /root/ros_ws/install/turtlebot3_gazebo/share/turtlebot3_gazebo//models/turtlebot3_burger/model.sdf
[20.262s] -- Installing: /root/ros_ws/install/turtlebot3_gazebo/share/turtlebot3_gazebo//params
[20.263s] -- Installing: /root/ros_ws/install/turtlebot3_gazebo/share/turtlebot3_gazebo//params/turtlebot3_waffle_pi_bridge.yaml
[20.263s] -- Installing: /root/ros_ws/install/turtlebot3_gazebo/share/turtlebot3_gazebo//params/turtlebot3_waffle_bridge.yaml
[20.263s] -- Installing: /root/ros_ws/install/turtlebot3_gazebo/share/turtlebot3_gazebo//params/turtlebot3_burger_cam_bridge.yaml
[20.264s] -- Installing: /root/ros_ws/install/turtlebot3_gazebo/share/turtlebot3_gazebo//params/turtlebot3_burger_bridge.yaml
[20.264s] -- Installing: /root/ros_ws/install/turtlebot3_gazebo/share/turtlebot3_gazebo//rviz
[20.265s] -- Installing: /root/ros_ws/install/turtlebot3_gazebo/share/turtlebot3_gazebo//rviz/tb3_gazebo.rviz
[20.265s] -- Installing: /root/ros_ws/install/turtlebot3_gazebo/share/turtlebot3_gazebo//urdf
[20.265s] -- Installing: /root/ros_ws/install/turtlebot3_gazebo/share/turtlebot3_gazebo//urdf/common_properties.urdf
[20.266s] -- Installing: /root/ros_ws/install/turtlebot3_gazebo/share/turtlebot3_gazebo//urdf/turtlebot3_burger_cam.urdf
[20.266s] -- Installing: /root/ros_ws/install/turtlebot3_gazebo/share/turtlebot3_gazebo//urdf/turtlebot3_waffle_pi.urdf
[20.266s] -- Installing: /root/ros_ws/install/turtlebot3_gazebo/share/turtlebot3_gazebo//urdf/turtlebot3_waffle.urdf
[20.267s] -- Installing: /root/ros_ws/install/turtlebot3_gazebo/share/turtlebot3_gazebo//urdf/turtlebot3_burger.urdf
[20.267s] -- Installing: /root/ros_ws/install/turtlebot3_gazebo/share/turtlebot3_gazebo//worlds
[20.268s] -- Installing: /root/ros_ws/install/turtlebot3_gazebo/share/turtlebot3_gazebo//worlds/turtlebot3_world.world
[20.268s] -- Installing: /root/ros_ws/install/turtlebot3_gazebo/share/turtlebot3_gazebo//worlds/turtlebot3_dqn_stage1.world
[20.268s] -- Installing: /root/ros_ws/install/turtlebot3_gazebo/share/turtlebot3_gazebo//worlds/turtlebot3_dqn_stage4.world
[20.268s] -- Installing: /root/ros_ws/install/turtlebot3_gazebo/share/turtlebot3_gazebo//worlds/empty_world.world
[20.269s] -- Installing: /root/ros_ws/install/turtlebot3_gazebo/share/turtlebot3_gazebo//worlds/turtlebot3_dqn_stage3.world
[20.269s] -- Installing: /root/ros_ws/install/turtlebot3_gazebo/share/turtlebot3_gazebo//worlds/turtlebot3_house.world
[20.269s] -- Installing: /root/ros_ws/install/turtlebot3_gazebo/share/turtlebot3_gazebo//worlds/turtlebot3_dqn_stage2.world
[20.269s] -- Installing: /root/ros_ws/install/turtlebot3_gazebo/share/turtlebot3_gazebo//worlds/turtlebot3_autorace_2020.world
[20.270s] -- Installing: /root/ros_ws/install/turtlebot3_gazebo/include/
[20.271s] -- Installing: /root/ros_ws/install/turtlebot3_gazebo/include//turtlebot3_gazebo
[20.271s] -- Installing: /root/ros_ws/install/turtlebot3_gazebo/include//turtlebot3_gazebo/traffic_light_plugin.hpp
[20.272s] -- Installing: /root/ros_ws/install/turtlebot3_gazebo/include//turtlebot3_gazebo/obstacle2.hpp
[20.272s] -- Installing: /root/ros_ws/install/turtlebot3_gazebo/include//turtlebot3_gazebo/obstacles.hpp
[20.272s] -- Installing: /root/ros_ws/install/turtlebot3_gazebo/include//turtlebot3_gazebo/traffic_bar_plugin.hpp
[20.272s] -- Installing: /root/ros_ws/install/turtlebot3_gazebo/include//turtlebot3_gazebo/obstacle1.hpp
[20.273s] -- Installing: /root/ros_ws/install/turtlebot3_gazebo/include//turtlebot3_gazebo/turtlebot3_drive.hpp
[20.274s] -- Installing: /root/ros_ws/install/turtlebot3_gazebo/share/ament_index/resource_index/package_run_dependencies/turtlebot3_gazebo
[20.275s] -- Installing: /root/ros_ws/install/turtlebot3_gazebo/share/ament_index/resource_index/parent_prefix_path/turtlebot3_gazebo
[20.276s] -- Installing: /root/ros_ws/install/turtlebot3_gazebo/share/turtlebot3_gazebo/environment/ament_prefix_path.sh
[20.276s] -- Installing: /root/ros_ws/install/turtlebot3_gazebo/share/turtlebot3_gazebo/environment/ament_prefix_path.dsv
[20.277s] -- Installing: /root/ros_ws/install/turtlebot3_gazebo/share/turtlebot3_gazebo/environment/path.sh
[20.277s] -- Installing: /root/ros_ws/install/turtlebot3_gazebo/share/turtlebot3_gazebo/environment/path.dsv
[20.277s] -- Installing: /root/ros_ws/install/turtlebot3_gazebo/share/turtlebot3_gazebo/local_setup.bash
[20.278s] -- Installing: /root/ros_ws/install/turtlebot3_gazebo/share/turtlebot3_gazebo/local_setup.sh
[20.278s] -- Installing: /root/ros_ws/install/turtlebot3_gazebo/share/turtlebot3_gazebo/local_setup.zsh
[20.278s] -- Installing: /root/ros_ws/install/turtlebot3_gazebo/share/turtlebot3_gazebo/local_setup.dsv
[20.279s] -- Installing: /root/ros_ws/install/turtlebot3_gazebo/share/turtlebot3_gazebo/package.dsv
[20.280s] -- Installing: /root/ros_ws/install/turtlebot3_gazebo/share/ament_index/resource_index/packages/turtlebot3_gazebo
[20.281s] -- Installing: /root/ros_ws/install/turtlebot3_gazebo/share/turtlebot3_gazebo/cmake/ament_cmake_export_include_directories-extras.cmake
[20.281s] -- Installing: /root/ros_ws/install/turtlebot3_gazebo/share/turtlebot3_gazebo/cmake/ament_cmake_export_dependencies-extras.cmake
[20.281s] -- Installing: /root/ros_ws/install/turtlebot3_gazebo/share/turtlebot3_gazebo/cmake/turtlebot3_gazeboConfig.cmake
[20.281s] -- Installing: /root/ros_ws/install/turtlebot3_gazebo/share/turtlebot3_gazebo/cmake/turtlebot3_gazeboConfig-version.cmake
[20.282s] -- Installing: /root/ros_ws/install/turtlebot3_gazebo/share/turtlebot3_gazebo/package.xml
[20.286s] Invoked command in '/root/ros_ws/build/turtlebot3_gazebo' returned '0': CMAKE_PREFIX_PATH=${CMAKE_PREFIX_PATH}:/opt/ros/jazzy /usr/bin/cmake --install /root/ros_ws/build/turtlebot3_gazebo
