[0.446s] Invoking command in '/root/ros_ws/build/turtlebot3_navigation2': CMAKE_PREFIX_PATH=${CMAKE_PREFIX_PATH}:/root/ros_ws/install/turtlebot3_teleop:/root/ros_ws/install/turtlebot3_example:/opt/ros/jazzy /usr/bin/cmake --build /root/ros_ws/build/turtlebot3_navigation2 -- -j12 -l12
[0.992s] Invoked command in '/root/ros_ws/build/turtlebot3_navigation2' returned '0': CMAKE_PREFIX_PATH=${CMAKE_PREFIX_PATH}:/root/ros_ws/install/turtlebot3_teleop:/root/ros_ws/install/turtlebot3_example:/opt/ros/jazzy /usr/bin/cmake --build /root/ros_ws/build/turtlebot3_navigation2 -- -j12 -l12
[0.993s] Invoking command in '/root/ros_ws/build/turtlebot3_navigation2': CMAKE_PREFIX_PATH=${CMAKE_PREFIX_PATH}:/root/ros_ws/install/turtlebot3_teleop:/root/ros_ws/install/turtlebot3_example:/opt/ros/jazzy /usr/bin/cmake --install /root/ros_ws/build/turtlebot3_navigation2
[1.028s] -- Install configuration: ""
[1.028s] -- Up-to-date: /root/ros_ws/install/turtlebot3_navigation2/share/turtlebot3_navigation2/launch
[1.028s] -- Up-to-date: /root/ros_ws/install/turtlebot3_navigation2/share/turtlebot3_navigation2/launch/navigation2.launch.py
[1.028s] -- Up-to-date: /root/ros_ws/install/turtlebot3_navigation2/share/turtlebot3_navigation2/map
[1.029s] -- Up-to-date: /root/ros_ws/install/turtlebot3_navigation2/share/turtlebot3_navigation2/map/map.pgm
[1.042s] -- Up-to-date: /root/ros_ws/install/turtlebot3_navigation2/share/turtlebot3_navigation2/map/map.yaml
[1.044s] -- Up-to-date: /root/ros_ws/install/turtlebot3_navigation2/share/turtlebot3_navigation2/param
[1.044s] -- Up-to-date: /root/ros_ws/install/turtlebot3_navigation2/share/turtlebot3_navigation2/param/burger.yaml
[1.045s] -- Up-to-date: /root/ros_ws/install/turtlebot3_navigation2/share/turtlebot3_navigation2/param/waffle.yaml
[1.045s] -- Up-to-date: /root/ros_ws/install/turtlebot3_navigation2/share/turtlebot3_navigation2/param/burger_cam.yaml
[1.046s] -- Up-to-date: /root/ros_ws/install/turtlebot3_navigation2/share/turtlebot3_navigation2/param/humble
[1.046s] -- Up-to-date: /root/ros_ws/install/turtlebot3_navigation2/share/turtlebot3_navigation2/param/humble/burger.yaml
[1.046s] -- Up-to-date: /root/ros_ws/install/turtlebot3_navigation2/share/turtlebot3_navigation2/param/humble/waffle.yaml
[1.047s] -- Up-to-date: /root/ros_ws/install/turtlebot3_navigation2/share/turtlebot3_navigation2/param/humble/burger_cam.yaml
[1.047s] -- Up-to-date: /root/ros_ws/install/turtlebot3_navigation2/share/turtlebot3_navigation2/param/humble/waffle_pi.yaml
[1.047s] -- Up-to-date: /root/ros_ws/install/turtlebot3_navigation2/share/turtlebot3_navigation2/param/waffle_pi.yaml
[1.048s] -- Up-to-date: /root/ros_ws/install/turtlebot3_navigation2/share/turtlebot3_navigation2/rviz
[1.048s] -- Up-to-date: /root/ros_ws/install/turtlebot3_navigation2/share/turtlebot3_navigation2/rviz/tb3_navigation2.rviz
[1.048s] -- Up-to-date: /root/ros_ws/install/turtlebot3_navigation2/share/ament_index/resource_index/package_run_dependencies/turtlebot3_navigation2
[1.049s] -- Up-to-date: /root/ros_ws/install/turtlebot3_navigation2/share/ament_index/resource_index/parent_prefix_path/turtlebot3_navigation2
[1.050s] -- Up-to-date: /root/ros_ws/install/turtlebot3_navigation2/share/turtlebot3_navigation2/environment/ament_prefix_path.sh
[1.051s] -- Up-to-date: /root/ros_ws/install/turtlebot3_navigation2/share/turtlebot3_navigation2/environment/ament_prefix_path.dsv
[1.055s] -- Up-to-date: /root/ros_ws/install/turtlebot3_navigation2/share/turtlebot3_navigation2/environment/path.sh
[1.063s] -- Up-to-date: /root/ros_ws/install/turtlebot3_navigation2/share/turtlebot3_navigation2/environment/path.dsv
[1.063s] -- Up-to-date: /root/ros_ws/install/turtlebot3_navigation2/share/turtlebot3_navigation2/local_setup.bash
[1.063s] -- Up-to-date: /root/ros_ws/install/turtlebot3_navigation2/share/turtlebot3_navigation2/local_setup.sh
[1.064s] -- Up-to-date: /root/ros_ws/install/turtlebot3_navigation2/share/turtlebot3_navigation2/local_setup.zsh
[1.064s] -- Up-to-date: /root/ros_ws/install/turtlebot3_navigation2/share/turtlebot3_navigation2/local_setup.dsv
[1.064s] -- Installing: /root/ros_ws/install/turtlebot3_navigation2/share/turtlebot3_navigation2/package.dsv
[1.065s] -- Up-to-date: /root/ros_ws/install/turtlebot3_navigation2/share/ament_index/resource_index/packages/turtlebot3_navigation2
[1.065s] -- Up-to-date: /root/ros_ws/install/turtlebot3_navigation2/share/turtlebot3_navigation2/cmake/turtlebot3_navigation2Config.cmake
[1.066s] -- Up-to-date: /root/ros_ws/install/turtlebot3_navigation2/share/turtlebot3_navigation2/cmake/turtlebot3_navigation2Config-version.cmake
[1.067s] -- Up-to-date: /root/ros_ws/install/turtlebot3_navigation2/share/turtlebot3_navigation2/package.xml
[1.095s] Invoked command in '/root/ros_ws/build/turtlebot3_navigation2' returned '0': CMAKE_PREFIX_PATH=${CMAKE_PREFIX_PATH}:/root/ros_ws/install/turtlebot3_teleop:/root/ros_ws/install/turtlebot3_example:/opt/ros/jazzy /usr/bin/cmake --install /root/ros_ws/build/turtlebot3_navigation2
