running egg_info
creating ../../build/tb3_multi_nav/tb3_multi_nav.egg-info
writing ../../build/tb3_multi_nav/tb3_multi_nav.egg-info/PKG-INFO
writing dependency_links to ../../build/tb3_multi_nav/tb3_multi_nav.egg-info/dependency_links.txt
writing requirements to ../../build/tb3_multi_nav/tb3_multi_nav.egg-info/requires.txt
writing top-level names to ../../build/tb3_multi_nav/tb3_multi_nav.egg-info/top_level.txt
writing manifest file '../../build/tb3_multi_nav/tb3_multi_nav.egg-info/SOURCES.txt'
reading manifest file '../../build/tb3_multi_nav/tb3_multi_nav.egg-info/SOURCES.txt'
writing manifest file '../../build/tb3_multi_nav/tb3_multi_nav.egg-info/SOURCES.txt'
running build
running build_py
creating /root/ros_ws/build/tb3_multi_nav/build
creating /root/ros_ws/build/tb3_multi_nav/build/lib
creating /root/ros_ws/build/tb3_multi_nav/build/lib/tb3_multi_nav
copying tb3_multi_nav/__init__.py -> /root/ros_ws/build/tb3_multi_nav/build/lib/tb3_multi_nav
running install
running install_lib
creating /root/ros_ws/install/tb3_multi_nav/lib/python3.12/site-packages/tb3_multi_nav
copying /root/ros_ws/build/tb3_multi_nav/build/lib/tb3_multi_nav/__init__.py -> /root/ros_ws/install/tb3_multi_nav/lib/python3.12/site-packages/tb3_multi_nav
byte-compiling /root/ros_ws/install/tb3_multi_nav/lib/python3.12/site-packages/tb3_multi_nav/__init__.py to __init__.cpython-312.pyc
running install_data
creating /root/ros_ws/install/tb3_multi_nav/share/ament_index
creating /root/ros_ws/install/tb3_multi_nav/share/ament_index/resource_index
creating /root/ros_ws/install/tb3_multi_nav/share/ament_index/resource_index/packages
copying resource/tb3_multi_nav -> /root/ros_ws/install/tb3_multi_nav/share/ament_index/resource_index/packages
copying package.xml -> /root/ros_ws/install/tb3_multi_nav/share/tb3_multi_nav
creating /root/ros_ws/install/tb3_multi_nav/share/tb3_multi_nav/launch
copying launch/multi_tb3.launch.py -> /root/ros_ws/install/tb3_multi_nav/share/tb3_multi_nav/launch
copying launch/mapping.launch.py -> /root/ros_ws/install/tb3_multi_nav/share/tb3_multi_nav/launch
running install_egg_info
Copying ../../build/tb3_multi_nav/tb3_multi_nav.egg-info to /root/ros_ws/install/tb3_multi_nav/lib/python3.12/site-packages/tb3_multi_nav-0.0.0-py3.12.egg-info
running install_scripts
writing list of installed files to '/root/ros_ws/build/tb3_multi_nav/install.log'
