[0.974s] Invoking command in '/root/ros_ws/src/turtlebot3-jazzy/turtlebot3_example': PYTHONPATH=/root/ros_ws/build/turtlebot3_example/prefix_override:/usr/lib/python3/dist-packages/colcon_core/task/python/colcon_distutils_commands:/root/ros_ws/install/turtlebot3_example/lib/python3.12/site-packages:${PYTHONPATH} /usr/bin/python3 -W ignore:setup.py install is deprecated -W ignore:easy_install command is deprecated setup.py egg_info --egg-base ../../../build/turtlebot3_example build --build-base /root/ros_ws/build/turtlebot3_example/build install --record /root/ros_ws/build/turtlebot3_example/install.log --single-version-externally-managed install_data
[1.127s] running egg_info
[1.136s] writing ../../../build/turtlebot3_example/turtlebot3_example.egg-info/PKG-INFO
[1.136s] writing dependency_links to ../../../build/turtlebot3_example/turtlebot3_example.egg-info/dependency_links.txt
[1.136s] writing entry points to ../../../build/turtlebot3_example/turtlebot3_example.egg-info/entry_points.txt
[1.136s] writing requirements to ../../../build/turtlebot3_example/turtlebot3_example.egg-info/requires.txt
[1.136s] writing top-level names to ../../../build/turtlebot3_example/turtlebot3_example.egg-info/top_level.txt
[1.154s] reading manifest file '../../../build/turtlebot3_example/turtlebot3_example.egg-info/SOURCES.txt'
[1.155s] writing manifest file '../../../build/turtlebot3_example/turtlebot3_example.egg-info/SOURCES.txt'
[1.155s] running build
[1.155s] running build_py
[1.156s] running install
[1.160s] running install_lib
[1.170s] running install_data
[1.170s] running install_egg_info
[1.180s] removing '/root/ros_ws/install/turtlebot3_example/lib/python3.12/site-packages/turtlebot3_example-2.3.3-py3.12.egg-info' (and everything under it)
[1.180s] Copying ../../../build/turtlebot3_example/turtlebot3_example.egg-info to /root/ros_ws/install/turtlebot3_example/lib/python3.12/site-packages/turtlebot3_example-2.3.3-py3.12.egg-info
[1.181s] running install_scripts
[1.250s] Installing turtlebot3_absolute_move script to /root/ros_ws/install/turtlebot3_example/lib/turtlebot3_example
[1.251s] Installing turtlebot3_interactive_marker script to /root/ros_ws/install/turtlebot3_example/lib/turtlebot3_example
[1.251s] Installing turtlebot3_obstacle_detection script to /root/ros_ws/install/turtlebot3_example/lib/turtlebot3_example
[1.251s] Installing turtlebot3_patrol_client script to /root/ros_ws/install/turtlebot3_example/lib/turtlebot3_example
[1.251s] Installing turtlebot3_patrol_server script to /root/ros_ws/install/turtlebot3_example/lib/turtlebot3_example
[1.251s] Installing turtlebot3_relative_move script to /root/ros_ws/install/turtlebot3_example/lib/turtlebot3_example
[1.251s] writing list of installed files to '/root/ros_ws/build/turtlebot3_example/install.log'
[1.279s] Invoked command in '/root/ros_ws/src/turtlebot3-jazzy/turtlebot3_example' returned '0': PYTHONPATH=/root/ros_ws/build/turtlebot3_example/prefix_override:/usr/lib/python3/dist-packages/colcon_core/task/python/colcon_distutils_commands:/root/ros_ws/install/turtlebot3_example/lib/python3.12/site-packages:${PYTHONPATH} /usr/bin/python3 -W ignore:setup.py install is deprecated -W ignore:easy_install command is deprecated setup.py egg_info --egg-base ../../../build/turtlebot3_example build --build-base /root/ros_ws/build/turtlebot3_example/build install --record /root/ros_ws/build/turtlebot3_example/install.log --single-version-externally-managed install_data
