[0.042s] Invoking command in '/root/ros_ws/build/turtlebot3_description': CMAKE_PREFIX_PATH=${CMAKE_PREFIX_PATH}:/opt/ros/jazzy /usr/bin/cmake /root/ros_ws/src/turtlebot3-jazzy/turtlebot3_description -DCMAKE_INSTALL_PREFIX=/root/ros_ws/install/turtlebot3_description
[0.524s] -- The C compiler identification is GNU 13.3.0
[0.524s] -- The CXX compiler identification is GNU 13.3.0
[0.524s] -- Detecting C compiler ABI info
[0.524s] -- Detecting C compiler ABI info - done
[0.524s] -- Check for working C compiler: /usr/bin/cc - skipped
[0.524s] -- Detecting C compile features
[0.524s] -- Detecting C compile features - done
[0.525s] -- Detecting CXX compiler ABI info
[0.584s] -- Detecting CXX compiler ABI info - done
[0.592s] -- Check for working CXX compiler: /usr/bin/c++ - skipped
[0.592s] -- Detecting CXX compile features
[0.593s] -- Detecting CXX compile features - done
[0.631s] -- Found ament_cmake: 2.5.4 (/opt/ros/jazzy/share/ament_cmake/cmake)
[0.775s] -- Found Python3: /usr/bin/python3 (found version "3.12.3") found components: Interpreter 
[0.931s] -- Found urdf: 2.10.0 (/opt/ros/jazzy/share/urdf/cmake)
[1.016s] -- Found TinyXML2 via Config file: /usr/lib/x86_64-linux-gnu/cmake/tinyxml2
[1.120s] -- Configuring done (1.0s)
[1.123s] -- Generating done (0.0s)
[1.126s] -- Build files have been written to: /root/ros_ws/build/turtlebot3_description
[1.133s] Invoked command in '/root/ros_ws/build/turtlebot3_description' returned '0': CMAKE_PREFIX_PATH=${CMAKE_PREFIX_PATH}:/opt/ros/jazzy /usr/bin/cmake /root/ros_ws/src/turtlebot3-jazzy/turtlebot3_description -DCMAKE_INSTALL_PREFIX=/root/ros_ws/install/turtlebot3_description
[1.134s] Invoking command in '/root/ros_ws/build/turtlebot3_description': CMAKE_PREFIX_PATH=${CMAKE_PREFIX_PATH}:/opt/ros/jazzy /usr/bin/cmake --build /root/ros_ws/build/turtlebot3_description -- -j16 -l16
[1.172s] Invoked command in '/root/ros_ws/build/turtlebot3_description' returned '0': CMAKE_PREFIX_PATH=${CMAKE_PREFIX_PATH}:/opt/ros/jazzy /usr/bin/cmake --build /root/ros_ws/build/turtlebot3_description -- -j16 -l16
[1.172s] Invoking command in '/root/ros_ws/build/turtlebot3_description': CMAKE_PREFIX_PATH=${CMAKE_PREFIX_PATH}:/opt/ros/jazzy /usr/bin/cmake --install /root/ros_ws/build/turtlebot3_description
[1.179s] -- Install configuration: ""
[1.179s] -- Installing: /root/ros_ws/install/turtlebot3_description/share/turtlebot3_description/meshes
[1.179s] -- Installing: /root/ros_ws/install/turtlebot3_description/share/turtlebot3_description/meshes/bases
[1.180s] -- Installing: /root/ros_ws/install/turtlebot3_description/share/turtlebot3_description/meshes/bases/waffle_base.stl:Zone.Identifier
[1.180s] -- Installing: /root/ros_ws/install/turtlebot3_description/share/turtlebot3_description/meshes/bases/waffle_pi_base.stl
[1.185s] -- Installing: /root/ros_ws/install/turtlebot3_description/share/turtlebot3_description/meshes/bases/waffle_pi_base.stl:Zone.Identifier
[1.186s] -- Installing: /root/ros_ws/install/turtlebot3_description/share/turtlebot3_description/meshes/bases/burger_base.stl:Zone.Identifier
[1.186s] -- Installing: /root/ros_ws/install/turtlebot3_description/share/turtlebot3_description/meshes/bases/waffle_base.stl
[1.198s] -- Installing: /root/ros_ws/install/turtlebot3_description/share/turtlebot3_description/meshes/bases/burger_base.stl
[1.203s] -- Installing: /root/ros_ws/install/turtlebot3_description/share/turtlebot3_description/meshes/sensors
[1.203s] -- Installing: /root/ros_ws/install/turtlebot3_description/share/turtlebot3_description/meshes/sensors/r200.jpg
[1.203s] -- Installing: /root/ros_ws/install/turtlebot3_description/share/turtlebot3_description/meshes/sensors/astra.jpg:Zone.Identifier
[1.203s] -- Installing: /root/ros_ws/install/turtlebot3_description/share/turtlebot3_description/meshes/sensors/r200.dae:Zone.Identifier
[1.204s] -- Installing: /root/ros_ws/install/turtlebot3_description/share/turtlebot3_description/meshes/sensors/lds.stl:Zone.Identifier
[1.204s] -- Installing: /root/ros_ws/install/turtlebot3_description/share/turtlebot3_description/meshes/sensors/r200.dae
[1.204s] -- Installing: /root/ros_ws/install/turtlebot3_description/share/turtlebot3_description/meshes/sensors/lds.stl
[1.204s] -- Installing: /root/ros_ws/install/turtlebot3_description/share/turtlebot3_description/meshes/sensors/astra.dae:Zone.Identifier
[1.204s] -- Installing: /root/ros_ws/install/turtlebot3_description/share/turtlebot3_description/meshes/sensors/astra.jpg
[1.204s] -- Installing: /root/ros_ws/install/turtlebot3_description/share/turtlebot3_description/meshes/sensors/r200.jpg:Zone.Identifier
[1.204s] -- Installing: /root/ros_ws/install/turtlebot3_description/share/turtlebot3_description/meshes/sensors/astra.dae
[1.215s] -- Installing: /root/ros_ws/install/turtlebot3_description/share/turtlebot3_description/meshes/wheels
[1.215s] -- Installing: /root/ros_ws/install/turtlebot3_description/share/turtlebot3_description/meshes/wheels/right_tire.stl:Zone.Identifier
[1.216s] -- Installing: /root/ros_ws/install/turtlebot3_description/share/turtlebot3_description/meshes/wheels/right_tire.stl
[1.217s] -- Installing: /root/ros_ws/install/turtlebot3_description/share/turtlebot3_description/meshes/wheels/left_tire.stl
[1.219s] -- Installing: /root/ros_ws/install/turtlebot3_description/share/turtlebot3_description/meshes/wheels/left_tire.stl:Zone.Identifier
[1.219s] -- Installing: /root/ros_ws/install/turtlebot3_description/share/turtlebot3_description/rviz
[1.219s] -- Installing: /root/ros_ws/install/turtlebot3_description/share/turtlebot3_description/rviz/model.rviz
[1.219s] -- Installing: /root/ros_ws/install/turtlebot3_description/share/turtlebot3_description/rviz/model.rviz:Zone.Identifier
[1.220s] -- Installing: /root/ros_ws/install/turtlebot3_description/share/turtlebot3_description/urdf
[1.220s] -- Installing: /root/ros_ws/install/turtlebot3_description/share/turtlebot3_description/urdf/common_properties.urdf:Zone.Identifier
[1.220s] -- Installing: /root/ros_ws/install/turtlebot3_description/share/turtlebot3_description/urdf/turtlebot3_waffle.urdf
[1.220s] -- Installing: /root/ros_ws/install/turtlebot3_description/share/turtlebot3_description/urdf/turtlebot3_waffle_pi.urdf:Zone.Identifier
[1.221s] -- Installing: /root/ros_ws/install/turtlebot3_description/share/turtlebot3_description/urdf/turtlebot3_burger.urdf
[1.221s] -- Installing: /root/ros_ws/install/turtlebot3_description/share/turtlebot3_description/urdf/turtlebot3_waffle_pi.urdf
[1.221s] -- Installing: /root/ros_ws/install/turtlebot3_description/share/turtlebot3_description/urdf/turtlebot3_waffle.urdf:Zone.Identifier
[1.221s] -- Installing: /root/ros_ws/install/turtlebot3_description/share/turtlebot3_description/urdf/common_properties.urdf
[1.221s] -- Installing: /root/ros_ws/install/turtlebot3_description/share/turtlebot3_description/urdf/turtlebot3_burger.urdf:Zone.Identifier
[1.221s] -- Installing: /root/ros_ws/install/turtlebot3_description/share/ament_index/resource_index/package_run_dependencies/turtlebot3_description
[1.222s] -- Installing: /root/ros_ws/install/turtlebot3_description/share/ament_index/resource_index/parent_prefix_path/turtlebot3_description
[1.222s] -- Installing: /root/ros_ws/install/turtlebot3_description/share/turtlebot3_description/environment/ament_prefix_path.sh
[1.222s] -- Installing: /root/ros_ws/install/turtlebot3_description/share/turtlebot3_description/environment/ament_prefix_path.dsv
[1.223s] -- Installing: /root/ros_ws/install/turtlebot3_description/share/turtlebot3_description/environment/path.sh
[1.223s] -- Installing: /root/ros_ws/install/turtlebot3_description/share/turtlebot3_description/environment/path.dsv
[1.223s] -- Installing: /root/ros_ws/install/turtlebot3_description/share/turtlebot3_description/local_setup.bash
[1.223s] -- Installing: /root/ros_ws/install/turtlebot3_description/share/turtlebot3_description/local_setup.sh
[1.223s] -- Installing: /root/ros_ws/install/turtlebot3_description/share/turtlebot3_description/local_setup.zsh
[1.224s] -- Installing: /root/ros_ws/install/turtlebot3_description/share/turtlebot3_description/local_setup.dsv
[1.224s] -- Installing: /root/ros_ws/install/turtlebot3_description/share/turtlebot3_description/package.dsv
[1.224s] -- Installing: /root/ros_ws/install/turtlebot3_description/share/ament_index/resource_index/packages/turtlebot3_description
[1.224s] -- Installing: /root/ros_ws/install/turtlebot3_description/share/turtlebot3_description/cmake/turtlebot3_descriptionConfig.cmake
[1.224s] -- Installing: /root/ros_ws/install/turtlebot3_description/share/turtlebot3_description/cmake/turtlebot3_descriptionConfig-version.cmake
[1.224s] -- Installing: /root/ros_ws/install/turtlebot3_description/share/turtlebot3_description/package.xml
[1.225s] Invoked command in '/root/ros_ws/build/turtlebot3_description' returned '0': CMAKE_PREFIX_PATH=${CMAKE_PREFIX_PATH}:/opt/ros/jazzy /usr/bin/cmake --install /root/ros_ws/build/turtlebot3_description
