[1.006s] Invoking command in '/root/ros_ws/src/autonomous_explorer': PYTHONPATH=/root/ros_ws/build/custom_explorer/prefix_override:/usr/lib/python3/dist-packages/colcon_core/task/python/colcon_distutils_commands:/root/ros_ws/install/custom_explorer/lib/python3.12/site-packages:${PYTHONPATH} /usr/bin/python3 -W ignore:setup.py install is deprecated -W ignore:easy_install command is deprecated setup.py egg_info --egg-base ../../build/custom_explorer build --build-base /root/ros_ws/build/custom_explorer/build install --record /root/ros_ws/build/custom_explorer/install.log --single-version-externally-managed install_data
[1.164s] running egg_info
[1.173s] writing ../../build/custom_explorer/custom_explorer.egg-info/PKG-INFO
[1.174s] writing dependency_links to ../../build/custom_explorer/custom_explorer.egg-info/dependency_links.txt
[1.175s] writing entry points to ../../build/custom_explorer/custom_explorer.egg-info/entry_points.txt
[1.175s] writing requirements to ../../build/custom_explorer/custom_explorer.egg-info/requires.txt
[1.175s] writing top-level names to ../../build/custom_explorer/custom_explorer.egg-info/top_level.txt
[1.211s] reading manifest file '../../build/custom_explorer/custom_explorer.egg-info/SOURCES.txt'
[1.212s] writing manifest file '../../build/custom_explorer/custom_explorer.egg-info/SOURCES.txt'
[1.213s] running build
[1.213s] running build_py
[1.213s] running install
[1.218s] running install_lib
[1.228s] running install_data
[1.229s] running install_egg_info
[1.246s] removing '/root/ros_ws/install/custom_explorer/lib/python3.12/site-packages/custom_explorer-0.0.0-py3.12.egg-info' (and everything under it)
[1.247s] Copying ../../build/custom_explorer/custom_explorer.egg-info to /root/ros_ws/install/custom_explorer/lib/python3.12/site-packages/custom_explorer-0.0.0-py3.12.egg-info
[1.248s] running install_scripts
[1.327s] Installing explorer script to /root/ros_ws/install/custom_explorer/lib/custom_explorer
[1.327s] writing list of installed files to '/root/ros_ws/build/custom_explorer/install.log'
[1.353s] Invoked command in '/root/ros_ws/src/autonomous_explorer' returned '0': PYTHONPATH=/root/ros_ws/build/custom_explorer/prefix_override:/usr/lib/python3/dist-packages/colcon_core/task/python/colcon_distutils_commands:/root/ros_ws/install/custom_explorer/lib/python3.12/site-packages:${PYTHONPATH} /usr/bin/python3 -W ignore:setup.py install is deprecated -W ignore:easy_install command is deprecated setup.py egg_info --egg-base ../../build/custom_explorer build --build-base /root/ros_ws/build/custom_explorer/build install --record /root/ros_ws/build/custom_explorer/install.log --single-version-externally-managed install_data
