[0.345s] Invoking command in '/root/ros_ws/build/turtlebot3_navigation2': CMAKE_PREFIX_PATH=${CMAKE_PREFIX_PATH}:/root/ros_ws/install/turtlebot3_teleop:/root/ros_ws/install/turtlebot3_example:/opt/ros/jazzy /usr/bin/cmake --build /root/ros_ws/build/turtlebot3_navigation2 -- -j12 -l12
[0.726s] Invoked command in '/root/ros_ws/build/turtlebot3_navigation2' returned '0': CMAKE_PREFIX_PATH=${CMAKE_PREFIX_PATH}:/root/ros_ws/install/turtlebot3_teleop:/root/ros_ws/install/turtlebot3_example:/opt/ros/jazzy /usr/bin/cmake --build /root/ros_ws/build/turtlebot3_navigation2 -- -j12 -l12
[0.727s] Invoking command in '/root/ros_ws/build/turtlebot3_navigation2': CMAKE_PREFIX_PATH=${CMAKE_PREFIX_PATH}:/root/ros_ws/install/turtlebot3_teleop:/root/ros_ws/install/turtlebot3_example:/opt/ros/jazzy /usr/bin/cmake --install /root/ros_ws/build/turtlebot3_navigation2
[0.748s] -- Install configuration: ""
[0.748s] -- Up-to-date: /root/ros_ws/install/turtlebot3_navigation2/share/turtlebot3_navigation2/launch
[0.749s] -- Up-to-date: /root/ros_ws/install/turtlebot3_navigation2/share/turtlebot3_navigation2/launch/navigation2.launch.py
[0.750s] -- Up-to-date: /root/ros_ws/install/turtlebot3_navigation2/share/turtlebot3_navigation2/map
[0.750s] -- Up-to-date: /root/ros_ws/install/turtlebot3_navigation2/share/turtlebot3_navigation2/map/map.pgm
[0.751s] -- Up-to-date: /root/ros_ws/install/turtlebot3_navigation2/share/turtlebot3_navigation2/map/map.yaml
[0.751s] -- Up-to-date: /root/ros_ws/install/turtlebot3_navigation2/share/turtlebot3_navigation2/param
[0.751s] -- Up-to-date: /root/ros_ws/install/turtlebot3_navigation2/share/turtlebot3_navigation2/param/burger.yaml
[0.752s] -- Up-to-date: /root/ros_ws/install/turtlebot3_navigation2/share/turtlebot3_navigation2/param/waffle.yaml
[0.752s] -- Up-to-date: /root/ros_ws/install/turtlebot3_navigation2/share/turtlebot3_navigation2/param/burger_cam.yaml
[0.753s] -- Up-to-date: /root/ros_ws/install/turtlebot3_navigation2/share/turtlebot3_navigation2/param/humble
[0.753s] -- Up-to-date: /root/ros_ws/install/turtlebot3_navigation2/share/turtlebot3_navigation2/param/humble/burger.yaml
[0.754s] -- Up-to-date: /root/ros_ws/install/turtlebot3_navigation2/share/turtlebot3_navigation2/param/humble/waffle.yaml
[0.754s] -- Up-to-date: /root/ros_ws/install/turtlebot3_navigation2/share/turtlebot3_navigation2/param/humble/burger_cam.yaml
[0.754s] -- Up-to-date: /root/ros_ws/install/turtlebot3_navigation2/share/turtlebot3_navigation2/param/humble/waffle_pi.yaml
[0.754s] -- Up-to-date: /root/ros_ws/install/turtlebot3_navigation2/share/turtlebot3_navigation2/param/waffle_pi.yaml
[0.755s] -- Up-to-date: /root/ros_ws/install/turtlebot3_navigation2/share/turtlebot3_navigation2/rviz
[0.755s] -- Up-to-date: /root/ros_ws/install/turtlebot3_navigation2/share/turtlebot3_navigation2/rviz/tb3_navigation2.rviz
[0.756s] -- Up-to-date: /root/ros_ws/install/turtlebot3_navigation2/share/ament_index/resource_index/package_run_dependencies/turtlebot3_navigation2
[0.756s] -- Up-to-date: /root/ros_ws/install/turtlebot3_navigation2/share/ament_index/resource_index/parent_prefix_path/turtlebot3_navigation2
[0.756s] -- Up-to-date: /root/ros_ws/install/turtlebot3_navigation2/share/turtlebot3_navigation2/environment/ament_prefix_path.sh
[0.757s] -- Up-to-date: /root/ros_ws/install/turtlebot3_navigation2/share/turtlebot3_navigation2/environment/ament_prefix_path.dsv
[0.757s] -- Up-to-date: /root/ros_ws/install/turtlebot3_navigation2/share/turtlebot3_navigation2/environment/path.sh
[0.758s] -- Up-to-date: /root/ros_ws/install/turtlebot3_navigation2/share/turtlebot3_navigation2/environment/path.dsv
[0.758s] -- Up-to-date: /root/ros_ws/install/turtlebot3_navigation2/share/turtlebot3_navigation2/local_setup.bash
[0.758s] -- Up-to-date: /root/ros_ws/install/turtlebot3_navigation2/share/turtlebot3_navigation2/local_setup.sh
[0.759s] -- Up-to-date: /root/ros_ws/install/turtlebot3_navigation2/share/turtlebot3_navigation2/local_setup.zsh
[0.759s] -- Up-to-date: /root/ros_ws/install/turtlebot3_navigation2/share/turtlebot3_navigation2/local_setup.dsv
[0.759s] -- Installing: /root/ros_ws/install/turtlebot3_navigation2/share/turtlebot3_navigation2/package.dsv
[0.760s] -- Up-to-date: /root/ros_ws/install/turtlebot3_navigation2/share/ament_index/resource_index/packages/turtlebot3_navigation2
[0.760s] -- Up-to-date: /root/ros_ws/install/turtlebot3_navigation2/share/turtlebot3_navigation2/cmake/turtlebot3_navigation2Config.cmake
[0.760s] -- Up-to-date: /root/ros_ws/install/turtlebot3_navigation2/share/turtlebot3_navigation2/cmake/turtlebot3_navigation2Config-version.cmake
[0.760s] -- Up-to-date: /root/ros_ws/install/turtlebot3_navigation2/share/turtlebot3_navigation2/package.xml
[0.838s] Invoked command in '/root/ros_ws/build/turtlebot3_navigation2' returned '0': CMAKE_PREFIX_PATH=${CMAKE_PREFIX_PATH}:/root/ros_ws/install/turtlebot3_teleop:/root/ros_ws/install/turtlebot3_example:/opt/ros/jazzy /usr/bin/cmake --install /root/ros_ws/build/turtlebot3_navigation2
