[0.349s] Invoking command in '/root/ros_ws/build/turtlebot3_fake_node': CMAKE_PREFIX_PATH=${CMAKE_PREFIX_PATH}:/root/ros_ws/install/turtlebot3_teleop:/root/ros_ws/install/tb3_multi_robot:/root/ros_ws/install/turtlebot3_example:/opt/ros/jazzy /usr/bin/cmake --build /root/ros_ws/build/turtlebot3_fake_node -- -j12 -l12
[0.464s] [100%] Built target turtlebot3_fake_node
[0.774s] Invoked command in '/root/ros_ws/build/turtlebot3_fake_node' returned '0': CMAKE_PREFIX_PATH=${CMAKE_PREFIX_PATH}:/root/ros_ws/install/turtlebot3_teleop:/root/ros_ws/install/tb3_multi_robot:/root/ros_ws/install/turtlebot3_example:/opt/ros/jazzy /usr/bin/cmake --build /root/ros_ws/build/turtlebot3_fake_node -- -j12 -l12
[0.776s] Invoking command in '/root/ros_ws/build/turtlebot3_fake_node': CMAKE_PREFIX_PATH=${CMAKE_PREFIX_PATH}:/root/ros_ws/install/turtlebot3_teleop:/root/ros_ws/install/tb3_multi_robot:/root/ros_ws/install/turtlebot3_example:/opt/ros/jazzy /usr/bin/cmake --install /root/ros_ws/build/turtlebot3_fake_node
[0.818s] -- Install configuration: ""
[0.819s] -- Up-to-date: /root/ros_ws/install/turtlebot3_fake_node/lib/turtlebot3_fake_node/turtlebot3_fake_node
[0.820s] -- Up-to-date: /root/ros_ws/install/turtlebot3_fake_node/share/turtlebot3_fake_node/launch
[0.821s] -- Up-to-date: /root/ros_ws/install/turtlebot3_fake_node/share/turtlebot3_fake_node/launch/rviz2.launch.py
[0.821s] -- Up-to-date: /root/ros_ws/install/turtlebot3_fake_node/share/turtlebot3_fake_node/launch/turtlebot3_fake_node.launch.py
[0.823s] -- Up-to-date: /root/ros_ws/install/turtlebot3_fake_node/share/turtlebot3_fake_node/param
[0.823s] -- Up-to-date: /root/ros_ws/install/turtlebot3_fake_node/share/turtlebot3_fake_node/param/burger.yaml
[0.824s] -- Up-to-date: /root/ros_ws/install/turtlebot3_fake_node/share/turtlebot3_fake_node/param/waffle.yaml
[0.824s] -- Up-to-date: /root/ros_ws/install/turtlebot3_fake_node/share/turtlebot3_fake_node/param/waffle_pi.yaml
[0.825s] -- Up-to-date: /root/ros_ws/install/turtlebot3_fake_node/include/
[0.826s] -- Up-to-date: /root/ros_ws/install/turtlebot3_fake_node/include//turtlebot3_fake_node
[0.826s] -- Up-to-date: /root/ros_ws/install/turtlebot3_fake_node/include//turtlebot3_fake_node/turtlebot3_fake_node.hpp
[0.826s] -- Up-to-date: /root/ros_ws/install/turtlebot3_fake_node/share/ament_index/resource_index/package_run_dependencies/turtlebot3_fake_node
[0.827s] -- Up-to-date: /root/ros_ws/install/turtlebot3_fake_node/share/ament_index/resource_index/parent_prefix_path/turtlebot3_fake_node
[0.827s] -- Up-to-date: /root/ros_ws/install/turtlebot3_fake_node/share/turtlebot3_fake_node/environment/ament_prefix_path.sh
[0.827s] -- Up-to-date: /root/ros_ws/install/turtlebot3_fake_node/share/turtlebot3_fake_node/environment/ament_prefix_path.dsv
[0.828s] -- Up-to-date: /root/ros_ws/install/turtlebot3_fake_node/share/turtlebot3_fake_node/environment/path.sh
[0.828s] -- Up-to-date: /root/ros_ws/install/turtlebot3_fake_node/share/turtlebot3_fake_node/environment/path.dsv
[0.828s] -- Up-to-date: /root/ros_ws/install/turtlebot3_fake_node/share/turtlebot3_fake_node/local_setup.bash
[0.829s] -- Up-to-date: /root/ros_ws/install/turtlebot3_fake_node/share/turtlebot3_fake_node/local_setup.sh
[0.829s] -- Up-to-date: /root/ros_ws/install/turtlebot3_fake_node/share/turtlebot3_fake_node/local_setup.zsh
[0.829s] -- Up-to-date: /root/ros_ws/install/turtlebot3_fake_node/share/turtlebot3_fake_node/local_setup.dsv
[0.829s] -- Installing: /root/ros_ws/install/turtlebot3_fake_node/share/turtlebot3_fake_node/package.dsv
[0.829s] -- Up-to-date: /root/ros_ws/install/turtlebot3_fake_node/share/ament_index/resource_index/packages/turtlebot3_fake_node
[0.830s] -- Up-to-date: /root/ros_ws/install/turtlebot3_fake_node/share/turtlebot3_fake_node/cmake/ament_cmake_export_include_directories-extras.cmake
[0.830s] -- Up-to-date: /root/ros_ws/install/turtlebot3_fake_node/share/turtlebot3_fake_node/cmake/ament_cmake_export_dependencies-extras.cmake
[0.830s] -- Up-to-date: /root/ros_ws/install/turtlebot3_fake_node/share/turtlebot3_fake_node/cmake/turtlebot3_fake_nodeConfig.cmake
[0.830s] -- Up-to-date: /root/ros_ws/install/turtlebot3_fake_node/share/turtlebot3_fake_node/cmake/turtlebot3_fake_nodeConfig-version.cmake
[0.831s] -- Up-to-date: /root/ros_ws/install/turtlebot3_fake_node/share/turtlebot3_fake_node/package.xml
[0.831s] Invoked command in '/root/ros_ws/build/turtlebot3_fake_node' returned '0': CMAKE_PREFIX_PATH=${CMAKE_PREFIX_PATH}:/root/ros_ws/install/turtlebot3_teleop:/root/ros_ws/install/tb3_multi_robot:/root/ros_ws/install/turtlebot3_example:/opt/ros/jazzy /usr/bin/cmake --install /root/ros_ws/build/turtlebot3_fake_node
