[0.727s] Invoking command in '/root/ros_ws/src/turtlebot3/turtlebot3_teleop': PYTHONPATH=/root/ros_ws/build/turtlebot3_teleop/prefix_override:/usr/lib/python3/dist-packages/colcon_core/task/python/colcon_distutils_commands:/root/ros_ws/install/turtlebot3_teleop/lib/python3.12/site-packages:${PYTHONPATH} /usr/bin/python3 -W ignore:setup.py install is deprecated -W ignore:easy_install command is deprecated setup.py egg_info --egg-base ../../../build/turtlebot3_teleop build --build-base /root/ros_ws/build/turtlebot3_teleop/build install --record /root/ros_ws/build/turtlebot3_teleop/install.log --single-version-externally-managed install_data
[0.904s] running egg_info
[0.904s] creating ../../../build/turtlebot3_teleop/turtlebot3_teleop.egg-info
[0.915s] writing ../../../build/turtlebot3_teleop/turtlebot3_teleop.egg-info/PKG-INFO
[0.915s] writing dependency_links to ../../../build/turtlebot3_teleop/turtlebot3_teleop.egg-info/dependency_links.txt
[0.915s] writing entry points to ../../../build/turtlebot3_teleop/turtlebot3_teleop.egg-info/entry_points.txt
[0.915s] writing requirements to ../../../build/turtlebot3_teleop/turtlebot3_teleop.egg-info/requires.txt
[0.915s] writing top-level names to ../../../build/turtlebot3_teleop/turtlebot3_teleop.egg-info/top_level.txt
[0.915s] writing manifest file '../../../build/turtlebot3_teleop/turtlebot3_teleop.egg-info/SOURCES.txt'
[0.933s] reading manifest file '../../../build/turtlebot3_teleop/turtlebot3_teleop.egg-info/SOURCES.txt'
[0.934s] writing manifest file '../../../build/turtlebot3_teleop/turtlebot3_teleop.egg-info/SOURCES.txt'
[0.934s] running build
[0.934s] running build_py
[0.934s] creating /root/ros_ws/build/turtlebot3_teleop/build
[0.934s] creating /root/ros_ws/build/turtlebot3_teleop/build/lib
[0.934s] creating /root/ros_ws/build/turtlebot3_teleop/build/lib/turtlebot3_teleop
[0.934s] copying turtlebot3_teleop/__init__.py -> /root/ros_ws/build/turtlebot3_teleop/build/lib/turtlebot3_teleop
[0.935s] creating /root/ros_ws/build/turtlebot3_teleop/build/lib/turtlebot3_teleop/script
[0.935s] copying turtlebot3_teleop/script/teleop_keyboard.py -> /root/ros_ws/build/turtlebot3_teleop/build/lib/turtlebot3_teleop/script
[0.935s] copying turtlebot3_teleop/script/__init__.py -> /root/ros_ws/build/turtlebot3_teleop/build/lib/turtlebot3_teleop/script
[0.935s] running install
[0.939s] running install_lib
[0.948s] creating /root/ros_ws/install/turtlebot3_teleop/lib/python3.12/site-packages/turtlebot3_teleop
[0.948s] copying /root/ros_ws/build/turtlebot3_teleop/build/lib/turtlebot3_teleop/__init__.py -> /root/ros_ws/install/turtlebot3_teleop/lib/python3.12/site-packages/turtlebot3_teleop
[0.948s] creating /root/ros_ws/install/turtlebot3_teleop/lib/python3.12/site-packages/turtlebot3_teleop/script
[0.949s] copying /root/ros_ws/build/turtlebot3_teleop/build/lib/turtlebot3_teleop/script/teleop_keyboard.py -> /root/ros_ws/install/turtlebot3_teleop/lib/python3.12/site-packages/turtlebot3_teleop/script
[0.949s] copying /root/ros_ws/build/turtlebot3_teleop/build/lib/turtlebot3_teleop/script/__init__.py -> /root/ros_ws/install/turtlebot3_teleop/lib/python3.12/site-packages/turtlebot3_teleop/script
[0.949s] byte-compiling /root/ros_ws/install/turtlebot3_teleop/lib/python3.12/site-packages/turtlebot3_teleop/__init__.py to __init__.cpython-312.pyc
[0.949s] byte-compiling /root/ros_ws/install/turtlebot3_teleop/lib/python3.12/site-packages/turtlebot3_teleop/script/teleop_keyboard.py to teleop_keyboard.cpython-312.pyc
[0.951s] byte-compiling /root/ros_ws/install/turtlebot3_teleop/lib/python3.12/site-packages/turtlebot3_teleop/script/__init__.py to __init__.cpython-312.pyc
[0.951s] running install_data
[0.951s] creating /root/ros_ws/install/turtlebot3_teleop/share/ament_index
[0.951s] creating /root/ros_ws/install/turtlebot3_teleop/share/ament_index/resource_index
[0.951s] creating /root/ros_ws/install/turtlebot3_teleop/share/ament_index/resource_index/packages
[0.952s] copying resource/turtlebot3_teleop -> /root/ros_ws/install/turtlebot3_teleop/share/ament_index/resource_index/packages
[0.952s] copying package.xml -> /root/ros_ws/install/turtlebot3_teleop/share/turtlebot3_teleop
[0.952s] running install_egg_info
[0.962s] Copying ../../../build/turtlebot3_teleop/turtlebot3_teleop.egg-info to /root/ros_ws/install/turtlebot3_teleop/lib/python3.12/site-packages/turtlebot3_teleop-2.3.3-py3.12.egg-info
[0.962s] running install_scripts
[1.052s] Installing teleop_keyboard script to /root/ros_ws/install/turtlebot3_teleop/lib/turtlebot3_teleop
[1.052s] writing list of installed files to '/root/ros_ws/build/turtlebot3_teleop/install.log'
[1.077s] Invoked command in '/root/ros_ws/src/turtlebot3/turtlebot3_teleop' returned '0': PYTHONPATH=/root/ros_ws/build/turtlebot3_teleop/prefix_override:/usr/lib/python3/dist-packages/colcon_core/task/python/colcon_distutils_commands:/root/ros_ws/install/turtlebot3_teleop/lib/python3.12/site-packages:${PYTHONPATH} /usr/bin/python3 -W ignore:setup.py install is deprecated -W ignore:easy_install command is deprecated setup.py egg_info --egg-base ../../../build/turtlebot3_teleop build --build-base /root/ros_ws/build/turtlebot3_teleop/build install --record /root/ros_ws/build/turtlebot3_teleop/install.log --single-version-externally-managed install_data
